10:53:14.217 [main                     ] DEBUG Logger               - Configured Logger
10:53:14.244 [main                     ] DEBUG GameApplication      - Logging settings
Title: Kings and Pigs
Version: 0.1
Width: 960
Height: 640
Fullscreen: false
Intro: false
Profiling: false
Single step:false
App Mode: DEVELOPER
Menu Key: ESCAPE
Stage Style: DECORATED
Scene Factory: class com.almasb.fxgl.app.scene.SceneFactory

10:53:14.592 [JavaFX Application Thread] DEBUG FXGLApplication      - Initializing FXGL
10:53:14.598 [JavaFX Application Thread] INFO  Engine               - FXGL-17.1 (24.03.2022 17.34) on WINDOWS (J:17.0.1 FX:18)
10:53:14.599 [JavaFX Application Thread] DEBUG Engine               - JRE Vendor Name: Oracle Corporation
10:53:14.599 [JavaFX Application Thread] DEBUG Engine               - Running on OS: Windows 10 version 10.0
10:53:14.599 [JavaFX Application Thread] DEBUG Engine               - Architecture: amd64
10:53:14.599 [JavaFX Application Thread] INFO  Engine               - Source code and latest versions at: https://github.com/AlmasB/FXGL
10:53:14.600 [JavaFX Application Thread] INFO  Engine               -       Ask questions and discuss at: https://github.com/AlmasB/FXGL/discussions
10:53:14.600 [JavaFX Application Thread] INFO  Engine               -              Join the FXGL chat at: https://gitter.im/AlmasB/FXGL
10:53:14.720 [JavaFX Application Thread] DEBUG PrimaryStageWindow   - Creating a JavaFX scene
10:53:14.765 [JavaFX Application Thread] DEBUG PrimaryStageWindow   - Target settings size: 960.0 x 640.0
10:53:14.766 [JavaFX Application Thread] DEBUG PrimaryStageWindow   - Scaled scene size:    960.0 x 640.0
10:53:14.766 [JavaFX Application Thread] DEBUG PrimaryStageWindow   - Scaled ratio: (1.0, 1.0)
10:53:14.767 [JavaFX Application Thread] DEBUG PrimaryStageWindow   - Set initial scene to FXGLStartupScene
10:53:14.776 [JavaFX Application Thread] DEBUG PrimaryStageWindow   - Opening main window
10:53:14.861 [JavaFX Application Thread] DEBUG PrimaryStageWindow   - Window border size: (14.4000244140625, 37.5999755859375)
10:53:14.861 [JavaFX Application Thread] DEBUG PrimaryStageWindow   - Scaled size: 960.0 x 640.0
10:53:14.862 [JavaFX Application Thread] DEBUG PrimaryStageWindow   - Scaled ratio: (1.0, 1.0)
10:53:14.862 [JavaFX Application Thread] DEBUG PrimaryStageWindow   - Scene size: 960.0 x 640.0
10:53:14.862 [JavaFX Application Thread] DEBUG PrimaryStageWindow   - Stage size: 974.4000244140625 x 677.5999755859375
10:53:14.870 [FXGL Background Thread 1 ] DEBUG Engine               - Initializing environment variables
10:53:14.915 [FXGL Background Thread 1 ] DEBUG FXGLAssetLoaderServi - User app class for loading assets: class com.example.App
10:53:14.916 [FXGL Background Thread 1 ] DEBUG GameApplicationServi - Applying CSS: fxgl_dark.css
10:53:14.917 [FXGL Background Thread 1 ] DEBUG FXGLAssetLoaderServi - Loading from file system: jar:file:/C:/Users/Anass/.m2/repository/com/github/almasb/fxgl/17.1/fxgl-17.1.jar!/fxglassets/ui/css/fxgl_dark.css
10:53:14.968 [FXGL Background Thread 1 ] DEBUG GameApplicationServi - Initializing application scenes
10:53:15.022 [FXGL Background Thread 1 ] DEBUG GameWorld            - Game world initialized
10:53:15.087 [FXGL Background Thread 1 ] DEBUG PhysicsWorld         - Physics world initialized: appHeight=640, physics.ppm=50,0
10:53:15.087 [FXGL Background Thread 1 ] DEBUG PhysicsWorld         - Using strategy: BRUTE_FORCE
10:53:15.094 [FXGL Background Thread 1 ] DEBUG GameScene            - Game scene initialized: 960x640
10:53:15.114 [FXGL Background Thread 1 ] DEBUG FXGL.DefaultMenu     - createMenuBodyGameMenu()
10:53:15.143 [FXGL Background Thread 1 ] DEBUG FXGL.DefaultMenu     - createOptionsMenu()
10:53:15.158 [FXGL Background Thread 1 ] DEBUG FXGLAssetLoaderServi - Loading from file system: jar:file:/C:/Users/Anass/.m2/repository/com/github/almasb/fxgl/17.1/fxgl-17.1.jar!/fxglassets/textures/particles/smoke.png
10:53:15.238 [FXGL Background Thread 1 ] DEBUG FXGLAssetLoaderServi - Loading from file system: jar:file:/C:/Users/Anass/.m2/repository/com/github/almasb/fxgl/17.1/fxgl-17.1.jar!/fxglassets/textures/particles/trace_horizontal.png
10:53:15.262 [FXGL Background Thread 1 ] DEBUG GameApplicationServi - Application scenes initialized
10:53:15.273 [FXGL Background Thread 1 ] DEBUG SystemBundleService  - Loading FXGL system data
10:53:15.277 [FXGL Background Thread 1 ] DEBUG FileSystemAccess     - Reading from: C:\Users\Anass\OneDrive - Hogeschool Leiden\hsleiden\ipose\app\demo\system\fxgl.bundle
10:53:15.283 [FXGL Background Thread 1 ] DEBUG SystemBundleService  - Bundle FXGL: {}
10:53:15.283 [FXGL Background Thread 1 ] DEBUG UpdaterService       - Checking for updates
10:53:15.286 [FXGL Background Thread 4 ] DEBUG FXGLApplication      - Loading fonts
10:53:15.287 [FXGL Background Thread 4 ] DEBUG FXGLAssetLoaderServi - Loading from file system: jar:file:/C:/Users/Anass/.m2/repository/com/github/almasb/fxgl/17.1/fxgl-17.1.jar!/fxglassets/ui/fonts/VarelaRound-Regular.ttf
10:53:15.287 [FXGL Background Thread 1 ] DEBUG FXGLApplication      - Loading default localization
10:53:15.288 [FXGL Background Thread 1 ] DEBUG FXGLAssetLoaderServi - Loading from file system: jar:file:/C:/Users/Anass/.m2/repository/com/github/almasb/fxgl/17.1/fxgl-17.1.jar!/fxglassets/languages/english.lang
10:53:15.310 [FXGL Background Thread 1 ] INFO  FXGLApplication      - FXGL initialization took: 0,440 sec
10:53:15.322 [JavaFX Application Thread] DEBUG Input                - Registered new binding: Left - A
10:53:15.323 [JavaFX Application Thread] DEBUG Input                - Registered new binding: Right - D
10:53:15.323 [JavaFX Application Thread] DEBUG Input                - Registered new binding: Jump - W
10:53:15.323 [JavaFX Application Thread] DEBUG Input                - Registered new binding: enter - E
10:53:15.324 [JavaFX Application Thread] DEBUG FXGLAssetLoaderServi - Loading from file system: jar:file:/C:/Users/Anass/.m2/repository/com/github/almasb/fxgl/17.1/fxgl-17.1.jar!/fxglassets/textures/fxgl_icon.png
10:53:15.344 [JavaFX Application Thread] DEBUG FXGLAssetLoaderServi - Loading from file system: jar:file:/C:/Users/Anass/.m2/repository/com/github/almasb/fxgl/17.1/fxgl-17.1.jar!/fxglassets/textures/fxgl_default_cursor.png
10:53:15.347 [JavaFX Application Thread] DEBUG Input                - Registered new binding: Screenshot - CTRL+8
10:53:15.347 [FXGL Background Thread 4 ] DEBUG FXGLAssetLoaderServi - Loading from file system: jar:file:/C:/Users/Anass/.m2/repository/com/github/almasb/fxgl/17.1/fxgl-17.1.jar!/fxglassets/ui/fonts/Abel-Regular.ttf
10:53:15.347 [JavaFX Application Thread] DEBUG Input                - Registered new binding: System info dump - CTRL+9
10:53:15.348 [JavaFX Application Thread] DEBUG Input                - Registered new binding: Restart - CTRL+R
10:53:15.349 [JavaFX Application Thread] DEBUG Input                - Registered new binding: Toggle Debug Camera - CTRL+7
10:53:15.351 [FXGL Background Thread 4 ] DEBUG FXGLAssetLoaderServi - Loading from file system: jar:file:/C:/Users/Anass/.m2/repository/com/github/almasb/fxgl/17.1/fxgl-17.1.jar!/fxglassets/ui/fonts/TerminalLandMono-Regular.otf
10:53:15.352 [JavaFX Application Thread] DEBUG LoopRunner           - Starting loop
10:53:15.352 [JavaFX Application Thread] DEBUG LoopRunner           - Initializing JavaFX AnimationTimerLoop
10:53:15.355 [JavaFX Application Thread] DEBUG GameApplicationServi - Starting new game
10:53:15.356 [FXGL Background Thread 4 ] DEBUG FXGLAssetLoaderServi - Loading from file system: jar:file:/C:/Users/Anass/.m2/repository/com/github/almasb/fxgl/17.1/fxgl-17.1.jar!/fxglassets/ui/fonts/Courier-Prime.ttf
10:53:15.356 [JavaFX Application Thread] DEBUG Input                - Clearing active input actions
10:53:15.367 [JavaFX Application Thread] DEBUG GameApplicationServi - Removing overlay from FXGLStartupScene and adding to FXGLLoadingScene
10:53:15.368 [JavaFX Application Thread] DEBUG PrimaryStageWindow   - FXGLStartupScene -> FXGLLoadingScene
10:53:15.368 [JavaFX Application Thread] DEBUG GameApplicationServi - Clearing previous game
10:53:15.368 [JavaFX Application Thread] DEBUG GameScene            - Clearing game scene
10:53:15.368 [JavaFX Application Thread] DEBUG GameWorld            - Clearing game world
10:53:15.368 [JavaFX Application Thread] DEBUG PhysicsWorld         - Clearing physics world
10:53:15.370 [FXGL Background Thread 4 ] DEBUG FXGLApplication      - Initializing game
10:53:15.409 [FXGL Background Thread 4 ] WARN  TMXLevelLoader       - TiledMap generated from 1.8.4. Supported version: 1.4.2. Some features may not be parsed fully.
10:53:15.420 [FXGL Background Thread 4 ] DEBUG TMXLevelLoader       - Parsed TiledMap: file:/C:/Users/Anass/OneDrive%20-%20Hogeschool%20Leiden/hsleiden/ipose/app/demo/target/classes/assets/levels/terrain.tmx
10:53:15.421 [JavaFX Application Thread] DEBUG FXGLApplication      - Registering font factories with UI factory
10:53:15.422 [FXGL Background Thread 4 ] DEBUG TMXLevelLoader       - Creating tile layer entities
10:53:15.425 [FXGL Background Thread 4 ] DEBUG TilesetLoader        - Loading view for layer Tile Layer 1
10:53:15.427 [FXGL Background Thread 4 ] DEBUG TilesetLoader        - Created buffer with size 960.0x640.0
10:53:15.462 [FXGL Background Thread 4 ] DEBUG TilesetLoader        - Loading view for layer decorations
10:53:15.464 [FXGL Background Thread 4 ] DEBUG TilesetLoader        - Created buffer with size 960.0x640.0
10:53:15.466 [FXGL Background Thread 4 ] DEBUG TMXLevelLoader       - Creating object layer entities
10:53:15.488 [FXGL Background Thread 4 ] DEBUG GameWorld            - Clearing removable entities
10:53:15.489 [FXGL Background Thread 4 ] DEBUG GameWorld            - Setting level: com.almasb.fxgl.entity.level.Level@39ee3083
10:53:15.502 [FXGL Background Thread 4 ] DEBUG FXGLAssetLoaderServi - Loading from file system: file:/C:/Users/Anass/OneDrive%20-%20Hogeschool%20Leiden/hsleiden/ipose/app/demo/target/classes/assets/textures/idle.png
10:53:15.508 [FXGL Background Thread 4 ] DEBUG FXGLAssetLoaderServi - Loading from file system: file:/C:/Users/Anass/OneDrive%20-%20Hogeschool%20Leiden/hsleiden/ipose/app/demo/target/classes/assets/textures/run.png
10:53:15.510 [FXGL Background Thread 4 ] DEBUG FXGLAssetLoaderServi - Loading from file system: file:/C:/Users/Anass/OneDrive%20-%20Hogeschool%20Leiden/hsleiden/ipose/app/demo/target/classes/assets/textures/jump.png
10:53:15.511 [FXGL Background Thread 4 ] DEBUG FXGLAssetLoaderServi - Loading from file system: file:/C:/Users/Anass/OneDrive%20-%20Hogeschool%20Leiden/hsleiden/ipose/app/demo/target/classes/assets/textures/fall.png
10:53:15.527 [FXGL Background Thread 4 ] DEBUG FXGLAssetLoaderServi - Loading from file system: file:/C:/Users/Anass/OneDrive%20-%20Hogeschool%20Leiden/hsleiden/ipose/app/demo/target/classes/assets/textures/open.png
10:53:15.528 [FXGL Background Thread 4 ] DEBUG FXGLAssetLoaderServi - Loading from file system: file:/C:/Users/Anass/OneDrive%20-%20Hogeschool%20Leiden/hsleiden/ipose/app/demo/target/classes/assets/textures/close.png
10:53:15.530 [FXGL Background Thread 4 ] DEBUG FXGLAssetLoaderServi - Loading from file system: file:/C:/Users/Anass/OneDrive%20-%20Hogeschool%20Leiden/hsleiden/ipose/app/demo/target/classes/assets/textures/dooridle.png
10:53:15.533 [FXGL Background Thread 4 ] DEBUG FXGLAssetLoaderServi - Loading from file system: file:/C:/Users/Anass/OneDrive%20-%20Hogeschool%20Leiden/hsleiden/ipose/app/demo/target/classes/assets/textures/diamond.png
10:53:15.534 [FXGL Background Thread 4 ] DEBUG FXGLAssetLoaderServi - Loading from file system: file:/C:/Users/Anass/OneDrive%20-%20Hogeschool%20Leiden/hsleiden/ipose/app/demo/target/classes/assets/textures/collectdiamond.png
10:53:15.537 [FXGL Background Thread 4 ] INFO  FXGLApplication      - Game initialization took: 0,167 sec
10:53:15.550 [JavaFX Application Thread] DEBUG Input                - Clearing active input actions
10:53:15.560 [JavaFX Application Thread] DEBUG GameApplicationServi - Removing overlay from FXGLLoadingScene and adding to GameScene
10:53:15.561 [JavaFX Application Thread] DEBUG PrimaryStageWindow   - FXGLLoadingScene -> GameScene
10:53:18.286 [FXGL Background Thread 3 ] DEBUG Engine               - Logging environment variables
10:53:18.286 [FXGL Background Thread 3 ] DEBUG Engine               - achievements: []
10:53:18.286 [FXGL Background Thread 3 ] DEBUG Engine               - actualHeight: 640.0
10:53:18.286 [FXGL Background Thread 3 ] DEBUG Engine               - actualHeightProperty: ReadOnlyDoubleProperty [value: 640.0]
10:53:18.287 [FXGL Background Thread 3 ] DEBUG Engine               - actualWidth: 960.0
10:53:18.287 [FXGL Background Thread 3 ] DEBUG Engine               - actualWidthProperty: ReadOnlyDoubleProperty [value: 960.0]
10:53:18.287 [FXGL Background Thread 3 ] DEBUG Engine               - appIcon: fxgl_icon.png
10:53:18.287 [FXGL Background Thread 3 ] DEBUG Engine               - applicationMode: DEVELOPER
10:53:18.287 [FXGL Background Thread 3 ] DEBUG Engine               - cSSList: [fxgl_dark.css]
10:53:18.288 [FXGL Background Thread 3 ] DEBUG Engine               - collisionDetectionStrategy: BRUTE_FORCE
10:53:18.288 [FXGL Background Thread 3 ] DEBUG Engine               - configClass: Optional.empty
10:53:18.288 [FXGL Background Thread 3 ] DEBUG Engine               - credits: []
10:53:18.288 [FXGL Background Thread 3 ] DEBUG Engine               - defaultCursor: CursorInfo(imageName=fxgl_default_cursor.png, hotspotX=7.0, hotspotY=6.0)
10:53:18.288 [FXGL Background Thread 3 ] DEBUG Engine               - devBBoxColorProperty: ObjectProperty [value: 0xff0000ff]
10:53:18.288 [FXGL Background Thread 3 ] DEBUG Engine               - devEnableDebugCameraProperty: BooleanProperty [value: false]
10:53:18.289 [FXGL Background Thread 3 ] DEBUG Engine               - devSensorColorProperty: ObjectProperty [value: 0xffff00ff]
10:53:18.289 [FXGL Background Thread 3 ] DEBUG Engine               - devShowBBoxProperty: BooleanProperty [value: false]
10:53:18.289 [FXGL Background Thread 3 ] DEBUG Engine               - devShowPositionProperty: BooleanProperty [value: false]
10:53:18.289 [FXGL Background Thread 3 ] DEBUG Engine               - enabledMenuItems: []
10:53:18.289 [FXGL Background Thread 3 ] DEBUG Engine               - engineServices: [class com.almasb.fxgl.app.services.FXGLAssetLoaderService, class com.almasb.fxgl.app.FXGLApplication$GameApplicationService, class com.almasb.fxgl.app.services.FXGLDialogService, class com.almasb.fxgl.app.services.IOTaskExecutorService, class com.almasb.fxgl.io.FileSystemService, class com.almasb.fxgl.localization.LocalizationService, class com.almasb.fxgl.app.services.SystemBundleService, class com.almasb.fxgl.profile.SaveLoadService, class com.almasb.fxgl.ui.FXGLUIFactoryServiceProvider, class com.almasb.fxgl.ui.FXGLDialogFactoryServiceProvider, class com.almasb.fxgl.audio.AudioPlayer, class com.almasb.fxgl.notification.impl.NotificationServiceProvider, class com.almasb.fxgl.achievement.AchievementService, class com.almasb.fxgl.cutscene.CutsceneService, class com.almasb.fxgl.minigames.MiniGameService, class com.almasb.fxgl.net.NetService, class com.almasb.fxgl.app.services.UpdaterService, class com.almasb.fxgl.dev.DevService]
10:53:18.289 [FXGL Background Thread 3 ] DEBUG Engine               - fontGame: Abel-Regular.ttf
10:53:18.290 [FXGL Background Thread 3 ] DEBUG Engine               - fontMono: TerminalLandMono-Regular.otf
10:53:18.290 [FXGL Background Thread 3 ] DEBUG Engine               - fontText: Courier-Prime.ttf
10:53:18.290 [FXGL Background Thread 3 ] DEBUG Engine               - fontUI: VarelaRound-Regular.ttf
10:53:18.290 [FXGL Background Thread 3 ] DEBUG Engine               - fullScreen: BooleanProperty [value: false]
10:53:18.290 [FXGL Background Thread 3 ] DEBUG Engine               - gameDifficulty: MEDIUM
10:53:18.290 [FXGL Background Thread 3 ] DEBUG Engine               - gameDifficultyProperty: ObjectProperty [value: MEDIUM]
10:53:18.291 [FXGL Background Thread 3 ] DEBUG Engine               - globalMusicVolume: 0.5
10:53:18.291 [FXGL Background Thread 3 ] DEBUG Engine               - globalMusicVolumeProperty: DoubleProperty [value: 0.5]
10:53:18.291 [FXGL Background Thread 3 ] DEBUG Engine               - globalSoundVolume: 0.5
10:53:18.291 [FXGL Background Thread 3 ] DEBUG Engine               - globalSoundVolumeProperty: DoubleProperty [value: 0.5]
10:53:18.291 [FXGL Background Thread 3 ] DEBUG Engine               - height: 640
10:53:18.291 [FXGL Background Thread 3 ] DEBUG Engine               - is3D: false
10:53:18.291 [FXGL Background Thread 3 ] DEBUG Engine               - isAndroid: false
10:53:18.291 [FXGL Background Thread 3 ] DEBUG Engine               - isBrowser: false
10:53:18.291 [FXGL Background Thread 3 ] DEBUG Engine               - isClickFeedbackEnabled: false
10:53:18.291 [FXGL Background Thread 3 ] DEBUG Engine               - isCloseConfirmation: false
10:53:18.291 [FXGL Background Thread 3 ] DEBUG Engine               - isDesktop: true
10:53:18.291 [FXGL Background Thread 3 ] DEBUG Engine               - isDeveloperMenuEnabled: false
10:53:18.292 [FXGL Background Thread 3 ] DEBUG Engine               - isEmbedded: false
10:53:18.292 [FXGL Background Thread 3 ] DEBUG Engine               - isEntityPreloadEnabled: true
10:53:18.292 [FXGL Background Thread 3 ] DEBUG Engine               - isExperimentalTiledLargeMap: false
10:53:18.292 [FXGL Background Thread 3 ] DEBUG Engine               - isFileSystemWriteAllowed: true
10:53:18.292 [FXGL Background Thread 3 ] DEBUG Engine               - isFullScreenAllowed: false
10:53:18.292 [FXGL Background Thread 3 ] DEBUG Engine               - isFullScreenFromStart: false
10:53:18.292 [FXGL Background Thread 3 ] DEBUG Engine               - isGameMenuEnabled: true
10:53:18.292 [FXGL Background Thread 3 ] DEBUG Engine               - isIOS: false
10:53:18.293 [FXGL Background Thread 3 ] DEBUG Engine               - isIntroEnabled: false
10:53:18.293 [FXGL Background Thread 3 ] DEBUG Engine               - isLinux: false
10:53:18.293 [FXGL Background Thread 3 ] DEBUG Engine               - isMac: false
10:53:18.293 [FXGL Background Thread 3 ] DEBUG Engine               - isMainMenuEnabled: false
10:53:18.293 [FXGL Background Thread 3 ] DEBUG Engine               - isManualResizeEnabled: false
10:53:18.293 [FXGL Background Thread 3 ] DEBUG Engine               - isMobile: false
10:53:18.294 [FXGL Background Thread 3 ] DEBUG Engine               - isNative: false
10:53:18.294 [FXGL Background Thread 3 ] DEBUG Engine               - isPauseMusicWhenMinimized: true
10:53:18.294 [FXGL Background Thread 3 ] DEBUG Engine               - isPreserveResizeRatio: false
10:53:18.294 [FXGL Background Thread 3 ] DEBUG Engine               - isProfilingEnabled: false
10:53:18.294 [FXGL Background Thread 3 ] DEBUG Engine               - isScaleAffectedOnResize: true
10:53:18.294 [FXGL Background Thread 3 ] DEBUG Engine               - isSingleStep: false
10:53:18.294 [FXGL Background Thread 3 ] DEBUG Engine               - isUserProfileEnabled: false
10:53:18.294 [FXGL Background Thread 3 ] DEBUG Engine               - isWindows: true
10:53:18.294 [FXGL Background Thread 3 ] DEBUG Engine               - language: ObjectProperty [value: ENGLISH]
10:53:18.294 [FXGL Background Thread 3 ] DEBUG Engine               - menuKey: ESCAPE
10:53:18.294 [FXGL Background Thread 3 ] DEBUG Engine               - mouseSensitivity: 0.2
10:53:18.294 [FXGL Background Thread 3 ] DEBUG Engine               - notificationViewClass: class com.almasb.fxgl.notification.view.XboxNotificationView
10:53:18.294 [FXGL Background Thread 3 ] DEBUG Engine               - pixelsPerMeter: 50.0
10:53:18.294 [FXGL Background Thread 3 ] DEBUG Engine               - platform: WINDOWS
10:53:18.295 [FXGL Background Thread 3 ] DEBUG Engine               - prefHeightProperty: ReadOnlyDoubleProperty [value: 640.0]
10:53:18.295 [FXGL Background Thread 3 ] DEBUG Engine               - prefWidthProperty: ReadOnlyDoubleProperty [value: 960.0]
10:53:18.295 [FXGL Background Thread 3 ] DEBUG Engine               - profileDir: profiles/
10:53:18.295 [FXGL Background Thread 3 ] DEBUG Engine               - profileName: StringProperty [value: DEFAULT]
10:53:18.295 [FXGL Background Thread 3 ] DEBUG Engine               - randomSeed: -1
10:53:18.295 [FXGL Background Thread 3 ] DEBUG Engine               - runtimeInfo: RuntimeInfo(platform=WINDOWS, version=17.1, build=24.03.2022 17.34)
10:53:18.295 [FXGL Background Thread 3 ] DEBUG Engine               - saveFileExt: sav
10:53:18.296 [FXGL Background Thread 3 ] DEBUG Engine               - scaledHeightProp$fxgl: DoubleProperty [bound, value: 640.0]
10:53:18.296 [FXGL Background Thread 3 ] DEBUG Engine               - scaledWidthProp$fxgl: DoubleProperty [bound, value: 960.0]
10:53:18.296 [FXGL Background Thread 3 ] DEBUG Engine               - sceneFactory: com.almasb.fxgl.app.scene.SceneFactory@ed484c1
10:53:18.296 [FXGL Background Thread 3 ] DEBUG Engine               - secondsIn24h: 60
10:53:18.296 [FXGL Background Thread 3 ] DEBUG Engine               - soundMenuBack: menu/back.wav
10:53:18.296 [FXGL Background Thread 3 ] DEBUG Engine               - soundMenuPress: menu/press.wav
10:53:18.296 [FXGL Background Thread 3 ] DEBUG Engine               - soundMenuSelect: menu/select.wav
10:53:18.296 [FXGL Background Thread 3 ] DEBUG Engine               - soundNotification: core/notification.wav
10:53:18.296 [FXGL Background Thread 3 ] DEBUG Engine               - stageStyle: DECORATED
10:53:18.296 [FXGL Background Thread 3 ] DEBUG Engine               - supportedLanguages: [ENGLISH, FRENCH, GERMAN, HUNGARIAN, RUSSIAN]
10:53:18.296 [FXGL Background Thread 3 ] DEBUG Engine               - ticksPerSecond: -1
10:53:18.296 [FXGL Background Thread 3 ] DEBUG Engine               - title: Kings and Pigs
10:53:18.296 [FXGL Background Thread 3 ] DEBUG Engine               - urlGithub: https://github.com/AlmasB/FXGL
10:53:18.296 [FXGL Background Thread 3 ] DEBUG Engine               - urlLeaderboard: http://fxgl-top.herokuapp.com/
10:53:18.296 [FXGL Background Thread 3 ] DEBUG Engine               - urlPOM: https://raw.githubusercontent.com/AlmasB/FXGL/release/README.md
10:53:18.297 [FXGL Background Thread 3 ] DEBUG Engine               - userAppClass: class com.example.App
10:53:18.297 [FXGL Background Thread 3 ] DEBUG Engine               - version: 0.1
10:53:18.297 [FXGL Background Thread 3 ] DEBUG Engine               - versionCheckDays: 7
10:53:18.297 [FXGL Background Thread 3 ] DEBUG Engine               - width: 960
10:53:18.297 [FXGL Background Thread 3 ] DEBUG Engine               - Logging services
10:53:18.297 [FXGL Background Thread 3 ] DEBUG Engine               - class com.almasb.fxgl.app.services.FXGLAssetLoaderService
10:53:18.297 [FXGL Background Thread 3 ] DEBUG Engine               - class com.almasb.fxgl.app.FXGLApplication$GameApplicationService
10:53:18.297 [FXGL Background Thread 3 ] DEBUG Engine               - class com.almasb.fxgl.app.services.FXGLDialogService
10:53:18.297 [FXGL Background Thread 3 ] DEBUG Engine               - class com.almasb.fxgl.app.services.IOTaskExecutorService
10:53:18.297 [FXGL Background Thread 3 ] DEBUG Engine               - class com.almasb.fxgl.io.FileSystemService
10:53:18.297 [FXGL Background Thread 3 ] DEBUG Engine               - class com.almasb.fxgl.localization.LocalizationService
10:53:18.297 [FXGL Background Thread 3 ] DEBUG Engine               - class com.almasb.fxgl.app.services.SystemBundleService
10:53:18.297 [FXGL Background Thread 3 ] DEBUG Engine               - class com.almasb.fxgl.profile.SaveLoadService
10:53:18.298 [FXGL Background Thread 3 ] DEBUG Engine               - class com.almasb.fxgl.ui.FXGLUIFactoryServiceProvider
10:53:18.298 [FXGL Background Thread 3 ] DEBUG Engine               - class com.almasb.fxgl.ui.FXGLDialogFactoryServiceProvider
10:53:18.298 [FXGL Background Thread 3 ] DEBUG Engine               - class com.almasb.fxgl.audio.AudioPlayer
10:53:18.298 [FXGL Background Thread 3 ] DEBUG Engine               - class com.almasb.fxgl.notification.impl.NotificationServiceProvider
10:53:18.298 [FXGL Background Thread 3 ] DEBUG Engine               - class com.almasb.fxgl.achievement.AchievementService
10:53:18.298 [FXGL Background Thread 3 ] DEBUG Engine               - class com.almasb.fxgl.cutscene.CutsceneService
10:53:18.298 [FXGL Background Thread 3 ] DEBUG Engine               - class com.almasb.fxgl.minigames.MiniGameService
10:53:18.298 [FXGL Background Thread 3 ] DEBUG Engine               - class com.almasb.fxgl.net.NetService
10:53:18.298 [FXGL Background Thread 3 ] DEBUG Engine               - class com.almasb.fxgl.app.services.UpdaterService
10:53:18.298 [FXGL Background Thread 3 ] DEBUG Engine               - class com.almasb.fxgl.dev.DevService
10:55:20.465 [JavaFX Application Thread] DEBUG FXGLApplication      - Exiting FXGL
10:55:20.466 [JavaFX Application Thread] DEBUG LoopRunner           - Stopping loop
10:55:20.466 [JavaFX Application Thread] DEBUG SystemBundleService  - Saving FXGL system data
10:55:20.468 [JavaFX Application Thread] DEBUG FileSystemAccess     - Writing to: C:\Users\Anass\OneDrive - Hogeschool Leiden\hsleiden\ipose\app\demo\system\fxgl.bundle
10:55:20.470 [JavaFX Application Thread] DEBUG Async                - Shutting down background threads
10:55:20.470 [JavaFX Application Thread] DEBUG PrimaryStageWindow   - Closing main window
10:55:20.482 [JavaFX Application Thread] DEBUG Logger               - Closing Logger
