10:52:49.086 [main                     ] DEBUG Logger               - Configured Logger
10:52:49.113 [main                     ] DEBUG GameApplication      - Logging settings
Title: Kings and Pigs
Version: 0.1
Width: 960
Height: 640
Fullscreen: false
Intro: false
Profiling: false
Single step:false
App Mode: DEVELOPER
Menu Key: ESCAPE
Stage Style: DECORATED
Scene Factory: class com.almasb.fxgl.app.scene.SceneFactory

10:52:49.481 [JavaFX Application Thread] DEBUG FXGLApplication      - Initializing FXGL
10:52:49.485 [JavaFX Application Thread] INFO  Engine               - FXGL-17.1 (24.03.2022 17.34) on WINDOWS (J:17.0.1 FX:18)
10:52:49.486 [JavaFX Application Thread] DEBUG Engine               - JRE Vendor Name: Oracle Corporation
10:52:49.487 [JavaFX Application Thread] DEBUG Engine               - Running on OS: Windows 10 version 10.0
10:52:49.487 [JavaFX Application Thread] DEBUG Engine               - Architecture: amd64
10:52:49.487 [JavaFX Application Thread] INFO  Engine               - Source code and latest versions at: https://github.com/AlmasB/FXGL
10:52:49.487 [JavaFX Application Thread] INFO  Engine               -       Ask questions and discuss at: https://github.com/AlmasB/FXGL/discussions
10:52:49.488 [JavaFX Application Thread] INFO  Engine               -              Join the FXGL chat at: https://gitter.im/AlmasB/FXGL
10:52:49.605 [JavaFX Application Thread] DEBUG PrimaryStageWindow   - Creating a JavaFX scene
10:52:49.651 [JavaFX Application Thread] DEBUG PrimaryStageWindow   - Target settings size: 960.0 x 640.0
10:52:49.652 [JavaFX Application Thread] DEBUG PrimaryStageWindow   - Scaled scene size:    960.0 x 640.0
10:52:49.652 [JavaFX Application Thread] DEBUG PrimaryStageWindow   - Scaled ratio: (1.0, 1.0)
10:52:49.653 [JavaFX Application Thread] DEBUG PrimaryStageWindow   - Set initial scene to FXGLStartupScene
10:52:49.662 [JavaFX Application Thread] DEBUG PrimaryStageWindow   - Opening main window
10:52:49.743 [JavaFX Application Thread] DEBUG PrimaryStageWindow   - Window border size: (14.4000244140625, 37.5999755859375)
10:52:49.743 [JavaFX Application Thread] DEBUG PrimaryStageWindow   - Scaled size: 960.0 x 640.0
10:52:49.744 [JavaFX Application Thread] DEBUG PrimaryStageWindow   - Scaled ratio: (1.0, 1.0)
10:52:49.745 [JavaFX Application Thread] DEBUG PrimaryStageWindow   - Scene size: 960.0 x 640.0
10:52:49.746 [JavaFX Application Thread] DEBUG PrimaryStageWindow   - Stage size: 974.4000244140625 x 677.5999755859375
10:52:49.754 [FXGL Background Thread 1 ] DEBUG Engine               - Initializing environment variables
10:52:49.797 [FXGL Background Thread 1 ] DEBUG FXGLAssetLoaderServi - User app class for loading assets: class com.example.App
10:52:49.797 [FXGL Background Thread 1 ] DEBUG GameApplicationServi - Applying CSS: fxgl_dark.css
10:52:49.799 [FXGL Background Thread 1 ] DEBUG FXGLAssetLoaderServi - Loading from file system: jar:file:/C:/Users/Anass/.m2/repository/com/github/almasb/fxgl/17.1/fxgl-17.1.jar!/fxglassets/ui/css/fxgl_dark.css
10:52:49.846 [FXGL Background Thread 1 ] DEBUG GameApplicationServi - Initializing application scenes
10:52:49.895 [FXGL Background Thread 1 ] DEBUG GameWorld            - Game world initialized
10:52:49.960 [FXGL Background Thread 1 ] DEBUG PhysicsWorld         - Physics world initialized: appHeight=640, physics.ppm=50,0
10:52:49.961 [FXGL Background Thread 1 ] DEBUG PhysicsWorld         - Using strategy: BRUTE_FORCE
10:52:49.967 [FXGL Background Thread 1 ] DEBUG GameScene            - Game scene initialized: 960x640
10:52:49.987 [FXGL Background Thread 1 ] DEBUG FXGL.DefaultMenu     - createMenuBodyGameMenu()
10:52:50.017 [FXGL Background Thread 1 ] DEBUG FXGL.DefaultMenu     - createOptionsMenu()
10:52:50.031 [FXGL Background Thread 1 ] DEBUG FXGLAssetLoaderServi - Loading from file system: jar:file:/C:/Users/Anass/.m2/repository/com/github/almasb/fxgl/17.1/fxgl-17.1.jar!/fxglassets/textures/particles/smoke.png
10:52:50.117 [FXGL Background Thread 1 ] DEBUG FXGLAssetLoaderServi - Loading from file system: jar:file:/C:/Users/Anass/.m2/repository/com/github/almasb/fxgl/17.1/fxgl-17.1.jar!/fxglassets/textures/particles/trace_horizontal.png
10:52:50.143 [FXGL Background Thread 1 ] DEBUG GameApplicationServi - Application scenes initialized
10:52:50.156 [FXGL Background Thread 1 ] DEBUG SystemBundleService  - Loading FXGL system data
10:52:50.160 [FXGL Background Thread 1 ] DEBUG FileSystemAccess     - Reading from: C:\Users\Anass\OneDrive - Hogeschool Leiden\hsleiden\ipose\app\demo\system\fxgl.bundle
10:52:50.166 [FXGL Background Thread 1 ] DEBUG SystemBundleService  - Bundle FXGL: {}
10:52:50.166 [FXGL Background Thread 1 ] DEBUG UpdaterService       - Checking for updates
10:52:50.170 [FXGL Background Thread 4 ] DEBUG FXGLApplication      - Loading fonts
10:52:50.171 [FXGL Background Thread 1 ] DEBUG FXGLApplication      - Loading default localization
10:52:50.171 [FXGL Background Thread 1 ] DEBUG FXGLAssetLoaderServi - Loading from file system: jar:file:/C:/Users/Anass/.m2/repository/com/github/almasb/fxgl/17.1/fxgl-17.1.jar!/fxglassets/languages/english.lang
10:52:50.193 [FXGL Background Thread 1 ] INFO  FXGLApplication      - FXGL initialization took: 0,439 sec
10:52:50.203 [JavaFX Application Thread] DEBUG Input                - Registered new binding: Left - A
10:52:50.204 [JavaFX Application Thread] DEBUG Input                - Registered new binding: Right - D
10:52:50.204 [JavaFX Application Thread] DEBUG Input                - Registered new binding: Jump - W
10:52:50.204 [JavaFX Application Thread] DEBUG Input                - Registered new binding: enter - E
10:52:50.204 [JavaFX Application Thread] DEBUG FXGLAssetLoaderServi - Loading from file system: jar:file:/C:/Users/Anass/.m2/repository/com/github/almasb/fxgl/17.1/fxgl-17.1.jar!/fxglassets/textures/fxgl_icon.png
10:52:50.221 [FXGL Background Thread 4 ] DEBUG FXGLAssetLoaderServi - Loading from file system: jar:file:/C:/Users/Anass/.m2/repository/com/github/almasb/fxgl/17.1/fxgl-17.1.jar!/fxglassets/ui/fonts/Abel-Regular.ttf
10:52:50.224 [JavaFX Application Thread] DEBUG FXGLAssetLoaderServi - Loading from file system: jar:file:/C:/Users/Anass/.m2/repository/com/github/almasb/fxgl/17.1/fxgl-17.1.jar!/fxglassets/textures/fxgl_default_cursor.png
10:52:50.225 [FXGL Background Thread 4 ] DEBUG FXGLAssetLoaderServi - Loading from file system: jar:file:/C:/Users/Anass/.m2/repository/com/github/almasb/fxgl/17.1/fxgl-17.1.jar!/fxglassets/ui/fonts/TerminalLandMono-Regular.otf
10:52:50.227 [JavaFX Application Thread] DEBUG Input                - Registered new binding: Screenshot - CTRL+8
10:52:50.228 [JavaFX Application Thread] DEBUG Input                - Registered new binding: System info dump - CTRL+9
10:52:50.229 [JavaFX Application Thread] DEBUG Input                - Registered new binding: Restart - CTRL+R
10:52:50.230 [FXGL Background Thread 4 ] DEBUG FXGLAssetLoaderServi - Loading from file system: jar:file:/C:/Users/Anass/.m2/repository/com/github/almasb/fxgl/17.1/fxgl-17.1.jar!/fxglassets/ui/fonts/Courier-Prime.ttf
10:52:50.234 [JavaFX Application Thread] DEBUG LoopRunner           - Starting loop
10:52:50.235 [JavaFX Application Thread] DEBUG LoopRunner           - Initializing JavaFX AnimationTimerLoop
10:52:50.236 [JavaFX Application Thread] DEBUG GameApplicationServi - Starting new game
10:52:50.237 [JavaFX Application Thread] DEBUG Input                - Clearing active input actions
10:52:50.247 [JavaFX Application Thread] DEBUG GameApplicationServi - Removing overlay from FXGLStartupScene and adding to FXGLLoadingScene
10:52:50.247 [JavaFX Application Thread] DEBUG PrimaryStageWindow   - FXGLStartupScene -> FXGLLoadingScene
10:52:50.247 [JavaFX Application Thread] DEBUG GameApplicationServi - Clearing previous game
10:52:50.248 [JavaFX Application Thread] DEBUG GameScene            - Clearing game scene
10:52:50.248 [JavaFX Application Thread] DEBUG GameWorld            - Clearing game world
10:52:50.248 [JavaFX Application Thread] DEBUG PhysicsWorld         - Clearing physics world
10:52:50.249 [JavaFX Application Thread] DEBUG FXGLApplication      - Registering font factories with UI factory
10:52:50.249 [FXGL Background Thread 4 ] DEBUG FXGLApplication      - Initializing game
10:52:50.289 [FXGL Background Thread 4 ] WARN  TMXLevelLoader       - TiledMap generated from 1.8.4. Supported version: 1.4.2. Some features may not be parsed fully.
10:52:50.302 [FXGL Background Thread 4 ] DEBUG TMXLevelLoader       - Parsed TiledMap: file:/C:/Users/Anass/OneDrive%20-%20Hogeschool%20Leiden/hsleiden/ipose/app/demo/target/classes/assets/levels/terrain.tmx
10:52:50.303 [FXGL Background Thread 4 ] DEBUG TMXLevelLoader       - Creating tile layer entities
10:52:50.305 [FXGL Background Thread 4 ] DEBUG TilesetLoader        - Loading view for layer Tile Layer 1
10:52:50.306 [FXGL Background Thread 4 ] DEBUG TilesetLoader        - Created buffer with size 960.0x640.0
10:52:50.332 [FXGL Background Thread 4 ] DEBUG TilesetLoader        - Loading view for layer decorations
10:52:50.334 [FXGL Background Thread 4 ] DEBUG TilesetLoader        - Created buffer with size 960.0x640.0
10:52:50.336 [FXGL Background Thread 4 ] DEBUG TMXLevelLoader       - Creating object layer entities
10:52:50.360 [FXGL Background Thread 4 ] DEBUG GameWorld            - Clearing removable entities
10:52:50.361 [FXGL Background Thread 4 ] DEBUG GameWorld            - Setting level: com.almasb.fxgl.entity.level.Level@21723efa
10:52:50.376 [FXGL Background Thread 4 ] DEBUG FXGLAssetLoaderServi - Loading from file system: file:/C:/Users/Anass/OneDrive%20-%20Hogeschool%20Leiden/hsleiden/ipose/app/demo/target/classes/assets/textures/idle.png
10:52:50.381 [FXGL Background Thread 4 ] DEBUG FXGLAssetLoaderServi - Loading from file system: file:/C:/Users/Anass/OneDrive%20-%20Hogeschool%20Leiden/hsleiden/ipose/app/demo/target/classes/assets/textures/run.png
10:52:50.382 [FXGL Background Thread 4 ] DEBUG FXGLAssetLoaderServi - Loading from file system: file:/C:/Users/Anass/OneDrive%20-%20Hogeschool%20Leiden/hsleiden/ipose/app/demo/target/classes/assets/textures/jump.png
10:52:50.384 [FXGL Background Thread 4 ] DEBUG FXGLAssetLoaderServi - Loading from file system: file:/C:/Users/Anass/OneDrive%20-%20Hogeschool%20Leiden/hsleiden/ipose/app/demo/target/classes/assets/textures/fall.png
10:52:50.398 [FXGL Background Thread 4 ] DEBUG FXGLAssetLoaderServi - Loading from file system: file:/C:/Users/Anass/OneDrive%20-%20Hogeschool%20Leiden/hsleiden/ipose/app/demo/target/classes/assets/textures/open.png
10:52:50.400 [FXGL Background Thread 4 ] DEBUG FXGLAssetLoaderServi - Loading from file system: file:/C:/Users/Anass/OneDrive%20-%20Hogeschool%20Leiden/hsleiden/ipose/app/demo/target/classes/assets/textures/close.png
10:52:50.401 [FXGL Background Thread 4 ] DEBUG FXGLAssetLoaderServi - Loading from file system: file:/C:/Users/Anass/OneDrive%20-%20Hogeschool%20Leiden/hsleiden/ipose/app/demo/target/classes/assets/textures/dooridle.png
10:52:50.404 [FXGL Background Thread 4 ] DEBUG FXGLAssetLoaderServi - Loading from file system: file:/C:/Users/Anass/OneDrive%20-%20Hogeschool%20Leiden/hsleiden/ipose/app/demo/target/classes/assets/textures/diamond.png
10:52:50.406 [FXGL Background Thread 4 ] DEBUG FXGLAssetLoaderServi - Loading from file system: file:/C:/Users/Anass/OneDrive%20-%20Hogeschool%20Leiden/hsleiden/ipose/app/demo/target/classes/assets/textures/collectdiamond.png
10:52:50.409 [FXGL Background Thread 4 ] INFO  FXGLApplication      - Game initialization took: 0,158 sec
10:52:50.416 [JavaFX Application Thread] DEBUG Input                - Clearing active input actions
10:52:50.422 [JavaFX Application Thread] DEBUG GameApplicationServi - Removing overlay from FXGLLoadingScene and adding to GameScene
10:52:50.422 [JavaFX Application Thread] DEBUG PrimaryStageWindow   - FXGLLoadingScene -> GameScene
10:52:53.169 [FXGL Background Thread 3 ] DEBUG Engine               - Logging environment variables
10:52:53.169 [FXGL Background Thread 3 ] DEBUG Engine               - achievements: []
10:52:53.169 [FXGL Background Thread 3 ] DEBUG Engine               - actualHeight: 640.0
10:52:53.170 [FXGL Background Thread 3 ] DEBUG Engine               - actualHeightProperty: ReadOnlyDoubleProperty [value: 640.0]
10:52:53.170 [FXGL Background Thread 3 ] DEBUG Engine               - actualWidth: 960.0
10:52:53.170 [FXGL Background Thread 3 ] DEBUG Engine               - actualWidthProperty: ReadOnlyDoubleProperty [value: 960.0]
10:52:53.170 [FXGL Background Thread 3 ] DEBUG Engine               - appIcon: fxgl_icon.png
10:52:53.170 [FXGL Background Thread 3 ] DEBUG Engine               - applicationMode: DEVELOPER
10:52:53.170 [FXGL Background Thread 3 ] DEBUG Engine               - cSSList: [fxgl_dark.css]
10:52:53.170 [FXGL Background Thread 3 ] DEBUG Engine               - collisionDetectionStrategy: BRUTE_FORCE
10:52:53.170 [FXGL Background Thread 3 ] DEBUG Engine               - configClass: Optional.empty
10:52:53.170 [FXGL Background Thread 3 ] DEBUG Engine               - credits: []
10:52:53.171 [FXGL Background Thread 3 ] DEBUG Engine               - defaultCursor: CursorInfo(imageName=fxgl_default_cursor.png, hotspotX=7.0, hotspotY=6.0)
10:52:53.171 [FXGL Background Thread 3 ] DEBUG Engine               - devBBoxColorProperty: ObjectProperty [value: 0xff0000ff]
10:52:53.171 [FXGL Background Thread 3 ] DEBUG Engine               - devEnableDebugCameraProperty: BooleanProperty [value: false]
10:52:53.171 [FXGL Background Thread 3 ] DEBUG Engine               - devSensorColorProperty: ObjectProperty [value: 0xffff00ff]
10:52:53.171 [FXGL Background Thread 3 ] DEBUG Engine               - devShowBBoxProperty: BooleanProperty [value: false]
10:52:53.171 [FXGL Background Thread 3 ] DEBUG Engine               - devShowPositionProperty: BooleanProperty [value: false]
10:52:53.171 [FXGL Background Thread 3 ] DEBUG Engine               - enabledMenuItems: []
10:52:53.171 [FXGL Background Thread 3 ] DEBUG Engine               - engineServices: [class com.almasb.fxgl.app.services.FXGLAssetLoaderService, class com.almasb.fxgl.app.FXGLApplication$GameApplicationService, class com.almasb.fxgl.app.services.FXGLDialogService, class com.almasb.fxgl.app.services.IOTaskExecutorService, class com.almasb.fxgl.io.FileSystemService, class com.almasb.fxgl.localization.LocalizationService, class com.almasb.fxgl.app.services.SystemBundleService, class com.almasb.fxgl.profile.SaveLoadService, class com.almasb.fxgl.ui.FXGLUIFactoryServiceProvider, class com.almasb.fxgl.ui.FXGLDialogFactoryServiceProvider, class com.almasb.fxgl.audio.AudioPlayer, class com.almasb.fxgl.notification.impl.NotificationServiceProvider, class com.almasb.fxgl.achievement.AchievementService, class com.almasb.fxgl.cutscene.CutsceneService, class com.almasb.fxgl.minigames.MiniGameService, class com.almasb.fxgl.net.NetService, class com.almasb.fxgl.app.services.UpdaterService, class com.almasb.fxgl.dev.DevService]
10:52:53.172 [FXGL Background Thread 3 ] DEBUG Engine               - fontGame: Abel-Regular.ttf
10:52:53.172 [FXGL Background Thread 3 ] DEBUG Engine               - fontMono: TerminalLandMono-Regular.otf
10:52:53.172 [FXGL Background Thread 3 ] DEBUG Engine               - fontText: Courier-Prime.ttf
10:52:53.172 [FXGL Background Thread 3 ] DEBUG Engine               - fontUI: VarelaRound-Regular.ttf
10:52:53.173 [FXGL Background Thread 3 ] DEBUG Engine               - fullScreen: BooleanProperty [value: false]
10:52:53.173 [FXGL Background Thread 3 ] DEBUG Engine               - gameDifficulty: MEDIUM
10:52:53.173 [FXGL Background Thread 3 ] DEBUG Engine               - gameDifficultyProperty: ObjectProperty [value: MEDIUM]
10:52:53.173 [FXGL Background Thread 3 ] DEBUG Engine               - globalMusicVolume: 0.5
10:52:53.173 [FXGL Background Thread 3 ] DEBUG Engine               - globalMusicVolumeProperty: DoubleProperty [value: 0.5]
10:52:53.173 [FXGL Background Thread 3 ] DEBUG Engine               - globalSoundVolume: 0.5
10:52:53.173 [FXGL Background Thread 3 ] DEBUG Engine               - globalSoundVolumeProperty: DoubleProperty [value: 0.5]
10:52:53.173 [FXGL Background Thread 3 ] DEBUG Engine               - height: 640
10:52:53.174 [FXGL Background Thread 3 ] DEBUG Engine               - is3D: false
10:52:53.174 [FXGL Background Thread 3 ] DEBUG Engine               - isAndroid: false
10:52:53.174 [FXGL Background Thread 3 ] DEBUG Engine               - isBrowser: false
10:52:53.174 [FXGL Background Thread 3 ] DEBUG Engine               - isClickFeedbackEnabled: false
10:52:53.174 [FXGL Background Thread 3 ] DEBUG Engine               - isCloseConfirmation: false
10:52:53.174 [FXGL Background Thread 3 ] DEBUG Engine               - isDesktop: true
10:52:53.174 [FXGL Background Thread 3 ] DEBUG Engine               - isDeveloperMenuEnabled: false
10:52:53.174 [FXGL Background Thread 3 ] DEBUG Engine               - isEmbedded: false
10:52:53.174 [FXGL Background Thread 3 ] DEBUG Engine               - isEntityPreloadEnabled: true
10:52:53.174 [FXGL Background Thread 3 ] DEBUG Engine               - isExperimentalTiledLargeMap: false
10:52:53.174 [FXGL Background Thread 3 ] DEBUG Engine               - isFileSystemWriteAllowed: true
10:52:53.174 [FXGL Background Thread 3 ] DEBUG Engine               - isFullScreenAllowed: false
10:52:53.174 [FXGL Background Thread 3 ] DEBUG Engine               - isFullScreenFromStart: false
10:52:53.175 [FXGL Background Thread 3 ] DEBUG Engine               - isGameMenuEnabled: true
10:52:53.175 [FXGL Background Thread 3 ] DEBUG Engine               - isIOS: false
10:52:53.175 [FXGL Background Thread 3 ] DEBUG Engine               - isIntroEnabled: false
10:52:53.175 [FXGL Background Thread 3 ] DEBUG Engine               - isLinux: false
10:52:53.175 [FXGL Background Thread 3 ] DEBUG Engine               - isMac: false
10:52:53.175 [FXGL Background Thread 3 ] DEBUG Engine               - isMainMenuEnabled: false
10:52:53.175 [FXGL Background Thread 3 ] DEBUG Engine               - isManualResizeEnabled: false
10:52:53.175 [FXGL Background Thread 3 ] DEBUG Engine               - isMobile: false
10:52:53.175 [FXGL Background Thread 3 ] DEBUG Engine               - isNative: false
10:52:53.175 [FXGL Background Thread 3 ] DEBUG Engine               - isPauseMusicWhenMinimized: true
10:52:53.176 [FXGL Background Thread 3 ] DEBUG Engine               - isPreserveResizeRatio: false
10:52:53.176 [FXGL Background Thread 3 ] DEBUG Engine               - isProfilingEnabled: false
10:52:53.176 [FXGL Background Thread 3 ] DEBUG Engine               - isScaleAffectedOnResize: true
10:52:53.176 [FXGL Background Thread 3 ] DEBUG Engine               - isSingleStep: false
10:52:53.176 [FXGL Background Thread 3 ] DEBUG Engine               - isUserProfileEnabled: false
10:52:53.176 [FXGL Background Thread 3 ] DEBUG Engine               - isWindows: true
10:52:53.176 [FXGL Background Thread 3 ] DEBUG Engine               - language: ObjectProperty [value: ENGLISH]
10:52:53.176 [FXGL Background Thread 3 ] DEBUG Engine               - menuKey: ESCAPE
10:52:53.176 [FXGL Background Thread 3 ] DEBUG Engine               - mouseSensitivity: 0.2
10:52:53.176 [FXGL Background Thread 3 ] DEBUG Engine               - notificationViewClass: class com.almasb.fxgl.notification.view.XboxNotificationView
10:52:53.176 [FXGL Background Thread 3 ] DEBUG Engine               - pixelsPerMeter: 50.0
10:52:53.176 [FXGL Background Thread 3 ] DEBUG Engine               - platform: WINDOWS
10:52:53.177 [FXGL Background Thread 3 ] DEBUG Engine               - prefHeightProperty: ReadOnlyDoubleProperty [value: 640.0]
10:52:53.177 [FXGL Background Thread 3 ] DEBUG Engine               - prefWidthProperty: ReadOnlyDoubleProperty [value: 960.0]
10:52:53.177 [FXGL Background Thread 3 ] DEBUG Engine               - profileDir: profiles/
10:52:53.177 [FXGL Background Thread 3 ] DEBUG Engine               - profileName: StringProperty [value: DEFAULT]
10:52:53.177 [FXGL Background Thread 3 ] DEBUG Engine               - randomSeed: -1
10:52:53.178 [FXGL Background Thread 3 ] DEBUG Engine               - runtimeInfo: RuntimeInfo(platform=WINDOWS, version=17.1, build=24.03.2022 17.34)
10:52:53.178 [FXGL Background Thread 3 ] DEBUG Engine               - saveFileExt: sav
10:52:53.178 [FXGL Background Thread 3 ] DEBUG Engine               - scaledHeightProp$fxgl: DoubleProperty [bound, value: 640.0]
10:52:53.178 [FXGL Background Thread 3 ] DEBUG Engine               - scaledWidthProp$fxgl: DoubleProperty [bound, value: 960.0]
10:52:53.178 [FXGL Background Thread 3 ] DEBUG Engine               - sceneFactory: com.almasb.fxgl.app.scene.SceneFactory@461ab5f1
10:52:53.178 [FXGL Background Thread 3 ] DEBUG Engine               - secondsIn24h: 60
10:52:53.178 [FXGL Background Thread 3 ] DEBUG Engine               - soundMenuBack: menu/back.wav
10:52:53.178 [FXGL Background Thread 3 ] DEBUG Engine               - soundMenuPress: menu/press.wav
10:52:53.179 [FXGL Background Thread 3 ] DEBUG Engine               - soundMenuSelect: menu/select.wav
10:52:53.179 [FXGL Background Thread 3 ] DEBUG Engine               - soundNotification: core/notification.wav
10:52:53.179 [FXGL Background Thread 3 ] DEBUG Engine               - stageStyle: DECORATED
10:52:53.179 [FXGL Background Thread 3 ] DEBUG Engine               - supportedLanguages: [ENGLISH, FRENCH, GERMAN, HUNGARIAN, RUSSIAN]
10:52:53.179 [FXGL Background Thread 3 ] DEBUG Engine               - ticksPerSecond: -1
10:52:53.179 [FXGL Background Thread 3 ] DEBUG Engine               - title: Kings and Pigs
10:52:53.179 [FXGL Background Thread 3 ] DEBUG Engine               - urlGithub: https://github.com/AlmasB/FXGL
10:52:53.179 [FXGL Background Thread 3 ] DEBUG Engine               - urlLeaderboard: http://fxgl-top.herokuapp.com/
10:52:53.179 [FXGL Background Thread 3 ] DEBUG Engine               - urlPOM: https://raw.githubusercontent.com/AlmasB/FXGL/release/README.md
10:52:53.179 [FXGL Background Thread 3 ] DEBUG Engine               - userAppClass: class com.example.App
10:52:53.179 [FXGL Background Thread 3 ] DEBUG Engine               - version: 0.1
10:52:53.179 [FXGL Background Thread 3 ] DEBUG Engine               - versionCheckDays: 7
10:52:53.179 [FXGL Background Thread 3 ] DEBUG Engine               - width: 960
10:52:53.179 [FXGL Background Thread 3 ] DEBUG Engine               - Logging services
10:52:53.180 [FXGL Background Thread 3 ] DEBUG Engine               - class com.almasb.fxgl.app.services.FXGLAssetLoaderService
10:52:53.180 [FXGL Background Thread 3 ] DEBUG Engine               - class com.almasb.fxgl.app.FXGLApplication$GameApplicationService
10:52:53.180 [FXGL Background Thread 3 ] DEBUG Engine               - class com.almasb.fxgl.app.services.FXGLDialogService
10:52:53.180 [FXGL Background Thread 3 ] DEBUG Engine               - class com.almasb.fxgl.app.services.IOTaskExecutorService
10:52:53.180 [FXGL Background Thread 3 ] DEBUG Engine               - class com.almasb.fxgl.io.FileSystemService
10:52:53.180 [FXGL Background Thread 3 ] DEBUG Engine               - class com.almasb.fxgl.localization.LocalizationService
10:52:53.180 [FXGL Background Thread 3 ] DEBUG Engine               - class com.almasb.fxgl.app.services.SystemBundleService
10:52:53.180 [FXGL Background Thread 3 ] DEBUG Engine               - class com.almasb.fxgl.profile.SaveLoadService
10:52:53.180 [FXGL Background Thread 3 ] DEBUG Engine               - class com.almasb.fxgl.ui.FXGLUIFactoryServiceProvider
10:52:53.180 [FXGL Background Thread 3 ] DEBUG Engine               - class com.almasb.fxgl.ui.FXGLDialogFactoryServiceProvider
10:52:53.180 [FXGL Background Thread 3 ] DEBUG Engine               - class com.almasb.fxgl.audio.AudioPlayer
10:52:53.180 [FXGL Background Thread 3 ] DEBUG Engine               - class com.almasb.fxgl.notification.impl.NotificationServiceProvider
10:52:53.180 [FXGL Background Thread 3 ] DEBUG Engine               - class com.almasb.fxgl.achievement.AchievementService
10:52:53.180 [FXGL Background Thread 3 ] DEBUG Engine               - class com.almasb.fxgl.cutscene.CutsceneService
10:52:53.181 [FXGL Background Thread 3 ] DEBUG Engine               - class com.almasb.fxgl.minigames.MiniGameService
10:52:53.181 [FXGL Background Thread 3 ] DEBUG Engine               - class com.almasb.fxgl.net.NetService
10:52:53.181 [FXGL Background Thread 3 ] DEBUG Engine               - class com.almasb.fxgl.app.services.UpdaterService
10:52:53.181 [FXGL Background Thread 3 ] DEBUG Engine               - class com.almasb.fxgl.dev.DevService
10:53:09.389 [JavaFX Application Thread] DEBUG FXGLApplication      - Exiting FXGL
10:53:09.389 [JavaFX Application Thread] DEBUG LoopRunner           - Stopping loop
10:53:09.389 [JavaFX Application Thread] DEBUG SystemBundleService  - Saving FXGL system data
10:53:09.392 [JavaFX Application Thread] DEBUG FileSystemAccess     - Writing to: C:\Users\Anass\OneDrive - Hogeschool Leiden\hsleiden\ipose\app\demo\system\fxgl.bundle
10:53:09.394 [JavaFX Application Thread] DEBUG Async                - Shutting down background threads
10:53:09.395 [JavaFX Application Thread] DEBUG PrimaryStageWindow   - Closing main window
10:53:09.406 [JavaFX Application Thread] DEBUG Logger               - Closing Logger
