11:49:18.160 [main                     ] DEBUG Logger               - Configured Logger
11:49:18.189 [main                     ] DEBUG GameApplication      - Logging settings
Title: Kings and Pigs
Version: 0.1
Width: 960
Height: 640
Fullscreen: false
Intro: false
Profiling: false
Single step:false
App Mode: DEVELOPER
Menu Key: ESCAPE
Stage Style: DECORATED
Scene Factory: class com.almasb.fxgl.app.scene.SceneFactory

11:49:18.528 [JavaFX Application Thread] DEBUG FXGLApplication      - Initializing FXGL
11:49:18.533 [JavaFX Application Thread] INFO  Engine               - FXGL-17.1 (24.03.2022 17.34) on WINDOWS (J:18 FX:18)
11:49:18.533 [JavaFX Application Thread] DEBUG Engine               - JRE Vendor Name: Oracle Corporation
11:49:18.534 [JavaFX Application Thread] DEBUG Engine               - Running on OS: Windows 11 version 10.0
11:49:18.534 [JavaFX Application Thread] DEBUG Engine               - Architecture: amd64
11:49:18.534 [JavaFX Application Thread] INFO  Engine               - Source code and latest versions at: https://github.com/AlmasB/FXGL
11:49:18.534 [JavaFX Application Thread] INFO  Engine               -       Ask questions and discuss at: https://github.com/AlmasB/FXGL/discussions
11:49:18.535 [JavaFX Application Thread] INFO  Engine               -              Join the FXGL chat at: https://gitter.im/AlmasB/FXGL
11:49:18.628 [JavaFX Application Thread] DEBUG PrimaryStageWindow   - Creating a JavaFX scene
11:49:18.673 [JavaFX Application Thread] DEBUG PrimaryStageWindow   - Target settings size: 960.0 x 640.0
11:49:18.673 [JavaFX Application Thread] DEBUG PrimaryStageWindow   - Scaled scene size:    960.0 x 640.0
11:49:18.673 [JavaFX Application Thread] DEBUG PrimaryStageWindow   - Scaled ratio: (1.0, 1.0)
11:49:18.676 [JavaFX Application Thread] DEBUG PrimaryStageWindow   - Set initial scene to FXGLStartupScene
11:49:18.682 [JavaFX Application Thread] DEBUG PrimaryStageWindow   - Opening main window
11:49:18.756 [JavaFX Application Thread] DEBUG PrimaryStageWindow   - Window border size: (12.79998779296875, 35.20001220703125)
11:49:18.756 [JavaFX Application Thread] DEBUG PrimaryStageWindow   - Scaled size: 960.0 x 640.0
11:49:18.757 [JavaFX Application Thread] DEBUG PrimaryStageWindow   - Scaled ratio: (1.0, 1.0)
11:49:18.757 [JavaFX Application Thread] DEBUG PrimaryStageWindow   - Scene size: 960.0 x 640.0
11:49:18.757 [JavaFX Application Thread] DEBUG PrimaryStageWindow   - Stage size: 972.7999877929688 x 675.2000122070312
11:49:18.763 [FXGL Background Thread 1 ] DEBUG Engine               - Initializing environment variables
11:49:18.825 [FXGL Background Thread 1 ] DEBUG FXGLAssetLoaderServi - User app class for loading assets: class com.example.App
11:49:18.825 [FXGL Background Thread 1 ] DEBUG GameApplicationServi - Applying CSS: fxgl_dark.css
11:49:18.829 [FXGL Background Thread 1 ] DEBUG FXGLAssetLoaderServi - Loading from file system: jar:file:/C:/Users/jeffr/.m2/repository/com/github/almasb/fxgl/17.1/fxgl-17.1.jar!/fxglassets/ui/css/fxgl_dark.css
11:49:18.886 [FXGL Background Thread 1 ] DEBUG GameApplicationServi - Initializing application scenes
11:49:18.964 [FXGL Background Thread 1 ] DEBUG GameWorld            - Game world initialized
11:49:19.031 [FXGL Background Thread 1 ] DEBUG PhysicsWorld         - Physics world initialized: appHeight=640, physics.ppm=50.0
11:49:19.032 [FXGL Background Thread 1 ] DEBUG PhysicsWorld         - Using strategy: BRUTE_FORCE
11:49:19.039 [FXGL Background Thread 1 ] DEBUG GameScene            - Game scene initialized: 960x640
11:49:19.055 [FXGL Background Thread 1 ] DEBUG FXGL.DefaultMenu     - createMenuBodyGameMenu()
11:49:19.074 [FXGL Background Thread 1 ] DEBUG FXGL.DefaultMenu     - createOptionsMenu()
11:49:19.087 [FXGL Background Thread 1 ] DEBUG FXGLAssetLoaderServi - Loading from file system: jar:file:/C:/Users/jeffr/.m2/repository/com/github/almasb/fxgl/17.1/fxgl-17.1.jar!/fxglassets/textures/particles/smoke.png
11:49:19.179 [FXGL Background Thread 1 ] DEBUG FXGLAssetLoaderServi - Loading from file system: jar:file:/C:/Users/jeffr/.m2/repository/com/github/almasb/fxgl/17.1/fxgl-17.1.jar!/fxglassets/textures/particles/trace_horizontal.png
11:49:19.207 [FXGL Background Thread 1 ] DEBUG GameApplicationServi - Application scenes initialized
11:49:19.222 [FXGL Background Thread 1 ] DEBUG SystemBundleService  - Loading FXGL system data
11:49:19.225 [FXGL Background Thread 1 ] DEBUG FileSystemAccess     - Reading from: C:\Users\jeffr\Documents\java\demo\system\fxgl.bundle
11:49:19.231 [FXGL Background Thread 1 ] DEBUG SystemBundleService  - Bundle FXGL: {}
11:49:19.231 [FXGL Background Thread 1 ] DEBUG UpdaterService       - Checking for updates
11:49:19.234 [FXGL Background Thread 4 ] DEBUG FXGLApplication      - Loading fonts
11:49:19.234 [FXGL Background Thread 1 ] DEBUG FXGLApplication      - Loading default localization
11:49:19.234 [FXGL Background Thread 4 ] DEBUG FXGLAssetLoaderServi - Loading from file system: jar:file:/C:/Users/jeffr/.m2/repository/com/github/almasb/fxgl/17.1/fxgl-17.1.jar!/fxglassets/ui/fonts/VarelaRound-Regular.ttf
11:49:19.237 [FXGL Background Thread 1 ] DEBUG FXGLAssetLoaderServi - Loading from file system: jar:file:/C:/Users/jeffr/.m2/repository/com/github/almasb/fxgl/17.1/fxgl-17.1.jar!/fxglassets/languages/english.lang
11:49:19.282 [FXGL Background Thread 1 ] INFO  FXGLApplication      - FXGL initialization took: 0.518 sec
11:49:19.285 [FXGL Background Thread 4 ] DEBUG FXGLAssetLoaderServi - Loading from file system: jar:file:/C:/Users/jeffr/.m2/repository/com/github/almasb/fxgl/17.1/fxgl-17.1.jar!/fxglassets/ui/fonts/Abel-Regular.ttf
11:49:19.289 [FXGL Background Thread 4 ] DEBUG FXGLAssetLoaderServi - Loading from file system: jar:file:/C:/Users/jeffr/.m2/repository/com/github/almasb/fxgl/17.1/fxgl-17.1.jar!/fxglassets/ui/fonts/TerminalLandMono-Regular.otf
11:49:19.292 [FXGL Background Thread 4 ] DEBUG FXGLAssetLoaderServi - Loading from file system: jar:file:/C:/Users/jeffr/.m2/repository/com/github/almasb/fxgl/17.1/fxgl-17.1.jar!/fxglassets/ui/fonts/Courier-Prime.ttf
11:49:19.294 [JavaFX Application Thread] DEBUG Input                - Registered new binding: Left - A
11:49:19.294 [JavaFX Application Thread] DEBUG Input                - Registered new binding: Right - D
11:49:19.294 [JavaFX Application Thread] DEBUG Input                - Registered new binding: Jump - W
11:49:19.295 [JavaFX Application Thread] DEBUG Input                - Registered new binding: attack - E
11:49:19.295 [JavaFX Application Thread] DEBUG FXGLAssetLoaderServi - Loading from file system: jar:file:/C:/Users/jeffr/.m2/repository/com/github/almasb/fxgl/17.1/fxgl-17.1.jar!/fxglassets/textures/fxgl_icon.png
11:49:19.319 [JavaFX Application Thread] DEBUG FXGLAssetLoaderServi - Loading from file system: jar:file:/C:/Users/jeffr/.m2/repository/com/github/almasb/fxgl/17.1/fxgl-17.1.jar!/fxglassets/textures/fxgl_default_cursor.png
11:49:19.326 [JavaFX Application Thread] DEBUG Input                - Registered new binding: Screenshot - CTRL+8
11:49:19.327 [JavaFX Application Thread] DEBUG Input                - Registered new binding: System info dump - CTRL+9
11:49:19.327 [JavaFX Application Thread] DEBUG Input                - Registered new binding: Restart - CTRL+R
11:49:19.329 [JavaFX Application Thread] DEBUG Input                - Registered new binding: Toggle Debug Camera - CTRL+7
11:49:19.333 [JavaFX Application Thread] DEBUG LoopRunner           - Starting loop
11:49:19.333 [JavaFX Application Thread] DEBUG LoopRunner           - Initializing JavaFX AnimationTimerLoop
11:49:19.334 [JavaFX Application Thread] DEBUG GameApplicationServi - Starting new game
11:49:19.335 [JavaFX Application Thread] DEBUG Input                - Clearing active input actions
11:49:19.348 [JavaFX Application Thread] DEBUG GameApplicationServi - Removing overlay from FXGLStartupScene and adding to FXGLLoadingScene
11:49:19.348 [JavaFX Application Thread] DEBUG PrimaryStageWindow   - FXGLStartupScene -> FXGLLoadingScene
11:49:19.348 [JavaFX Application Thread] DEBUG GameApplicationServi - Clearing previous game
11:49:19.348 [JavaFX Application Thread] DEBUG GameScene            - Clearing game scene
11:49:19.348 [JavaFX Application Thread] DEBUG GameWorld            - Clearing game world
11:49:19.348 [JavaFX Application Thread] DEBUG PhysicsWorld         - Clearing physics world
11:49:19.351 [JavaFX Application Thread] DEBUG FXGLApplication      - Registering font factories with UI factory
11:49:19.351 [FXGL Background Thread 4 ] DEBUG FXGLApplication      - Initializing game
11:49:19.409 [FXGL Background Thread 4 ] WARN  TMXLevelLoader       - TiledMap generated from 1.8.4. Supported version: 1.4.2. Some features may not be parsed fully.
11:49:19.417 [FXGL Background Thread 4 ] DEBUG TMXLevelLoader       - Parsed TiledMap: file:/C:/Users/jeffr/Documents/java/demo/target/classes/assets/levels/terrain.tmx
11:49:19.419 [FXGL Background Thread 4 ] DEBUG TMXLevelLoader       - Creating tile layer entities
11:49:19.420 [FXGL Background Thread 4 ] DEBUG TilesetLoader        - Loading view for layer Tile Layer 1
11:49:19.421 [FXGL Background Thread 4 ] DEBUG TilesetLoader        - Created buffer with size 960.0x640.0
11:49:19.446 [FXGL Background Thread 4 ] DEBUG TilesetLoader        - Loading view for layer decorations
11:49:19.448 [FXGL Background Thread 4 ] DEBUG TilesetLoader        - Created buffer with size 960.0x640.0
11:49:19.450 [FXGL Background Thread 4 ] DEBUG TMXLevelLoader       - Creating object layer entities
11:49:19.475 [FXGL Background Thread 4 ] DEBUG GameWorld            - Clearing removable entities
11:49:19.475 [FXGL Background Thread 4 ] DEBUG GameWorld            - Setting level: com.almasb.fxgl.entity.level.Level@24cb2841
11:49:19.492 [FXGL Background Thread 4 ] DEBUG FXGLAssetLoaderServi - Loading from file system: file:/C:/Users/jeffr/Documents/java/demo/target/classes/assets/textures/idle.png
11:49:19.494 [FXGL Background Thread 4 ] DEBUG FXGLAssetLoaderServi - Loading from file system: file:/C:/Users/jeffr/Documents/java/demo/target/classes/assets/textures/run.png
11:49:19.496 [FXGL Background Thread 4 ] DEBUG FXGLAssetLoaderServi - Loading from file system: file:/C:/Users/jeffr/Documents/java/demo/target/classes/assets/textures/jump.png
11:49:19.497 [FXGL Background Thread 4 ] DEBUG FXGLAssetLoaderServi - Loading from file system: file:/C:/Users/jeffr/Documents/java/demo/target/classes/assets/textures/fall.png
11:49:19.498 [FXGL Background Thread 4 ] DEBUG FXGLAssetLoaderServi - Loading from file system: file:/C:/Users/jeffr/Documents/java/demo/target/classes/assets/textures/attack.png
11:49:19.512 [FXGL Background Thread 4 ] DEBUG FXGLAssetLoaderServi - Loading from file system: file:/C:/Users/jeffr/Documents/java/demo/target/classes/assets/textures/open.png
11:49:19.513 [FXGL Background Thread 4 ] DEBUG FXGLAssetLoaderServi - Loading from file system: file:/C:/Users/jeffr/Documents/java/demo/target/classes/assets/textures/close.png
11:49:19.514 [FXGL Background Thread 4 ] DEBUG FXGLAssetLoaderServi - Loading from file system: file:/C:/Users/jeffr/Documents/java/demo/target/classes/assets/textures/dooridle.png
11:49:19.516 [FXGL Background Thread 4 ] DEBUG FXGLAssetLoaderServi - Loading from file system: file:/C:/Users/jeffr/Documents/java/demo/target/classes/assets/textures/diamond.png
11:49:19.517 [FXGL Background Thread 4 ] DEBUG FXGLAssetLoaderServi - Loading from file system: file:/C:/Users/jeffr/Documents/java/demo/target/classes/assets/textures/collectdiamond.png
11:49:19.519 [FXGL Background Thread 4 ] DEBUG FXGLAssetLoaderServi - Loading from file system: file:/C:/Users/jeffr/Documents/java/demo/target/classes/assets/textures/healthbar.png
11:49:19.520 [FXGL Background Thread 4 ] DEBUG FXGLAssetLoaderServi - Loading from file system: file:/C:/Users/jeffr/Documents/java/demo/target/classes/assets/textures/heartSmall.png
11:49:19.526 [FXGL Background Thread 4 ] INFO  FXGLApplication      - Game initialization took: 0.176 sec
11:49:19.537 [JavaFX Application Thread] DEBUG Input                - Clearing active input actions
11:49:19.546 [JavaFX Application Thread] DEBUG GameApplicationServi - Removing overlay from FXGLLoadingScene and adding to GameScene
11:49:19.546 [JavaFX Application Thread] DEBUG PrimaryStageWindow   - FXGLLoadingScene -> GameScene
11:49:22.233 [FXGL Background Thread 3 ] DEBUG Engine               - Logging environment variables
11:49:22.233 [FXGL Background Thread 3 ] DEBUG Engine               - achievements: []
11:49:22.233 [FXGL Background Thread 3 ] DEBUG Engine               - actualHeight: 640.0
11:49:22.233 [FXGL Background Thread 3 ] DEBUG Engine               - actualHeightProperty: ReadOnlyDoubleProperty [value: 640.0]
11:49:22.233 [FXGL Background Thread 3 ] DEBUG Engine               - actualWidth: 960.0
11:49:22.233 [FXGL Background Thread 3 ] DEBUG Engine               - actualWidthProperty: ReadOnlyDoubleProperty [value: 960.0]
11:49:22.233 [FXGL Background Thread 3 ] DEBUG Engine               - appIcon: fxgl_icon.png
11:49:22.233 [FXGL Background Thread 3 ] DEBUG Engine               - applicationMode: DEVELOPER
11:49:22.233 [FXGL Background Thread 3 ] DEBUG Engine               - cSSList: [fxgl_dark.css]
11:49:22.233 [FXGL Background Thread 3 ] DEBUG Engine               - collisionDetectionStrategy: BRUTE_FORCE
11:49:22.234 [FXGL Background Thread 3 ] DEBUG Engine               - configClass: Optional.empty
11:49:22.234 [FXGL Background Thread 3 ] DEBUG Engine               - credits: []
11:49:22.234 [FXGL Background Thread 3 ] DEBUG Engine               - defaultCursor: CursorInfo(imageName=fxgl_default_cursor.png, hotspotX=7.0, hotspotY=6.0)
11:49:22.234 [FXGL Background Thread 3 ] DEBUG Engine               - devBBoxColorProperty: ObjectProperty [value: 0xff0000ff]
11:49:22.234 [FXGL Background Thread 3 ] DEBUG Engine               - devEnableDebugCameraProperty: BooleanProperty [value: false]
11:49:22.234 [FXGL Background Thread 3 ] DEBUG Engine               - devSensorColorProperty: ObjectProperty [value: 0xffff00ff]
11:49:22.234 [FXGL Background Thread 3 ] DEBUG Engine               - devShowBBoxProperty: BooleanProperty [value: false]
11:49:22.234 [FXGL Background Thread 3 ] DEBUG Engine               - devShowPositionProperty: BooleanProperty [value: false]
11:49:22.234 [FXGL Background Thread 3 ] DEBUG Engine               - enabledMenuItems: []
11:49:22.234 [FXGL Background Thread 3 ] DEBUG Engine               - engineServices: [class com.almasb.fxgl.app.services.FXGLAssetLoaderService, class com.almasb.fxgl.app.FXGLApplication$GameApplicationService, class com.almasb.fxgl.app.services.FXGLDialogService, class com.almasb.fxgl.app.services.IOTaskExecutorService, class com.almasb.fxgl.io.FileSystemService, class com.almasb.fxgl.localization.LocalizationService, class com.almasb.fxgl.app.services.SystemBundleService, class com.almasb.fxgl.profile.SaveLoadService, class com.almasb.fxgl.ui.FXGLUIFactoryServiceProvider, class com.almasb.fxgl.ui.FXGLDialogFactoryServiceProvider, class com.almasb.fxgl.audio.AudioPlayer, class com.almasb.fxgl.notification.impl.NotificationServiceProvider, class com.almasb.fxgl.achievement.AchievementService, class com.almasb.fxgl.cutscene.CutsceneService, class com.almasb.fxgl.minigames.MiniGameService, class com.almasb.fxgl.net.NetService, class com.almasb.fxgl.app.services.UpdaterService, class com.almasb.fxgl.dev.DevService]
11:49:22.234 [FXGL Background Thread 3 ] DEBUG Engine               - fontGame: Abel-Regular.ttf
11:49:22.234 [FXGL Background Thread 3 ] DEBUG Engine               - fontMono: TerminalLandMono-Regular.otf
11:49:22.234 [FXGL Background Thread 3 ] DEBUG Engine               - fontText: Courier-Prime.ttf
11:49:22.234 [FXGL Background Thread 3 ] DEBUG Engine               - fontUI: VarelaRound-Regular.ttf
11:49:22.234 [FXGL Background Thread 3 ] DEBUG Engine               - fullScreen: BooleanProperty [value: false]
11:49:22.234 [FXGL Background Thread 3 ] DEBUG Engine               - gameDifficulty: MEDIUM
11:49:22.234 [FXGL Background Thread 3 ] DEBUG Engine               - gameDifficultyProperty: ObjectProperty [value: MEDIUM]
11:49:22.234 [FXGL Background Thread 3 ] DEBUG Engine               - globalMusicVolume: 0.5
11:49:22.235 [FXGL Background Thread 3 ] DEBUG Engine               - globalMusicVolumeProperty: DoubleProperty [value: 0.5]
11:49:22.235 [FXGL Background Thread 3 ] DEBUG Engine               - globalSoundVolume: 0.5
11:49:22.235 [FXGL Background Thread 3 ] DEBUG Engine               - globalSoundVolumeProperty: DoubleProperty [value: 0.5]
11:49:22.235 [FXGL Background Thread 3 ] DEBUG Engine               - height: 640
11:49:22.235 [FXGL Background Thread 3 ] DEBUG Engine               - is3D: false
11:49:22.235 [FXGL Background Thread 3 ] DEBUG Engine               - isAndroid: false
11:49:22.235 [FXGL Background Thread 3 ] DEBUG Engine               - isBrowser: false
11:49:22.235 [FXGL Background Thread 3 ] DEBUG Engine               - isClickFeedbackEnabled: false
11:49:22.235 [FXGL Background Thread 3 ] DEBUG Engine               - isCloseConfirmation: false
11:49:22.235 [FXGL Background Thread 3 ] DEBUG Engine               - isDesktop: true
11:49:22.235 [FXGL Background Thread 3 ] DEBUG Engine               - isDeveloperMenuEnabled: false
11:49:22.235 [FXGL Background Thread 3 ] DEBUG Engine               - isEmbedded: false
11:49:22.235 [FXGL Background Thread 3 ] DEBUG Engine               - isEntityPreloadEnabled: true
11:49:22.235 [FXGL Background Thread 3 ] DEBUG Engine               - isExperimentalTiledLargeMap: false
11:49:22.235 [FXGL Background Thread 3 ] DEBUG Engine               - isFileSystemWriteAllowed: true
11:49:22.235 [FXGL Background Thread 3 ] DEBUG Engine               - isFullScreenAllowed: false
11:49:22.235 [FXGL Background Thread 3 ] DEBUG Engine               - isFullScreenFromStart: false
11:49:22.235 [FXGL Background Thread 3 ] DEBUG Engine               - isGameMenuEnabled: true
11:49:22.235 [FXGL Background Thread 3 ] DEBUG Engine               - isIOS: false
11:49:22.235 [FXGL Background Thread 3 ] DEBUG Engine               - isIntroEnabled: false
11:49:22.235 [FXGL Background Thread 3 ] DEBUG Engine               - isLinux: false
11:49:22.235 [FXGL Background Thread 3 ] DEBUG Engine               - isMac: false
11:49:22.235 [FXGL Background Thread 3 ] DEBUG Engine               - isMainMenuEnabled: false
11:49:22.235 [FXGL Background Thread 3 ] DEBUG Engine               - isManualResizeEnabled: false
11:49:22.235 [FXGL Background Thread 3 ] DEBUG Engine               - isMobile: false
11:49:22.235 [FXGL Background Thread 3 ] DEBUG Engine               - isNative: false
11:49:22.235 [FXGL Background Thread 3 ] DEBUG Engine               - isPauseMusicWhenMinimized: true
11:49:22.235 [FXGL Background Thread 3 ] DEBUG Engine               - isPreserveResizeRatio: false
11:49:22.235 [FXGL Background Thread 3 ] DEBUG Engine               - isProfilingEnabled: false
11:49:22.235 [FXGL Background Thread 3 ] DEBUG Engine               - isScaleAffectedOnResize: true
11:49:22.235 [FXGL Background Thread 3 ] DEBUG Engine               - isSingleStep: false
11:49:22.236 [FXGL Background Thread 3 ] DEBUG Engine               - isUserProfileEnabled: false
11:49:22.236 [FXGL Background Thread 3 ] DEBUG Engine               - isWindows: true
11:49:22.236 [FXGL Background Thread 3 ] DEBUG Engine               - language: ObjectProperty [value: ENGLISH]
11:49:22.236 [FXGL Background Thread 3 ] DEBUG Engine               - menuKey: ESCAPE
11:49:22.236 [FXGL Background Thread 3 ] DEBUG Engine               - mouseSensitivity: 0.2
11:49:22.236 [FXGL Background Thread 3 ] DEBUG Engine               - notificationViewClass: class com.almasb.fxgl.notification.view.XboxNotificationView
11:49:22.236 [FXGL Background Thread 3 ] DEBUG Engine               - pixelsPerMeter: 50.0
11:49:22.236 [FXGL Background Thread 3 ] DEBUG Engine               - platform: WINDOWS
11:49:22.236 [FXGL Background Thread 3 ] DEBUG Engine               - prefHeightProperty: ReadOnlyDoubleProperty [value: 640.0]
11:49:22.236 [FXGL Background Thread 3 ] DEBUG Engine               - prefWidthProperty: ReadOnlyDoubleProperty [value: 960.0]
11:49:22.236 [FXGL Background Thread 3 ] DEBUG Engine               - profileDir: profiles/
11:49:22.236 [FXGL Background Thread 3 ] DEBUG Engine               - profileName: StringProperty [value: DEFAULT]
11:49:22.236 [FXGL Background Thread 3 ] DEBUG Engine               - randomSeed: -1
11:49:22.237 [FXGL Background Thread 3 ] DEBUG Engine               - runtimeInfo: RuntimeInfo(platform=WINDOWS, version=17.1, build=24.03.2022 17.34)
11:49:22.237 [FXGL Background Thread 3 ] DEBUG Engine               - saveFileExt: sav
11:49:22.237 [FXGL Background Thread 3 ] DEBUG Engine               - scaledHeightProp$fxgl: DoubleProperty [bound, value: 640.0]
11:49:22.237 [FXGL Background Thread 3 ] DEBUG Engine               - scaledWidthProp$fxgl: DoubleProperty [bound, value: 960.0]
11:49:22.237 [FXGL Background Thread 3 ] DEBUG Engine               - sceneFactory: com.almasb.fxgl.app.scene.SceneFactory@4d1a5452
11:49:22.237 [FXGL Background Thread 3 ] DEBUG Engine               - secondsIn24h: 60
11:49:22.237 [FXGL Background Thread 3 ] DEBUG Engine               - soundMenuBack: menu/back.wav
11:49:22.237 [FXGL Background Thread 3 ] DEBUG Engine               - soundMenuPress: menu/press.wav
11:49:22.237 [FXGL Background Thread 3 ] DEBUG Engine               - soundMenuSelect: menu/select.wav
11:49:22.237 [FXGL Background Thread 3 ] DEBUG Engine               - soundNotification: core/notification.wav
11:49:22.237 [FXGL Background Thread 3 ] DEBUG Engine               - stageStyle: DECORATED
11:49:22.238 [FXGL Background Thread 3 ] DEBUG Engine               - supportedLanguages: [ENGLISH, FRENCH, GERMAN, HUNGARIAN, RUSSIAN]
11:49:22.238 [FXGL Background Thread 3 ] DEBUG Engine               - ticksPerSecond: -1
11:49:22.238 [FXGL Background Thread 3 ] DEBUG Engine               - title: Kings and Pigs
11:49:22.238 [FXGL Background Thread 3 ] DEBUG Engine               - urlGithub: https://github.com/AlmasB/FXGL
11:49:22.238 [FXGL Background Thread 3 ] DEBUG Engine               - urlLeaderboard: http://fxgl-top.herokuapp.com/
11:49:22.238 [FXGL Background Thread 3 ] DEBUG Engine               - urlPOM: https://raw.githubusercontent.com/AlmasB/FXGL/release/README.md
11:49:22.238 [FXGL Background Thread 3 ] DEBUG Engine               - userAppClass: class com.example.App
11:49:22.238 [FXGL Background Thread 3 ] DEBUG Engine               - version: 0.1
11:49:22.238 [FXGL Background Thread 3 ] DEBUG Engine               - versionCheckDays: 7
11:49:22.238 [FXGL Background Thread 3 ] DEBUG Engine               - width: 960
11:49:22.238 [FXGL Background Thread 3 ] DEBUG Engine               - Logging services
11:49:22.238 [FXGL Background Thread 3 ] DEBUG Engine               - class com.almasb.fxgl.app.services.FXGLAssetLoaderService
11:49:22.238 [FXGL Background Thread 3 ] DEBUG Engine               - class com.almasb.fxgl.app.FXGLApplication$GameApplicationService
11:49:22.238 [FXGL Background Thread 3 ] DEBUG Engine               - class com.almasb.fxgl.app.services.FXGLDialogService
11:49:22.238 [FXGL Background Thread 3 ] DEBUG Engine               - class com.almasb.fxgl.app.services.IOTaskExecutorService
11:49:22.238 [FXGL Background Thread 3 ] DEBUG Engine               - class com.almasb.fxgl.io.FileSystemService
11:49:22.238 [FXGL Background Thread 3 ] DEBUG Engine               - class com.almasb.fxgl.localization.LocalizationService
11:49:22.238 [FXGL Background Thread 3 ] DEBUG Engine               - class com.almasb.fxgl.app.services.SystemBundleService
11:49:22.238 [FXGL Background Thread 3 ] DEBUG Engine               - class com.almasb.fxgl.profile.SaveLoadService
11:49:22.238 [FXGL Background Thread 3 ] DEBUG Engine               - class com.almasb.fxgl.ui.FXGLUIFactoryServiceProvider
11:49:22.238 [FXGL Background Thread 3 ] DEBUG Engine               - class com.almasb.fxgl.ui.FXGLDialogFactoryServiceProvider
11:49:22.238 [FXGL Background Thread 3 ] DEBUG Engine               - class com.almasb.fxgl.audio.AudioPlayer
11:49:22.238 [FXGL Background Thread 3 ] DEBUG Engine               - class com.almasb.fxgl.notification.impl.NotificationServiceProvider
11:49:22.238 [FXGL Background Thread 3 ] DEBUG Engine               - class com.almasb.fxgl.achievement.AchievementService
11:49:22.238 [FXGL Background Thread 3 ] DEBUG Engine               - class com.almasb.fxgl.cutscene.CutsceneService
11:49:22.238 [FXGL Background Thread 3 ] DEBUG Engine               - class com.almasb.fxgl.minigames.MiniGameService
11:49:22.238 [FXGL Background Thread 3 ] DEBUG Engine               - class com.almasb.fxgl.net.NetService
11:49:22.238 [FXGL Background Thread 3 ] DEBUG Engine               - class com.almasb.fxgl.app.services.UpdaterService
11:49:22.238 [FXGL Background Thread 3 ] DEBUG Engine               - class com.almasb.fxgl.dev.DevService
11:49:26.291 [JavaFX Application Thread] DEBUG FXGLApplication      - Exiting FXGL
11:49:26.291 [JavaFX Application Thread] DEBUG LoopRunner           - Stopping loop
11:49:26.291 [JavaFX Application Thread] DEBUG SystemBundleService  - Saving FXGL system data
11:49:26.292 [JavaFX Application Thread] DEBUG FileSystemAccess     - Writing to: C:\Users\jeffr\Documents\java\demo\system\fxgl.bundle
11:49:26.296 [JavaFX Application Thread] DEBUG Async                - Shutting down background threads
11:49:26.296 [JavaFX Application Thread] DEBUG PrimaryStageWindow   - Closing main window
11:49:26.311 [JavaFX Application Thread] DEBUG Logger               - Closing Logger
