15:34:21.428 [main                     ] DEBUG Logger               - Configured Logger
15:34:21.464 [main                     ] DEBUG GameApplication      - Logging settings
Title: Kings and Pigs
Version: 0.1
Width: 960
Height: 640
Fullscreen: false
Intro: true
Profiling: false
Single step:false
App Mode: DEVELOPER
Menu Key: ESCAPE
Stage Style: DECORATED
Scene Factory: class com.example.App$1

15:34:21.905 [JavaFX Application Thread] DEBUG FXGLApplication      - Initializing FXGL
15:34:21.914 [JavaFX Application Thread] INFO  Engine               - FXGL-17.1 (24.03.2022 17.34) on WINDOWS (J:18 FX:18)
15:34:21.915 [JavaFX Application Thread] DEBUG Engine               - JRE Vendor Name: Oracle Corporation
15:34:21.916 [JavaFX Application Thread] DEBUG Engine               - Running on OS: Windows 10 version 10.0
15:34:21.916 [JavaFX Application Thread] DEBUG Engine               - Architecture: amd64
15:34:21.916 [JavaFX Application Thread] INFO  Engine               - Source code and latest versions at: https://github.com/AlmasB/FXGL
15:34:21.916 [JavaFX Application Thread] INFO  Engine               -       Ask questions and discuss at: https://github.com/AlmasB/FXGL/discussions
15:34:21.917 [JavaFX Application Thread] INFO  Engine               -              Join the FXGL chat at: https://gitter.im/AlmasB/FXGL
15:34:22.059 [JavaFX Application Thread] DEBUG PrimaryStageWindow   - Creating a JavaFX scene
15:34:22.118 [JavaFX Application Thread] DEBUG PrimaryStageWindow   - Target settings size: 960.0 x 640.0
15:34:22.118 [JavaFX Application Thread] DEBUG PrimaryStageWindow   - Scaled scene size:    960.0 x 640.0
15:34:22.118 [JavaFX Application Thread] DEBUG PrimaryStageWindow   - Scaled ratio: (1.0, 1.0)
15:34:22.121 [JavaFX Application Thread] DEBUG PrimaryStageWindow   - Set initial scene to FXGLStartupScene
15:34:22.129 [JavaFX Application Thread] DEBUG PrimaryStageWindow   - Opening main window
15:34:22.229 [JavaFX Application Thread] DEBUG PrimaryStageWindow   - Window border size: (14.4000244140625, 37.5999755859375)
15:34:22.230 [JavaFX Application Thread] DEBUG PrimaryStageWindow   - Scaled size: 960.0 x 640.0
15:34:22.230 [JavaFX Application Thread] DEBUG PrimaryStageWindow   - Scaled ratio: (1.0, 1.0)
15:34:22.231 [JavaFX Application Thread] DEBUG PrimaryStageWindow   - Scene size: 960.0 x 640.0
15:34:22.232 [JavaFX Application Thread] DEBUG PrimaryStageWindow   - Stage size: 974.4000244140625 x 677.5999755859375
15:34:22.244 [FXGL Background Thread 1 ] DEBUG Engine               - Initializing environment variables
15:34:22.337 [FXGL Background Thread 1 ] DEBUG FXGLAssetLoaderServi - User app class for loading assets: class com.example.App
15:34:22.338 [FXGL Background Thread 1 ] DEBUG GameApplicationServi - Applying CSS: fxgl_dark.css
15:34:22.339 [FXGL Background Thread 1 ] DEBUG FXGLAssetLoaderServi - Loading from file system: jar:file:/C:/Users/ilias/.m2/repository/com/github/almasb/fxgl/17.1/fxgl-17.1.jar!/fxglassets/ui/css/fxgl_dark.css
15:34:22.410 [FXGL Background Thread 1 ] DEBUG GameApplicationServi - Initializing application scenes
15:34:22.499 [FXGL Background Thread 1 ] DEBUG GameWorld            - Game world initialized
15:34:22.588 [FXGL Background Thread 1 ] DEBUG PhysicsWorld         - Physics world initialized: appHeight=640, physics.ppm=50.0
15:34:22.588 [FXGL Background Thread 1 ] DEBUG PhysicsWorld         - Using strategy: BRUTE_FORCE
15:34:22.593 [FXGL Background Thread 1 ] DEBUG GameScene            - Game scene initialized: 960x640
15:34:22.610 [FXGL Background Thread 1 ] DEBUG FXGL.DefaultMenu     - createMenuBodyMainMenu()
15:34:22.632 [FXGL Background Thread 1 ] DEBUG FXGL.DefaultMenu     - createOptionsMenu()
15:34:22.647 [FXGL Background Thread 1 ] DEBUG FXGLAssetLoaderServi - Loading from file system: jar:file:/C:/Users/ilias/.m2/repository/com/github/almasb/fxgl/17.1/fxgl-17.1.jar!/fxglassets/textures/particles/smoke.png
15:34:22.804 [FXGL Background Thread 1 ] DEBUG FXGLAssetLoaderServi - Loading from file system: jar:file:/C:/Users/ilias/.m2/repository/com/github/almasb/fxgl/17.1/fxgl-17.1.jar!/fxglassets/textures/particles/trace_horizontal.png
15:34:22.843 [FXGL Background Thread 1 ] DEBUG FXGL.DefaultMenu     - createMenuBodyGameMenu()
15:34:22.845 [FXGL Background Thread 1 ] DEBUG FXGL.DefaultMenu     - createOptionsMenu()
15:34:22.861 [FXGL Background Thread 1 ] DEBUG GameApplicationServi - Application scenes initialized
15:34:22.880 [FXGL Background Thread 1 ] DEBUG SystemBundleService  - Loading FXGL system data
15:34:22.886 [FXGL Background Thread 1 ] DEBUG FileSystemAccess     - Reading from: C:\Users\ilias\OneDrive\schoolhbo\leerjaar 1\ipose\newApp\demo\system\fxgl.bundle
15:34:22.895 [FXGL Background Thread 1 ] DEBUG SystemBundleService  - Bundle FXGL: {}
15:34:22.896 [FXGL Background Thread 1 ] DEBUG UpdaterService       - Checking for updates
15:34:22.905 [FXGL Background Thread 4 ] DEBUG FXGLApplication      - Loading fonts
15:34:22.907 [FXGL Background Thread 1 ] DEBUG FXGLApplication      - Loading default localization
15:34:22.906 [FXGL Background Thread 4 ] DEBUG FXGLAssetLoaderServi - Loading from file system: jar:file:/C:/Users/ilias/.m2/repository/com/github/almasb/fxgl/17.1/fxgl-17.1.jar!/fxglassets/ui/fonts/VarelaRound-Regular.ttf
15:34:22.908 [FXGL Background Thread 1 ] DEBUG FXGLAssetLoaderServi - Loading from file system: jar:file:/C:/Users/ilias/.m2/repository/com/github/almasb/fxgl/17.1/fxgl-17.1.jar!/fxglassets/languages/english.lang
15:34:22.957 [FXGL Background Thread 1 ] INFO  FXGLApplication      - FXGL initialization took: 0.712 sec
15:34:22.976 [JavaFX Application Thread] DEBUG Input                - Registered new binding: Left - A
15:34:22.976 [JavaFX Application Thread] DEBUG Input                - Registered new binding: Right - D
15:34:22.977 [JavaFX Application Thread] DEBUG Input                - Registered new binding: Jump - W
15:34:22.977 [JavaFX Application Thread] DEBUG Input                - Registered new binding: enter - E
15:34:22.978 [JavaFX Application Thread] DEBUG FXGLAssetLoaderServi - Loading from file system: jar:file:/C:/Users/ilias/.m2/repository/com/github/almasb/fxgl/17.1/fxgl-17.1.jar!/fxglassets/textures/fxgl_icon.png
15:34:23.008 [JavaFX Application Thread] DEBUG FXGLAssetLoaderServi - Loading from file system: jar:file:/C:/Users/ilias/.m2/repository/com/github/almasb/fxgl/17.1/fxgl-17.1.jar!/fxglassets/textures/fxgl_default_cursor.png
15:34:23.013 [JavaFX Application Thread] DEBUG Input                - Registered new binding: Screenshot - CTRL+8
15:34:23.014 [JavaFX Application Thread] DEBUG Input                - Registered new binding: System info dump - CTRL+9
15:34:23.016 [JavaFX Application Thread] DEBUG Input                - Registered new binding: Restart - CTRL+R
15:34:23.019 [JavaFX Application Thread] DEBUG Input                - Registered new binding: Toggle Debug Camera - CTRL+7
15:34:23.019 [FXGL Background Thread 4 ] DEBUG FXGLAssetLoaderServi - Loading from file system: jar:file:/C:/Users/ilias/.m2/repository/com/github/almasb/fxgl/17.1/fxgl-17.1.jar!/fxglassets/ui/fonts/Abel-Regular.ttf
15:34:23.024 [JavaFX Application Thread] DEBUG LoopRunner           - Starting loop
15:34:23.024 [JavaFX Application Thread] DEBUG LoopRunner           - Initializing JavaFX AnimationTimerLoop
15:34:23.025 [FXGL Background Thread 4 ] DEBUG FXGLAssetLoaderServi - Loading from file system: jar:file:/C:/Users/ilias/.m2/repository/com/github/almasb/fxgl/17.1/fxgl-17.1.jar!/fxglassets/ui/fonts/TerminalLandMono-Regular.otf
15:34:23.034 [JavaFX Application Thread] DEBUG Input                - Clearing active input actions
15:34:23.036 [FXGL Background Thread 4 ] DEBUG FXGLAssetLoaderServi - Loading from file system: jar:file:/C:/Users/ilias/.m2/repository/com/github/almasb/fxgl/17.1/fxgl-17.1.jar!/fxglassets/ui/fonts/Courier-Prime.ttf
15:34:23.047 [JavaFX Application Thread] DEBUG GameApplicationServi - Removing overlay from FXGLStartupScene and adding to GameIntro
15:34:23.050 [JavaFX Application Thread] DEBUG PrimaryStageWindow   - FXGLStartupScene -> GameIntro
15:34:23.073 [JavaFX Application Thread] DEBUG FXGLApplication      - Registering font factories with UI factory
15:34:24.654 [JavaFX Application Thread] DEBUG FXGLApplication      - Exiting FXGL
15:34:24.654 [JavaFX Application Thread] DEBUG LoopRunner           - Stopping loop
15:34:24.654 [JavaFX Application Thread] DEBUG SystemBundleService  - Saving FXGL system data
15:34:24.657 [JavaFX Application Thread] DEBUG FileSystemAccess     - Writing to: C:\Users\ilias\OneDrive\schoolhbo\leerjaar 1\ipose\newApp\demo\system\fxgl.bundle
15:34:24.661 [JavaFX Application Thread] DEBUG Async                - Shutting down background threads
15:34:24.661 [JavaFX Application Thread] DEBUG PrimaryStageWindow   - Closing main window
15:34:24.679 [JavaFX Application Thread] DEBUG Logger               - Closing Logger
