10:44:02.471 [main                     ] DEBUG Logger               - Configured Logger
10:44:02.499 [main                     ] DEBUG GameApplication      - Logging settings
Title: Kings and Pigs
Version: 0.1
Width: 960
Height: 640
Fullscreen: false
Intro: false
Profiling: false
Single step:false
App Mode: DEVELOPER
Menu Key: ESCAPE
Stage Style: DECORATED
Scene Factory: class com.almasb.fxgl.app.scene.SceneFactory

10:44:02.881 [JavaFX Application Thread] DEBUG FXGLApplication      - Initializing FXGL
10:44:02.888 [JavaFX Application Thread] INFO  Engine               - FXGL-17.1 (24.03.2022 17.34) on WINDOWS (J:18 FX:18)
10:44:02.888 [JavaFX Application Thread] DEBUG Engine               - JRE Vendor Name: Oracle Corporation
10:44:02.889 [JavaFX Application Thread] DEBUG Engine               - Running on OS: Windows 10 version 10.0
10:44:02.889 [JavaFX Application Thread] DEBUG Engine               - Architecture: amd64
10:44:02.889 [JavaFX Application Thread] INFO  Engine               - Source code and latest versions at: https://github.com/AlmasB/FXGL
10:44:02.890 [JavaFX Application Thread] INFO  Engine               -       Ask questions and discuss at: https://github.com/AlmasB/FXGL/discussions
10:44:02.891 [JavaFX Application Thread] INFO  Engine               -              Join the FXGL chat at: https://gitter.im/AlmasB/FXGL
10:44:03.010 [JavaFX Application Thread] DEBUG PrimaryStageWindow   - Creating a JavaFX scene
10:44:03.056 [JavaFX Application Thread] DEBUG PrimaryStageWindow   - Target settings size: 960.0 x 640.0
10:44:03.057 [JavaFX Application Thread] DEBUG PrimaryStageWindow   - Scaled scene size:    960.0 x 640.0
10:44:03.057 [JavaFX Application Thread] DEBUG PrimaryStageWindow   - Scaled ratio: (1.0, 1.0)
10:44:03.059 [JavaFX Application Thread] DEBUG PrimaryStageWindow   - Set initial scene to FXGLStartupScene
10:44:03.067 [JavaFX Application Thread] DEBUG PrimaryStageWindow   - Opening main window
10:44:03.166 [JavaFX Application Thread] DEBUG PrimaryStageWindow   - Window border size: (14.4000244140625, 37.5999755859375)
10:44:03.166 [JavaFX Application Thread] DEBUG PrimaryStageWindow   - Scaled size: 960.0 x 640.0
10:44:03.166 [JavaFX Application Thread] DEBUG PrimaryStageWindow   - Scaled ratio: (1.0, 1.0)
10:44:03.167 [JavaFX Application Thread] DEBUG PrimaryStageWindow   - Scene size: 960.0 x 640.0
10:44:03.167 [JavaFX Application Thread] DEBUG PrimaryStageWindow   - Stage size: 974.4000244140625 x 677.5999755859375
10:44:03.183 [FXGL Background Thread 1 ] DEBUG Engine               - Initializing environment variables
10:44:03.276 [FXGL Background Thread 1 ] DEBUG FXGLAssetLoaderServi - User app class for loading assets: class com.example.App
10:44:03.277 [FXGL Background Thread 1 ] DEBUG GameApplicationServi - Applying CSS: fxgl_dark.css
10:44:03.280 [FXGL Background Thread 1 ] DEBUG FXGLAssetLoaderServi - Loading from file system: jar:file:/C:/Users/ilias/.m2/repository/com/github/almasb/fxgl/17.1/fxgl-17.1.jar!/fxglassets/ui/css/fxgl_dark.css
10:44:03.342 [FXGL Background Thread 1 ] DEBUG GameApplicationServi - Initializing application scenes
10:44:03.423 [FXGL Background Thread 1 ] DEBUG GameWorld            - Game world initialized
10:44:03.497 [FXGL Background Thread 1 ] DEBUG PhysicsWorld         - Physics world initialized: appHeight=640, physics.ppm=50.0
10:44:03.497 [FXGL Background Thread 1 ] DEBUG PhysicsWorld         - Using strategy: BRUTE_FORCE
10:44:03.501 [FXGL Background Thread 1 ] DEBUG GameScene            - Game scene initialized: 960x640
10:44:03.516 [FXGL Background Thread 1 ] DEBUG FXGL.DefaultMenu     - createMenuBodyGameMenu()
10:44:03.536 [FXGL Background Thread 1 ] DEBUG FXGL.DefaultMenu     - createOptionsMenu()
10:44:03.548 [FXGL Background Thread 1 ] DEBUG FXGLAssetLoaderServi - Loading from file system: jar:file:/C:/Users/ilias/.m2/repository/com/github/almasb/fxgl/17.1/fxgl-17.1.jar!/fxglassets/textures/particles/smoke.png
10:44:03.688 [FXGL Background Thread 1 ] DEBUG FXGLAssetLoaderServi - Loading from file system: jar:file:/C:/Users/ilias/.m2/repository/com/github/almasb/fxgl/17.1/fxgl-17.1.jar!/fxglassets/textures/particles/trace_horizontal.png
10:44:03.740 [FXGL Background Thread 1 ] DEBUG GameApplicationServi - Application scenes initialized
10:44:03.754 [FXGL Background Thread 1 ] DEBUG SystemBundleService  - Loading FXGL system data
10:44:03.760 [FXGL Background Thread 1 ] DEBUG FileSystemAccess     - Reading from: C:\Users\ilias\OneDrive\schoolhbo\leerjaar 1\ipose\newApp\demo\system\fxgl.bundle
10:44:03.773 [FXGL Background Thread 1 ] DEBUG SystemBundleService  - Bundle FXGL: {}
10:44:03.773 [FXGL Background Thread 1 ] DEBUG UpdaterService       - Checking for updates
10:44:03.778 [FXGL Background Thread 4 ] DEBUG FXGLApplication      - Loading fonts
10:44:03.779 [FXGL Background Thread 4 ] DEBUG FXGLAssetLoaderServi - Loading from file system: jar:file:/C:/Users/ilias/.m2/repository/com/github/almasb/fxgl/17.1/fxgl-17.1.jar!/fxglassets/ui/fonts/VarelaRound-Regular.ttf
10:44:03.778 [FXGL Background Thread 1 ] DEBUG FXGLApplication      - Loading default localization
10:44:03.779 [FXGL Background Thread 1 ] DEBUG FXGLAssetLoaderServi - Loading from file system: jar:file:/C:/Users/ilias/.m2/repository/com/github/almasb/fxgl/17.1/fxgl-17.1.jar!/fxglassets/languages/english.lang
10:44:03.824 [FXGL Background Thread 1 ] INFO  FXGLApplication      - FXGL initialization took: 0.641 sec
10:44:03.850 [JavaFX Application Thread] DEBUG Input                - Registered new binding: Left - A
10:44:03.850 [JavaFX Application Thread] DEBUG Input                - Registered new binding: Right - D
10:44:03.850 [JavaFX Application Thread] DEBUG Input                - Registered new binding: Jump - W
10:44:03.851 [JavaFX Application Thread] DEBUG Input                - Registered new binding: enter - E
10:44:03.851 [JavaFX Application Thread] DEBUG FXGLAssetLoaderServi - Loading from file system: jar:file:/C:/Users/ilias/.m2/repository/com/github/almasb/fxgl/17.1/fxgl-17.1.jar!/fxglassets/textures/fxgl_icon.png
10:44:03.860 [FXGL Background Thread 4 ] DEBUG FXGLAssetLoaderServi - Loading from file system: jar:file:/C:/Users/ilias/.m2/repository/com/github/almasb/fxgl/17.1/fxgl-17.1.jar!/fxglassets/ui/fonts/Abel-Regular.ttf
10:44:03.864 [FXGL Background Thread 4 ] DEBUG FXGLAssetLoaderServi - Loading from file system: jar:file:/C:/Users/ilias/.m2/repository/com/github/almasb/fxgl/17.1/fxgl-17.1.jar!/fxglassets/ui/fonts/TerminalLandMono-Regular.otf
10:44:03.868 [FXGL Background Thread 4 ] DEBUG FXGLAssetLoaderServi - Loading from file system: jar:file:/C:/Users/ilias/.m2/repository/com/github/almasb/fxgl/17.1/fxgl-17.1.jar!/fxglassets/ui/fonts/Courier-Prime.ttf
10:44:03.889 [JavaFX Application Thread] DEBUG FXGLAssetLoaderServi - Loading from file system: jar:file:/C:/Users/ilias/.m2/repository/com/github/almasb/fxgl/17.1/fxgl-17.1.jar!/fxglassets/textures/fxgl_default_cursor.png
10:44:03.892 [JavaFX Application Thread] DEBUG Input                - Registered new binding: Screenshot - CTRL+8
10:44:03.894 [JavaFX Application Thread] DEBUG Input                - Registered new binding: System info dump - CTRL+9
10:44:03.894 [JavaFX Application Thread] DEBUG Input                - Registered new binding: Restart - CTRL+R
10:44:03.895 [JavaFX Application Thread] DEBUG Input                - Registered new binding: Toggle Debug Camera - CTRL+7
10:44:03.897 [JavaFX Application Thread] DEBUG LoopRunner           - Starting loop
10:44:03.897 [JavaFX Application Thread] DEBUG LoopRunner           - Initializing JavaFX AnimationTimerLoop
10:44:03.901 [JavaFX Application Thread] DEBUG GameApplicationServi - Starting new game
10:44:03.902 [JavaFX Application Thread] DEBUG Input                - Clearing active input actions
10:44:03.917 [JavaFX Application Thread] DEBUG GameApplicationServi - Removing overlay from FXGLStartupScene and adding to FXGLLoadingScene
10:44:03.917 [JavaFX Application Thread] DEBUG PrimaryStageWindow   - FXGLStartupScene -> FXGLLoadingScene
10:44:03.917 [JavaFX Application Thread] DEBUG GameApplicationServi - Clearing previous game
10:44:03.917 [JavaFX Application Thread] DEBUG GameScene            - Clearing game scene
10:44:03.917 [JavaFX Application Thread] DEBUG GameWorld            - Clearing game world
10:44:03.918 [JavaFX Application Thread] DEBUG PhysicsWorld         - Clearing physics world
10:44:03.920 [FXGL Background Thread 4 ] DEBUG FXGLApplication      - Initializing game
10:44:03.988 [FXGL Background Thread 4 ] WARN  TMXLevelLoader       - TiledMap generated from 1.8.4. Supported version: 1.4.2. Some features may not be parsed fully.
10:44:04.004 [FXGL Background Thread 4 ] DEBUG TMXLevelLoader       - Parsed TiledMap: file:/C:/Users/ilias/OneDrive/schoolhbo/leerjaar%201/ipose/newApp/demo/target/classes/assets/levels/terrain.tmx
10:44:04.006 [FXGL Background Thread 4 ] DEBUG TMXLevelLoader       - Creating tile layer entities
10:44:04.009 [FXGL Background Thread 4 ] DEBUG TilesetLoader        - Loading view for layer Tile Layer 1
10:44:04.012 [FXGL Background Thread 4 ] DEBUG TilesetLoader        - Created buffer with size 960.0x640.0
10:44:04.044 [FXGL Background Thread 4 ] DEBUG TilesetLoader        - Loading view for layer decorations
10:44:04.047 [FXGL Background Thread 4 ] DEBUG TilesetLoader        - Created buffer with size 960.0x640.0
10:44:04.049 [FXGL Background Thread 4 ] DEBUG TMXLevelLoader       - Creating object layer entities
10:44:04.080 [FXGL Background Thread 4 ] DEBUG GameWorld            - Clearing removable entities
10:44:04.081 [FXGL Background Thread 4 ] DEBUG GameWorld            - Setting level: com.almasb.fxgl.entity.level.Level@1f004e78
10:44:04.098 [FXGL Background Thread 4 ] DEBUG FXGLAssetLoaderServi - Loading from file system: file:/C:/Users/ilias/OneDrive/schoolhbo/leerjaar%201/ipose/newApp/demo/target/classes/assets/textures/idle.png
10:44:04.102 [FXGL Background Thread 4 ] DEBUG FXGLAssetLoaderServi - Loading from file system: file:/C:/Users/ilias/OneDrive/schoolhbo/leerjaar%201/ipose/newApp/demo/target/classes/assets/textures/run.png
10:44:04.104 [FXGL Background Thread 4 ] DEBUG FXGLAssetLoaderServi - Loading from file system: file:/C:/Users/ilias/OneDrive/schoolhbo/leerjaar%201/ipose/newApp/demo/target/classes/assets/textures/jump.png
10:44:04.104 [FXGL Background Thread 4 ] DEBUG FXGLAssetLoaderServi - Loading from file system: file:/C:/Users/ilias/OneDrive/schoolhbo/leerjaar%201/ipose/newApp/demo/target/classes/assets/textures/fall.png
10:44:04.115 [FXGL Background Thread 4 ] DEBUG FXGLAssetLoaderServi - Loading from file system: file:/C:/Users/ilias/OneDrive/schoolhbo/leerjaar%201/ipose/newApp/demo/target/classes/assets/textures/open.png
10:44:04.117 [FXGL Background Thread 4 ] DEBUG FXGLAssetLoaderServi - Loading from file system: file:/C:/Users/ilias/OneDrive/schoolhbo/leerjaar%201/ipose/newApp/demo/target/classes/assets/textures/close.png
10:44:04.118 [FXGL Background Thread 4 ] DEBUG FXGLAssetLoaderServi - Loading from file system: file:/C:/Users/ilias/OneDrive/schoolhbo/leerjaar%201/ipose/newApp/demo/target/classes/assets/textures/dooridle.png
10:44:04.121 [FXGL Background Thread 4 ] DEBUG FXGLAssetLoaderServi - Loading from file system: file:/C:/Users/ilias/OneDrive/schoolhbo/leerjaar%201/ipose/newApp/demo/target/classes/assets/textures/diamond.png
10:44:04.122 [FXGL Background Thread 4 ] DEBUG FXGLAssetLoaderServi - Loading from file system: file:/C:/Users/ilias/OneDrive/schoolhbo/leerjaar%201/ipose/newApp/demo/target/classes/assets/textures/collectdiamond.png
10:44:04.124 [FXGL Background Thread 4 ] INFO  FXGLApplication      - Game initialization took: 0.204 sec
10:44:04.131 [JavaFX Application Thread] DEBUG Input                - Clearing active input actions
10:44:04.139 [JavaFX Application Thread] DEBUG GameApplicationServi - Removing overlay from FXGLLoadingScene and adding to GameScene
10:44:04.139 [JavaFX Application Thread] DEBUG PrimaryStageWindow   - FXGLLoadingScene -> GameScene
10:44:06.777 [FXGL Background Thread 3 ] DEBUG Engine               - Logging environment variables
10:44:06.779 [FXGL Background Thread 3 ] DEBUG Engine               - achievements: []
10:44:06.779 [FXGL Background Thread 3 ] DEBUG Engine               - actualHeight: 640.0
10:44:06.780 [FXGL Background Thread 3 ] DEBUG Engine               - actualHeightProperty: ReadOnlyDoubleProperty [value: 640.0]
10:44:06.780 [FXGL Background Thread 3 ] DEBUG Engine               - actualWidth: 960.0
10:44:06.780 [FXGL Background Thread 3 ] DEBUG Engine               - actualWidthProperty: ReadOnlyDoubleProperty [value: 960.0]
10:44:06.780 [FXGL Background Thread 3 ] DEBUG Engine               - appIcon: fxgl_icon.png
10:44:06.780 [FXGL Background Thread 3 ] DEBUG Engine               - applicationMode: DEVELOPER
10:44:06.781 [FXGL Background Thread 3 ] DEBUG Engine               - cSSList: [fxgl_dark.css]
10:44:06.781 [FXGL Background Thread 3 ] DEBUG Engine               - collisionDetectionStrategy: BRUTE_FORCE
10:44:06.781 [FXGL Background Thread 3 ] DEBUG Engine               - configClass: Optional.empty
10:44:06.781 [FXGL Background Thread 3 ] DEBUG Engine               - credits: []
10:44:06.782 [FXGL Background Thread 3 ] DEBUG Engine               - defaultCursor: CursorInfo(imageName=fxgl_default_cursor.png, hotspotX=7.0, hotspotY=6.0)
10:44:06.782 [FXGL Background Thread 3 ] DEBUG Engine               - devBBoxColorProperty: ObjectProperty [value: 0xff0000ff]
10:44:06.783 [FXGL Background Thread 3 ] DEBUG Engine               - devEnableDebugCameraProperty: BooleanProperty [value: false]
10:44:06.783 [FXGL Background Thread 3 ] DEBUG Engine               - devSensorColorProperty: ObjectProperty [value: 0xffff00ff]
10:44:06.783 [FXGL Background Thread 3 ] DEBUG Engine               - devShowBBoxProperty: BooleanProperty [value: false]
10:44:06.783 [FXGL Background Thread 3 ] DEBUG Engine               - devShowPositionProperty: BooleanProperty [value: false]
10:44:06.783 [FXGL Background Thread 3 ] DEBUG Engine               - enabledMenuItems: []
10:44:06.784 [FXGL Background Thread 3 ] DEBUG Engine               - engineServices: [class com.almasb.fxgl.app.services.FXGLAssetLoaderService, class com.almasb.fxgl.app.FXGLApplication$GameApplicationService, class com.almasb.fxgl.app.services.FXGLDialogService, class com.almasb.fxgl.app.services.IOTaskExecutorService, class com.almasb.fxgl.io.FileSystemService, class com.almasb.fxgl.localization.LocalizationService, class com.almasb.fxgl.app.services.SystemBundleService, class com.almasb.fxgl.profile.SaveLoadService, class com.almasb.fxgl.ui.FXGLUIFactoryServiceProvider, class com.almasb.fxgl.ui.FXGLDialogFactoryServiceProvider, class com.almasb.fxgl.audio.AudioPlayer, class com.almasb.fxgl.notification.impl.NotificationServiceProvider, class com.almasb.fxgl.achievement.AchievementService, class com.almasb.fxgl.cutscene.CutsceneService, class com.almasb.fxgl.minigames.MiniGameService, class com.almasb.fxgl.net.NetService, class com.almasb.fxgl.app.services.UpdaterService, class com.almasb.fxgl.dev.DevService]
10:44:06.784 [FXGL Background Thread 3 ] DEBUG Engine               - fontGame: Abel-Regular.ttf
10:44:06.784 [FXGL Background Thread 3 ] DEBUG Engine               - fontMono: TerminalLandMono-Regular.otf
10:44:06.784 [FXGL Background Thread 3 ] DEBUG Engine               - fontText: Courier-Prime.ttf
10:44:06.784 [FXGL Background Thread 3 ] DEBUG Engine               - fontUI: VarelaRound-Regular.ttf
10:44:06.784 [FXGL Background Thread 3 ] DEBUG Engine               - fullScreen: BooleanProperty [value: false]
10:44:06.784 [FXGL Background Thread 3 ] DEBUG Engine               - gameDifficulty: MEDIUM
10:44:06.785 [FXGL Background Thread 3 ] DEBUG Engine               - gameDifficultyProperty: ObjectProperty [value: MEDIUM]
10:44:06.785 [FXGL Background Thread 3 ] DEBUG Engine               - globalMusicVolume: 0.5
10:44:06.785 [FXGL Background Thread 3 ] DEBUG Engine               - globalMusicVolumeProperty: DoubleProperty [value: 0.5]
10:44:06.785 [FXGL Background Thread 3 ] DEBUG Engine               - globalSoundVolume: 0.5
10:44:06.785 [FXGL Background Thread 3 ] DEBUG Engine               - globalSoundVolumeProperty: DoubleProperty [value: 0.5]
10:44:06.785 [FXGL Background Thread 3 ] DEBUG Engine               - height: 640
10:44:06.786 [FXGL Background Thread 3 ] DEBUG Engine               - is3D: false
10:44:06.786 [FXGL Background Thread 3 ] DEBUG Engine               - isAndroid: false
10:44:06.786 [FXGL Background Thread 3 ] DEBUG Engine               - isBrowser: false
10:44:06.786 [FXGL Background Thread 3 ] DEBUG Engine               - isClickFeedbackEnabled: false
10:44:06.786 [FXGL Background Thread 3 ] DEBUG Engine               - isCloseConfirmation: false
10:44:06.786 [FXGL Background Thread 3 ] DEBUG Engine               - isDesktop: true
10:44:06.786 [FXGL Background Thread 3 ] DEBUG Engine               - isDeveloperMenuEnabled: false
10:44:06.786 [FXGL Background Thread 3 ] DEBUG Engine               - isEmbedded: false
10:44:06.786 [FXGL Background Thread 3 ] DEBUG Engine               - isEntityPreloadEnabled: true
10:44:06.787 [FXGL Background Thread 3 ] DEBUG Engine               - isExperimentalTiledLargeMap: false
10:44:06.787 [FXGL Background Thread 3 ] DEBUG Engine               - isFileSystemWriteAllowed: true
10:44:06.787 [FXGL Background Thread 3 ] DEBUG Engine               - isFullScreenAllowed: false
10:44:06.787 [FXGL Background Thread 3 ] DEBUG Engine               - isFullScreenFromStart: false
10:44:06.787 [FXGL Background Thread 3 ] DEBUG Engine               - isGameMenuEnabled: true
10:44:06.787 [FXGL Background Thread 3 ] DEBUG Engine               - isIOS: false
10:44:06.787 [FXGL Background Thread 3 ] DEBUG Engine               - isIntroEnabled: false
10:44:06.787 [FXGL Background Thread 3 ] DEBUG Engine               - isLinux: false
10:44:06.787 [FXGL Background Thread 3 ] DEBUG Engine               - isMac: false
10:44:06.787 [FXGL Background Thread 3 ] DEBUG Engine               - isMainMenuEnabled: false
10:44:06.787 [FXGL Background Thread 3 ] DEBUG Engine               - isManualResizeEnabled: false
10:44:06.787 [FXGL Background Thread 3 ] DEBUG Engine               - isMobile: false
10:44:06.788 [FXGL Background Thread 3 ] DEBUG Engine               - isNative: false
10:44:06.788 [FXGL Background Thread 3 ] DEBUG Engine               - isPauseMusicWhenMinimized: true
10:44:06.788 [FXGL Background Thread 3 ] DEBUG Engine               - isPreserveResizeRatio: false
10:44:06.788 [FXGL Background Thread 3 ] DEBUG Engine               - isProfilingEnabled: false
10:44:06.788 [FXGL Background Thread 3 ] DEBUG Engine               - isScaleAffectedOnResize: true
10:44:06.788 [FXGL Background Thread 3 ] DEBUG Engine               - isSingleStep: false
10:44:06.788 [FXGL Background Thread 3 ] DEBUG Engine               - isUserProfileEnabled: false
10:44:06.788 [FXGL Background Thread 3 ] DEBUG Engine               - isWindows: true
10:44:06.788 [FXGL Background Thread 3 ] DEBUG Engine               - language: ObjectProperty [value: ENGLISH]
10:44:06.788 [FXGL Background Thread 3 ] DEBUG Engine               - menuKey: ESCAPE
10:44:06.789 [FXGL Background Thread 3 ] DEBUG Engine               - mouseSensitivity: 0.2
10:44:06.789 [FXGL Background Thread 3 ] DEBUG Engine               - notificationViewClass: class com.almasb.fxgl.notification.view.XboxNotificationView
10:44:06.789 [FXGL Background Thread 3 ] DEBUG Engine               - pixelsPerMeter: 50.0
10:44:06.789 [FXGL Background Thread 3 ] DEBUG Engine               - platform: WINDOWS
10:44:06.789 [FXGL Background Thread 3 ] DEBUG Engine               - prefHeightProperty: ReadOnlyDoubleProperty [value: 640.0]
10:44:06.789 [FXGL Background Thread 3 ] DEBUG Engine               - prefWidthProperty: ReadOnlyDoubleProperty [value: 960.0]
10:44:06.789 [FXGL Background Thread 3 ] DEBUG Engine               - profileDir: profiles/
10:44:06.789 [FXGL Background Thread 3 ] DEBUG Engine               - profileName: StringProperty [value: DEFAULT]
10:44:06.790 [FXGL Background Thread 3 ] DEBUG Engine               - randomSeed: -1
10:44:06.790 [FXGL Background Thread 3 ] DEBUG Engine               - runtimeInfo: RuntimeInfo(platform=WINDOWS, version=17.1, build=24.03.2022 17.34)
10:44:06.790 [FXGL Background Thread 3 ] DEBUG Engine               - saveFileExt: sav
10:44:06.790 [FXGL Background Thread 3 ] DEBUG Engine               - scaledHeightProp$fxgl: DoubleProperty [bound, value: 640.0]
10:44:06.791 [FXGL Background Thread 3 ] DEBUG Engine               - scaledWidthProp$fxgl: DoubleProperty [bound, value: 960.0]
10:44:06.791 [FXGL Background Thread 3 ] DEBUG Engine               - sceneFactory: com.almasb.fxgl.app.scene.SceneFactory@19ebc174
10:44:06.791 [FXGL Background Thread 3 ] DEBUG Engine               - secondsIn24h: 60
10:44:06.791 [FXGL Background Thread 3 ] DEBUG Engine               - soundMenuBack: menu/back.wav
10:44:06.791 [FXGL Background Thread 3 ] DEBUG Engine               - soundMenuPress: menu/press.wav
10:44:06.791 [FXGL Background Thread 3 ] DEBUG Engine               - soundMenuSelect: menu/select.wav
10:44:06.791 [FXGL Background Thread 3 ] DEBUG Engine               - soundNotification: core/notification.wav
10:44:06.791 [FXGL Background Thread 3 ] DEBUG Engine               - stageStyle: DECORATED
10:44:06.791 [FXGL Background Thread 3 ] DEBUG Engine               - supportedLanguages: [ENGLISH, FRENCH, GERMAN, HUNGARIAN, RUSSIAN]
10:44:06.792 [FXGL Background Thread 3 ] DEBUG Engine               - ticksPerSecond: -1
10:44:06.792 [FXGL Background Thread 3 ] DEBUG Engine               - title: Kings and Pigs
10:44:06.792 [FXGL Background Thread 3 ] DEBUG Engine               - urlGithub: https://github.com/AlmasB/FXGL
10:44:06.792 [FXGL Background Thread 3 ] DEBUG Engine               - urlLeaderboard: http://fxgl-top.herokuapp.com/
10:44:06.792 [FXGL Background Thread 3 ] DEBUG Engine               - urlPOM: https://raw.githubusercontent.com/AlmasB/FXGL/release/README.md
10:44:06.792 [FXGL Background Thread 3 ] DEBUG Engine               - userAppClass: class com.example.App
10:44:06.792 [FXGL Background Thread 3 ] DEBUG Engine               - version: 0.1
10:44:06.792 [FXGL Background Thread 3 ] DEBUG Engine               - versionCheckDays: 7
10:44:06.792 [FXGL Background Thread 3 ] DEBUG Engine               - width: 960
10:44:06.792 [FXGL Background Thread 3 ] DEBUG Engine               - Logging services
10:44:06.792 [FXGL Background Thread 3 ] DEBUG Engine               - class com.almasb.fxgl.app.services.FXGLAssetLoaderService
10:44:06.792 [FXGL Background Thread 3 ] DEBUG Engine               - class com.almasb.fxgl.app.FXGLApplication$GameApplicationService
10:44:06.792 [FXGL Background Thread 3 ] DEBUG Engine               - class com.almasb.fxgl.app.services.FXGLDialogService
10:44:06.792 [FXGL Background Thread 3 ] DEBUG Engine               - class com.almasb.fxgl.app.services.IOTaskExecutorService
10:44:06.793 [FXGL Background Thread 3 ] DEBUG Engine               - class com.almasb.fxgl.io.FileSystemService
10:44:06.793 [FXGL Background Thread 3 ] DEBUG Engine               - class com.almasb.fxgl.localization.LocalizationService
10:44:06.793 [FXGL Background Thread 3 ] DEBUG Engine               - class com.almasb.fxgl.app.services.SystemBundleService
10:44:06.793 [FXGL Background Thread 3 ] DEBUG Engine               - class com.almasb.fxgl.profile.SaveLoadService
10:44:06.793 [FXGL Background Thread 3 ] DEBUG Engine               - class com.almasb.fxgl.ui.FXGLUIFactoryServiceProvider
10:44:06.793 [FXGL Background Thread 3 ] DEBUG Engine               - class com.almasb.fxgl.ui.FXGLDialogFactoryServiceProvider
10:44:06.793 [FXGL Background Thread 3 ] DEBUG Engine               - class com.almasb.fxgl.audio.AudioPlayer
10:44:06.793 [FXGL Background Thread 3 ] DEBUG Engine               - class com.almasb.fxgl.notification.impl.NotificationServiceProvider
10:44:06.793 [FXGL Background Thread 3 ] DEBUG Engine               - class com.almasb.fxgl.achievement.AchievementService
10:44:06.793 [FXGL Background Thread 3 ] DEBUG Engine               - class com.almasb.fxgl.cutscene.CutsceneService
10:44:06.793 [FXGL Background Thread 3 ] DEBUG Engine               - class com.almasb.fxgl.minigames.MiniGameService
10:44:06.793 [FXGL Background Thread 3 ] DEBUG Engine               - class com.almasb.fxgl.net.NetService
10:44:06.793 [FXGL Background Thread 3 ] DEBUG Engine               - class com.almasb.fxgl.app.services.UpdaterService
10:44:06.793 [FXGL Background Thread 3 ] DEBUG Engine               - class com.almasb.fxgl.dev.DevService
10:48:28.531 [JavaFX Application Thread] DEBUG FXGLApplication      - Exiting FXGL
10:48:28.531 [JavaFX Application Thread] DEBUG LoopRunner           - Stopping loop
10:48:28.531 [JavaFX Application Thread] DEBUG SystemBundleService  - Saving FXGL system data
10:48:28.538 [JavaFX Application Thread] DEBUG FileSystemAccess     - Writing to: C:\Users\ilias\OneDrive\schoolhbo\leerjaar 1\ipose\newApp\demo\system\fxgl.bundle
10:48:28.540 [JavaFX Application Thread] DEBUG Async                - Shutting down background threads
10:48:28.540 [JavaFX Application Thread] DEBUG PrimaryStageWindow   - Closing main window
10:48:28.559 [JavaFX Application Thread] DEBUG Logger               - Closing Logger
