11:22:26.552 [main                     ] DEBUG Logger               - Configured Logger
11:22:26.590 [main                     ] DEBUG GameApplication      - Logging settings
Title: Kings and Pigs
Version: 0.1
Width: 960
Height: 640
Fullscreen: false
Intro: false
Profiling: false
Single step:false
App Mode: DEVELOPER
Menu Key: ESCAPE
Stage Style: DECORATED
Scene Factory: class com.almasb.fxgl.app.scene.SceneFactory

11:22:27.061 [JavaFX Application Thread] DEBUG FXGLApplication      - Initializing FXGL
11:22:27.072 [JavaFX Application Thread] INFO  Engine               - FXGL-17.1 (24.03.2022 17.34) on WINDOWS (J:18 FX:18)
11:22:27.073 [JavaFX Application Thread] DEBUG Engine               - JRE Vendor Name: Oracle Corporation
11:22:27.073 [JavaFX Application Thread] DEBUG Engine               - Running on OS: Windows 11 version 10.0
11:22:27.073 [JavaFX Application Thread] DEBUG Engine               - Architecture: amd64
11:22:27.073 [JavaFX Application Thread] INFO  Engine               - Source code and latest versions at: https://github.com/AlmasB/FXGL
11:22:27.074 [JavaFX Application Thread] INFO  Engine               -       Ask questions and discuss at: https://github.com/AlmasB/FXGL/discussions
11:22:27.074 [JavaFX Application Thread] INFO  Engine               -              Join the FXGL chat at: https://gitter.im/AlmasB/FXGL
11:22:27.210 [JavaFX Application Thread] DEBUG PrimaryStageWindow   - Creating a JavaFX scene
11:22:27.265 [JavaFX Application Thread] DEBUG PrimaryStageWindow   - Target settings size: 960.0 x 640.0
11:22:27.265 [JavaFX Application Thread] DEBUG PrimaryStageWindow   - Scaled scene size:    960.0 x 640.0
11:22:27.265 [JavaFX Application Thread] DEBUG PrimaryStageWindow   - Scaled ratio: (1.0, 1.0)
11:22:27.269 [JavaFX Application Thread] DEBUG PrimaryStageWindow   - Set initial scene to FXGLStartupScene
11:22:27.279 [JavaFX Application Thread] DEBUG PrimaryStageWindow   - Opening main window
11:22:27.384 [JavaFX Application Thread] DEBUG PrimaryStageWindow   - Window border size: (12.79998779296875, 35.20001220703125)
11:22:27.385 [JavaFX Application Thread] DEBUG PrimaryStageWindow   - Scaled size: 960.0 x 640.0
11:22:27.385 [JavaFX Application Thread] DEBUG PrimaryStageWindow   - Scaled ratio: (1.0, 1.0)
11:22:27.386 [JavaFX Application Thread] DEBUG PrimaryStageWindow   - Scene size: 960.0 x 640.0
11:22:27.386 [JavaFX Application Thread] DEBUG PrimaryStageWindow   - Stage size: 972.7999877929688 x 675.2000122070312
11:22:27.396 [FXGL Background Thread 1 ] DEBUG Engine               - Initializing environment variables
11:22:27.474 [FXGL Background Thread 1 ] DEBUG FXGLAssetLoaderServi - User app class for loading assets: class com.example.App
11:22:27.474 [FXGL Background Thread 1 ] DEBUG GameApplicationServi - Applying CSS: fxgl_dark.css
11:22:27.477 [FXGL Background Thread 1 ] DEBUG FXGLAssetLoaderServi - Loading from file system: jar:file:/C:/Users/jeffr/.m2/repository/com/github/almasb/fxgl/17.1/fxgl-17.1.jar!/fxglassets/ui/css/fxgl_dark.css
11:22:27.554 [FXGL Background Thread 1 ] DEBUG GameApplicationServi - Initializing application scenes
11:22:27.652 [FXGL Background Thread 1 ] DEBUG GameWorld            - Game world initialized
11:22:27.740 [FXGL Background Thread 1 ] DEBUG PhysicsWorld         - Physics world initialized: appHeight=640, physics.ppm=50.0
11:22:27.740 [FXGL Background Thread 1 ] DEBUG PhysicsWorld         - Using strategy: BRUTE_FORCE
11:22:27.746 [FXGL Background Thread 1 ] DEBUG GameScene            - Game scene initialized: 960x640
11:22:27.763 [FXGL Background Thread 1 ] DEBUG FXGL.DefaultMenu     - createMenuBodyGameMenu()
11:22:27.781 [FXGL Background Thread 1 ] DEBUG FXGL.DefaultMenu     - createOptionsMenu()
11:22:27.796 [FXGL Background Thread 1 ] DEBUG FXGLAssetLoaderServi - Loading from file system: jar:file:/C:/Users/jeffr/.m2/repository/com/github/almasb/fxgl/17.1/fxgl-17.1.jar!/fxglassets/textures/particles/smoke.png
11:22:27.936 [FXGL Background Thread 1 ] DEBUG FXGLAssetLoaderServi - Loading from file system: jar:file:/C:/Users/jeffr/.m2/repository/com/github/almasb/fxgl/17.1/fxgl-17.1.jar!/fxglassets/textures/particles/trace_horizontal.png
11:22:27.972 [FXGL Background Thread 1 ] DEBUG GameApplicationServi - Application scenes initialized
11:22:27.995 [FXGL Background Thread 1 ] DEBUG SystemBundleService  - Loading FXGL system data
11:22:28.004 [FXGL Background Thread 1 ] DEBUG FileSystemAccess     - Reading from: C:\Users\jeffr\Documents\java\demo\system\fxgl.bundle
11:22:28.013 [FXGL Background Thread 1 ] DEBUG SystemBundleService  - Bundle FXGL: {}
11:22:28.013 [FXGL Background Thread 1 ] DEBUG UpdaterService       - Checking for updates
11:22:28.017 [FXGL Background Thread 4 ] DEBUG FXGLApplication      - Loading fonts
11:22:28.018 [FXGL Background Thread 1 ] DEBUG FXGLApplication      - Loading default localization
11:22:28.018 [FXGL Background Thread 4 ] DEBUG FXGLAssetLoaderServi - Loading from file system: jar:file:/C:/Users/jeffr/.m2/repository/com/github/almasb/fxgl/17.1/fxgl-17.1.jar!/fxglassets/ui/fonts/VarelaRound-Regular.ttf
11:22:28.022 [FXGL Background Thread 1 ] DEBUG FXGLAssetLoaderServi - Loading from file system: jar:file:/C:/Users/jeffr/.m2/repository/com/github/almasb/fxgl/17.1/fxgl-17.1.jar!/fxglassets/languages/english.lang
11:22:28.096 [FXGL Background Thread 1 ] INFO  FXGLApplication      - FXGL initialization took: 0.701 sec
11:22:28.098 [FXGL Background Thread 4 ] DEBUG FXGLAssetLoaderServi - Loading from file system: jar:file:/C:/Users/jeffr/.m2/repository/com/github/almasb/fxgl/17.1/fxgl-17.1.jar!/fxglassets/ui/fonts/Abel-Regular.ttf
11:22:28.102 [FXGL Background Thread 4 ] DEBUG FXGLAssetLoaderServi - Loading from file system: jar:file:/C:/Users/jeffr/.m2/repository/com/github/almasb/fxgl/17.1/fxgl-17.1.jar!/fxglassets/ui/fonts/TerminalLandMono-Regular.otf
11:22:28.107 [FXGL Background Thread 4 ] DEBUG FXGLAssetLoaderServi - Loading from file system: jar:file:/C:/Users/jeffr/.m2/repository/com/github/almasb/fxgl/17.1/fxgl-17.1.jar!/fxglassets/ui/fonts/Courier-Prime.ttf
11:22:28.119 [JavaFX Application Thread] DEBUG Input                - Registered new binding: Left - A
11:22:28.120 [JavaFX Application Thread] DEBUG Input                - Registered new binding: Right - D
11:22:28.120 [JavaFX Application Thread] DEBUG Input                - Registered new binding: Jump - W
11:22:28.120 [JavaFX Application Thread] DEBUG Input                - Registered new binding: enter - E
11:22:28.121 [JavaFX Application Thread] DEBUG FXGLAssetLoaderServi - Loading from file system: jar:file:/C:/Users/jeffr/.m2/repository/com/github/almasb/fxgl/17.1/fxgl-17.1.jar!/fxglassets/textures/fxgl_icon.png
11:22:28.153 [JavaFX Application Thread] DEBUG FXGLAssetLoaderServi - Loading from file system: jar:file:/C:/Users/jeffr/.m2/repository/com/github/almasb/fxgl/17.1/fxgl-17.1.jar!/fxglassets/textures/fxgl_default_cursor.png
11:22:28.165 [JavaFX Application Thread] DEBUG Input                - Registered new binding: Screenshot - CTRL+8
11:22:28.166 [JavaFX Application Thread] DEBUG Input                - Registered new binding: System info dump - CTRL+9
11:22:28.167 [JavaFX Application Thread] DEBUG Input                - Registered new binding: Restart - CTRL+R
11:22:28.170 [JavaFX Application Thread] DEBUG Input                - Registered new binding: Toggle Debug Camera - CTRL+7
11:22:28.180 [JavaFX Application Thread] DEBUG LoopRunner           - Starting loop
11:22:28.181 [JavaFX Application Thread] DEBUG LoopRunner           - Initializing JavaFX AnimationTimerLoop
11:22:28.185 [JavaFX Application Thread] DEBUG GameApplicationServi - Starting new game
11:22:28.186 [JavaFX Application Thread] DEBUG Input                - Clearing active input actions
11:22:28.205 [JavaFX Application Thread] DEBUG GameApplicationServi - Removing overlay from FXGLStartupScene and adding to FXGLLoadingScene
11:22:28.205 [JavaFX Application Thread] DEBUG PrimaryStageWindow   - FXGLStartupScene -> FXGLLoadingScene
11:22:28.205 [JavaFX Application Thread] DEBUG GameApplicationServi - Clearing previous game
11:22:28.205 [JavaFX Application Thread] DEBUG GameScene            - Clearing game scene
11:22:28.205 [JavaFX Application Thread] DEBUG GameWorld            - Clearing game world
11:22:28.206 [JavaFX Application Thread] DEBUG PhysicsWorld         - Clearing physics world
11:22:28.209 [JavaFX Application Thread] DEBUG FXGLApplication      - Registering font factories with UI factory
11:22:28.209 [FXGL Background Thread 4 ] DEBUG FXGLApplication      - Initializing game
11:22:28.284 [FXGL Background Thread 4 ] WARN  TMXLevelLoader       - TiledMap generated from 1.8.4. Supported version: 1.4.2. Some features may not be parsed fully.
11:22:28.307 [FXGL Background Thread 4 ] DEBUG TMXLevelLoader       - Parsed TiledMap: file:/C:/Users/jeffr/Documents/java/demo/target/classes/assets/levels/terrain.tmx
11:22:28.317 [FXGL Background Thread 4 ] DEBUG TMXLevelLoader       - Creating tile layer entities
11:22:28.322 [FXGL Background Thread 4 ] DEBUG TilesetLoader        - Loading view for layer Tile Layer 1
11:22:28.324 [FXGL Background Thread 4 ] DEBUG TilesetLoader        - Created buffer with size 960.0x640.0
11:22:28.355 [FXGL Background Thread 4 ] DEBUG TilesetLoader        - Loading view for layer decorations
11:22:28.357 [FXGL Background Thread 4 ] DEBUG TilesetLoader        - Created buffer with size 960.0x640.0
11:22:28.361 [FXGL Background Thread 4 ] DEBUG TMXLevelLoader       - Creating object layer entities
11:22:28.392 [FXGL Background Thread 4 ] DEBUG GameWorld            - Clearing removable entities
11:22:28.392 [FXGL Background Thread 4 ] DEBUG GameWorld            - Setting level: com.almasb.fxgl.entity.level.Level@7c6eeb83
11:22:28.412 [FXGL Background Thread 4 ] DEBUG FXGLAssetLoaderServi - Loading from file system: file:/C:/Users/jeffr/Documents/java/demo/target/classes/assets/textures/idle.png
11:22:28.416 [FXGL Background Thread 4 ] DEBUG FXGLAssetLoaderServi - Loading from file system: file:/C:/Users/jeffr/Documents/java/demo/target/classes/assets/textures/run.png
11:22:28.418 [FXGL Background Thread 4 ] DEBUG FXGLAssetLoaderServi - Loading from file system: file:/C:/Users/jeffr/Documents/java/demo/target/classes/assets/textures/jump.png
11:22:28.419 [FXGL Background Thread 4 ] DEBUG FXGLAssetLoaderServi - Loading from file system: file:/C:/Users/jeffr/Documents/java/demo/target/classes/assets/textures/fall.png
11:22:28.435 [FXGL Background Thread 4 ] DEBUG FXGLAssetLoaderServi - Loading from file system: file:/C:/Users/jeffr/Documents/java/demo/target/classes/assets/textures/open.png
11:22:28.437 [FXGL Background Thread 4 ] DEBUG FXGLAssetLoaderServi - Loading from file system: file:/C:/Users/jeffr/Documents/java/demo/target/classes/assets/textures/close.png
11:22:28.439 [FXGL Background Thread 4 ] DEBUG FXGLAssetLoaderServi - Loading from file system: file:/C:/Users/jeffr/Documents/java/demo/target/classes/assets/textures/dooridle.png
11:22:28.444 [FXGL Background Thread 4 ] DEBUG FXGLAssetLoaderServi - Loading from file system: file:/C:/Users/jeffr/Documents/java/demo/target/classes/assets/textures/diamond.png
11:22:28.445 [FXGL Background Thread 4 ] DEBUG FXGLAssetLoaderServi - Loading from file system: file:/C:/Users/jeffr/Documents/java/demo/target/classes/assets/textures/collectdiamond.png
11:22:28.448 [FXGL Background Thread 4 ] DEBUG FXGLAssetLoaderServi - Loading from file system: file:/C:/Users/jeffr/Documents/java/demo/target/classes/assets/textures/healthbar.png
11:22:28.449 [FXGL Background Thread 4 ] DEBUG FXGLAssetLoaderServi - Loading from file system: file:/C:/Users/jeffr/Documents/java/demo/target/classes/assets/textures/heartSmall.png
11:22:28.455 [FXGL Background Thread 4 ] INFO  FXGLApplication      - Game initialization took: 0.246 sec
11:22:28.457 [JavaFX Application Thread] DEBUG Input                - Clearing active input actions
11:22:28.473 [JavaFX Application Thread] DEBUG GameApplicationServi - Removing overlay from FXGLLoadingScene and adding to GameScene
11:22:28.473 [JavaFX Application Thread] DEBUG PrimaryStageWindow   - FXGLLoadingScene -> GameScene
11:22:31.017 [FXGL Background Thread 3 ] DEBUG Engine               - Logging environment variables
11:22:31.019 [FXGL Background Thread 3 ] DEBUG Engine               - achievements: []
11:22:31.019 [FXGL Background Thread 3 ] DEBUG Engine               - actualHeight: 640.0
11:22:31.020 [FXGL Background Thread 3 ] DEBUG Engine               - actualHeightProperty: ReadOnlyDoubleProperty [value: 640.0]
11:22:31.020 [FXGL Background Thread 3 ] DEBUG Engine               - actualWidth: 960.0
11:22:31.021 [FXGL Background Thread 3 ] DEBUG Engine               - actualWidthProperty: ReadOnlyDoubleProperty [value: 960.0]
11:22:31.021 [FXGL Background Thread 3 ] DEBUG Engine               - appIcon: fxgl_icon.png
11:22:31.021 [FXGL Background Thread 3 ] DEBUG Engine               - applicationMode: DEVELOPER
11:22:31.022 [FXGL Background Thread 3 ] DEBUG Engine               - cSSList: [fxgl_dark.css]
11:22:31.022 [FXGL Background Thread 3 ] DEBUG Engine               - collisionDetectionStrategy: BRUTE_FORCE
11:22:31.022 [FXGL Background Thread 3 ] DEBUG Engine               - configClass: Optional.empty
11:22:31.023 [FXGL Background Thread 3 ] DEBUG Engine               - credits: []
11:22:31.024 [FXGL Background Thread 3 ] DEBUG Engine               - defaultCursor: CursorInfo(imageName=fxgl_default_cursor.png, hotspotX=7.0, hotspotY=6.0)
11:22:31.025 [FXGL Background Thread 3 ] DEBUG Engine               - devBBoxColorProperty: ObjectProperty [value: 0xff0000ff]
11:22:31.025 [FXGL Background Thread 3 ] DEBUG Engine               - devEnableDebugCameraProperty: BooleanProperty [value: false]
11:22:31.025 [FXGL Background Thread 3 ] DEBUG Engine               - devSensorColorProperty: ObjectProperty [value: 0xffff00ff]
11:22:31.026 [FXGL Background Thread 3 ] DEBUG Engine               - devShowBBoxProperty: BooleanProperty [value: false]
11:22:31.026 [FXGL Background Thread 3 ] DEBUG Engine               - devShowPositionProperty: BooleanProperty [value: false]
11:22:31.026 [FXGL Background Thread 3 ] DEBUG Engine               - enabledMenuItems: []
11:22:31.026 [FXGL Background Thread 3 ] DEBUG Engine               - engineServices: [class com.almasb.fxgl.app.services.FXGLAssetLoaderService, class com.almasb.fxgl.app.FXGLApplication$GameApplicationService, class com.almasb.fxgl.app.services.FXGLDialogService, class com.almasb.fxgl.app.services.IOTaskExecutorService, class com.almasb.fxgl.io.FileSystemService, class com.almasb.fxgl.localization.LocalizationService, class com.almasb.fxgl.app.services.SystemBundleService, class com.almasb.fxgl.profile.SaveLoadService, class com.almasb.fxgl.ui.FXGLUIFactoryServiceProvider, class com.almasb.fxgl.ui.FXGLDialogFactoryServiceProvider, class com.almasb.fxgl.audio.AudioPlayer, class com.almasb.fxgl.notification.impl.NotificationServiceProvider, class com.almasb.fxgl.achievement.AchievementService, class com.almasb.fxgl.cutscene.CutsceneService, class com.almasb.fxgl.minigames.MiniGameService, class com.almasb.fxgl.net.NetService, class com.almasb.fxgl.app.services.UpdaterService, class com.almasb.fxgl.dev.DevService]
11:22:31.026 [FXGL Background Thread 3 ] DEBUG Engine               - fontGame: Abel-Regular.ttf
11:22:31.026 [FXGL Background Thread 3 ] DEBUG Engine               - fontMono: TerminalLandMono-Regular.otf
11:22:31.027 [FXGL Background Thread 3 ] DEBUG Engine               - fontText: Courier-Prime.ttf
11:22:31.027 [FXGL Background Thread 3 ] DEBUG Engine               - fontUI: VarelaRound-Regular.ttf
11:22:31.027 [FXGL Background Thread 3 ] DEBUG Engine               - fullScreen: BooleanProperty [value: false]
11:22:31.027 [FXGL Background Thread 3 ] DEBUG Engine               - gameDifficulty: MEDIUM
11:22:31.027 [FXGL Background Thread 3 ] DEBUG Engine               - gameDifficultyProperty: ObjectProperty [value: MEDIUM]
11:22:31.028 [FXGL Background Thread 3 ] DEBUG Engine               - globalMusicVolume: 0.5
11:22:31.028 [FXGL Background Thread 3 ] DEBUG Engine               - globalMusicVolumeProperty: DoubleProperty [value: 0.5]
11:22:31.028 [FXGL Background Thread 3 ] DEBUG Engine               - globalSoundVolume: 0.5
11:22:31.028 [FXGL Background Thread 3 ] DEBUG Engine               - globalSoundVolumeProperty: DoubleProperty [value: 0.5]
11:22:31.029 [FXGL Background Thread 3 ] DEBUG Engine               - height: 640
11:22:31.029 [FXGL Background Thread 3 ] DEBUG Engine               - is3D: false
11:22:31.029 [FXGL Background Thread 3 ] DEBUG Engine               - isAndroid: false
11:22:31.030 [FXGL Background Thread 3 ] DEBUG Engine               - isBrowser: false
11:22:31.030 [FXGL Background Thread 3 ] DEBUG Engine               - isClickFeedbackEnabled: false
11:22:31.030 [FXGL Background Thread 3 ] DEBUG Engine               - isCloseConfirmation: false
11:22:31.030 [FXGL Background Thread 3 ] DEBUG Engine               - isDesktop: true
11:22:31.031 [FXGL Background Thread 3 ] DEBUG Engine               - isDeveloperMenuEnabled: false
11:22:31.031 [FXGL Background Thread 3 ] DEBUG Engine               - isEmbedded: false
11:22:31.031 [FXGL Background Thread 3 ] DEBUG Engine               - isEntityPreloadEnabled: true
11:22:31.031 [FXGL Background Thread 3 ] DEBUG Engine               - isExperimentalTiledLargeMap: false
11:22:31.031 [FXGL Background Thread 3 ] DEBUG Engine               - isFileSystemWriteAllowed: true
11:22:31.032 [FXGL Background Thread 3 ] DEBUG Engine               - isFullScreenAllowed: false
11:22:31.032 [FXGL Background Thread 3 ] DEBUG Engine               - isFullScreenFromStart: false
11:22:31.032 [FXGL Background Thread 3 ] DEBUG Engine               - isGameMenuEnabled: true
11:22:31.032 [FXGL Background Thread 3 ] DEBUG Engine               - isIOS: false
11:22:31.032 [FXGL Background Thread 3 ] DEBUG Engine               - isIntroEnabled: false
11:22:31.032 [FXGL Background Thread 3 ] DEBUG Engine               - isLinux: false
11:22:31.033 [FXGL Background Thread 3 ] DEBUG Engine               - isMac: false
11:22:31.033 [FXGL Background Thread 3 ] DEBUG Engine               - isMainMenuEnabled: false
11:22:31.033 [FXGL Background Thread 3 ] DEBUG Engine               - isManualResizeEnabled: false
11:22:31.033 [FXGL Background Thread 3 ] DEBUG Engine               - isMobile: false
11:22:31.033 [FXGL Background Thread 3 ] DEBUG Engine               - isNative: false
11:22:31.033 [FXGL Background Thread 3 ] DEBUG Engine               - isPauseMusicWhenMinimized: true
11:22:31.033 [FXGL Background Thread 3 ] DEBUG Engine               - isPreserveResizeRatio: false
11:22:31.034 [FXGL Background Thread 3 ] DEBUG Engine               - isProfilingEnabled: false
11:22:31.034 [FXGL Background Thread 3 ] DEBUG Engine               - isScaleAffectedOnResize: true
11:22:31.034 [FXGL Background Thread 3 ] DEBUG Engine               - isSingleStep: false
11:22:31.034 [FXGL Background Thread 3 ] DEBUG Engine               - isUserProfileEnabled: false
11:22:31.034 [FXGL Background Thread 3 ] DEBUG Engine               - isWindows: true
11:22:31.034 [FXGL Background Thread 3 ] DEBUG Engine               - language: ObjectProperty [value: ENGLISH]
11:22:31.034 [FXGL Background Thread 3 ] DEBUG Engine               - menuKey: ESCAPE
11:22:31.035 [FXGL Background Thread 3 ] DEBUG Engine               - mouseSensitivity: 0.2
11:22:31.035 [FXGL Background Thread 3 ] DEBUG Engine               - notificationViewClass: class com.almasb.fxgl.notification.view.XboxNotificationView
11:22:31.035 [FXGL Background Thread 3 ] DEBUG Engine               - pixelsPerMeter: 50.0
11:22:31.035 [FXGL Background Thread 3 ] DEBUG Engine               - platform: WINDOWS
11:22:31.035 [FXGL Background Thread 3 ] DEBUG Engine               - prefHeightProperty: ReadOnlyDoubleProperty [value: 640.0]
11:22:31.035 [FXGL Background Thread 3 ] DEBUG Engine               - prefWidthProperty: ReadOnlyDoubleProperty [value: 960.0]
11:22:31.036 [FXGL Background Thread 3 ] DEBUG Engine               - profileDir: profiles/
11:22:31.036 [FXGL Background Thread 3 ] DEBUG Engine               - profileName: StringProperty [value: DEFAULT]
11:22:31.036 [FXGL Background Thread 3 ] DEBUG Engine               - randomSeed: -1
11:22:31.038 [FXGL Background Thread 3 ] DEBUG Engine               - runtimeInfo: RuntimeInfo(platform=WINDOWS, version=17.1, build=24.03.2022 17.34)
11:22:31.039 [FXGL Background Thread 3 ] DEBUG Engine               - saveFileExt: sav
11:22:31.039 [FXGL Background Thread 3 ] DEBUG Engine               - scaledHeightProp$fxgl: DoubleProperty [bound, value: 640.0]
11:22:31.039 [FXGL Background Thread 3 ] DEBUG Engine               - scaledWidthProp$fxgl: DoubleProperty [bound, value: 960.0]
11:22:31.039 [FXGL Background Thread 3 ] DEBUG Engine               - sceneFactory: com.almasb.fxgl.app.scene.SceneFactory@c00785b
11:22:31.040 [FXGL Background Thread 3 ] DEBUG Engine               - secondsIn24h: 60
11:22:31.040 [FXGL Background Thread 3 ] DEBUG Engine               - soundMenuBack: menu/back.wav
11:22:31.040 [FXGL Background Thread 3 ] DEBUG Engine               - soundMenuPress: menu/press.wav
11:22:31.040 [FXGL Background Thread 3 ] DEBUG Engine               - soundMenuSelect: menu/select.wav
11:22:31.040 [FXGL Background Thread 3 ] DEBUG Engine               - soundNotification: core/notification.wav
11:22:31.040 [FXGL Background Thread 3 ] DEBUG Engine               - stageStyle: DECORATED
11:22:31.041 [FXGL Background Thread 3 ] DEBUG Engine               - supportedLanguages: [ENGLISH, FRENCH, GERMAN, HUNGARIAN, RUSSIAN]
11:22:31.041 [FXGL Background Thread 3 ] DEBUG Engine               - ticksPerSecond: -1
11:22:31.041 [FXGL Background Thread 3 ] DEBUG Engine               - title: Kings and Pigs
11:22:31.041 [FXGL Background Thread 3 ] DEBUG Engine               - urlGithub: https://github.com/AlmasB/FXGL
11:22:31.041 [FXGL Background Thread 3 ] DEBUG Engine               - urlLeaderboard: http://fxgl-top.herokuapp.com/
11:22:31.041 [FXGL Background Thread 3 ] DEBUG Engine               - urlPOM: https://raw.githubusercontent.com/AlmasB/FXGL/release/README.md
11:22:31.042 [FXGL Background Thread 3 ] DEBUG Engine               - userAppClass: class com.example.App
11:22:31.042 [FXGL Background Thread 3 ] DEBUG Engine               - version: 0.1
11:22:31.042 [FXGL Background Thread 3 ] DEBUG Engine               - versionCheckDays: 7
11:22:31.042 [FXGL Background Thread 3 ] DEBUG Engine               - width: 960
11:22:31.042 [FXGL Background Thread 3 ] DEBUG Engine               - Logging services
11:22:31.042 [FXGL Background Thread 3 ] DEBUG Engine               - class com.almasb.fxgl.app.services.FXGLAssetLoaderService
11:22:31.042 [FXGL Background Thread 3 ] DEBUG Engine               - class com.almasb.fxgl.app.FXGLApplication$GameApplicationService
11:22:31.043 [FXGL Background Thread 3 ] DEBUG Engine               - class com.almasb.fxgl.app.services.FXGLDialogService
11:22:31.043 [FXGL Background Thread 3 ] DEBUG Engine               - class com.almasb.fxgl.app.services.IOTaskExecutorService
11:22:31.043 [FXGL Background Thread 3 ] DEBUG Engine               - class com.almasb.fxgl.io.FileSystemService
11:22:31.043 [FXGL Background Thread 3 ] DEBUG Engine               - class com.almasb.fxgl.localization.LocalizationService
11:22:31.043 [FXGL Background Thread 3 ] DEBUG Engine               - class com.almasb.fxgl.app.services.SystemBundleService
11:22:31.043 [FXGL Background Thread 3 ] DEBUG Engine               - class com.almasb.fxgl.profile.SaveLoadService
11:22:31.043 [FXGL Background Thread 3 ] DEBUG Engine               - class com.almasb.fxgl.ui.FXGLUIFactoryServiceProvider
11:22:31.043 [FXGL Background Thread 3 ] DEBUG Engine               - class com.almasb.fxgl.ui.FXGLDialogFactoryServiceProvider
11:22:31.044 [FXGL Background Thread 3 ] DEBUG Engine               - class com.almasb.fxgl.audio.AudioPlayer
11:22:31.044 [FXGL Background Thread 3 ] DEBUG Engine               - class com.almasb.fxgl.notification.impl.NotificationServiceProvider
11:22:31.044 [FXGL Background Thread 3 ] DEBUG Engine               - class com.almasb.fxgl.achievement.AchievementService
11:22:31.044 [FXGL Background Thread 3 ] DEBUG Engine               - class com.almasb.fxgl.cutscene.CutsceneService
11:22:31.044 [FXGL Background Thread 3 ] DEBUG Engine               - class com.almasb.fxgl.minigames.MiniGameService
11:22:31.044 [FXGL Background Thread 3 ] DEBUG Engine               - class com.almasb.fxgl.net.NetService
11:22:31.044 [FXGL Background Thread 3 ] DEBUG Engine               - class com.almasb.fxgl.app.services.UpdaterService
11:22:31.044 [FXGL Background Thread 3 ] DEBUG Engine               - class com.almasb.fxgl.dev.DevService
11:22:42.787 [JavaFX Application Thread] DEBUG FXGLApplication      - Exiting FXGL
11:22:42.788 [JavaFX Application Thread] DEBUG LoopRunner           - Stopping loop
11:22:42.788 [JavaFX Application Thread] DEBUG SystemBundleService  - Saving FXGL system data
11:22:42.793 [JavaFX Application Thread] DEBUG FileSystemAccess     - Writing to: C:\Users\jeffr\Documents\java\demo\system\fxgl.bundle
11:22:42.799 [JavaFX Application Thread] DEBUG Async                - Shutting down background threads
11:22:42.799 [JavaFX Application Thread] DEBUG PrimaryStageWindow   - Closing main window
11:22:42.845 [JavaFX Application Thread] DEBUG Logger               - Closing Logger
