09:53:59.054 [main                     ] DEBUG GameApplication      - Logger initialized
09:53:59.064 [main                     ] DEBUG GameApplication      - Logging settings
Title: Kings and Pigs
Version: 0.1
Width: 960
Height: 640
Fullscreen: false
Intro: false
Menus: false
Profiling: false
Single step:false
App Mode: DEVELOPER
Menu Key: ESCAPE
Stage Style: DECORATED
Scene Factory: class com.almasb.fxgl.app.scene.SceneFactory

09:53:59.627 [JavaFX Application Thread] DEBUG GameApplication      - Initializing FXGL
09:53:59.643 [JavaFX Application Thread] INFO  Engine               - FXGL-11.8 (08.03.2020 09.09) on WINDOWS (J:18 FX:13.0.2)
09:53:59.644 [JavaFX Application Thread] INFO  Engine               - Source code and latest versions at: https://github.com/AlmasB/FXGL
09:53:59.645 [JavaFX Application Thread] INFO  Engine               -              Join the FXGL chat at: https://gitter.im/AlmasB/FXGL
09:53:59.800 [JavaFX Application Thread] DEBUG MainWindow           - Creating a JavaFX scene
09:53:59.868 [JavaFX Application Thread] DEBUG MainWindow           - Target settings size: 960.0 x 640.0
09:53:59.868 [JavaFX Application Thread] DEBUG MainWindow           - Scaled scene size:    960.0 x 640.0
09:53:59.869 [JavaFX Application Thread] DEBUG MainWindow           - Scaled ratio: (1.0, 1.0)
09:53:59.873 [JavaFX Application Thread] DEBUG MainWindow           - Set initial scene to FXGLStartupScene
09:53:59.880 [JavaFX Application Thread] DEBUG MainWindow           - Opening main window
09:54:00.001 [JavaFX Application Thread] DEBUG MainWindow           - Window border size: (12.79998779296875, 35.20001220703125)
09:54:00.002 [JavaFX Application Thread] DEBUG MainWindow           - Scaled size: 960.0 x 640.0
09:54:00.002 [JavaFX Application Thread] DEBUG MainWindow           - Scaled ratio: (1.0, 1.0)
09:54:00.002 [JavaFX Application Thread] DEBUG MainWindow           - Scene size: 960.0 x 640.0
09:54:00.003 [JavaFX Application Thread] DEBUG MainWindow           - Stage size: 972.7999877929688 x 675.2000122070312
09:54:00.022 [FXGL Background Thread 1 ] DEBUG Engine               - Initializing environment variables
09:54:00.114 [FXGL Background Thread 1 ] DEBUG WindowService        - Applying CSS: fxgl_dark.css
09:54:00.117 [FXGL Background Thread 1 ] DEBUG AssetLoaderService   - Loading from file system: /assets/ui/css/fxgl_dark.css
09:54:00.219 [FXGL Background Thread 1 ] DEBUG WindowService        - Initializing application scenes
09:54:00.324 [FXGL Background Thread 1 ] DEBUG GameWorld            - Game world initialized
09:54:00.391 [FXGL Background Thread 1 ] DEBUG PhysicsWorld         - Physics world initialized: appHeight=640, physics.ppm=50.0
09:54:00.395 [FXGL Background Thread 1 ] DEBUG GameScene            - Game scene initialized: 960x640
09:54:00.404 [FXGL Background Thread 1 ] DEBUG Input                - Registered new binding: Resume - Esc
09:54:00.412 [FXGL Background Thread 1 ] DEBUG AssetLoaderService   - Loading from file system: /assets/textures/pause_menu_bg.png
09:54:00.474 [FXGL Background Thread 1 ] DEBUG Input                - Registered new binding: Pause - Esc
09:54:00.474 [FXGL Background Thread 1 ] DEBUG WindowService        - Application scenes initialized
09:54:00.484 [FXGL Background Thread 1 ] DEBUG SystemBundleService  - Loading FXGL system data
09:54:00.490 [FXGL Background Thread 1 ] DEBUG FileSystemAccess     - Reading from: C:\Users\jeffr\Documents\java\demo\system\fxgl.bundle
09:54:00.503 [FXGL Background Thread 1 ] DEBUG SystemBundleService  - Bundle FXGL: {}
09:54:00.503 [FXGL Background Thread 1 ] INFO  Engine               - FXGL initialization took: 0.463 sec
09:54:00.507 [FXGL Background Thread 1 ] DEBUG GameApplication      - Loading localizations
09:54:00.509 [FXGL Background Thread 1 ] DEBUG AssetLoaderService   - Loading from file system: /assets/properties/languages/english.properties
09:54:00.511 [FXGL Background Thread 1 ] DEBUG AssetLoaderService   - Loading from file system: /assets/properties/languages/french.properties
09:54:00.514 [FXGL Background Thread 1 ] DEBUG AssetLoaderService   - Loading from file system: /assets/properties/languages/german.properties
09:54:00.516 [FXGL Background Thread 1 ] DEBUG AssetLoaderService   - Loading from file system: /assets/properties/languages/hungarian.properties
09:54:00.519 [FXGL Background Thread 1 ] DEBUG AssetLoaderService   - Loading from file system: /assets/properties/languages/russian.properties
09:54:00.520 [FXGL Background Thread 1 ] DEBUG GameApplication      - Registering font factories with UI factory
09:54:00.520 [FXGL Background Thread 1 ] DEBUG AssetLoaderService   - Loading from file system: /assets/ui/fonts/VarelaRound-Regular.ttf
09:54:00.617 [FXGL Background Thread 1 ] DEBUG AssetLoaderService   - Loading from file system: /assets/ui/fonts/Abel-Regular.ttf
09:54:00.621 [FXGL Background Thread 1 ] DEBUG AssetLoaderService   - Loading from file system: /assets/ui/fonts/lucida_console.ttf
09:54:00.629 [FXGL Background Thread 1 ] DEBUG AssetLoaderService   - Loading from file system: /assets/ui/fonts/Courier-Prime.ttf
09:54:00.637 [JavaFX Application Thread] DEBUG Input                - Registered new binding: Right - D
09:54:00.637 [JavaFX Application Thread] DEBUG Input                - Registered new binding: Left - A
09:54:00.637 [JavaFX Application Thread] DEBUG AssetLoaderService   - Loading from file system: /assets/textures/fxgl_icon.png
09:54:00.687 [JavaFX Application Thread] DEBUG AssetLoaderService   - Loading from file system: /assets/ui/cursors/fxgl_default.png
09:54:00.700 [JavaFX Application Thread] DEBUG Input                - Registered new binding: Screenshot - P
09:54:00.702 [JavaFX Application Thread] DEBUG Input                - Registered new binding: System info dump - CTRL+9
09:54:00.703 [JavaFX Application Thread] DEBUG Input                - Registered new binding: Restart - CTRL+R
09:54:00.705 [JavaFX Application Thread] DEBUG LoopRunner           - Starting loop
09:54:00.724 [JavaFX Application Thread] DEBUG FXGLStartupScene     - STARTUP
09:54:00.724 [JavaFX Application Thread] DEBUG WindowService        - Starting new game
09:54:00.728 [JavaFX Application Thread] DEBUG Input                - Clearing active input actions
09:54:00.756 [JavaFX Application Thread] DEBUG WindowService        - Removing overlay from FXGLStartupScene and adding to FXGLLoadingScene
09:54:00.757 [JavaFX Application Thread] DEBUG MainWindow           - FXGLStartupScene -> FXGLLoadingScene
09:54:00.757 [JavaFX Application Thread] DEBUG WindowService        - Clearing previous game
09:54:00.757 [JavaFX Application Thread] DEBUG GameScene            - Clearing game scene
09:54:00.757 [JavaFX Application Thread] DEBUG GameWorld            - Clearing game world
09:54:00.758 [JavaFX Application Thread] DEBUG PhysicsWorld         - Clearing physics world
09:54:00.768 [FXGL Background Thread 1 ] DEBUG GameApplication      - Initializing game
09:54:00.871 [JavaFX Application Thread] DEBUG LoopRunner           - Stopping loop
09:54:03.506 [FXGL Background Thread 2 ] DEBUG Engine               - Logging environment variables
09:54:03.506 [FXGL Background Thread 2 ] DEBUG Engine               - achievements: []
09:54:03.506 [FXGL Background Thread 2 ] DEBUG Engine               - language: ObjectProperty [value: ENGLISH]
09:54:03.506 [FXGL Background Thread 2 ] DEBUG Engine               - isCloseConfirmation: false
09:54:03.506 [FXGL Background Thread 2 ] DEBUG Engine               - isProfilingEnabled: false
09:54:03.506 [FXGL Background Thread 2 ] DEBUG Engine               - soundNotification: core/notification.wav
09:54:03.507 [FXGL Background Thread 2 ] DEBUG Engine               - devShowBBoxProperty: BooleanProperty [value: false]
09:54:03.507 [FXGL Background Thread 2 ] DEBUG Engine               - pixelsPerMeter: 50.0
09:54:03.507 [FXGL Background Thread 2 ] DEBUG Engine               - appIcon: fxgl_icon.png
09:54:03.507 [FXGL Background Thread 2 ] DEBUG Engine               - soundMenuBack: menu/back.wav
09:54:03.507 [FXGL Background Thread 2 ] DEBUG Engine               - isFullScreenAllowed: false
09:54:03.507 [FXGL Background Thread 2 ] DEBUG Engine               - isIntroEnabled: false
09:54:03.507 [FXGL Background Thread 2 ] DEBUG Engine               - fontMono: lucida_console.ttf
09:54:03.507 [FXGL Background Thread 2 ] DEBUG Engine               - soundMenuSelect: menu/select.wav
09:54:03.507 [FXGL Background Thread 2 ] DEBUG Engine               - isWindows: true
09:54:03.508 [FXGL Background Thread 2 ] DEBUG Engine               - isMobile: false
09:54:03.508 [FXGL Background Thread 2 ] DEBUG Engine               - isUserProfileEnabled: false
09:54:03.508 [FXGL Background Thread 2 ] DEBUG Engine               - height: 640
09:54:03.508 [FXGL Background Thread 2 ] DEBUG Engine               - isExperimentalNative: false
09:54:03.508 [FXGL Background Thread 2 ] DEBUG Engine               - settings: Title: Kings and Pigs
Version: 0.1
Width: 960
Height: 640
Fullscreen: false
Intro: false
Menus: false
Profiling: false
Single step:false
App Mode: DEVELOPER
Menu Key: ESCAPE
Stage Style: DECORATED
Scene Factory: class com.almasb.fxgl.app.scene.SceneFactory

09:54:03.508 [FXGL Background Thread 2 ] DEBUG Engine               - isSingleStep: false
09:54:03.508 [FXGL Background Thread 2 ] DEBUG Engine               - cSSList: [fxgl_dark.css]
09:54:03.508 [FXGL Background Thread 2 ] DEBUG Engine               - fontGame: Abel-Regular.ttf
09:54:03.509 [FXGL Background Thread 2 ] DEBUG Engine               - menuKey: ESCAPE
09:54:03.509 [FXGL Background Thread 2 ] DEBUG Engine               - devShowPositionProperty: BooleanProperty [value: false]
09:54:03.509 [FXGL Background Thread 2 ] DEBUG Engine               - versionCheckDays: 7
09:54:03.509 [FXGL Background Thread 2 ] DEBUG Engine               - configClass: Optional.empty
09:54:03.509 [FXGL Background Thread 2 ] DEBUG Engine               - isFullScreenFromStart: false
09:54:03.509 [FXGL Background Thread 2 ] DEBUG Engine               - version: 0.1
09:54:03.509 [FXGL Background Thread 2 ] DEBUG Engine               - fullScreen: BooleanProperty [value: false]
09:54:03.510 [FXGL Background Thread 2 ] DEBUG Engine               - randomSeed: -1
09:54:03.510 [FXGL Background Thread 2 ] DEBUG Engine               - gameDifficultyProperty: ObjectProperty [value: MEDIUM]
09:54:03.510 [FXGL Background Thread 2 ] DEBUG Engine               - applicationMode: DEVELOPER
09:54:03.510 [FXGL Background Thread 2 ] DEBUG Engine               - isMac: false
09:54:03.510 [FXGL Background Thread 2 ] DEBUG Engine               - isMenuEnabled: false
09:54:03.510 [FXGL Background Thread 2 ] DEBUG Engine               - urlPOM: https://raw.githubusercontent.com/AlmasB/FXGL/master/pom.xml
09:54:03.510 [FXGL Background Thread 2 ] DEBUG Engine               - profileName: StringProperty [value: DEFAULT]
09:54:03.510 [FXGL Background Thread 2 ] DEBUG Engine               - notificationViewClass: class com.almasb.fxgl.notification.view.XboxNotificationView
09:54:03.510 [FXGL Background Thread 2 ] DEBUG Engine               - devSensorColorProperty: ObjectProperty [value: 0xffff00ff]
09:54:03.510 [FXGL Background Thread 2 ] DEBUG Engine               - sceneFactory: com.almasb.fxgl.app.scene.SceneFactory@139f5cdc
09:54:03.510 [FXGL Background Thread 2 ] DEBUG Engine               - stageStyle: DECORATED
09:54:03.510 [FXGL Background Thread 2 ] DEBUG Engine               - isManualResizeEnabled: false
09:54:03.511 [FXGL Background Thread 2 ] DEBUG Engine               - title: Kings and Pigs
09:54:03.511 [FXGL Background Thread 2 ] DEBUG Engine               - platform: WINDOWS
09:54:03.511 [FXGL Background Thread 2 ] DEBUG Engine               - devBBoxColorProperty: ObjectProperty [value: 0xff0000ff]
09:54:03.511 [FXGL Background Thread 2 ] DEBUG Engine               - gameDifficulty: MEDIUM
09:54:03.511 [FXGL Background Thread 2 ] DEBUG Engine               - isDesktop: true
09:54:03.511 [FXGL Background Thread 2 ] DEBUG Engine               - supportedLanguages: [ENGLISH, FRENCH, GERMAN, HUNGARIAN, RUSSIAN]
09:54:03.511 [FXGL Background Thread 2 ] DEBUG Engine               - credits: []
09:54:03.511 [FXGL Background Thread 2 ] DEBUG Engine               - globalMusicVolumeProperty: DoubleProperty [value: 0.5]
09:54:03.511 [FXGL Background Thread 2 ] DEBUG Engine               - isPreserveResizeRatio: false
09:54:03.511 [FXGL Background Thread 2 ] DEBUG Engine               - fontText: Courier-Prime.ttf
09:54:03.511 [FXGL Background Thread 2 ] DEBUG Engine               - isExperimentalTiledLargeMap: false
09:54:03.512 [FXGL Background Thread 2 ] DEBUG Engine               - secondsIn24h: 60
09:54:03.512 [FXGL Background Thread 2 ] DEBUG Engine               - runtimeInfo: RuntimeInfo(platform=WINDOWS, version=11.8, build=08.03.2020 09.09)
09:54:03.512 [FXGL Background Thread 2 ] DEBUG Engine               - isLinux: false
09:54:03.512 [FXGL Background Thread 2 ] DEBUG Engine               - soundMenuPress: menu/press.wav
09:54:03.512 [FXGL Background Thread 2 ] DEBUG Engine               - urlGithub: https://github.com/AlmasB/FXGL
09:54:03.512 [FXGL Background Thread 2 ] DEBUG Engine               - profileDir: profiles/
09:54:03.512 [FXGL Background Thread 2 ] DEBUG Engine               - isDeveloperMenuEnabled: false
09:54:03.512 [FXGL Background Thread 2 ] DEBUG Engine               - globalSoundVolumeProperty: DoubleProperty [value: 0.5]
09:54:03.512 [FXGL Background Thread 2 ] DEBUG Engine               - mainWindow: com.almasb.fxgl.app.MainWindow@17a0da77
09:54:03.512 [FXGL Background Thread 2 ] DEBUG Engine               - isBrowser: false
09:54:03.513 [FXGL Background Thread 2 ] DEBUG Engine               - globalSoundVolume: 0.5
09:54:03.513 [FXGL Background Thread 2 ] DEBUG Engine               - urlLeaderboard: http://fxgl-top.herokuapp.com/
09:54:03.513 [FXGL Background Thread 2 ] DEBUG Engine               - engineServices: [class com.almasb.fxgl.app.GameApplication$GameApplicationService, class com.almasb.fxgl.app.services.WindowService, class com.almasb.fxgl.app.services.FXGLDialogService, class com.almasb.fxgl.app.services.IOTaskExecutorService, class com.almasb.fxgl.event.EventBusService, class com.almasb.fxgl.io.FileSystemService, class com.almasb.fxgl.localization.LocalizationService, class com.almasb.fxgl.app.services.AssetLoaderService, class com.almasb.fxgl.app.services.SystemBundleService, class com.almasb.fxgl.profile.SaveLoadService, class com.almasb.fxgl.ui.FXGLUIFactoryServiceProvider, class com.almasb.fxgl.ui.FXGLDialogFactoryServiceProvider, class com.almasb.fxgl.audio.AudioPlayer, class com.almasb.fxgl.notification.impl.NotificationServiceProvider, class com.almasb.fxgl.achievement.AchievementService, class com.almasb.fxgl.cutscene.CutsceneService, class com.almasb.fxgl.minigames.MiniGameService, class com.almasb.fxgl.net.NetService, class com.almasb.fxgl.app.services.UpdaterService]
09:54:03.513 [FXGL Background Thread 2 ] DEBUG Engine               - globalMusicVolume: 0.5
09:54:03.514 [FXGL Background Thread 2 ] DEBUG Engine               - width: 960
09:54:03.514 [FXGL Background Thread 2 ] DEBUG Engine               - saveFileExt: sav
09:54:03.514 [FXGL Background Thread 2 ] DEBUG Engine               - isAndroid: false
09:54:03.514 [FXGL Background Thread 2 ] DEBUG Engine               - fontUI: VarelaRound-Regular.ttf
09:54:03.514 [FXGL Background Thread 2 ] DEBUG Engine               - enabledMenuItems: []
09:54:03.514 [FXGL Background Thread 2 ] DEBUG Engine               - isIOS: false
09:54:03.514 [FXGL Background Thread 2 ] DEBUG Engine               - Logging services
09:54:03.514 [FXGL Background Thread 2 ] DEBUG Engine               - class com.almasb.fxgl.app.GameApplication$GameApplicationService
09:54:03.514 [FXGL Background Thread 2 ] DEBUG Engine               - class com.almasb.fxgl.app.services.WindowService
09:54:03.514 [FXGL Background Thread 2 ] DEBUG Engine               - class com.almasb.fxgl.app.services.FXGLDialogService
09:54:03.514 [FXGL Background Thread 2 ] DEBUG Engine               - class com.almasb.fxgl.app.services.IOTaskExecutorService
09:54:03.514 [FXGL Background Thread 2 ] DEBUG Engine               - class com.almasb.fxgl.event.EventBusService
09:54:03.515 [FXGL Background Thread 2 ] DEBUG Engine               - class com.almasb.fxgl.io.FileSystemService
09:54:03.515 [FXGL Background Thread 2 ] DEBUG Engine               - class com.almasb.fxgl.localization.LocalizationService
09:54:03.515 [FXGL Background Thread 2 ] DEBUG Engine               - class com.almasb.fxgl.app.services.AssetLoaderService
09:54:03.515 [FXGL Background Thread 2 ] DEBUG Engine               - class com.almasb.fxgl.app.services.SystemBundleService
09:54:03.515 [FXGL Background Thread 2 ] DEBUG Engine               - class com.almasb.fxgl.profile.SaveLoadService
09:54:03.515 [FXGL Background Thread 2 ] DEBUG Engine               - class com.almasb.fxgl.ui.FXGLUIFactoryServiceProvider
09:54:03.515 [FXGL Background Thread 2 ] DEBUG Engine               - class com.almasb.fxgl.ui.FXGLDialogFactoryServiceProvider
09:54:03.515 [FXGL Background Thread 2 ] DEBUG Engine               - class com.almasb.fxgl.audio.AudioPlayer
09:54:03.515 [FXGL Background Thread 2 ] DEBUG Engine               - class com.almasb.fxgl.notification.impl.NotificationServiceProvider
09:54:03.515 [FXGL Background Thread 2 ] DEBUG Engine               - class com.almasb.fxgl.achievement.AchievementService
09:54:03.515 [FXGL Background Thread 2 ] DEBUG Engine               - class com.almasb.fxgl.cutscene.CutsceneService
09:54:03.515 [FXGL Background Thread 2 ] DEBUG Engine               - class com.almasb.fxgl.minigames.MiniGameService
09:54:03.515 [FXGL Background Thread 2 ] DEBUG Engine               - class com.almasb.fxgl.net.NetService
09:54:03.515 [FXGL Background Thread 2 ] DEBUG Engine               - class com.almasb.fxgl.app.services.UpdaterService
09:54:25.157 [JavaFX Application Thread] FATAL GameApplication      - Uncaught Exception:

Fatal exception occurred: java.lang.RuntimeException : Initialization failed
E: com.almasb.fxgl.app.GameApplication$InitAppTask.failed(GameApplication.java:428)
E: javafx.concurrent.Task.setState(Task.java:710)
E: javafx.concurrent.Task$TaskCallable.lambda$call$2(Task.java:1455)
E: com.sun.javafx.application.PlatformImpl.lambda$runLater$10(PlatformImpl.java:428)
E: java.base/java.security.AccessController.doPrivileged(AccessController.java:399)
E: com.sun.javafx.application.PlatformImpl.lambda$runLater$11(PlatformImpl.java:427)
E: com.sun.glass.ui.InvokeLaterDispatcher$Future.run(InvokeLaterDispatcher.java:96)
E: com.sun.glass.ui.win.WinApplication._runLoop(Native Method)
E: com.sun.glass.ui.win.WinApplication.lambda$runLoop$3(WinApplication.java:174)
E: java.base/java.lang.Thread.run(Thread.java:833)

09:54:25.161 [JavaFX Application Thread] FATAL GameApplication      - Application will now exit
09:54:25.161 [JavaFX Application Thread] DEBUG GameApplication      - Exiting FXGL
09:54:25.161 [JavaFX Application Thread] DEBUG GameApplication      - Shutting down background threads
09:54:25.161 [JavaFX Application Thread] DEBUG GameApplication      - Closing logger and exiting JavaFX
