11:38:21.358 [main                     ] DEBUG Logger               - Configured Logger
11:38:21.406 [main                     ] DEBUG GameApplication      - Logging settings
Title: Kings and Pigs
Version: 0.1
Width: 960
Height: 640
Fullscreen: false
Intro: false
Profiling: false
Single step:false
App Mode: DEVELOPER
Menu Key: ESCAPE
Stage Style: DECORATED
Scene Factory: class com.example.ui.UISceneFactory

11:38:21.829 [JavaFX Application Thread] DEBUG FXGLApplication      - Initializing FXGL
11:38:21.837 [JavaFX Application Thread] INFO  Engine               - FXGL-17.1 (24.03.2022 17.34) on WINDOWS (J:18 FX:18)
11:38:21.837 [JavaFX Application Thread] DEBUG Engine               - JRE Vendor Name: Oracle Corporation
11:38:21.838 [JavaFX Application Thread] DEBUG Engine               - Running on OS: Windows 10 version 10.0
11:38:21.838 [JavaFX Application Thread] DEBUG Engine               - Architecture: amd64
11:38:21.838 [JavaFX Application Thread] INFO  Engine               - Source code and latest versions at: https://github.com/AlmasB/FXGL
11:38:21.838 [JavaFX Application Thread] INFO  Engine               -       Ask questions and discuss at: https://github.com/AlmasB/FXGL/discussions
11:38:21.839 [JavaFX Application Thread] INFO  Engine               -              Join the FXGL chat at: https://gitter.im/AlmasB/FXGL
11:38:21.966 [JavaFX Application Thread] DEBUG PrimaryStageWindow   - Creating a JavaFX scene
11:38:22.020 [JavaFX Application Thread] DEBUG PrimaryStageWindow   - Target settings size: 960.0 x 640.0
11:38:22.021 [JavaFX Application Thread] DEBUG PrimaryStageWindow   - Scaled scene size:    960.0 x 640.0
11:38:22.021 [JavaFX Application Thread] DEBUG PrimaryStageWindow   - Scaled ratio: (1.0, 1.0)
11:38:22.022 [JavaFX Application Thread] DEBUG PrimaryStageWindow   - Set initial scene to FXGLStartupScene
11:38:22.030 [JavaFX Application Thread] DEBUG PrimaryStageWindow   - Opening main window
11:38:22.140 [JavaFX Application Thread] DEBUG PrimaryStageWindow   - Window border size: (14.4000244140625, 37.5999755859375)
11:38:22.141 [JavaFX Application Thread] DEBUG PrimaryStageWindow   - Scaled size: 960.0 x 640.0
11:38:22.141 [JavaFX Application Thread] DEBUG PrimaryStageWindow   - Scaled ratio: (1.0, 1.0)
11:38:22.141 [JavaFX Application Thread] DEBUG PrimaryStageWindow   - Scene size: 960.0 x 640.0
11:38:22.142 [JavaFX Application Thread] DEBUG PrimaryStageWindow   - Stage size: 974.4000244140625 x 677.5999755859375
11:38:22.155 [FXGL Background Thread 1 ] DEBUG Engine               - Initializing environment variables
11:38:22.269 [FXGL Background Thread 1 ] DEBUG FXGLAssetLoaderServi - User app class for loading assets: class com.example.App
11:38:22.270 [FXGL Background Thread 1 ] DEBUG GameApplicationServi - Applying CSS: fxgl_dark.css
11:38:22.271 [FXGL Background Thread 1 ] DEBUG FXGLAssetLoaderServi - Loading from file system: jar:file:/C:/Users/ilias/.m2/repository/com/github/almasb/fxgl/17.1/fxgl-17.1.jar!/fxglassets/ui/css/fxgl_dark.css
11:38:22.349 [FXGL Background Thread 1 ] DEBUG GameApplicationServi - Initializing application scenes
11:38:22.426 [FXGL Background Thread 1 ] DEBUG GameWorld            - Game world initialized
11:38:22.514 [FXGL Background Thread 1 ] DEBUG PhysicsWorld         - Physics world initialized: appHeight=640, physics.ppm=50.0
11:38:22.515 [FXGL Background Thread 1 ] DEBUG PhysicsWorld         - Using strategy: BRUTE_FORCE
11:38:22.519 [FXGL Background Thread 1 ] DEBUG GameScene            - Game scene initialized: 960x640
11:38:22.538 [FXGL Background Thread 1 ] DEBUG GameApplicationServi - Application scenes initialized
11:38:22.561 [FXGL Background Thread 1 ] DEBUG SystemBundleService  - Loading FXGL system data
11:38:22.566 [FXGL Background Thread 1 ] DEBUG FileSystemAccess     - Reading from: C:\Users\ilias\OneDrive\schoolhbo\leerjaar 1\ipose\newApp\demo\system\fxgl.bundle
11:38:22.575 [FXGL Background Thread 1 ] DEBUG SystemBundleService  - Bundle FXGL: {}
11:38:22.575 [FXGL Background Thread 1 ] DEBUG UpdaterService       - Checking for updates
11:38:22.584 [FXGL Background Thread 4 ] DEBUG FXGLApplication      - Loading fonts
11:38:22.585 [FXGL Background Thread 4 ] DEBUG FXGLAssetLoaderServi - Loading from file system: jar:file:/C:/Users/ilias/.m2/repository/com/github/almasb/fxgl/17.1/fxgl-17.1.jar!/fxglassets/ui/fonts/VarelaRound-Regular.ttf
11:38:22.585 [FXGL Background Thread 1 ] DEBUG FXGLApplication      - Loading default localization
11:38:22.586 [FXGL Background Thread 1 ] DEBUG FXGLAssetLoaderServi - Loading from file system: jar:file:/C:/Users/ilias/.m2/repository/com/github/almasb/fxgl/17.1/fxgl-17.1.jar!/fxglassets/languages/english.lang
11:38:22.638 [FXGL Background Thread 1 ] INFO  FXGLApplication      - FXGL initialization took: 0.482 sec
11:38:22.651 [JavaFX Application Thread] DEBUG Input                - Registered new binding: Left - A
11:38:22.652 [JavaFX Application Thread] DEBUG Input                - Registered new binding: Right - D
11:38:22.663 [JavaFX Application Thread] DEBUG Input                - Registered new binding: Jump - W
11:38:22.664 [JavaFX Application Thread] DEBUG Input                - Registered new binding: enter - E
11:38:22.664 [JavaFX Application Thread] DEBUG FXGLAssetLoaderServi - Loading from file system: file:/C:/Users/ilias/OneDrive/schoolhbo/leerjaar%201/ipose/newApp/demo/target/classes/assets/textures/fall.png
11:38:22.683 [FXGL Background Thread 4 ] DEBUG FXGLAssetLoaderServi - Loading from file system: jar:file:/C:/Users/ilias/.m2/repository/com/github/almasb/fxgl/17.1/fxgl-17.1.jar!/fxglassets/ui/fonts/Abel-Regular.ttf
11:38:22.690 [FXGL Background Thread 4 ] DEBUG FXGLAssetLoaderServi - Loading from file system: jar:file:/C:/Users/ilias/.m2/repository/com/github/almasb/fxgl/17.1/fxgl-17.1.jar!/fxglassets/ui/fonts/TerminalLandMono-Regular.otf
11:38:22.700 [FXGL Background Thread 4 ] DEBUG FXGLAssetLoaderServi - Loading from file system: jar:file:/C:/Users/ilias/.m2/repository/com/github/almasb/fxgl/17.1/fxgl-17.1.jar!/fxglassets/ui/fonts/Courier-Prime.ttf
11:38:22.717 [JavaFX Application Thread] DEBUG FXGLAssetLoaderServi - Loading from file system: jar:file:/C:/Users/ilias/.m2/repository/com/github/almasb/fxgl/17.1/fxgl-17.1.jar!/fxglassets/textures/fxgl_default_cursor.png
11:38:22.721 [JavaFX Application Thread] DEBUG Input                - Registered new binding: Screenshot - CTRL+8
11:38:22.722 [JavaFX Application Thread] DEBUG Input                - Registered new binding: System info dump - CTRL+9
11:38:22.723 [JavaFX Application Thread] DEBUG Input                - Registered new binding: Restart - CTRL+R
11:38:22.724 [JavaFX Application Thread] DEBUG Input                - Registered new binding: Toggle Debug Camera - CTRL+7
11:38:22.730 [JavaFX Application Thread] DEBUG LoopRunner           - Starting loop
11:38:22.731 [JavaFX Application Thread] DEBUG LoopRunner           - Initializing JavaFX AnimationTimerLoop
11:38:22.736 [JavaFX Application Thread] DEBUG Input                - Clearing active input actions
11:38:22.746 [JavaFX Application Thread] DEBUG GameApplicationServi - Removing overlay from FXGLStartupScene and adding to FXGLMainMenuDummyScene
11:38:22.747 [JavaFX Application Thread] DEBUG PrimaryStageWindow   - FXGLStartupScene -> FXGLMainMenuDummyScene
11:38:22.747 [JavaFX Application Thread] DEBUG PrimaryStageWindow   - Push state: StartMenu
11:38:22.747 [JavaFX Application Thread] DEBUG Input                - Clearing active input actions
11:38:22.747 [JavaFX Application Thread] DEBUG GameApplicationServi - Removing overlay from FXGLMainMenuDummyScene and adding to StartMenu
11:38:22.748 [JavaFX Application Thread] DEBUG PrimaryStageWindow   - FXGLMainMenuDummyScene -> StartMenu
11:38:22.748 [JavaFX Application Thread] DEBUG FXGLApplication      - Registering font factories with UI factory
11:38:25.581 [FXGL Background Thread 3 ] DEBUG Engine               - Logging environment variables
11:38:25.582 [FXGL Background Thread 3 ] DEBUG Engine               - achievements: []
11:38:25.582 [FXGL Background Thread 3 ] DEBUG Engine               - actualHeight: 640.0
11:38:25.582 [FXGL Background Thread 3 ] DEBUG Engine               - actualHeightProperty: ReadOnlyDoubleProperty [value: 640.0]
11:38:25.582 [FXGL Background Thread 3 ] DEBUG Engine               - actualWidth: 960.0
11:38:25.583 [FXGL Background Thread 3 ] DEBUG Engine               - actualWidthProperty: ReadOnlyDoubleProperty [value: 960.0]
11:38:25.583 [FXGL Background Thread 3 ] DEBUG Engine               - appIcon: fall.png
11:38:25.583 [FXGL Background Thread 3 ] DEBUG Engine               - applicationMode: DEVELOPER
11:38:25.583 [FXGL Background Thread 3 ] DEBUG Engine               - cSSList: [fxgl_dark.css]
11:38:25.583 [FXGL Background Thread 3 ] DEBUG Engine               - collisionDetectionStrategy: BRUTE_FORCE
11:38:25.583 [FXGL Background Thread 3 ] DEBUG Engine               - configClass: Optional.empty
11:38:25.583 [FXGL Background Thread 3 ] DEBUG Engine               - credits: []
11:38:25.585 [FXGL Background Thread 3 ] DEBUG Engine               - defaultCursor: CursorInfo(imageName=fxgl_default_cursor.png, hotspotX=7.0, hotspotY=6.0)
11:38:25.586 [FXGL Background Thread 3 ] DEBUG Engine               - devBBoxColorProperty: ObjectProperty [value: 0xff0000ff]
11:38:25.586 [FXGL Background Thread 3 ] DEBUG Engine               - devEnableDebugCameraProperty: BooleanProperty [value: false]
11:38:25.586 [FXGL Background Thread 3 ] DEBUG Engine               - devSensorColorProperty: ObjectProperty [value: 0xffff00ff]
11:38:25.586 [FXGL Background Thread 3 ] DEBUG Engine               - devShowBBoxProperty: BooleanProperty [value: false]
11:38:25.587 [FXGL Background Thread 3 ] DEBUG Engine               - devShowPositionProperty: BooleanProperty [value: false]
11:38:25.587 [FXGL Background Thread 3 ] DEBUG Engine               - enabledMenuItems: [EXTRA]
11:38:25.587 [FXGL Background Thread 3 ] DEBUG Engine               - engineServices: [class com.almasb.fxgl.app.services.FXGLAssetLoaderService, class com.almasb.fxgl.app.FXGLApplication$GameApplicationService, class com.almasb.fxgl.app.services.FXGLDialogService, class com.almasb.fxgl.app.services.IOTaskExecutorService, class com.almasb.fxgl.io.FileSystemService, class com.almasb.fxgl.localization.LocalizationService, class com.almasb.fxgl.app.services.SystemBundleService, class com.almasb.fxgl.profile.SaveLoadService, class com.almasb.fxgl.ui.FXGLUIFactoryServiceProvider, class com.almasb.fxgl.ui.FXGLDialogFactoryServiceProvider, class com.almasb.fxgl.audio.AudioPlayer, class com.almasb.fxgl.notification.impl.NotificationServiceProvider, class com.almasb.fxgl.achievement.AchievementService, class com.almasb.fxgl.cutscene.CutsceneService, class com.almasb.fxgl.minigames.MiniGameService, class com.almasb.fxgl.net.NetService, class com.almasb.fxgl.app.services.UpdaterService, class com.almasb.fxgl.dev.DevService]
11:38:25.587 [FXGL Background Thread 3 ] DEBUG Engine               - fontGame: Abel-Regular.ttf
11:38:25.587 [FXGL Background Thread 3 ] DEBUG Engine               - fontMono: TerminalLandMono-Regular.otf
11:38:25.587 [FXGL Background Thread 3 ] DEBUG Engine               - fontText: Courier-Prime.ttf
11:38:25.587 [FXGL Background Thread 3 ] DEBUG Engine               - fontUI: VarelaRound-Regular.ttf
11:38:25.587 [FXGL Background Thread 3 ] DEBUG Engine               - fullScreen: BooleanProperty [value: false]
11:38:25.587 [FXGL Background Thread 3 ] DEBUG Engine               - gameDifficulty: MEDIUM
11:38:25.587 [FXGL Background Thread 3 ] DEBUG Engine               - gameDifficultyProperty: ObjectProperty [value: MEDIUM]
11:38:25.587 [FXGL Background Thread 3 ] DEBUG Engine               - globalMusicVolume: 0.5
11:38:25.587 [FXGL Background Thread 3 ] DEBUG Engine               - globalMusicVolumeProperty: DoubleProperty [value: 0.5]
11:38:25.587 [FXGL Background Thread 3 ] DEBUG Engine               - globalSoundVolume: 0.5
11:38:25.587 [FXGL Background Thread 3 ] DEBUG Engine               - globalSoundVolumeProperty: DoubleProperty [value: 0.5]
11:38:25.587 [FXGL Background Thread 3 ] DEBUG Engine               - height: 640
11:38:25.588 [FXGL Background Thread 3 ] DEBUG Engine               - is3D: false
11:38:25.588 [FXGL Background Thread 3 ] DEBUG Engine               - isAndroid: false
11:38:25.588 [FXGL Background Thread 3 ] DEBUG Engine               - isBrowser: false
11:38:25.588 [FXGL Background Thread 3 ] DEBUG Engine               - isClickFeedbackEnabled: false
11:38:25.588 [FXGL Background Thread 3 ] DEBUG Engine               - isCloseConfirmation: false
11:38:25.588 [FXGL Background Thread 3 ] DEBUG Engine               - isDesktop: true
11:38:25.588 [FXGL Background Thread 3 ] DEBUG Engine               - isDeveloperMenuEnabled: false
11:38:25.588 [FXGL Background Thread 3 ] DEBUG Engine               - isEmbedded: false
11:38:25.588 [FXGL Background Thread 3 ] DEBUG Engine               - isEntityPreloadEnabled: true
11:38:25.588 [FXGL Background Thread 3 ] DEBUG Engine               - isExperimentalTiledLargeMap: false
11:38:25.588 [FXGL Background Thread 3 ] DEBUG Engine               - isFileSystemWriteAllowed: true
11:38:25.588 [FXGL Background Thread 3 ] DEBUG Engine               - isFullScreenAllowed: false
11:38:25.588 [FXGL Background Thread 3 ] DEBUG Engine               - isFullScreenFromStart: false
11:38:25.588 [FXGL Background Thread 3 ] DEBUG Engine               - isGameMenuEnabled: true
11:38:25.588 [FXGL Background Thread 3 ] DEBUG Engine               - isIOS: false
11:38:25.588 [FXGL Background Thread 3 ] DEBUG Engine               - isIntroEnabled: false
11:38:25.588 [FXGL Background Thread 3 ] DEBUG Engine               - isLinux: false
11:38:25.588 [FXGL Background Thread 3 ] DEBUG Engine               - isMac: false
11:38:25.589 [FXGL Background Thread 3 ] DEBUG Engine               - isMainMenuEnabled: true
11:38:25.589 [FXGL Background Thread 3 ] DEBUG Engine               - isManualResizeEnabled: false
11:38:25.589 [FXGL Background Thread 3 ] DEBUG Engine               - isMobile: false
11:38:25.589 [FXGL Background Thread 3 ] DEBUG Engine               - isNative: false
11:38:25.589 [FXGL Background Thread 3 ] DEBUG Engine               - isPauseMusicWhenMinimized: true
11:38:25.589 [FXGL Background Thread 3 ] DEBUG Engine               - isPreserveResizeRatio: false
11:38:25.589 [FXGL Background Thread 3 ] DEBUG Engine               - isProfilingEnabled: false
11:38:25.589 [FXGL Background Thread 3 ] DEBUG Engine               - isScaleAffectedOnResize: true
11:38:25.589 [FXGL Background Thread 3 ] DEBUG Engine               - isSingleStep: false
11:38:25.589 [FXGL Background Thread 3 ] DEBUG Engine               - isUserProfileEnabled: false
11:38:25.589 [FXGL Background Thread 3 ] DEBUG Engine               - isWindows: true
11:38:25.589 [FXGL Background Thread 3 ] DEBUG Engine               - language: ObjectProperty [value: ENGLISH]
11:38:25.589 [FXGL Background Thread 3 ] DEBUG Engine               - menuKey: ESCAPE
11:38:25.589 [FXGL Background Thread 3 ] DEBUG Engine               - mouseSensitivity: 0.2
11:38:25.589 [FXGL Background Thread 3 ] DEBUG Engine               - notificationViewClass: class com.almasb.fxgl.notification.view.XboxNotificationView
11:38:25.589 [FXGL Background Thread 3 ] DEBUG Engine               - pixelsPerMeter: 50.0
11:38:25.589 [FXGL Background Thread 3 ] DEBUG Engine               - platform: WINDOWS
11:38:25.589 [FXGL Background Thread 3 ] DEBUG Engine               - prefHeightProperty: ReadOnlyDoubleProperty [value: 640.0]
11:38:25.590 [FXGL Background Thread 3 ] DEBUG Engine               - prefWidthProperty: ReadOnlyDoubleProperty [value: 960.0]
11:38:25.590 [FXGL Background Thread 3 ] DEBUG Engine               - profileDir: profiles/
11:38:25.590 [FXGL Background Thread 3 ] DEBUG Engine               - profileName: StringProperty [value: DEFAULT]
11:38:25.590 [FXGL Background Thread 3 ] DEBUG Engine               - randomSeed: -1
11:38:25.590 [FXGL Background Thread 3 ] DEBUG Engine               - runtimeInfo: RuntimeInfo(platform=WINDOWS, version=17.1, build=24.03.2022 17.34)
11:38:25.590 [FXGL Background Thread 3 ] DEBUG Engine               - saveFileExt: sav
11:38:25.590 [FXGL Background Thread 3 ] DEBUG Engine               - scaledHeightProp$fxgl: DoubleProperty [bound, value: 640.0]
11:38:25.590 [FXGL Background Thread 3 ] DEBUG Engine               - scaledWidthProp$fxgl: DoubleProperty [bound, value: 960.0]
11:38:25.590 [FXGL Background Thread 3 ] DEBUG Engine               - sceneFactory: com.example.ui.UISceneFactory@63291089
11:38:25.590 [FXGL Background Thread 3 ] DEBUG Engine               - secondsIn24h: 60
11:38:25.590 [FXGL Background Thread 3 ] DEBUG Engine               - soundMenuBack: menu/back.wav
11:38:25.590 [FXGL Background Thread 3 ] DEBUG Engine               - soundMenuPress: menu/press.wav
11:38:25.590 [FXGL Background Thread 3 ] DEBUG Engine               - soundMenuSelect: menu/select.wav
11:38:25.591 [FXGL Background Thread 3 ] DEBUG Engine               - soundNotification: core/notification.wav
11:38:25.591 [FXGL Background Thread 3 ] DEBUG Engine               - stageStyle: DECORATED
11:38:25.591 [FXGL Background Thread 3 ] DEBUG Engine               - supportedLanguages: [ENGLISH, FRENCH, GERMAN, HUNGARIAN, RUSSIAN]
11:38:25.591 [FXGL Background Thread 3 ] DEBUG Engine               - ticksPerSecond: -1
11:38:25.591 [FXGL Background Thread 3 ] DEBUG Engine               - title: Kings and Pigs
11:38:25.591 [FXGL Background Thread 3 ] DEBUG Engine               - urlGithub: https://github.com/AlmasB/FXGL
11:38:25.591 [FXGL Background Thread 3 ] DEBUG Engine               - urlLeaderboard: http://fxgl-top.herokuapp.com/
11:38:25.591 [FXGL Background Thread 3 ] DEBUG Engine               - urlPOM: https://raw.githubusercontent.com/AlmasB/FXGL/release/README.md
11:38:25.591 [FXGL Background Thread 3 ] DEBUG Engine               - userAppClass: class com.example.App
11:38:25.591 [FXGL Background Thread 3 ] DEBUG Engine               - version: 0.1
11:38:25.591 [FXGL Background Thread 3 ] DEBUG Engine               - versionCheckDays: 7
11:38:25.591 [FXGL Background Thread 3 ] DEBUG Engine               - width: 960
11:38:25.591 [FXGL Background Thread 3 ] DEBUG Engine               - Logging services
11:38:25.591 [FXGL Background Thread 3 ] DEBUG Engine               - class com.almasb.fxgl.app.services.FXGLAssetLoaderService
11:38:25.591 [FXGL Background Thread 3 ] DEBUG Engine               - class com.almasb.fxgl.app.FXGLApplication$GameApplicationService
11:38:25.591 [FXGL Background Thread 3 ] DEBUG Engine               - class com.almasb.fxgl.app.services.FXGLDialogService
11:38:25.591 [FXGL Background Thread 3 ] DEBUG Engine               - class com.almasb.fxgl.app.services.IOTaskExecutorService
11:38:25.591 [FXGL Background Thread 3 ] DEBUG Engine               - class com.almasb.fxgl.io.FileSystemService
11:38:25.591 [FXGL Background Thread 3 ] DEBUG Engine               - class com.almasb.fxgl.localization.LocalizationService
11:38:25.591 [FXGL Background Thread 3 ] DEBUG Engine               - class com.almasb.fxgl.app.services.SystemBundleService
11:38:25.591 [FXGL Background Thread 3 ] DEBUG Engine               - class com.almasb.fxgl.profile.SaveLoadService
11:38:25.592 [FXGL Background Thread 3 ] DEBUG Engine               - class com.almasb.fxgl.ui.FXGLUIFactoryServiceProvider
11:38:25.592 [FXGL Background Thread 3 ] DEBUG Engine               - class com.almasb.fxgl.ui.FXGLDialogFactoryServiceProvider
11:38:25.592 [FXGL Background Thread 3 ] DEBUG Engine               - class com.almasb.fxgl.audio.AudioPlayer
11:38:25.592 [FXGL Background Thread 3 ] DEBUG Engine               - class com.almasb.fxgl.notification.impl.NotificationServiceProvider
11:38:25.592 [FXGL Background Thread 3 ] DEBUG Engine               - class com.almasb.fxgl.achievement.AchievementService
11:38:25.592 [FXGL Background Thread 3 ] DEBUG Engine               - class com.almasb.fxgl.cutscene.CutsceneService
11:38:25.592 [FXGL Background Thread 3 ] DEBUG Engine               - class com.almasb.fxgl.minigames.MiniGameService
11:38:25.592 [FXGL Background Thread 3 ] DEBUG Engine               - class com.almasb.fxgl.net.NetService
11:38:25.592 [FXGL Background Thread 3 ] DEBUG Engine               - class com.almasb.fxgl.app.services.UpdaterService
11:38:25.592 [FXGL Background Thread 3 ] DEBUG Engine               - class com.almasb.fxgl.dev.DevService
11:38:30.542 [JavaFX Application Thread] DEBUG FXGLApplication      - Exiting FXGL
11:38:30.542 [JavaFX Application Thread] DEBUG LoopRunner           - Stopping loop
11:38:30.542 [JavaFX Application Thread] DEBUG SystemBundleService  - Saving FXGL system data
11:38:30.550 [JavaFX Application Thread] DEBUG FileSystemAccess     - Writing to: C:\Users\ilias\OneDrive\schoolhbo\leerjaar 1\ipose\newApp\demo\system\fxgl.bundle
11:38:30.553 [JavaFX Application Thread] DEBUG Async                - Shutting down background threads
11:38:30.553 [JavaFX Application Thread] DEBUG PrimaryStageWindow   - Closing main window
11:38:30.571 [JavaFX Application Thread] DEBUG Logger               - Closing Logger
