21:35:03.997 [main                     ] DEBUG GameApplication      - Logger initialized
21:35:04.001 [main                     ] DEBUG GameApplication      - Logging settings
Title: Basic Game App
Version: 0.0
Width: 800
Height: 600
Fullscreen: false
Intro: false
Menus: false
Profiling: false
Single step:false
App Mode: DEVELOPER
Menu Key: ESCAPE
Stage Style: DECORATED
Scene Factory: class com.almasb.fxgl.app.scene.SceneFactory

21:35:04.287 [JavaFX Application Thread] DEBUG GameApplication      - Initializing FXGL
21:35:04.294 [JavaFX Application Thread] INFO  Engine               - FXGL-11.8 (08.03.2020 09.09) on WINDOWS (J:18 FX:13.0.2)
21:35:04.294 [JavaFX Application Thread] INFO  Engine               - Source code and latest versions at: https://github.com/AlmasB/FXGL
21:35:04.295 [JavaFX Application Thread] INFO  Engine               -              Join the FXGL chat at: https://gitter.im/AlmasB/FXGL
21:35:04.398 [JavaFX Application Thread] DEBUG MainWindow           - Creating a JavaFX scene
21:35:04.442 [JavaFX Application Thread] DEBUG MainWindow           - Target settings size: 800.0 x 600.0
21:35:04.442 [JavaFX Application Thread] DEBUG MainWindow           - Scaled scene size:    800.0 x 600.0
21:35:04.443 [JavaFX Application Thread] DEBUG MainWindow           - Scaled ratio: (1.0, 1.0)
21:35:04.444 [JavaFX Application Thread] DEBUG MainWindow           - Set initial scene to FXGLStartupScene
21:35:04.449 [JavaFX Application Thread] DEBUG MainWindow           - Opening main window
21:35:04.515 [JavaFX Application Thread] DEBUG MainWindow           - Window border size: (12.79998779296875, 35.20001220703125)
21:35:04.516 [JavaFX Application Thread] DEBUG MainWindow           - Scaled size: 800.0 x 600.0
21:35:04.516 [JavaFX Application Thread] DEBUG MainWindow           - Scaled ratio: (1.0, 1.0)
21:35:04.516 [JavaFX Application Thread] DEBUG MainWindow           - Scene size: 800.0 x 600.0
21:35:04.516 [JavaFX Application Thread] DEBUG MainWindow           - Stage size: 812.7999877929688 x 635.2000122070312
21:35:04.522 [FXGL Background Thread 1 ] DEBUG Engine               - Initializing environment variables
21:35:04.573 [FXGL Background Thread 1 ] DEBUG WindowService        - Applying CSS: fxgl_dark.css
21:35:04.574 [FXGL Background Thread 1 ] DEBUG AssetLoaderService   - Loading from file system: /assets/ui/css/fxgl_dark.css
21:35:04.617 [FXGL Background Thread 1 ] DEBUG WindowService        - Initializing application scenes
21:35:04.658 [FXGL Background Thread 1 ] DEBUG GameWorld            - Game world initialized
21:35:04.709 [FXGL Background Thread 1 ] DEBUG PhysicsWorld         - Physics world initialized: appHeight=600, physics.ppm=50.0
21:35:04.712 [FXGL Background Thread 1 ] DEBUG GameScene            - Game scene initialized: 800x600
21:35:04.720 [FXGL Background Thread 1 ] DEBUG Input                - Registered new binding: Resume - Esc
21:35:04.727 [FXGL Background Thread 1 ] DEBUG AssetLoaderService   - Loading from file system: /assets/textures/pause_menu_bg.png
21:35:04.776 [FXGL Background Thread 1 ] DEBUG Input                - Registered new binding: Pause - Esc
21:35:04.776 [FXGL Background Thread 1 ] DEBUG WindowService        - Application scenes initialized
21:35:04.787 [FXGL Background Thread 1 ] DEBUG SystemBundleService  - Loading FXGL system data
21:35:04.791 [FXGL Background Thread 1 ] DEBUG FileSystemAccess     - Reading from: C:\Users\jeffr\Documents\java\demo\system\fxgl.bundle
21:35:04.798 [FXGL Background Thread 1 ] DEBUG SystemBundleService  - Bundle FXGL: {}
21:35:04.798 [FXGL Background Thread 1 ] INFO  Engine               - FXGL initialization took: 0.266 sec
21:35:04.800 [FXGL Background Thread 1 ] DEBUG GameApplication      - Loading localizations
21:35:04.801 [FXGL Background Thread 1 ] DEBUG AssetLoaderService   - Loading from file system: /assets/properties/languages/english.properties
21:35:04.803 [FXGL Background Thread 1 ] DEBUG AssetLoaderService   - Loading from file system: /assets/properties/languages/french.properties
21:35:04.804 [FXGL Background Thread 1 ] DEBUG AssetLoaderService   - Loading from file system: /assets/properties/languages/german.properties
21:35:04.805 [FXGL Background Thread 1 ] DEBUG AssetLoaderService   - Loading from file system: /assets/properties/languages/hungarian.properties
21:35:04.807 [FXGL Background Thread 1 ] DEBUG AssetLoaderService   - Loading from file system: /assets/properties/languages/russian.properties
21:35:04.808 [FXGL Background Thread 1 ] DEBUG GameApplication      - Registering font factories with UI factory
21:35:04.808 [FXGL Background Thread 1 ] DEBUG AssetLoaderService   - Loading from file system: /assets/ui/fonts/VarelaRound-Regular.ttf
21:35:04.844 [FXGL Background Thread 1 ] DEBUG AssetLoaderService   - Loading from file system: /assets/ui/fonts/Abel-Regular.ttf
21:35:04.847 [FXGL Background Thread 1 ] DEBUG AssetLoaderService   - Loading from file system: /assets/ui/fonts/lucida_console.ttf
21:35:04.851 [FXGL Background Thread 1 ] DEBUG AssetLoaderService   - Loading from file system: /assets/ui/fonts/Courier-Prime.ttf
21:35:04.857 [JavaFX Application Thread] DEBUG AssetLoaderService   - Loading from file system: /assets/textures/fxgl_icon.png
21:35:04.875 [JavaFX Application Thread] DEBUG AssetLoaderService   - Loading from file system: /assets/ui/cursors/fxgl_default.png
21:35:04.878 [JavaFX Application Thread] DEBUG Input                - Registered new binding: Screenshot - P
21:35:04.878 [JavaFX Application Thread] DEBUG Input                - Registered new binding: System info dump - CTRL+9
21:35:04.878 [JavaFX Application Thread] DEBUG Input                - Registered new binding: Restart - CTRL+R
21:35:04.879 [JavaFX Application Thread] DEBUG LoopRunner           - Starting loop
21:35:04.888 [JavaFX Application Thread] DEBUG FXGLStartupScene     - STARTUP
21:35:04.888 [JavaFX Application Thread] DEBUG WindowService        - Starting new game
21:35:04.890 [JavaFX Application Thread] DEBUG Input                - Clearing active input actions
21:35:04.902 [JavaFX Application Thread] DEBUG WindowService        - Removing overlay from FXGLStartupScene and adding to FXGLLoadingScene
21:35:04.903 [JavaFX Application Thread] DEBUG MainWindow           - FXGLStartupScene -> FXGLLoadingScene
21:35:04.903 [JavaFX Application Thread] DEBUG WindowService        - Clearing previous game
21:35:04.903 [JavaFX Application Thread] DEBUG GameScene            - Clearing game scene
21:35:04.903 [JavaFX Application Thread] DEBUG GameWorld            - Clearing game world
21:35:04.903 [JavaFX Application Thread] DEBUG PhysicsWorld         - Clearing physics world
21:35:04.904 [FXGL Background Thread 1 ] DEBUG GameApplication      - Initializing game
21:35:04.914 [FXGL Background Thread 1 ] DEBUG AssetLoaderService   - Loading from file system: /assets/textures/newdude.png
21:35:04.917 [FXGL Background Thread 1 ] DEBUG AssetLoaderService   - Loading from cache: /assets/textures/newdude.png
21:35:04.924 [FXGL Background Thread 1 ] INFO  GameApplication      - Game initialization took: 0.020 sec
21:35:04.945 [JavaFX Application Thread] DEBUG Input                - Clearing active input actions
21:35:04.955 [JavaFX Application Thread] DEBUG WindowService        - Removing overlay from FXGLLoadingScene and adding to GameScene
21:35:04.956 [JavaFX Application Thread] DEBUG MainWindow           - FXGLLoadingScene -> GameScene
21:35:07.676 [JavaFX Application Thread] DEBUG GameApplication      - Exiting FXGL
21:35:07.676 [JavaFX Application Thread] DEBUG LoopRunner           - Stopping loop
21:35:07.676 [JavaFX Application Thread] DEBUG SystemBundleService  - Saving FXGL system data
21:35:07.677 [JavaFX Application Thread] DEBUG FileSystemAccess     - Writing to: C:\Users\jeffr\Documents\java\demo\system\fxgl.bundle
21:35:07.679 [JavaFX Application Thread] DEBUG GameApplication      - Shutting down background threads
21:35:07.680 [JavaFX Application Thread] DEBUG GameApplication      - Closing logger and exiting JavaFX
