14:25:38.284 [main                     ] DEBUG Logger               - Configured Logger
14:25:38.332 [main                     ] DEBUG GameApplication      - Logging settings
Title: Kings and Pigs
Version: 0.1
Width: 960
Height: 640
Fullscreen: false
Intro: false
Profiling: false
Single step:false
App Mode: DEVELOPER
Menu Key: ESCAPE
Stage Style: DECORATED
Scene Factory: class com.almasb.fxgl.app.scene.SceneFactory

14:25:38.865 [JavaFX Application Thread] DEBUG FXGLApplication      - Initializing FXGL
14:25:38.873 [JavaFX Application Thread] INFO  Engine               - FXGL-17.1 (24.03.2022 17.34) on WINDOWS (J:17.0.1 FX:18)
14:25:38.874 [JavaFX Application Thread] DEBUG Engine               - JRE Vendor Name: Oracle Corporation
14:25:38.875 [JavaFX Application Thread] DEBUG Engine               - Running on OS: Windows 10 version 10.0
14:25:38.875 [JavaFX Application Thread] DEBUG Engine               - Architecture: amd64
14:25:38.875 [JavaFX Application Thread] INFO  Engine               - Source code and latest versions at: https://github.com/AlmasB/FXGL
14:25:38.876 [JavaFX Application Thread] INFO  Engine               -       Ask questions and discuss at: https://github.com/AlmasB/FXGL/discussions
14:25:38.876 [JavaFX Application Thread] INFO  Engine               -              Join the FXGL chat at: https://gitter.im/AlmasB/FXGL
14:25:39.058 [JavaFX Application Thread] DEBUG PrimaryStageWindow   - Creating a JavaFX scene
14:25:39.131 [JavaFX Application Thread] DEBUG PrimaryStageWindow   - Target settings size: 960.0 x 640.0
14:25:39.131 [JavaFX Application Thread] DEBUG PrimaryStageWindow   - Scaled scene size:    960.0 x 640.0
14:25:39.132 [JavaFX Application Thread] DEBUG PrimaryStageWindow   - Scaled ratio: (1.0, 1.0)
14:25:39.134 [JavaFX Application Thread] DEBUG PrimaryStageWindow   - Set initial scene to FXGLStartupScene
14:25:39.148 [JavaFX Application Thread] DEBUG PrimaryStageWindow   - Opening main window
14:25:39.261 [JavaFX Application Thread] DEBUG PrimaryStageWindow   - Window border size: (14.4000244140625, 37.5999755859375)
14:25:39.262 [JavaFX Application Thread] DEBUG PrimaryStageWindow   - Scaled size: 960.0 x 640.0
14:25:39.262 [JavaFX Application Thread] DEBUG PrimaryStageWindow   - Scaled ratio: (1.0, 1.0)
14:25:39.262 [JavaFX Application Thread] DEBUG PrimaryStageWindow   - Scene size: 960.0 x 640.0
14:25:39.263 [JavaFX Application Thread] DEBUG PrimaryStageWindow   - Stage size: 974.4000244140625 x 677.5999755859375
14:25:39.277 [FXGL Background Thread 1 ] DEBUG Engine               - Initializing environment variables
14:25:39.342 [FXGL Background Thread 1 ] DEBUG FXGLAssetLoaderServi - User app class for loading assets: class com.example.App
14:25:39.343 [FXGL Background Thread 1 ] DEBUG GameApplicationServi - Applying CSS: fxgl_dark.css
14:25:39.345 [FXGL Background Thread 1 ] DEBUG FXGLAssetLoaderServi - Loading from file system: jar:file:/C:/Users/Anass/.m2/repository/com/github/almasb/fxgl/17.1/fxgl-17.1.jar!/fxglassets/ui/css/fxgl_dark.css
14:25:39.407 [FXGL Background Thread 1 ] DEBUG GameApplicationServi - Initializing application scenes
14:25:39.475 [FXGL Background Thread 1 ] DEBUG GameWorld            - Game world initialized
14:25:39.558 [FXGL Background Thread 1 ] DEBUG PhysicsWorld         - Physics world initialized: appHeight=640, physics.ppm=50,0
14:25:39.559 [FXGL Background Thread 1 ] DEBUG PhysicsWorld         - Using strategy: BRUTE_FORCE
14:25:39.565 [FXGL Background Thread 1 ] DEBUG GameScene            - Game scene initialized: 960x640
14:25:39.589 [FXGL Background Thread 1 ] DEBUG FXGL.DefaultMenu     - createMenuBodyGameMenu()
14:25:39.620 [FXGL Background Thread 1 ] DEBUG FXGL.DefaultMenu     - createOptionsMenu()
14:25:39.634 [FXGL Background Thread 1 ] DEBUG FXGLAssetLoaderServi - Loading from file system: jar:file:/C:/Users/Anass/.m2/repository/com/github/almasb/fxgl/17.1/fxgl-17.1.jar!/fxglassets/textures/particles/smoke.png
14:25:39.750 [FXGL Background Thread 1 ] DEBUG FXGLAssetLoaderServi - Loading from file system: jar:file:/C:/Users/Anass/.m2/repository/com/github/almasb/fxgl/17.1/fxgl-17.1.jar!/fxglassets/textures/particles/trace_horizontal.png
14:25:39.792 [FXGL Background Thread 1 ] DEBUG GameApplicationServi - Application scenes initialized
14:25:39.811 [FXGL Background Thread 1 ] DEBUG SystemBundleService  - Loading FXGL system data
14:25:39.816 [FXGL Background Thread 1 ] DEBUG FileSystemAccess     - Reading from: C:\Users\Anass\OneDrive - Hogeschool Leiden\hsleiden\ipose\app\demo\system\fxgl.bundle
14:25:39.824 [FXGL Background Thread 1 ] DEBUG SystemBundleService  - Bundle FXGL: {}
14:25:39.824 [FXGL Background Thread 1 ] DEBUG UpdaterService       - Checking for updates
14:25:39.830 [FXGL Background Thread 4 ] DEBUG FXGLApplication      - Loading fonts
14:25:39.830 [FXGL Background Thread 1 ] DEBUG FXGLApplication      - Loading default localization
14:25:39.831 [FXGL Background Thread 4 ] DEBUG FXGLAssetLoaderServi - Loading from file system: jar:file:/C:/Users/Anass/.m2/repository/com/github/almasb/fxgl/17.1/fxgl-17.1.jar!/fxglassets/ui/fonts/VarelaRound-Regular.ttf
14:25:39.831 [FXGL Background Thread 1 ] DEBUG FXGLAssetLoaderServi - Loading from file system: jar:file:/C:/Users/Anass/.m2/repository/com/github/almasb/fxgl/17.1/fxgl-17.1.jar!/fxglassets/languages/english.lang
14:25:39.865 [FXGL Background Thread 1 ] INFO  FXGLApplication      - FXGL initialization took: 0,587 sec
14:25:39.880 [JavaFX Application Thread] DEBUG Input                - Registered new binding: Left - A
14:25:39.881 [JavaFX Application Thread] DEBUG Input                - Registered new binding: Right - D
14:25:39.881 [JavaFX Application Thread] DEBUG Input                - Registered new binding: Jump - W
14:25:39.881 [JavaFX Application Thread] DEBUG Input                - Registered new binding: enter - E
14:25:39.882 [JavaFX Application Thread] DEBUG FXGLAssetLoaderServi - Loading from file system: jar:file:/C:/Users/Anass/.m2/repository/com/github/almasb/fxgl/17.1/fxgl-17.1.jar!/fxglassets/textures/fxgl_icon.png
14:25:39.906 [FXGL Background Thread 4 ] DEBUG FXGLAssetLoaderServi - Loading from file system: jar:file:/C:/Users/Anass/.m2/repository/com/github/almasb/fxgl/17.1/fxgl-17.1.jar!/fxglassets/ui/fonts/Abel-Regular.ttf
14:25:39.911 [FXGL Background Thread 4 ] DEBUG FXGLAssetLoaderServi - Loading from file system: jar:file:/C:/Users/Anass/.m2/repository/com/github/almasb/fxgl/17.1/fxgl-17.1.jar!/fxglassets/ui/fonts/TerminalLandMono-Regular.otf
14:25:39.913 [JavaFX Application Thread] DEBUG FXGLAssetLoaderServi - Loading from file system: jar:file:/C:/Users/Anass/.m2/repository/com/github/almasb/fxgl/17.1/fxgl-17.1.jar!/fxglassets/textures/fxgl_default_cursor.png
14:25:39.916 [FXGL Background Thread 4 ] DEBUG FXGLAssetLoaderServi - Loading from file system: jar:file:/C:/Users/Anass/.m2/repository/com/github/almasb/fxgl/17.1/fxgl-17.1.jar!/fxglassets/ui/fonts/Courier-Prime.ttf
14:25:39.917 [JavaFX Application Thread] DEBUG Input                - Registered new binding: Screenshot - CTRL+8
14:25:39.918 [JavaFX Application Thread] DEBUG Input                - Registered new binding: System info dump - CTRL+9
14:25:39.919 [JavaFX Application Thread] DEBUG Input                - Registered new binding: Restart - CTRL+R
14:25:39.921 [JavaFX Application Thread] DEBUG Input                - Registered new binding: Toggle Debug Camera - CTRL+7
14:25:39.926 [JavaFX Application Thread] DEBUG LoopRunner           - Starting loop
14:25:39.926 [JavaFX Application Thread] DEBUG LoopRunner           - Initializing JavaFX AnimationTimerLoop
14:25:39.929 [JavaFX Application Thread] DEBUG GameApplicationServi - Starting new game
14:25:39.929 [JavaFX Application Thread] DEBUG Input                - Clearing active input actions
14:25:39.944 [JavaFX Application Thread] DEBUG GameApplicationServi - Removing overlay from FXGLStartupScene and adding to FXGLLoadingScene
14:25:39.945 [JavaFX Application Thread] DEBUG PrimaryStageWindow   - FXGLStartupScene -> FXGLLoadingScene
14:25:39.945 [JavaFX Application Thread] DEBUG GameApplicationServi - Clearing previous game
14:25:39.945 [JavaFX Application Thread] DEBUG GameScene            - Clearing game scene
14:25:39.945 [JavaFX Application Thread] DEBUG GameWorld            - Clearing game world
14:25:39.945 [JavaFX Application Thread] DEBUG PhysicsWorld         - Clearing physics world
14:25:39.948 [JavaFX Application Thread] DEBUG FXGLApplication      - Registering font factories with UI factory
14:25:39.948 [FXGL Background Thread 4 ] DEBUG FXGLApplication      - Initializing game
14:25:40.005 [FXGL Background Thread 4 ] WARN  TMXLevelLoader       - TiledMap generated from 1.8.4. Supported version: 1.4.2. Some features may not be parsed fully.
14:25:40.032 [FXGL Background Thread 4 ] DEBUG TMXLevelLoader       - Parsed TiledMap: file:/C:/Users/Anass/OneDrive%20-%20Hogeschool%20Leiden/hsleiden/ipose/app/demo/target/classes/assets/levels/map2.tmx
14:25:40.036 [FXGL Background Thread 4 ] DEBUG TMXLevelLoader       - Creating tile layer entities
14:25:40.039 [FXGL Background Thread 4 ] DEBUG TilesetLoader        - Loading view for layer Tilelaag 1
14:25:40.041 [FXGL Background Thread 4 ] DEBUG TilesetLoader        - Created buffer with size 960.0x640.0
14:25:40.090 [FXGL Background Thread 4 ] DEBUG TilesetLoader        - Loading view for layer decoration
14:25:40.092 [FXGL Background Thread 4 ] DEBUG TilesetLoader        - Created buffer with size 960.0x640.0
14:25:40.096 [FXGL Background Thread 4 ] DEBUG TMXLevelLoader       - Creating object layer entities
14:25:40.143 [FXGL Background Thread 4 ] DEBUG GameWorld            - Clearing removable entities
14:25:40.144 [FXGL Background Thread 4 ] DEBUG GameWorld            - Setting level: com.almasb.fxgl.entity.level.Level@2a2a02b5
14:25:40.166 [FXGL Background Thread 4 ] DEBUG FXGLAssetLoaderServi - Loading from file system: file:/C:/Users/Anass/OneDrive%20-%20Hogeschool%20Leiden/hsleiden/ipose/app/demo/target/classes/assets/textures/idle.png
14:25:40.173 [FXGL Background Thread 4 ] DEBUG FXGLAssetLoaderServi - Loading from file system: file:/C:/Users/Anass/OneDrive%20-%20Hogeschool%20Leiden/hsleiden/ipose/app/demo/target/classes/assets/textures/run.png
14:25:40.177 [FXGL Background Thread 4 ] DEBUG FXGLAssetLoaderServi - Loading from file system: file:/C:/Users/Anass/OneDrive%20-%20Hogeschool%20Leiden/hsleiden/ipose/app/demo/target/classes/assets/textures/jump.png
14:25:40.178 [FXGL Background Thread 4 ] DEBUG FXGLAssetLoaderServi - Loading from file system: file:/C:/Users/Anass/OneDrive%20-%20Hogeschool%20Leiden/hsleiden/ipose/app/demo/target/classes/assets/textures/fall.png
14:25:40.194 [FXGL Background Thread 4 ] DEBUG FXGLAssetLoaderServi - Loading from file system: file:/C:/Users/Anass/OneDrive%20-%20Hogeschool%20Leiden/hsleiden/ipose/app/demo/target/classes/assets/textures/open.png
14:25:40.196 [FXGL Background Thread 4 ] DEBUG FXGLAssetLoaderServi - Loading from file system: file:/C:/Users/Anass/OneDrive%20-%20Hogeschool%20Leiden/hsleiden/ipose/app/demo/target/classes/assets/textures/close.png
14:25:40.197 [FXGL Background Thread 4 ] INFO  FXGLApplication      - Game initialization took: 0,250 sec
14:25:40.202 [JavaFX Application Thread] DEBUG Input                - Clearing active input actions
14:25:40.212 [JavaFX Application Thread] DEBUG GameApplicationServi - Removing overlay from FXGLLoadingScene and adding to GameScene
14:25:40.213 [JavaFX Application Thread] DEBUG PrimaryStageWindow   - FXGLLoadingScene -> GameScene
14:25:42.829 [FXGL Background Thread 3 ] DEBUG Engine               - Logging environment variables
14:25:42.830 [FXGL Background Thread 3 ] DEBUG Engine               - achievements: []
14:25:42.831 [FXGL Background Thread 3 ] DEBUG Engine               - actualHeight: 640.0
14:25:42.831 [FXGL Background Thread 3 ] DEBUG Engine               - actualHeightProperty: ReadOnlyDoubleProperty [value: 640.0]
14:25:42.831 [FXGL Background Thread 3 ] DEBUG Engine               - actualWidth: 960.0
14:25:42.831 [FXGL Background Thread 3 ] DEBUG Engine               - actualWidthProperty: ReadOnlyDoubleProperty [value: 960.0]
14:25:42.832 [FXGL Background Thread 3 ] DEBUG Engine               - appIcon: fxgl_icon.png
14:25:42.832 [FXGL Background Thread 3 ] DEBUG Engine               - applicationMode: DEVELOPER
14:25:42.832 [FXGL Background Thread 3 ] DEBUG Engine               - cSSList: [fxgl_dark.css]
14:25:42.832 [FXGL Background Thread 3 ] DEBUG Engine               - collisionDetectionStrategy: BRUTE_FORCE
14:25:42.833 [FXGL Background Thread 3 ] DEBUG Engine               - configClass: Optional.empty
14:25:42.833 [FXGL Background Thread 3 ] DEBUG Engine               - credits: []
14:25:42.834 [FXGL Background Thread 3 ] DEBUG Engine               - defaultCursor: CursorInfo(imageName=fxgl_default_cursor.png, hotspotX=7.0, hotspotY=6.0)
14:25:42.836 [FXGL Background Thread 3 ] DEBUG Engine               - devBBoxColorProperty: ObjectProperty [value: 0xff0000ff]
14:25:42.836 [FXGL Background Thread 3 ] DEBUG Engine               - devEnableDebugCameraProperty: BooleanProperty [value: false]
14:25:42.836 [FXGL Background Thread 3 ] DEBUG Engine               - devSensorColorProperty: ObjectProperty [value: 0xffff00ff]
14:25:42.837 [FXGL Background Thread 3 ] DEBUG Engine               - devShowBBoxProperty: BooleanProperty [value: false]
14:25:42.837 [FXGL Background Thread 3 ] DEBUG Engine               - devShowPositionProperty: BooleanProperty [value: false]
14:25:42.837 [FXGL Background Thread 3 ] DEBUG Engine               - enabledMenuItems: []
14:25:42.837 [FXGL Background Thread 3 ] DEBUG Engine               - engineServices: [class com.almasb.fxgl.app.services.FXGLAssetLoaderService, class com.almasb.fxgl.app.FXGLApplication$GameApplicationService, class com.almasb.fxgl.app.services.FXGLDialogService, class com.almasb.fxgl.app.services.IOTaskExecutorService, class com.almasb.fxgl.io.FileSystemService, class com.almasb.fxgl.localization.LocalizationService, class com.almasb.fxgl.app.services.SystemBundleService, class com.almasb.fxgl.profile.SaveLoadService, class com.almasb.fxgl.ui.FXGLUIFactoryServiceProvider, class com.almasb.fxgl.ui.FXGLDialogFactoryServiceProvider, class com.almasb.fxgl.audio.AudioPlayer, class com.almasb.fxgl.notification.impl.NotificationServiceProvider, class com.almasb.fxgl.achievement.AchievementService, class com.almasb.fxgl.cutscene.CutsceneService, class com.almasb.fxgl.minigames.MiniGameService, class com.almasb.fxgl.net.NetService, class com.almasb.fxgl.app.services.UpdaterService, class com.almasb.fxgl.dev.DevService]
14:25:42.837 [FXGL Background Thread 3 ] DEBUG Engine               - fontGame: Abel-Regular.ttf
14:25:42.837 [FXGL Background Thread 3 ] DEBUG Engine               - fontMono: TerminalLandMono-Regular.otf
14:25:42.837 [FXGL Background Thread 3 ] DEBUG Engine               - fontText: Courier-Prime.ttf
14:25:42.838 [FXGL Background Thread 3 ] DEBUG Engine               - fontUI: VarelaRound-Regular.ttf
14:25:42.838 [FXGL Background Thread 3 ] DEBUG Engine               - fullScreen: BooleanProperty [value: false]
14:25:42.838 [FXGL Background Thread 3 ] DEBUG Engine               - gameDifficulty: MEDIUM
14:25:42.838 [FXGL Background Thread 3 ] DEBUG Engine               - gameDifficultyProperty: ObjectProperty [value: MEDIUM]
14:25:42.838 [FXGL Background Thread 3 ] DEBUG Engine               - globalMusicVolume: 0.5
14:25:42.839 [FXGL Background Thread 3 ] DEBUG Engine               - globalMusicVolumeProperty: DoubleProperty [value: 0.5]
14:25:42.839 [FXGL Background Thread 3 ] DEBUG Engine               - globalSoundVolume: 0.5
14:25:42.839 [FXGL Background Thread 3 ] DEBUG Engine               - globalSoundVolumeProperty: DoubleProperty [value: 0.5]
14:25:42.839 [FXGL Background Thread 3 ] DEBUG Engine               - height: 640
14:25:42.839 [FXGL Background Thread 3 ] DEBUG Engine               - is3D: false
14:25:42.840 [FXGL Background Thread 3 ] DEBUG Engine               - isAndroid: false
14:25:42.840 [FXGL Background Thread 3 ] DEBUG Engine               - isBrowser: false
14:25:42.840 [FXGL Background Thread 3 ] DEBUG Engine               - isClickFeedbackEnabled: false
14:25:42.840 [FXGL Background Thread 3 ] DEBUG Engine               - isCloseConfirmation: false
14:25:42.840 [FXGL Background Thread 3 ] DEBUG Engine               - isDesktop: true
14:25:42.840 [FXGL Background Thread 3 ] DEBUG Engine               - isDeveloperMenuEnabled: false
14:25:42.840 [FXGL Background Thread 3 ] DEBUG Engine               - isEmbedded: false
14:25:42.840 [FXGL Background Thread 3 ] DEBUG Engine               - isEntityPreloadEnabled: true
14:25:42.841 [FXGL Background Thread 3 ] DEBUG Engine               - isExperimentalTiledLargeMap: false
14:25:42.841 [FXGL Background Thread 3 ] DEBUG Engine               - isFileSystemWriteAllowed: true
14:25:42.841 [FXGL Background Thread 3 ] DEBUG Engine               - isFullScreenAllowed: false
14:25:42.841 [FXGL Background Thread 3 ] DEBUG Engine               - isFullScreenFromStart: false
14:25:42.841 [FXGL Background Thread 3 ] DEBUG Engine               - isGameMenuEnabled: true
14:25:42.841 [FXGL Background Thread 3 ] DEBUG Engine               - isIOS: false
14:25:42.841 [FXGL Background Thread 3 ] DEBUG Engine               - isIntroEnabled: false
14:25:42.841 [FXGL Background Thread 3 ] DEBUG Engine               - isLinux: false
14:25:42.841 [FXGL Background Thread 3 ] DEBUG Engine               - isMac: false
14:25:42.841 [FXGL Background Thread 3 ] DEBUG Engine               - isMainMenuEnabled: false
14:25:42.842 [FXGL Background Thread 3 ] DEBUG Engine               - isManualResizeEnabled: false
14:25:42.842 [FXGL Background Thread 3 ] DEBUG Engine               - isMobile: false
14:25:42.842 [FXGL Background Thread 3 ] DEBUG Engine               - isNative: false
14:25:42.842 [FXGL Background Thread 3 ] DEBUG Engine               - isPauseMusicWhenMinimized: true
14:25:42.842 [FXGL Background Thread 3 ] DEBUG Engine               - isPreserveResizeRatio: false
14:25:42.842 [FXGL Background Thread 3 ] DEBUG Engine               - isProfilingEnabled: false
14:25:42.842 [FXGL Background Thread 3 ] DEBUG Engine               - isScaleAffectedOnResize: true
14:25:42.842 [FXGL Background Thread 3 ] DEBUG Engine               - isSingleStep: false
14:25:42.842 [FXGL Background Thread 3 ] DEBUG Engine               - isUserProfileEnabled: false
14:25:42.843 [FXGL Background Thread 3 ] DEBUG Engine               - isWindows: true
14:25:42.843 [FXGL Background Thread 3 ] DEBUG Engine               - language: ObjectProperty [value: ENGLISH]
14:25:42.843 [FXGL Background Thread 3 ] DEBUG Engine               - menuKey: ESCAPE
14:25:42.843 [FXGL Background Thread 3 ] DEBUG Engine               - mouseSensitivity: 0.2
14:25:42.843 [FXGL Background Thread 3 ] DEBUG Engine               - notificationViewClass: class com.almasb.fxgl.notification.view.XboxNotificationView
14:25:42.844 [FXGL Background Thread 3 ] DEBUG Engine               - pixelsPerMeter: 50.0
14:25:42.844 [FXGL Background Thread 3 ] DEBUG Engine               - platform: WINDOWS
14:25:42.844 [FXGL Background Thread 3 ] DEBUG Engine               - prefHeightProperty: ReadOnlyDoubleProperty [value: 640.0]
14:25:42.844 [FXGL Background Thread 3 ] DEBUG Engine               - prefWidthProperty: ReadOnlyDoubleProperty [value: 960.0]
14:25:42.845 [FXGL Background Thread 3 ] DEBUG Engine               - profileDir: profiles/
14:25:42.845 [FXGL Background Thread 3 ] DEBUG Engine               - profileName: StringProperty [value: DEFAULT]
14:25:42.845 [FXGL Background Thread 3 ] DEBUG Engine               - randomSeed: -1
14:25:42.846 [FXGL Background Thread 3 ] DEBUG Engine               - runtimeInfo: RuntimeInfo(platform=WINDOWS, version=17.1, build=24.03.2022 17.34)
14:25:42.846 [FXGL Background Thread 3 ] DEBUG Engine               - saveFileExt: sav
14:25:42.846 [FXGL Background Thread 3 ] DEBUG Engine               - scaledHeightProp$fxgl: DoubleProperty [bound, value: 640.0]
14:25:42.846 [FXGL Background Thread 3 ] DEBUG Engine               - scaledWidthProp$fxgl: DoubleProperty [bound, value: 960.0]
14:25:42.846 [FXGL Background Thread 3 ] DEBUG Engine               - sceneFactory: com.almasb.fxgl.app.scene.SceneFactory@46d6675a
14:25:42.847 [FXGL Background Thread 3 ] DEBUG Engine               - secondsIn24h: 60
14:25:42.847 [FXGL Background Thread 3 ] DEBUG Engine               - soundMenuBack: menu/back.wav
14:25:42.847 [FXGL Background Thread 3 ] DEBUG Engine               - soundMenuPress: menu/press.wav
14:25:42.847 [FXGL Background Thread 3 ] DEBUG Engine               - soundMenuSelect: menu/select.wav
14:25:42.847 [FXGL Background Thread 3 ] DEBUG Engine               - soundNotification: core/notification.wav
14:25:42.847 [FXGL Background Thread 3 ] DEBUG Engine               - stageStyle: DECORATED
14:25:42.847 [FXGL Background Thread 3 ] DEBUG Engine               - supportedLanguages: [ENGLISH, FRENCH, GERMAN, HUNGARIAN, RUSSIAN]
14:25:42.847 [FXGL Background Thread 3 ] DEBUG Engine               - ticksPerSecond: -1
14:25:42.848 [FXGL Background Thread 3 ] DEBUG Engine               - title: Kings and Pigs
14:25:42.849 [FXGL Background Thread 3 ] DEBUG Engine               - urlGithub: https://github.com/AlmasB/FXGL
14:25:42.849 [FXGL Background Thread 3 ] DEBUG Engine               - urlLeaderboard: http://fxgl-top.herokuapp.com/
14:25:42.849 [FXGL Background Thread 3 ] DEBUG Engine               - urlPOM: https://raw.githubusercontent.com/AlmasB/FXGL/release/README.md
14:25:42.849 [FXGL Background Thread 3 ] DEBUG Engine               - userAppClass: class com.example.App
14:25:42.850 [FXGL Background Thread 3 ] DEBUG Engine               - version: 0.1
14:25:42.850 [FXGL Background Thread 3 ] DEBUG Engine               - versionCheckDays: 7
14:25:42.850 [FXGL Background Thread 3 ] DEBUG Engine               - width: 960
14:25:42.850 [FXGL Background Thread 3 ] DEBUG Engine               - Logging services
14:25:42.850 [FXGL Background Thread 3 ] DEBUG Engine               - class com.almasb.fxgl.app.services.FXGLAssetLoaderService
14:25:42.850 [FXGL Background Thread 3 ] DEBUG Engine               - class com.almasb.fxgl.app.FXGLApplication$GameApplicationService
14:25:42.850 [FXGL Background Thread 3 ] DEBUG Engine               - class com.almasb.fxgl.app.services.FXGLDialogService
14:25:42.850 [FXGL Background Thread 3 ] DEBUG Engine               - class com.almasb.fxgl.app.services.IOTaskExecutorService
14:25:42.851 [FXGL Background Thread 3 ] DEBUG Engine               - class com.almasb.fxgl.io.FileSystemService
14:25:42.851 [FXGL Background Thread 3 ] DEBUG Engine               - class com.almasb.fxgl.localization.LocalizationService
14:25:42.851 [FXGL Background Thread 3 ] DEBUG Engine               - class com.almasb.fxgl.app.services.SystemBundleService
14:25:42.851 [FXGL Background Thread 3 ] DEBUG Engine               - class com.almasb.fxgl.profile.SaveLoadService
14:25:42.851 [FXGL Background Thread 3 ] DEBUG Engine               - class com.almasb.fxgl.ui.FXGLUIFactoryServiceProvider
14:25:42.851 [FXGL Background Thread 3 ] DEBUG Engine               - class com.almasb.fxgl.ui.FXGLDialogFactoryServiceProvider
14:25:42.851 [FXGL Background Thread 3 ] DEBUG Engine               - class com.almasb.fxgl.audio.AudioPlayer
14:25:42.851 [FXGL Background Thread 3 ] DEBUG Engine               - class com.almasb.fxgl.notification.impl.NotificationServiceProvider
14:25:42.852 [FXGL Background Thread 3 ] DEBUG Engine               - class com.almasb.fxgl.achievement.AchievementService
14:25:42.852 [FXGL Background Thread 3 ] DEBUG Engine               - class com.almasb.fxgl.cutscene.CutsceneService
14:25:42.852 [FXGL Background Thread 3 ] DEBUG Engine               - class com.almasb.fxgl.minigames.MiniGameService
14:25:42.852 [FXGL Background Thread 3 ] DEBUG Engine               - class com.almasb.fxgl.net.NetService
14:25:42.852 [FXGL Background Thread 3 ] DEBUG Engine               - class com.almasb.fxgl.app.services.UpdaterService
14:25:42.852 [FXGL Background Thread 3 ] DEBUG Engine               - class com.almasb.fxgl.dev.DevService
14:50:50.955 [JavaFX Application Thread] DEBUG FXGLApplication      - Exiting FXGL
14:50:50.955 [JavaFX Application Thread] DEBUG LoopRunner           - Stopping loop
14:50:50.955 [JavaFX Application Thread] DEBUG SystemBundleService  - Saving FXGL system data
14:50:50.959 [JavaFX Application Thread] DEBUG FileSystemAccess     - Writing to: C:\Users\Anass\OneDrive - Hogeschool Leiden\hsleiden\ipose\app\demo\system\fxgl.bundle
14:50:50.964 [JavaFX Application Thread] DEBUG Async                - Shutting down background threads
14:50:50.964 [JavaFX Application Thread] DEBUG PrimaryStageWindow   - Closing main window
14:50:50.983 [JavaFX Application Thread] DEBUG Logger               - Closing Logger
