11:35:45.476 [main                     ] DEBUG Logger               - Configured Logger
11:35:45.507 [main                     ] DEBUG GameApplication      - Logging settings
Title: Kings and Pigs
Version: 0.1
Width: 960
Height: 640
Fullscreen: false
Intro: false
Profiling: false
Single step:false
App Mode: DEVELOPER
Menu Key: ESCAPE
Stage Style: DECORATED
Scene Factory: class com.example.ui.UISceneFactory

11:35:45.950 [JavaFX Application Thread] DEBUG FXGLApplication      - Initializing FXGL
11:35:45.958 [JavaFX Application Thread] INFO  Engine               - FXGL-17.1 (24.03.2022 17.34) on WINDOWS (J:18 FX:18)
11:35:45.958 [JavaFX Application Thread] DEBUG Engine               - JRE Vendor Name: Oracle Corporation
11:35:45.958 [JavaFX Application Thread] DEBUG Engine               - Running on OS: Windows 10 version 10.0
11:35:45.959 [JavaFX Application Thread] DEBUG Engine               - Architecture: amd64
11:35:45.959 [JavaFX Application Thread] INFO  Engine               - Source code and latest versions at: https://github.com/AlmasB/FXGL
11:35:45.959 [JavaFX Application Thread] INFO  Engine               -       Ask questions and discuss at: https://github.com/AlmasB/FXGL/discussions
11:35:45.959 [JavaFX Application Thread] INFO  Engine               -              Join the FXGL chat at: https://gitter.im/AlmasB/FXGL
11:35:46.120 [JavaFX Application Thread] DEBUG PrimaryStageWindow   - Creating a JavaFX scene
11:35:46.183 [JavaFX Application Thread] DEBUG PrimaryStageWindow   - Target settings size: 960.0 x 640.0
11:35:46.184 [JavaFX Application Thread] DEBUG PrimaryStageWindow   - Scaled scene size:    960.0 x 640.0
11:35:46.184 [JavaFX Application Thread] DEBUG PrimaryStageWindow   - Scaled ratio: (1.0, 1.0)
11:35:46.186 [JavaFX Application Thread] DEBUG PrimaryStageWindow   - Set initial scene to FXGLStartupScene
11:35:46.193 [JavaFX Application Thread] DEBUG PrimaryStageWindow   - Opening main window
11:35:46.319 [JavaFX Application Thread] DEBUG PrimaryStageWindow   - Window border size: (14.4000244140625, 37.5999755859375)
11:35:46.319 [JavaFX Application Thread] DEBUG PrimaryStageWindow   - Scaled size: 960.0 x 640.0
11:35:46.319 [JavaFX Application Thread] DEBUG PrimaryStageWindow   - Scaled ratio: (1.0, 1.0)
11:35:46.320 [JavaFX Application Thread] DEBUG PrimaryStageWindow   - Scene size: 960.0 x 640.0
11:35:46.320 [JavaFX Application Thread] DEBUG PrimaryStageWindow   - Stage size: 974.4000244140625 x 677.5999755859375
11:35:46.335 [FXGL Background Thread 1 ] DEBUG Engine               - Initializing environment variables
11:35:46.512 [FXGL Background Thread 1 ] DEBUG FXGLAssetLoaderServi - User app class for loading assets: class com.example.App
11:35:46.514 [FXGL Background Thread 1 ] DEBUG GameApplicationServi - Applying CSS: fxgl_dark.css
11:35:46.520 [FXGL Background Thread 1 ] DEBUG FXGLAssetLoaderServi - Loading from file system: jar:file:/C:/Users/ilias/.m2/repository/com/github/almasb/fxgl/17.1/fxgl-17.1.jar!/fxglassets/ui/css/fxgl_dark.css
11:35:46.645 [FXGL Background Thread 1 ] DEBUG GameApplicationServi - Initializing application scenes
11:35:46.753 [FXGL Background Thread 1 ] DEBUG GameWorld            - Game world initialized
11:35:46.887 [FXGL Background Thread 1 ] DEBUG PhysicsWorld         - Physics world initialized: appHeight=640, physics.ppm=50.0
11:35:46.887 [FXGL Background Thread 1 ] DEBUG PhysicsWorld         - Using strategy: BRUTE_FORCE
11:35:46.892 [FXGL Background Thread 1 ] DEBUG GameScene            - Game scene initialized: 960x640
11:35:46.897 [FXGL Background Thread 1 ] DEBUG GameApplicationServi - Application scenes initialized
11:35:46.937 [FXGL Background Thread 1 ] DEBUG SystemBundleService  - Loading FXGL system data
11:35:46.943 [FXGL Background Thread 1 ] DEBUG FileSystemAccess     - Reading from: C:\Users\ilias\OneDrive\schoolhbo\leerjaar 1\ipose\newApp\demo\system\fxgl.bundle
11:35:46.962 [FXGL Background Thread 1 ] DEBUG SystemBundleService  - Bundle FXGL: {}
11:35:46.963 [FXGL Background Thread 1 ] DEBUG UpdaterService       - Checking for updates
11:35:46.972 [FXGL Background Thread 4 ] DEBUG FXGLApplication      - Loading fonts
11:35:46.973 [FXGL Background Thread 1 ] DEBUG FXGLApplication      - Loading default localization
11:35:46.973 [FXGL Background Thread 4 ] DEBUG FXGLAssetLoaderServi - Loading from file system: jar:file:/C:/Users/ilias/.m2/repository/com/github/almasb/fxgl/17.1/fxgl-17.1.jar!/fxglassets/ui/fonts/VarelaRound-Regular.ttf
11:35:46.974 [FXGL Background Thread 1 ] DEBUG FXGLAssetLoaderServi - Loading from file system: jar:file:/C:/Users/ilias/.m2/repository/com/github/almasb/fxgl/17.1/fxgl-17.1.jar!/fxglassets/languages/english.lang
11:35:47.025 [FXGL Background Thread 1 ] INFO  FXGLApplication      - FXGL initialization took: 0.690 sec
11:35:47.044 [JavaFX Application Thread] DEBUG Input                - Registered new binding: Left - A
11:35:47.044 [JavaFX Application Thread] DEBUG Input                - Registered new binding: Right - D
11:35:47.045 [JavaFX Application Thread] DEBUG Input                - Registered new binding: Jump - W
11:35:47.045 [JavaFX Application Thread] DEBUG Input                - Registered new binding: enter - E
11:35:47.047 [JavaFX Application Thread] DEBUG FXGLAssetLoaderServi - Loading from file system: file:/C:/Users/ilias/OneDrive/schoolhbo/leerjaar%201/ipose/newApp/demo/target/classes/assets/textures/fall.png
11:35:47.120 [FXGL Background Thread 4 ] DEBUG FXGLAssetLoaderServi - Loading from file system: jar:file:/C:/Users/ilias/.m2/repository/com/github/almasb/fxgl/17.1/fxgl-17.1.jar!/fxglassets/ui/fonts/Abel-Regular.ttf
11:35:47.126 [JavaFX Application Thread] DEBUG FXGLAssetLoaderServi - Loading from file system: jar:file:/C:/Users/ilias/.m2/repository/com/github/almasb/fxgl/17.1/fxgl-17.1.jar!/fxglassets/textures/fxgl_default_cursor.png
11:35:47.126 [FXGL Background Thread 4 ] DEBUG FXGLAssetLoaderServi - Loading from file system: jar:file:/C:/Users/ilias/.m2/repository/com/github/almasb/fxgl/17.1/fxgl-17.1.jar!/fxglassets/ui/fonts/TerminalLandMono-Regular.otf
11:35:47.136 [JavaFX Application Thread] DEBUG Input                - Registered new binding: Screenshot - CTRL+8
11:35:47.138 [JavaFX Application Thread] DEBUG Input                - Registered new binding: System info dump - CTRL+9
11:35:47.138 [FXGL Background Thread 4 ] DEBUG FXGLAssetLoaderServi - Loading from file system: jar:file:/C:/Users/ilias/.m2/repository/com/github/almasb/fxgl/17.1/fxgl-17.1.jar!/fxglassets/ui/fonts/Courier-Prime.ttf
11:35:47.138 [JavaFX Application Thread] DEBUG Input                - Registered new binding: Restart - CTRL+R
11:35:47.140 [JavaFX Application Thread] DEBUG Input                - Registered new binding: Toggle Debug Camera - CTRL+7
11:35:47.147 [JavaFX Application Thread] DEBUG LoopRunner           - Starting loop
11:35:47.148 [JavaFX Application Thread] DEBUG LoopRunner           - Initializing JavaFX AnimationTimerLoop
11:35:47.153 [JavaFX Application Thread] DEBUG GameApplicationServi - Starting new game
11:35:47.154 [JavaFX Application Thread] DEBUG Input                - Clearing active input actions
11:35:47.170 [JavaFX Application Thread] DEBUG GameApplicationServi - Removing overlay from FXGLStartupScene and adding to FXGLLoadingScene
11:35:47.170 [JavaFX Application Thread] DEBUG PrimaryStageWindow   - FXGLStartupScene -> FXGLLoadingScene
11:35:47.170 [JavaFX Application Thread] DEBUG GameApplicationServi - Clearing previous game
11:35:47.170 [JavaFX Application Thread] DEBUG GameScene            - Clearing game scene
11:35:47.170 [JavaFX Application Thread] DEBUG GameWorld            - Clearing game world
11:35:47.171 [JavaFX Application Thread] DEBUG PhysicsWorld         - Clearing physics world
11:35:47.173 [FXGL Background Thread 4 ] DEBUG FXGLApplication      - Initializing game
11:35:47.173 [JavaFX Application Thread] DEBUG FXGLApplication      - Registering font factories with UI factory
11:35:47.263 [FXGL Background Thread 4 ] WARN  TMXLevelLoader       - TiledMap generated from 1.8.4. Supported version: 1.4.2. Some features may not be parsed fully.
11:35:47.281 [FXGL Background Thread 4 ] DEBUG TMXLevelLoader       - Parsed TiledMap: file:/C:/Users/ilias/OneDrive/schoolhbo/leerjaar%201/ipose/newApp/demo/target/classes/assets/levels/terrain.tmx
11:35:47.284 [FXGL Background Thread 4 ] DEBUG TMXLevelLoader       - Creating tile layer entities
11:35:47.289 [FXGL Background Thread 4 ] DEBUG TilesetLoader        - Loading view for layer Tile Layer 1
11:35:47.299 [FXGL Background Thread 4 ] DEBUG TilesetLoader        - Created buffer with size 960.0x640.0
11:35:47.387 [FXGL Background Thread 4 ] DEBUG TilesetLoader        - Loading view for layer decorations
11:35:47.388 [FXGL Background Thread 4 ] DEBUG TilesetLoader        - Created buffer with size 960.0x640.0
11:35:47.392 [FXGL Background Thread 4 ] DEBUG TMXLevelLoader       - Creating object layer entities
11:35:47.439 [FXGL Background Thread 4 ] DEBUG GameWorld            - Clearing removable entities
11:35:47.440 [FXGL Background Thread 4 ] DEBUG GameWorld            - Setting level: com.almasb.fxgl.entity.level.Level@44a762e2
11:35:47.466 [FXGL Background Thread 4 ] DEBUG FXGLAssetLoaderServi - Loading from file system: file:/C:/Users/ilias/OneDrive/schoolhbo/leerjaar%201/ipose/newApp/demo/target/classes/assets/textures/idle.png
11:35:47.473 [FXGL Background Thread 4 ] DEBUG FXGLAssetLoaderServi - Loading from file system: file:/C:/Users/ilias/OneDrive/schoolhbo/leerjaar%201/ipose/newApp/demo/target/classes/assets/textures/run.png
11:35:47.476 [FXGL Background Thread 4 ] DEBUG FXGLAssetLoaderServi - Loading from file system: file:/C:/Users/ilias/OneDrive/schoolhbo/leerjaar%201/ipose/newApp/demo/target/classes/assets/textures/jump.png
11:35:47.507 [FXGL Background Thread 4 ] DEBUG FXGLAssetLoaderServi - Loading from file system: file:/C:/Users/ilias/OneDrive/schoolhbo/leerjaar%201/ipose/newApp/demo/target/classes/assets/textures/open.png
11:35:47.509 [FXGL Background Thread 4 ] DEBUG FXGLAssetLoaderServi - Loading from file system: file:/C:/Users/ilias/OneDrive/schoolhbo/leerjaar%201/ipose/newApp/demo/target/classes/assets/textures/close.png
11:35:47.510 [FXGL Background Thread 4 ] DEBUG FXGLAssetLoaderServi - Loading from file system: file:/C:/Users/ilias/OneDrive/schoolhbo/leerjaar%201/ipose/newApp/demo/target/classes/assets/textures/dooridle.png
11:35:47.517 [FXGL Background Thread 4 ] DEBUG FXGLAssetLoaderServi - Loading from file system: file:/C:/Users/ilias/OneDrive/schoolhbo/leerjaar%201/ipose/newApp/demo/target/classes/assets/textures/diamond.png
11:35:47.518 [FXGL Background Thread 4 ] DEBUG FXGLAssetLoaderServi - Loading from file system: file:/C:/Users/ilias/OneDrive/schoolhbo/leerjaar%201/ipose/newApp/demo/target/classes/assets/textures/collectdiamond.png
11:35:47.521 [FXGL Background Thread 4 ] INFO  FXGLApplication      - Game initialization took: 0.348 sec
11:35:47.522 [JavaFX Application Thread] DEBUG Input                - Clearing active input actions
11:35:47.533 [JavaFX Application Thread] DEBUG GameApplicationServi - Removing overlay from FXGLLoadingScene and adding to GameScene
11:35:47.534 [JavaFX Application Thread] DEBUG PrimaryStageWindow   - FXGLLoadingScene -> GameScene
11:35:49.970 [FXGL Background Thread 3 ] DEBUG Engine               - Logging environment variables
11:35:49.971 [FXGL Background Thread 3 ] DEBUG Engine               - achievements: []
11:35:49.971 [FXGL Background Thread 3 ] DEBUG Engine               - actualHeight: 640.0
11:35:49.971 [FXGL Background Thread 3 ] DEBUG Engine               - actualHeightProperty: ReadOnlyDoubleProperty [value: 640.0]
11:35:49.971 [FXGL Background Thread 3 ] DEBUG Engine               - actualWidth: 960.0
11:35:49.971 [FXGL Background Thread 3 ] DEBUG Engine               - actualWidthProperty: ReadOnlyDoubleProperty [value: 960.0]
11:35:49.971 [FXGL Background Thread 3 ] DEBUG Engine               - appIcon: fall.png
11:35:49.971 [FXGL Background Thread 3 ] DEBUG Engine               - applicationMode: DEVELOPER
11:35:49.971 [FXGL Background Thread 3 ] DEBUG Engine               - cSSList: [fxgl_dark.css]
11:35:49.971 [FXGL Background Thread 3 ] DEBUG Engine               - collisionDetectionStrategy: BRUTE_FORCE
11:35:49.971 [FXGL Background Thread 3 ] DEBUG Engine               - configClass: Optional.empty
11:35:49.971 [FXGL Background Thread 3 ] DEBUG Engine               - credits: []
11:35:49.972 [FXGL Background Thread 3 ] DEBUG Engine               - defaultCursor: CursorInfo(imageName=fxgl_default_cursor.png, hotspotX=7.0, hotspotY=6.0)
11:35:49.973 [FXGL Background Thread 3 ] DEBUG Engine               - devBBoxColorProperty: ObjectProperty [value: 0xff0000ff]
11:35:49.973 [FXGL Background Thread 3 ] DEBUG Engine               - devEnableDebugCameraProperty: BooleanProperty [value: false]
11:35:49.973 [FXGL Background Thread 3 ] DEBUG Engine               - devSensorColorProperty: ObjectProperty [value: 0xffff00ff]
11:35:49.973 [FXGL Background Thread 3 ] DEBUG Engine               - devShowBBoxProperty: BooleanProperty [value: false]
11:35:49.973 [FXGL Background Thread 3 ] DEBUG Engine               - devShowPositionProperty: BooleanProperty [value: false]
11:35:49.973 [FXGL Background Thread 3 ] DEBUG Engine               - enabledMenuItems: [EXTRA]
11:35:49.973 [FXGL Background Thread 3 ] DEBUG Engine               - engineServices: [class com.almasb.fxgl.app.services.FXGLAssetLoaderService, class com.almasb.fxgl.app.FXGLApplication$GameApplicationService, class com.almasb.fxgl.app.services.FXGLDialogService, class com.almasb.fxgl.app.services.IOTaskExecutorService, class com.almasb.fxgl.io.FileSystemService, class com.almasb.fxgl.localization.LocalizationService, class com.almasb.fxgl.app.services.SystemBundleService, class com.almasb.fxgl.profile.SaveLoadService, class com.almasb.fxgl.ui.FXGLUIFactoryServiceProvider, class com.almasb.fxgl.ui.FXGLDialogFactoryServiceProvider, class com.almasb.fxgl.audio.AudioPlayer, class com.almasb.fxgl.notification.impl.NotificationServiceProvider, class com.almasb.fxgl.achievement.AchievementService, class com.almasb.fxgl.cutscene.CutsceneService, class com.almasb.fxgl.minigames.MiniGameService, class com.almasb.fxgl.net.NetService, class com.almasb.fxgl.app.services.UpdaterService, class com.almasb.fxgl.dev.DevService]
11:35:49.973 [FXGL Background Thread 3 ] DEBUG Engine               - fontGame: Abel-Regular.ttf
11:35:49.973 [FXGL Background Thread 3 ] DEBUG Engine               - fontMono: TerminalLandMono-Regular.otf
11:35:49.973 [FXGL Background Thread 3 ] DEBUG Engine               - fontText: Courier-Prime.ttf
11:35:49.973 [FXGL Background Thread 3 ] DEBUG Engine               - fontUI: VarelaRound-Regular.ttf
11:35:49.973 [FXGL Background Thread 3 ] DEBUG Engine               - fullScreen: BooleanProperty [value: false]
11:35:49.973 [FXGL Background Thread 3 ] DEBUG Engine               - gameDifficulty: MEDIUM
11:35:49.973 [FXGL Background Thread 3 ] DEBUG Engine               - gameDifficultyProperty: ObjectProperty [value: MEDIUM]
11:35:49.973 [FXGL Background Thread 3 ] DEBUG Engine               - globalMusicVolume: 0.5
11:35:49.973 [FXGL Background Thread 3 ] DEBUG Engine               - globalMusicVolumeProperty: DoubleProperty [value: 0.5]
11:35:49.974 [FXGL Background Thread 3 ] DEBUG Engine               - globalSoundVolume: 0.5
11:35:49.974 [FXGL Background Thread 3 ] DEBUG Engine               - globalSoundVolumeProperty: DoubleProperty [value: 0.5]
11:35:49.974 [FXGL Background Thread 3 ] DEBUG Engine               - height: 640
11:35:49.974 [FXGL Background Thread 3 ] DEBUG Engine               - is3D: false
11:35:49.974 [FXGL Background Thread 3 ] DEBUG Engine               - isAndroid: false
11:35:49.974 [FXGL Background Thread 3 ] DEBUG Engine               - isBrowser: false
11:35:49.974 [FXGL Background Thread 3 ] DEBUG Engine               - isClickFeedbackEnabled: false
11:35:49.974 [FXGL Background Thread 3 ] DEBUG Engine               - isCloseConfirmation: false
11:35:49.974 [FXGL Background Thread 3 ] DEBUG Engine               - isDesktop: true
11:35:49.974 [FXGL Background Thread 3 ] DEBUG Engine               - isDeveloperMenuEnabled: false
11:35:49.974 [FXGL Background Thread 3 ] DEBUG Engine               - isEmbedded: false
11:35:49.974 [FXGL Background Thread 3 ] DEBUG Engine               - isEntityPreloadEnabled: true
11:35:49.974 [FXGL Background Thread 3 ] DEBUG Engine               - isExperimentalTiledLargeMap: false
11:35:49.974 [FXGL Background Thread 3 ] DEBUG Engine               - isFileSystemWriteAllowed: true
11:35:49.974 [FXGL Background Thread 3 ] DEBUG Engine               - isFullScreenAllowed: false
11:35:49.975 [FXGL Background Thread 3 ] DEBUG Engine               - isFullScreenFromStart: false
11:35:49.975 [FXGL Background Thread 3 ] DEBUG Engine               - isGameMenuEnabled: true
11:35:49.975 [FXGL Background Thread 3 ] DEBUG Engine               - isIOS: false
11:35:49.975 [FXGL Background Thread 3 ] DEBUG Engine               - isIntroEnabled: false
11:35:49.975 [FXGL Background Thread 3 ] DEBUG Engine               - isLinux: false
11:35:49.975 [FXGL Background Thread 3 ] DEBUG Engine               - isMac: false
11:35:49.975 [FXGL Background Thread 3 ] DEBUG Engine               - isMainMenuEnabled: false
11:35:49.975 [FXGL Background Thread 3 ] DEBUG Engine               - isManualResizeEnabled: false
11:35:49.975 [FXGL Background Thread 3 ] DEBUG Engine               - isMobile: false
11:35:49.975 [FXGL Background Thread 3 ] DEBUG Engine               - isNative: false
11:35:49.975 [FXGL Background Thread 3 ] DEBUG Engine               - isPauseMusicWhenMinimized: true
11:35:49.975 [FXGL Background Thread 3 ] DEBUG Engine               - isPreserveResizeRatio: false
11:35:49.975 [FXGL Background Thread 3 ] DEBUG Engine               - isProfilingEnabled: false
11:35:49.975 [FXGL Background Thread 3 ] DEBUG Engine               - isScaleAffectedOnResize: true
11:35:49.975 [FXGL Background Thread 3 ] DEBUG Engine               - isSingleStep: false
11:35:49.975 [FXGL Background Thread 3 ] DEBUG Engine               - isUserProfileEnabled: false
11:35:49.975 [FXGL Background Thread 3 ] DEBUG Engine               - isWindows: true
11:35:49.975 [FXGL Background Thread 3 ] DEBUG Engine               - language: ObjectProperty [value: ENGLISH]
11:35:49.975 [FXGL Background Thread 3 ] DEBUG Engine               - menuKey: ESCAPE
11:35:49.976 [FXGL Background Thread 3 ] DEBUG Engine               - mouseSensitivity: 0.2
11:35:49.976 [FXGL Background Thread 3 ] DEBUG Engine               - notificationViewClass: class com.almasb.fxgl.notification.view.XboxNotificationView
11:35:49.976 [FXGL Background Thread 3 ] DEBUG Engine               - pixelsPerMeter: 50.0
11:35:49.976 [FXGL Background Thread 3 ] DEBUG Engine               - platform: WINDOWS
11:35:49.976 [FXGL Background Thread 3 ] DEBUG Engine               - prefHeightProperty: ReadOnlyDoubleProperty [value: 640.0]
11:35:49.976 [FXGL Background Thread 3 ] DEBUG Engine               - prefWidthProperty: ReadOnlyDoubleProperty [value: 960.0]
11:35:49.976 [FXGL Background Thread 3 ] DEBUG Engine               - profileDir: profiles/
11:35:49.976 [FXGL Background Thread 3 ] DEBUG Engine               - profileName: StringProperty [value: DEFAULT]
11:35:49.976 [FXGL Background Thread 3 ] DEBUG Engine               - randomSeed: -1
11:35:49.977 [FXGL Background Thread 3 ] DEBUG Engine               - runtimeInfo: RuntimeInfo(platform=WINDOWS, version=17.1, build=24.03.2022 17.34)
11:35:49.977 [FXGL Background Thread 3 ] DEBUG Engine               - saveFileExt: sav
11:35:49.977 [FXGL Background Thread 3 ] DEBUG Engine               - scaledHeightProp$fxgl: DoubleProperty [bound, value: 640.0]
11:35:49.978 [FXGL Background Thread 3 ] DEBUG Engine               - scaledWidthProp$fxgl: DoubleProperty [bound, value: 960.0]
11:35:49.978 [FXGL Background Thread 3 ] DEBUG Engine               - sceneFactory: com.example.ui.UISceneFactory@3e1fa5dc
11:35:49.978 [FXGL Background Thread 3 ] DEBUG Engine               - secondsIn24h: 60
11:35:49.978 [FXGL Background Thread 3 ] DEBUG Engine               - soundMenuBack: menu/back.wav
11:35:49.978 [FXGL Background Thread 3 ] DEBUG Engine               - soundMenuPress: menu/press.wav
11:35:49.978 [FXGL Background Thread 3 ] DEBUG Engine               - soundMenuSelect: menu/select.wav
11:35:49.978 [FXGL Background Thread 3 ] DEBUG Engine               - soundNotification: core/notification.wav
11:35:49.978 [FXGL Background Thread 3 ] DEBUG Engine               - stageStyle: DECORATED
11:35:49.978 [FXGL Background Thread 3 ] DEBUG Engine               - supportedLanguages: [ENGLISH, FRENCH, GERMAN, HUNGARIAN, RUSSIAN]
11:35:49.978 [FXGL Background Thread 3 ] DEBUG Engine               - ticksPerSecond: -1
11:35:49.978 [FXGL Background Thread 3 ] DEBUG Engine               - title: Kings and Pigs
11:35:49.978 [FXGL Background Thread 3 ] DEBUG Engine               - urlGithub: https://github.com/AlmasB/FXGL
11:35:49.978 [FXGL Background Thread 3 ] DEBUG Engine               - urlLeaderboard: http://fxgl-top.herokuapp.com/
11:35:49.978 [FXGL Background Thread 3 ] DEBUG Engine               - urlPOM: https://raw.githubusercontent.com/AlmasB/FXGL/release/README.md
11:35:49.978 [FXGL Background Thread 3 ] DEBUG Engine               - userAppClass: class com.example.App
11:35:49.978 [FXGL Background Thread 3 ] DEBUG Engine               - version: 0.1
11:35:49.978 [FXGL Background Thread 3 ] DEBUG Engine               - versionCheckDays: 7
11:35:49.978 [FXGL Background Thread 3 ] DEBUG Engine               - width: 960
11:35:49.979 [FXGL Background Thread 3 ] DEBUG Engine               - Logging services
11:35:49.979 [FXGL Background Thread 3 ] DEBUG Engine               - class com.almasb.fxgl.app.services.FXGLAssetLoaderService
11:35:49.979 [FXGL Background Thread 3 ] DEBUG Engine               - class com.almasb.fxgl.app.FXGLApplication$GameApplicationService
11:35:49.979 [FXGL Background Thread 3 ] DEBUG Engine               - class com.almasb.fxgl.app.services.FXGLDialogService
11:35:49.979 [FXGL Background Thread 3 ] DEBUG Engine               - class com.almasb.fxgl.app.services.IOTaskExecutorService
11:35:49.979 [FXGL Background Thread 3 ] DEBUG Engine               - class com.almasb.fxgl.io.FileSystemService
11:35:49.979 [FXGL Background Thread 3 ] DEBUG Engine               - class com.almasb.fxgl.localization.LocalizationService
11:35:49.979 [FXGL Background Thread 3 ] DEBUG Engine               - class com.almasb.fxgl.app.services.SystemBundleService
11:35:49.979 [FXGL Background Thread 3 ] DEBUG Engine               - class com.almasb.fxgl.profile.SaveLoadService
11:35:49.979 [FXGL Background Thread 3 ] DEBUG Engine               - class com.almasb.fxgl.ui.FXGLUIFactoryServiceProvider
11:35:49.979 [FXGL Background Thread 3 ] DEBUG Engine               - class com.almasb.fxgl.ui.FXGLDialogFactoryServiceProvider
11:35:49.979 [FXGL Background Thread 3 ] DEBUG Engine               - class com.almasb.fxgl.audio.AudioPlayer
11:35:49.979 [FXGL Background Thread 3 ] DEBUG Engine               - class com.almasb.fxgl.notification.impl.NotificationServiceProvider
11:35:49.979 [FXGL Background Thread 3 ] DEBUG Engine               - class com.almasb.fxgl.achievement.AchievementService
11:35:49.979 [FXGL Background Thread 3 ] DEBUG Engine               - class com.almasb.fxgl.cutscene.CutsceneService
11:35:49.979 [FXGL Background Thread 3 ] DEBUG Engine               - class com.almasb.fxgl.minigames.MiniGameService
11:35:49.979 [FXGL Background Thread 3 ] DEBUG Engine               - class com.almasb.fxgl.net.NetService
11:35:49.979 [FXGL Background Thread 3 ] DEBUG Engine               - class com.almasb.fxgl.app.services.UpdaterService
11:35:49.979 [FXGL Background Thread 3 ] DEBUG Engine               - class com.almasb.fxgl.dev.DevService
11:35:50.809 [JavaFX Application Thread] DEBUG PrimaryStageWindow   - Push state: GameMenu
11:35:50.809 [JavaFX Application Thread] DEBUG LoopRunner           - Stopping loop
11:35:50.816 [JavaFX Application Thread] FATAL FXGLApplication      - Uncaught Exception:
java.lang.NullPointerException: Cannot invoke "com.almasb.fxgl.animation.Animation.stop()" because "this.animation" is null
	at com.example.ui.GameMenu.onCreate(GameMenu.java:42)
	at com.almasb.fxgl.core.fsm.StateMachine.changeState(StateMachine.kt:80)
	at com.almasb.fxgl.app.MainWindow.pushState(MainWindow.kt:160)
	at com.almasb.fxgl.app.FXGLApplication$GameApplicationService.pushSubScene(FXGLApplication.kt:711)
	at com.almasb.fxgl.app.FXGLApplication$GameApplicationService$initAppScenes$menuKeyHandler$1.onMenuKey(FXGLApplication.kt:480)
	at com.almasb.fxgl.app.FXGLApplication$GameApplicationService$initAppScenes$menuKeyHandler$1.handle(FXGLApplication.kt:487)
	at com.almasb.fxgl.app.FXGLApplication$GameApplicationService$initAppScenes$menuKeyHandler$1.handle(FXGLApplication.kt:463)
	at com.almasb.fxgl.input.Input.fire(Input.kt:244)
	at com.almasb.fxgl.input.Input.fireEventViaHandlers(Input.kt:226)
	at com.almasb.fxgl.app.PrimaryStageWindow$4$1.invoke(MainWindow.kt:324)
	at com.almasb.fxgl.app.PrimaryStageWindow$4$1.invoke(MainWindow.kt:324)
	at com.almasb.fxgl.core.fsm.StateMachine.runOnActiveStates(StateMachine.kt:69)
	at com.almasb.fxgl.app.PrimaryStageWindow$4.invoke(MainWindow.kt:324)
	at com.almasb.fxgl.app.PrimaryStageWindow$4.invoke(MainWindow.kt:317)
	at com.almasb.fxgl.app.MainWindow.addGlobalHandler$lambda-4(MainWindow.kt:245)
	at com.sun.javafx.event.CompositeEventHandler$NormalEventHandlerRecord.handleBubblingEvent(CompositeEventHandler.java:247)
	at com.sun.javafx.event.CompositeEventHandler.dispatchBubblingEvent(CompositeEventHandler.java:80)
	at com.sun.javafx.event.EventHandlerManager.dispatchBubblingEvent(EventHandlerManager.java:234)
	at com.sun.javafx.event.EventHandlerManager.dispatchBubblingEvent(EventHandlerManager.java:191)
	at com.sun.javafx.event.CompositeEventDispatcher.dispatchBubblingEvent(CompositeEventDispatcher.java:59)
	at com.sun.javafx.event.BasicEventDispatcher.dispatchEvent(BasicEventDispatcher.java:58)
	at com.sun.javafx.event.EventDispatchChainImpl.dispatchEvent(EventDispatchChainImpl.java:114)
	at com.sun.javafx.event.BasicEventDispatcher.dispatchEvent(BasicEventDispatcher.java:56)
	at com.sun.javafx.event.EventDispatchChainImpl.dispatchEvent(EventDispatchChainImpl.java:114)
	at com.sun.javafx.event.EventUtil.fireEventImpl(EventUtil.java:74)
	at com.sun.javafx.event.EventUtil.fireEvent(EventUtil.java:54)
	at javafx.event.Event.fireEvent(Event.java:198)
	at javafx.scene.Scene$KeyHandler.process(Scene.java:4089)
	at javafx.scene.Scene.processKeyEvent(Scene.java:2146)
	at javafx.scene.Scene$ScenePeerListener.keyEvent(Scene.java:2614)
	at com.sun.javafx.tk.quantum.GlassViewEventHandler$KeyEventNotification.run(GlassViewEventHandler.java:218)
	at com.sun.javafx.tk.quantum.GlassViewEventHandler$KeyEventNotification.run(GlassViewEventHandler.java:150)
	at java.base/java.security.AccessController.doPrivileged(AccessController.java:399)
	at com.sun.javafx.tk.quantum.GlassViewEventHandler.lambda$handleKeyEvent$1(GlassViewEventHandler.java:250)
	at com.sun.javafx.tk.quantum.QuantumToolkit.runWithoutRenderLock(QuantumToolkit.java:424)
	at com.sun.javafx.tk.quantum.GlassViewEventHandler.handleKeyEvent(GlassViewEventHandler.java:249)
	at com.sun.glass.ui.View.handleKeyEvent(View.java:542)
	at com.sun.glass.ui.View.notifyKey(View.java:966)
	at com.sun.glass.ui.win.WinApplication._runLoop(Native Method)
	at com.sun.glass.ui.win.WinApplication.lambda$runLoop$3(WinApplication.java:184)
	at java.base/java.lang.Thread.run(Thread.java:833)

11:35:50.823 [JavaFX Application Thread] FATAL FXGLApplication      - Application will now exit
11:35:50.879 [JavaFX Application Thread] DEBUG PrimaryStageWindow   - Push state: ErrorSubScene
11:35:50.879 [JavaFX Application Thread] DEBUG Input                - Clearing active input actions
11:35:50.886 [JavaFX Application Thread] DEBUG GameApplicationServi - Removing overlay from GameScene and adding to ErrorSubScene
11:35:50.887 [JavaFX Application Thread] DEBUG PrimaryStageWindow   - GameScene -> ErrorSubScene
11:35:55.363 [JavaFX Application Thread] DEBUG FXGLApplication      - Exiting FXGL
11:35:55.363 [JavaFX Application Thread] DEBUG Async                - Shutting down background threads
11:35:55.363 [JavaFX Application Thread] DEBUG PrimaryStageWindow   - Closing main window
11:35:55.395 [JavaFX Application Thread] DEBUG Logger               - Closing Logger
