12:56:35.612 [main                     ] DEBUG Logger               - Configured Logger
12:56:35.634 [main                     ] DEBUG GameApplication      - Logging settings
Title: Kings and Pigs
Version: 0.1
Width: 960
Height: 640
Fullscreen: false
Intro: false
Profiling: false
Single step:false
App Mode: DEVELOPER
Menu Key: ESCAPE
Stage Style: DECORATED
Scene Factory: class com.almasb.fxgl.app.scene.SceneFactory

12:56:35.953 [JavaFX Application Thread] DEBUG FXGLApplication      - Initializing FXGL
12:56:35.959 [JavaFX Application Thread] INFO  Engine               - FXGL-17.1 (24.03.2022 17.34) on WINDOWS (J:18 FX:18)
12:56:35.959 [JavaFX Application Thread] DEBUG Engine               - JRE Vendor Name: Oracle Corporation
12:56:35.959 [JavaFX Application Thread] DEBUG Engine               - Running on OS: Windows 11 version 10.0
12:56:35.960 [JavaFX Application Thread] DEBUG Engine               - Architecture: amd64
12:56:35.960 [JavaFX Application Thread] INFO  Engine               - Source code and latest versions at: https://github.com/AlmasB/FXGL
12:56:35.960 [JavaFX Application Thread] INFO  Engine               -       Ask questions and discuss at: https://github.com/AlmasB/FXGL/discussions
12:56:35.960 [JavaFX Application Thread] INFO  Engine               -              Join the FXGL chat at: https://gitter.im/AlmasB/FXGL
12:56:36.057 [JavaFX Application Thread] DEBUG PrimaryStageWindow   - Creating a JavaFX scene
12:56:36.097 [JavaFX Application Thread] DEBUG PrimaryStageWindow   - Target settings size: 960.0 x 640.0
12:56:36.097 [JavaFX Application Thread] DEBUG PrimaryStageWindow   - Scaled scene size:    960.0 x 640.0
12:56:36.098 [JavaFX Application Thread] DEBUG PrimaryStageWindow   - Scaled ratio: (1.0, 1.0)
12:56:36.100 [JavaFX Application Thread] DEBUG PrimaryStageWindow   - Set initial scene to FXGLStartupScene
12:56:36.106 [JavaFX Application Thread] DEBUG PrimaryStageWindow   - Opening main window
12:56:36.176 [JavaFX Application Thread] DEBUG PrimaryStageWindow   - Window border size: (12.79998779296875, 35.20001220703125)
12:56:36.176 [JavaFX Application Thread] DEBUG PrimaryStageWindow   - Scaled size: 960.0 x 640.0
12:56:36.177 [JavaFX Application Thread] DEBUG PrimaryStageWindow   - Scaled ratio: (1.0, 1.0)
12:56:36.177 [JavaFX Application Thread] DEBUG PrimaryStageWindow   - Scene size: 960.0 x 640.0
12:56:36.177 [JavaFX Application Thread] DEBUG PrimaryStageWindow   - Stage size: 972.7999877929688 x 675.2000122070312
12:56:36.182 [FXGL Background Thread 1 ] DEBUG Engine               - Initializing environment variables
12:56:36.244 [FXGL Background Thread 1 ] DEBUG FXGLAssetLoaderServi - User app class for loading assets: class com.example.App
12:56:36.244 [FXGL Background Thread 1 ] DEBUG GameApplicationServi - Applying CSS: fxgl_dark.css
12:56:36.245 [FXGL Background Thread 1 ] DEBUG FXGLAssetLoaderServi - Loading from file system: jar:file:/C:/Users/jeffr/.m2/repository/com/github/almasb/fxgl/17.1/fxgl-17.1.jar!/fxglassets/ui/css/fxgl_dark.css
12:56:36.303 [FXGL Background Thread 1 ] DEBUG GameApplicationServi - Initializing application scenes
12:56:36.362 [FXGL Background Thread 1 ] DEBUG GameWorld            - Game world initialized
12:56:36.435 [FXGL Background Thread 1 ] DEBUG PhysicsWorld         - Physics world initialized: appHeight=640, physics.ppm=50.0
12:56:36.436 [FXGL Background Thread 1 ] DEBUG PhysicsWorld         - Using strategy: BRUTE_FORCE
12:56:36.442 [FXGL Background Thread 1 ] DEBUG GameScene            - Game scene initialized: 960x640
12:56:36.465 [FXGL Background Thread 1 ] DEBUG FXGL.DefaultMenu     - createMenuBodyGameMenu()
12:56:36.486 [FXGL Background Thread 1 ] DEBUG FXGL.DefaultMenu     - createOptionsMenu()
12:56:36.498 [FXGL Background Thread 1 ] DEBUG FXGLAssetLoaderServi - Loading from file system: jar:file:/C:/Users/jeffr/.m2/repository/com/github/almasb/fxgl/17.1/fxgl-17.1.jar!/fxglassets/textures/particles/smoke.png
12:56:36.595 [FXGL Background Thread 1 ] DEBUG FXGLAssetLoaderServi - Loading from file system: jar:file:/C:/Users/jeffr/.m2/repository/com/github/almasb/fxgl/17.1/fxgl-17.1.jar!/fxglassets/textures/particles/trace_horizontal.png
12:56:36.617 [FXGL Background Thread 1 ] DEBUG GameApplicationServi - Application scenes initialized
12:56:36.629 [FXGL Background Thread 1 ] DEBUG SystemBundleService  - Loading FXGL system data
12:56:36.633 [FXGL Background Thread 1 ] DEBUG FileSystemAccess     - Reading from: C:\Users\jeffr\Documents\java\demo\system\fxgl.bundle
12:56:36.640 [FXGL Background Thread 1 ] DEBUG SystemBundleService  - Bundle FXGL: {}
12:56:36.640 [FXGL Background Thread 1 ] DEBUG UpdaterService       - Checking for updates
12:56:36.642 [FXGL Background Thread 4 ] DEBUG FXGLApplication      - Loading fonts
12:56:36.643 [FXGL Background Thread 1 ] DEBUG FXGLApplication      - Loading default localization
12:56:36.643 [FXGL Background Thread 4 ] DEBUG FXGLAssetLoaderServi - Loading from file system: jar:file:/C:/Users/jeffr/.m2/repository/com/github/almasb/fxgl/17.1/fxgl-17.1.jar!/fxglassets/ui/fonts/VarelaRound-Regular.ttf
12:56:36.644 [FXGL Background Thread 1 ] DEBUG FXGLAssetLoaderServi - Loading from file system: jar:file:/C:/Users/jeffr/.m2/repository/com/github/almasb/fxgl/17.1/fxgl-17.1.jar!/fxglassets/languages/english.lang
12:56:36.688 [FXGL Background Thread 1 ] INFO  FXGLApplication      - FXGL initialization took: 0.506 sec
12:56:36.689 [FXGL Background Thread 4 ] DEBUG FXGLAssetLoaderServi - Loading from file system: jar:file:/C:/Users/jeffr/.m2/repository/com/github/almasb/fxgl/17.1/fxgl-17.1.jar!/fxglassets/ui/fonts/Abel-Regular.ttf
12:56:36.692 [FXGL Background Thread 4 ] DEBUG FXGLAssetLoaderServi - Loading from file system: jar:file:/C:/Users/jeffr/.m2/repository/com/github/almasb/fxgl/17.1/fxgl-17.1.jar!/fxglassets/ui/fonts/TerminalLandMono-Regular.otf
12:56:36.696 [FXGL Background Thread 4 ] DEBUG FXGLAssetLoaderServi - Loading from file system: jar:file:/C:/Users/jeffr/.m2/repository/com/github/almasb/fxgl/17.1/fxgl-17.1.jar!/fxglassets/ui/fonts/Courier-Prime.ttf
12:56:36.700 [JavaFX Application Thread] DEBUG Input                - Registered new binding: Left - A
12:56:36.700 [JavaFX Application Thread] DEBUG Input                - Registered new binding: Right - D
12:56:36.701 [JavaFX Application Thread] DEBUG Input                - Registered new binding: Jump - W
12:56:36.701 [JavaFX Application Thread] DEBUG Input                - Registered new binding: attack - E
12:56:36.701 [JavaFX Application Thread] DEBUG FXGLAssetLoaderServi - Loading from file system: jar:file:/C:/Users/jeffr/.m2/repository/com/github/almasb/fxgl/17.1/fxgl-17.1.jar!/fxglassets/textures/fxgl_icon.png
12:56:36.719 [JavaFX Application Thread] DEBUG FXGLAssetLoaderServi - Loading from file system: jar:file:/C:/Users/jeffr/.m2/repository/com/github/almasb/fxgl/17.1/fxgl-17.1.jar!/fxglassets/textures/fxgl_default_cursor.png
12:56:36.722 [JavaFX Application Thread] DEBUG Input                - Registered new binding: Screenshot - CTRL+8
12:56:36.724 [JavaFX Application Thread] DEBUG Input                - Registered new binding: System info dump - CTRL+9
12:56:36.726 [JavaFX Application Thread] DEBUG Input                - Registered new binding: Restart - CTRL+R
12:56:36.728 [JavaFX Application Thread] DEBUG Input                - Registered new binding: Toggle Debug Camera - CTRL+7
12:56:36.734 [JavaFX Application Thread] DEBUG LoopRunner           - Starting loop
12:56:36.734 [JavaFX Application Thread] DEBUG LoopRunner           - Initializing JavaFX AnimationTimerLoop
12:56:36.737 [JavaFX Application Thread] DEBUG GameApplicationServi - Starting new game
12:56:36.738 [JavaFX Application Thread] DEBUG Input                - Clearing active input actions
12:56:36.750 [JavaFX Application Thread] DEBUG GameApplicationServi - Removing overlay from FXGLStartupScene and adding to FXGLLoadingScene
12:56:36.750 [JavaFX Application Thread] DEBUG PrimaryStageWindow   - FXGLStartupScene -> FXGLLoadingScene
12:56:36.750 [JavaFX Application Thread] DEBUG GameApplicationServi - Clearing previous game
12:56:36.750 [JavaFX Application Thread] DEBUG GameScene            - Clearing game scene
12:56:36.750 [JavaFX Application Thread] DEBUG GameWorld            - Clearing game world
12:56:36.751 [JavaFX Application Thread] DEBUG PhysicsWorld         - Clearing physics world
12:56:36.752 [FXGL Background Thread 4 ] DEBUG FXGLApplication      - Initializing game
12:56:36.752 [JavaFX Application Thread] DEBUG FXGLApplication      - Registering font factories with UI factory
12:56:36.808 [FXGL Background Thread 4 ] WARN  TMXLevelLoader       - TiledMap generated from 1.8.4. Supported version: 1.4.2. Some features may not be parsed fully.
12:56:36.822 [FXGL Background Thread 4 ] DEBUG TMXLevelLoader       - Parsed TiledMap: file:/C:/Users/jeffr/Documents/java/demo/target/classes/assets/levels/terrain.tmx
12:56:36.824 [FXGL Background Thread 4 ] DEBUG TMXLevelLoader       - Creating tile layer entities
12:56:36.826 [FXGL Background Thread 4 ] DEBUG TilesetLoader        - Loading view for layer Tile Layer 1
12:56:36.826 [FXGL Background Thread 4 ] DEBUG TilesetLoader        - Created buffer with size 960.0x640.0
12:56:36.847 [FXGL Background Thread 4 ] DEBUG TilesetLoader        - Loading view for layer decorations
12:56:36.848 [FXGL Background Thread 4 ] DEBUG TilesetLoader        - Created buffer with size 960.0x640.0
12:56:36.851 [FXGL Background Thread 4 ] DEBUG TMXLevelLoader       - Creating object layer entities
12:56:36.870 [FXGL Background Thread 4 ] DEBUG GameWorld            - Clearing removable entities
12:56:36.871 [FXGL Background Thread 4 ] DEBUG GameWorld            - Setting level: com.almasb.fxgl.entity.level.Level@55ea73d8
12:56:36.883 [FXGL Background Thread 4 ] DEBUG FXGLAssetLoaderServi - Loading from file system: file:/C:/Users/jeffr/Documents/java/demo/target/classes/assets/textures/idle.png
12:56:36.886 [FXGL Background Thread 4 ] DEBUG FXGLAssetLoaderServi - Loading from file system: file:/C:/Users/jeffr/Documents/java/demo/target/classes/assets/textures/run.png
12:56:36.888 [FXGL Background Thread 4 ] DEBUG FXGLAssetLoaderServi - Loading from file system: file:/C:/Users/jeffr/Documents/java/demo/target/classes/assets/textures/jump.png
12:56:36.889 [FXGL Background Thread 4 ] DEBUG FXGLAssetLoaderServi - Loading from file system: file:/C:/Users/jeffr/Documents/java/demo/target/classes/assets/textures/fall.png
12:56:36.889 [FXGL Background Thread 4 ] DEBUG FXGLAssetLoaderServi - Loading from file system: file:/C:/Users/jeffr/Documents/java/demo/target/classes/assets/textures/attack.png
12:56:36.890 [FXGL Background Thread 4 ] DEBUG FXGLAssetLoaderServi - Loading from file system: file:/C:/Users/jeffr/Documents/java/demo/target/classes/assets/textures/doorIn.png
12:56:36.892 [FXGL Background Thread 4 ] DEBUG FXGLAssetLoaderServi - Loading from file system: file:/C:/Users/jeffr/Documents/java/demo/target/classes/assets/textures/down.png
12:56:36.902 [FXGL Background Thread 4 ] DEBUG FXGLAssetLoaderServi - Loading from file system: file:/C:/Users/jeffr/Documents/java/demo/target/classes/assets/textures/open.png
12:56:36.903 [FXGL Background Thread 4 ] DEBUG FXGLAssetLoaderServi - Loading from file system: file:/C:/Users/jeffr/Documents/java/demo/target/classes/assets/textures/close.png
12:56:36.904 [FXGL Background Thread 4 ] DEBUG FXGLAssetLoaderServi - Loading from file system: file:/C:/Users/jeffr/Documents/java/demo/target/classes/assets/textures/dooridle.png
12:56:36.910 [FXGL Background Thread 4 ] DEBUG FXGLAssetLoaderServi - Loading from file system: file:/C:/Users/jeffr/Documents/java/demo/target/classes/assets/textures/diamond.png
12:56:36.911 [FXGL Background Thread 4 ] DEBUG FXGLAssetLoaderServi - Loading from file system: file:/C:/Users/jeffr/Documents/java/demo/target/classes/assets/textures/collectdiamond.png
12:56:36.912 [FXGL Background Thread 4 ] DEBUG FXGLAssetLoaderServi - Loading from file system: file:/C:/Users/jeffr/Documents/java/demo/target/classes/assets/textures/healthbar.png
12:56:36.913 [FXGL Background Thread 4 ] DEBUG FXGLAssetLoaderServi - Loading from file system: file:/C:/Users/jeffr/Documents/java/demo/target/classes/assets/textures/heartSmall.png
12:56:36.916 [FXGL Background Thread 4 ] INFO  FXGLApplication      - Game initialization took: 0.164 sec
12:56:36.917 [JavaFX Application Thread] DEBUG Input                - Clearing active input actions
12:56:36.924 [JavaFX Application Thread] DEBUG GameApplicationServi - Removing overlay from FXGLLoadingScene and adding to GameScene
12:56:36.925 [JavaFX Application Thread] DEBUG PrimaryStageWindow   - FXGLLoadingScene -> GameScene
12:56:39.643 [FXGL Background Thread 3 ] DEBUG Engine               - Logging environment variables
12:56:39.644 [FXGL Background Thread 3 ] DEBUG Engine               - achievements: []
12:56:39.644 [FXGL Background Thread 3 ] DEBUG Engine               - actualHeight: 640.0
12:56:39.644 [FXGL Background Thread 3 ] DEBUG Engine               - actualHeightProperty: ReadOnlyDoubleProperty [value: 640.0]
12:56:39.644 [FXGL Background Thread 3 ] DEBUG Engine               - actualWidth: 960.0
12:56:39.644 [FXGL Background Thread 3 ] DEBUG Engine               - actualWidthProperty: ReadOnlyDoubleProperty [value: 960.0]
12:56:39.644 [FXGL Background Thread 3 ] DEBUG Engine               - appIcon: fxgl_icon.png
12:56:39.644 [FXGL Background Thread 3 ] DEBUG Engine               - applicationMode: DEVELOPER
12:56:39.644 [FXGL Background Thread 3 ] DEBUG Engine               - cSSList: [fxgl_dark.css]
12:56:39.644 [FXGL Background Thread 3 ] DEBUG Engine               - collisionDetectionStrategy: BRUTE_FORCE
12:56:39.644 [FXGL Background Thread 3 ] DEBUG Engine               - configClass: Optional.empty
12:56:39.644 [FXGL Background Thread 3 ] DEBUG Engine               - credits: []
12:56:39.645 [FXGL Background Thread 3 ] DEBUG Engine               - defaultCursor: CursorInfo(imageName=fxgl_default_cursor.png, hotspotX=7.0, hotspotY=6.0)
12:56:39.645 [FXGL Background Thread 3 ] DEBUG Engine               - devBBoxColorProperty: ObjectProperty [value: 0xff0000ff]
12:56:39.645 [FXGL Background Thread 3 ] DEBUG Engine               - devEnableDebugCameraProperty: BooleanProperty [value: false]
12:56:39.645 [FXGL Background Thread 3 ] DEBUG Engine               - devSensorColorProperty: ObjectProperty [value: 0xffff00ff]
12:56:39.645 [FXGL Background Thread 3 ] DEBUG Engine               - devShowBBoxProperty: BooleanProperty [value: false]
12:56:39.646 [FXGL Background Thread 3 ] DEBUG Engine               - devShowPositionProperty: BooleanProperty [value: false]
12:56:39.646 [FXGL Background Thread 3 ] DEBUG Engine               - enabledMenuItems: []
12:56:39.646 [FXGL Background Thread 3 ] DEBUG Engine               - engineServices: [class com.almasb.fxgl.app.services.FXGLAssetLoaderService, class com.almasb.fxgl.app.FXGLApplication$GameApplicationService, class com.almasb.fxgl.app.services.FXGLDialogService, class com.almasb.fxgl.app.services.IOTaskExecutorService, class com.almasb.fxgl.io.FileSystemService, class com.almasb.fxgl.localization.LocalizationService, class com.almasb.fxgl.app.services.SystemBundleService, class com.almasb.fxgl.profile.SaveLoadService, class com.almasb.fxgl.ui.FXGLUIFactoryServiceProvider, class com.almasb.fxgl.ui.FXGLDialogFactoryServiceProvider, class com.almasb.fxgl.audio.AudioPlayer, class com.almasb.fxgl.notification.impl.NotificationServiceProvider, class com.almasb.fxgl.achievement.AchievementService, class com.almasb.fxgl.cutscene.CutsceneService, class com.almasb.fxgl.minigames.MiniGameService, class com.almasb.fxgl.net.NetService, class com.almasb.fxgl.app.services.UpdaterService, class com.almasb.fxgl.dev.DevService]
12:56:39.646 [FXGL Background Thread 3 ] DEBUG Engine               - fontGame: Abel-Regular.ttf
12:56:39.646 [FXGL Background Thread 3 ] DEBUG Engine               - fontMono: TerminalLandMono-Regular.otf
12:56:39.646 [FXGL Background Thread 3 ] DEBUG Engine               - fontText: Courier-Prime.ttf
12:56:39.646 [FXGL Background Thread 3 ] DEBUG Engine               - fontUI: VarelaRound-Regular.ttf
12:56:39.646 [FXGL Background Thread 3 ] DEBUG Engine               - fullScreen: BooleanProperty [value: false]
12:56:39.646 [FXGL Background Thread 3 ] DEBUG Engine               - gameDifficulty: MEDIUM
12:56:39.646 [FXGL Background Thread 3 ] DEBUG Engine               - gameDifficultyProperty: ObjectProperty [value: MEDIUM]
12:56:39.646 [FXGL Background Thread 3 ] DEBUG Engine               - globalMusicVolume: 0.5
12:56:39.646 [FXGL Background Thread 3 ] DEBUG Engine               - globalMusicVolumeProperty: DoubleProperty [value: 0.5]
12:56:39.646 [FXGL Background Thread 3 ] DEBUG Engine               - globalSoundVolume: 0.5
12:56:39.646 [FXGL Background Thread 3 ] DEBUG Engine               - globalSoundVolumeProperty: DoubleProperty [value: 0.5]
12:56:39.646 [FXGL Background Thread 3 ] DEBUG Engine               - height: 640
12:56:39.646 [FXGL Background Thread 3 ] DEBUG Engine               - is3D: false
12:56:39.646 [FXGL Background Thread 3 ] DEBUG Engine               - isAndroid: false
12:56:39.646 [FXGL Background Thread 3 ] DEBUG Engine               - isBrowser: false
12:56:39.646 [FXGL Background Thread 3 ] DEBUG Engine               - isClickFeedbackEnabled: false
12:56:39.646 [FXGL Background Thread 3 ] DEBUG Engine               - isCloseConfirmation: false
12:56:39.646 [FXGL Background Thread 3 ] DEBUG Engine               - isDesktop: true
12:56:39.646 [FXGL Background Thread 3 ] DEBUG Engine               - isDeveloperMenuEnabled: false
12:56:39.646 [FXGL Background Thread 3 ] DEBUG Engine               - isEmbedded: false
12:56:39.646 [FXGL Background Thread 3 ] DEBUG Engine               - isEntityPreloadEnabled: true
12:56:39.647 [FXGL Background Thread 3 ] DEBUG Engine               - isExperimentalTiledLargeMap: false
12:56:39.647 [FXGL Background Thread 3 ] DEBUG Engine               - isFileSystemWriteAllowed: true
12:56:39.647 [FXGL Background Thread 3 ] DEBUG Engine               - isFullScreenAllowed: false
12:56:39.647 [FXGL Background Thread 3 ] DEBUG Engine               - isFullScreenFromStart: false
12:56:39.647 [FXGL Background Thread 3 ] DEBUG Engine               - isGameMenuEnabled: true
12:56:39.647 [FXGL Background Thread 3 ] DEBUG Engine               - isIOS: false
12:56:39.647 [FXGL Background Thread 3 ] DEBUG Engine               - isIntroEnabled: false
12:56:39.647 [FXGL Background Thread 3 ] DEBUG Engine               - isLinux: false
12:56:39.647 [FXGL Background Thread 3 ] DEBUG Engine               - isMac: false
12:56:39.647 [FXGL Background Thread 3 ] DEBUG Engine               - isMainMenuEnabled: false
12:56:39.647 [FXGL Background Thread 3 ] DEBUG Engine               - isManualResizeEnabled: false
12:56:39.647 [FXGL Background Thread 3 ] DEBUG Engine               - isMobile: false
12:56:39.647 [FXGL Background Thread 3 ] DEBUG Engine               - isNative: false
12:56:39.647 [FXGL Background Thread 3 ] DEBUG Engine               - isPauseMusicWhenMinimized: true
12:56:39.647 [FXGL Background Thread 3 ] DEBUG Engine               - isPreserveResizeRatio: false
12:56:39.647 [FXGL Background Thread 3 ] DEBUG Engine               - isProfilingEnabled: false
12:56:39.647 [FXGL Background Thread 3 ] DEBUG Engine               - isScaleAffectedOnResize: true
12:56:39.647 [FXGL Background Thread 3 ] DEBUG Engine               - isSingleStep: false
12:56:39.647 [FXGL Background Thread 3 ] DEBUG Engine               - isUserProfileEnabled: false
12:56:39.647 [FXGL Background Thread 3 ] DEBUG Engine               - isWindows: true
12:56:39.647 [FXGL Background Thread 3 ] DEBUG Engine               - language: ObjectProperty [value: ENGLISH]
12:56:39.647 [FXGL Background Thread 3 ] DEBUG Engine               - menuKey: ESCAPE
12:56:39.647 [FXGL Background Thread 3 ] DEBUG Engine               - mouseSensitivity: 0.2
12:56:39.647 [FXGL Background Thread 3 ] DEBUG Engine               - notificationViewClass: class com.almasb.fxgl.notification.view.XboxNotificationView
12:56:39.647 [FXGL Background Thread 3 ] DEBUG Engine               - pixelsPerMeter: 50.0
12:56:39.647 [FXGL Background Thread 3 ] DEBUG Engine               - platform: WINDOWS
12:56:39.647 [FXGL Background Thread 3 ] DEBUG Engine               - prefHeightProperty: ReadOnlyDoubleProperty [value: 640.0]
12:56:39.647 [FXGL Background Thread 3 ] DEBUG Engine               - prefWidthProperty: ReadOnlyDoubleProperty [value: 960.0]
12:56:39.647 [FXGL Background Thread 3 ] DEBUG Engine               - profileDir: profiles/
12:56:39.648 [FXGL Background Thread 3 ] DEBUG Engine               - profileName: StringProperty [value: DEFAULT]
12:56:39.648 [FXGL Background Thread 3 ] DEBUG Engine               - randomSeed: -1
12:56:39.650 [FXGL Background Thread 3 ] DEBUG Engine               - runtimeInfo: RuntimeInfo(platform=WINDOWS, version=17.1, build=24.03.2022 17.34)
12:56:39.650 [FXGL Background Thread 3 ] DEBUG Engine               - saveFileExt: sav
12:56:39.650 [FXGL Background Thread 3 ] DEBUG Engine               - scaledHeightProp$fxgl: DoubleProperty [bound, value: 640.0]
12:56:39.650 [FXGL Background Thread 3 ] DEBUG Engine               - scaledWidthProp$fxgl: DoubleProperty [bound, value: 960.0]
12:56:39.650 [FXGL Background Thread 3 ] DEBUG Engine               - sceneFactory: com.almasb.fxgl.app.scene.SceneFactory@425e19b
12:56:39.650 [FXGL Background Thread 3 ] DEBUG Engine               - secondsIn24h: 60
12:56:39.650 [FXGL Background Thread 3 ] DEBUG Engine               - soundMenuBack: menu/back.wav
12:56:39.650 [FXGL Background Thread 3 ] DEBUG Engine               - soundMenuPress: menu/press.wav
12:56:39.650 [FXGL Background Thread 3 ] DEBUG Engine               - soundMenuSelect: menu/select.wav
12:56:39.650 [FXGL Background Thread 3 ] DEBUG Engine               - soundNotification: core/notification.wav
12:56:39.650 [FXGL Background Thread 3 ] DEBUG Engine               - stageStyle: DECORATED
12:56:39.650 [FXGL Background Thread 3 ] DEBUG Engine               - supportedLanguages: [ENGLISH, FRENCH, GERMAN, HUNGARIAN, RUSSIAN]
12:56:39.650 [FXGL Background Thread 3 ] DEBUG Engine               - ticksPerSecond: -1
12:56:39.650 [FXGL Background Thread 3 ] DEBUG Engine               - title: Kings and Pigs
12:56:39.650 [FXGL Background Thread 3 ] DEBUG Engine               - urlGithub: https://github.com/AlmasB/FXGL
12:56:39.650 [FXGL Background Thread 3 ] DEBUG Engine               - urlLeaderboard: http://fxgl-top.herokuapp.com/
12:56:39.650 [FXGL Background Thread 3 ] DEBUG Engine               - urlPOM: https://raw.githubusercontent.com/AlmasB/FXGL/release/README.md
12:56:39.650 [FXGL Background Thread 3 ] DEBUG Engine               - userAppClass: class com.example.App
12:56:39.650 [FXGL Background Thread 3 ] DEBUG Engine               - version: 0.1
12:56:39.650 [FXGL Background Thread 3 ] DEBUG Engine               - versionCheckDays: 7
12:56:39.650 [FXGL Background Thread 3 ] DEBUG Engine               - width: 960
12:56:39.651 [FXGL Background Thread 3 ] DEBUG Engine               - Logging services
12:56:39.651 [FXGL Background Thread 3 ] DEBUG Engine               - class com.almasb.fxgl.app.services.FXGLAssetLoaderService
12:56:39.651 [FXGL Background Thread 3 ] DEBUG Engine               - class com.almasb.fxgl.app.FXGLApplication$GameApplicationService
12:56:39.651 [FXGL Background Thread 3 ] DEBUG Engine               - class com.almasb.fxgl.app.services.FXGLDialogService
12:56:39.651 [FXGL Background Thread 3 ] DEBUG Engine               - class com.almasb.fxgl.app.services.IOTaskExecutorService
12:56:39.651 [FXGL Background Thread 3 ] DEBUG Engine               - class com.almasb.fxgl.io.FileSystemService
12:56:39.651 [FXGL Background Thread 3 ] DEBUG Engine               - class com.almasb.fxgl.localization.LocalizationService
12:56:39.651 [FXGL Background Thread 3 ] DEBUG Engine               - class com.almasb.fxgl.app.services.SystemBundleService
12:56:39.651 [FXGL Background Thread 3 ] DEBUG Engine               - class com.almasb.fxgl.profile.SaveLoadService
12:56:39.651 [FXGL Background Thread 3 ] DEBUG Engine               - class com.almasb.fxgl.ui.FXGLUIFactoryServiceProvider
12:56:39.651 [FXGL Background Thread 3 ] DEBUG Engine               - class com.almasb.fxgl.ui.FXGLDialogFactoryServiceProvider
12:56:39.651 [FXGL Background Thread 3 ] DEBUG Engine               - class com.almasb.fxgl.audio.AudioPlayer
12:56:39.651 [FXGL Background Thread 3 ] DEBUG Engine               - class com.almasb.fxgl.notification.impl.NotificationServiceProvider
12:56:39.651 [FXGL Background Thread 3 ] DEBUG Engine               - class com.almasb.fxgl.achievement.AchievementService
12:56:39.651 [FXGL Background Thread 3 ] DEBUG Engine               - class com.almasb.fxgl.cutscene.CutsceneService
12:56:39.651 [FXGL Background Thread 3 ] DEBUG Engine               - class com.almasb.fxgl.minigames.MiniGameService
12:56:39.651 [FXGL Background Thread 3 ] DEBUG Engine               - class com.almasb.fxgl.net.NetService
12:56:39.651 [FXGL Background Thread 3 ] DEBUG Engine               - class com.almasb.fxgl.app.services.UpdaterService
12:56:39.651 [FXGL Background Thread 3 ] DEBUG Engine               - class com.almasb.fxgl.dev.DevService
12:56:52.090 [JavaFX Application Thread] DEBUG FXGLApplication      - Exiting FXGL
12:56:52.090 [JavaFX Application Thread] DEBUG LoopRunner           - Stopping loop
12:56:52.090 [JavaFX Application Thread] DEBUG SystemBundleService  - Saving FXGL system data
12:56:52.092 [JavaFX Application Thread] DEBUG FileSystemAccess     - Writing to: C:\Users\jeffr\Documents\java\demo\system\fxgl.bundle
12:56:52.094 [JavaFX Application Thread] DEBUG Async                - Shutting down background threads
12:56:52.095 [JavaFX Application Thread] DEBUG PrimaryStageWindow   - Closing main window
12:56:52.107 [JavaFX Application Thread] DEBUG Logger               - Closing Logger
