00:10:42.526 [main                     ] DEBUG Logger               - Configured Logger
00:10:42.550 [main                     ] DEBUG GameApplication      - Logging settings
Title: Kings and Pigs
Version: 0.1
Width: 960
Height: 640
Fullscreen: false
Intro: false
Profiling: false
Single step:false
App Mode: DEVELOPER
Menu Key: ESCAPE
Stage Style: DECORATED
Scene Factory: class com.almasb.fxgl.app.scene.SceneFactory

00:10:42.855 [JavaFX Application Thread] DEBUG FXGLApplication      - Initializing FXGL
00:10:42.860 [JavaFX Application Thread] INFO  Engine               - FXGL-17.1 (24.03.2022 17.34) on WINDOWS (J:18 FX:18)
00:10:42.861 [JavaFX Application Thread] DEBUG Engine               - JRE Vendor Name: Oracle Corporation
00:10:42.861 [JavaFX Application Thread] DEBUG Engine               - Running on OS: Windows 11 version 10.0
00:10:42.861 [JavaFX Application Thread] DEBUG Engine               - Architecture: amd64
00:10:42.861 [JavaFX Application Thread] INFO  Engine               - Source code and latest versions at: https://github.com/AlmasB/FXGL
00:10:42.862 [JavaFX Application Thread] INFO  Engine               -       Ask questions and discuss at: https://github.com/AlmasB/FXGL/discussions
00:10:42.862 [JavaFX Application Thread] INFO  Engine               -              Join the FXGL chat at: https://gitter.im/AlmasB/FXGL
00:10:42.960 [JavaFX Application Thread] DEBUG PrimaryStageWindow   - Creating a JavaFX scene
00:10:42.996 [JavaFX Application Thread] DEBUG PrimaryStageWindow   - Target settings size: 960.0 x 640.0
00:10:42.996 [JavaFX Application Thread] DEBUG PrimaryStageWindow   - Scaled scene size:    960.0 x 640.0
00:10:42.996 [JavaFX Application Thread] DEBUG PrimaryStageWindow   - Scaled ratio: (1.0, 1.0)
00:10:42.998 [JavaFX Application Thread] DEBUG PrimaryStageWindow   - Set initial scene to FXGLStartupScene
00:10:43.005 [JavaFX Application Thread] DEBUG PrimaryStageWindow   - Opening main window
00:10:43.072 [JavaFX Application Thread] DEBUG PrimaryStageWindow   - Window border size: (12.79998779296875, 35.20001220703125)
00:10:43.073 [JavaFX Application Thread] DEBUG PrimaryStageWindow   - Scaled size: 960.0 x 640.0
00:10:43.073 [JavaFX Application Thread] DEBUG PrimaryStageWindow   - Scaled ratio: (1.0, 1.0)
00:10:43.073 [JavaFX Application Thread] DEBUG PrimaryStageWindow   - Scene size: 960.0 x 640.0
00:10:43.074 [JavaFX Application Thread] DEBUG PrimaryStageWindow   - Stage size: 972.7999877929688 x 675.2000122070312
00:10:43.081 [FXGL Background Thread 1 ] DEBUG Engine               - Initializing environment variables
00:10:43.137 [FXGL Background Thread 1 ] DEBUG FXGLAssetLoaderServi - User app class for loading assets: class com.example.App
00:10:43.137 [FXGL Background Thread 1 ] DEBUG GameApplicationServi - Applying CSS: fxgl_dark.css
00:10:43.138 [FXGL Background Thread 1 ] DEBUG FXGLAssetLoaderServi - Loading from file system: jar:file:/C:/Users/jeffr/.m2/repository/com/github/almasb/fxgl/17.1/fxgl-17.1.jar!/fxglassets/ui/css/fxgl_dark.css
00:10:43.192 [FXGL Background Thread 1 ] DEBUG GameApplicationServi - Initializing application scenes
00:10:43.235 [FXGL Background Thread 1 ] DEBUG GameWorld            - Game world initialized
00:10:43.302 [FXGL Background Thread 1 ] DEBUG PhysicsWorld         - Physics world initialized: appHeight=640, physics.ppm=50.0
00:10:43.302 [FXGL Background Thread 1 ] DEBUG PhysicsWorld         - Using strategy: BRUTE_FORCE
00:10:43.308 [FXGL Background Thread 1 ] DEBUG GameScene            - Game scene initialized: 960x640
00:10:43.328 [FXGL Background Thread 1 ] DEBUG FXGL.DefaultMenu     - createMenuBodyGameMenu()
00:10:43.344 [FXGL Background Thread 1 ] DEBUG FXGL.DefaultMenu     - createOptionsMenu()
00:10:43.355 [FXGL Background Thread 1 ] DEBUG FXGLAssetLoaderServi - Loading from file system: jar:file:/C:/Users/jeffr/.m2/repository/com/github/almasb/fxgl/17.1/fxgl-17.1.jar!/fxglassets/textures/particles/smoke.png
00:10:43.448 [FXGL Background Thread 1 ] DEBUG FXGLAssetLoaderServi - Loading from file system: jar:file:/C:/Users/jeffr/.m2/repository/com/github/almasb/fxgl/17.1/fxgl-17.1.jar!/fxglassets/textures/particles/trace_horizontal.png
00:10:43.475 [FXGL Background Thread 1 ] DEBUG GameApplicationServi - Application scenes initialized
00:10:43.490 [FXGL Background Thread 1 ] DEBUG SystemBundleService  - Loading FXGL system data
00:10:43.494 [FXGL Background Thread 1 ] DEBUG FileSystemAccess     - Reading from: C:\Users\jeffr\Documents\java\demo\system\fxgl.bundle
00:10:43.500 [FXGL Background Thread 1 ] DEBUG SystemBundleService  - Bundle FXGL: {}
00:10:43.500 [FXGL Background Thread 1 ] DEBUG UpdaterService       - Checking for updates
00:10:43.504 [FXGL Background Thread 4 ] DEBUG FXGLApplication      - Loading fonts
00:10:43.504 [FXGL Background Thread 1 ] DEBUG FXGLApplication      - Loading default localization
00:10:43.504 [FXGL Background Thread 4 ] DEBUG FXGLAssetLoaderServi - Loading from file system: jar:file:/C:/Users/jeffr/.m2/repository/com/github/almasb/fxgl/17.1/fxgl-17.1.jar!/fxglassets/ui/fonts/VarelaRound-Regular.ttf
00:10:43.505 [FXGL Background Thread 1 ] DEBUG FXGLAssetLoaderServi - Loading from file system: jar:file:/C:/Users/jeffr/.m2/repository/com/github/almasb/fxgl/17.1/fxgl-17.1.jar!/fxglassets/languages/english.lang
00:10:43.545 [FXGL Background Thread 1 ] INFO  FXGLApplication      - FXGL initialization took: 0.464 sec
00:10:43.549 [FXGL Background Thread 4 ] DEBUG FXGLAssetLoaderServi - Loading from file system: jar:file:/C:/Users/jeffr/.m2/repository/com/github/almasb/fxgl/17.1/fxgl-17.1.jar!/fxglassets/ui/fonts/Abel-Regular.ttf
00:10:43.552 [FXGL Background Thread 4 ] DEBUG FXGLAssetLoaderServi - Loading from file system: jar:file:/C:/Users/jeffr/.m2/repository/com/github/almasb/fxgl/17.1/fxgl-17.1.jar!/fxglassets/ui/fonts/TerminalLandMono-Regular.otf
00:10:43.555 [JavaFX Application Thread] DEBUG Input                - Registered new binding: Left - A
00:10:43.556 [JavaFX Application Thread] DEBUG Input                - Registered new binding: Right - D
00:10:43.556 [JavaFX Application Thread] DEBUG Input                - Registered new binding: Jump - W
00:10:43.556 [FXGL Background Thread 4 ] DEBUG FXGLAssetLoaderServi - Loading from file system: jar:file:/C:/Users/jeffr/.m2/repository/com/github/almasb/fxgl/17.1/fxgl-17.1.jar!/fxglassets/ui/fonts/Courier-Prime.ttf
00:10:43.556 [JavaFX Application Thread] DEBUG Input                - Registered new binding: enter - E
00:10:43.557 [JavaFX Application Thread] DEBUG FXGLAssetLoaderServi - Loading from file system: jar:file:/C:/Users/jeffr/.m2/repository/com/github/almasb/fxgl/17.1/fxgl-17.1.jar!/fxglassets/textures/fxgl_icon.png
00:10:43.575 [JavaFX Application Thread] DEBUG FXGLAssetLoaderServi - Loading from file system: jar:file:/C:/Users/jeffr/.m2/repository/com/github/almasb/fxgl/17.1/fxgl-17.1.jar!/fxglassets/textures/fxgl_default_cursor.png
00:10:43.577 [JavaFX Application Thread] DEBUG Input                - Registered new binding: Screenshot - CTRL+8
00:10:43.579 [JavaFX Application Thread] DEBUG Input                - Registered new binding: System info dump - CTRL+9
00:10:43.581 [JavaFX Application Thread] DEBUG Input                - Registered new binding: Restart - CTRL+R
00:10:43.583 [JavaFX Application Thread] DEBUG Input                - Registered new binding: Toggle Debug Camera - CTRL+7
00:10:43.589 [JavaFX Application Thread] DEBUG LoopRunner           - Starting loop
00:10:43.589 [JavaFX Application Thread] DEBUG LoopRunner           - Initializing JavaFX AnimationTimerLoop
00:10:43.592 [JavaFX Application Thread] DEBUG GameApplicationServi - Starting new game
00:10:43.593 [JavaFX Application Thread] DEBUG Input                - Clearing active input actions
00:10:43.605 [JavaFX Application Thread] DEBUG GameApplicationServi - Removing overlay from FXGLStartupScene and adding to FXGLLoadingScene
00:10:43.605 [JavaFX Application Thread] DEBUG PrimaryStageWindow   - FXGLStartupScene -> FXGLLoadingScene
00:10:43.605 [JavaFX Application Thread] DEBUG GameApplicationServi - Clearing previous game
00:10:43.605 [JavaFX Application Thread] DEBUG GameScene            - Clearing game scene
00:10:43.606 [JavaFX Application Thread] DEBUG GameWorld            - Clearing game world
00:10:43.606 [JavaFX Application Thread] DEBUG PhysicsWorld         - Clearing physics world
00:10:43.607 [FXGL Background Thread 4 ] DEBUG FXGLApplication      - Initializing game
00:10:43.607 [JavaFX Application Thread] DEBUG FXGLApplication      - Registering font factories with UI factory
00:10:43.665 [FXGL Background Thread 4 ] WARN  TMXLevelLoader       - TiledMap generated from 1.8.4. Supported version: 1.4.2. Some features may not be parsed fully.
00:10:43.679 [FXGL Background Thread 4 ] DEBUG TMXLevelLoader       - Parsed TiledMap: file:/C:/Users/jeffr/Documents/java/demo/target/classes/assets/levels/terrain.tmx
00:10:43.681 [FXGL Background Thread 4 ] DEBUG TMXLevelLoader       - Creating tile layer entities
00:10:43.684 [FXGL Background Thread 4 ] DEBUG TilesetLoader        - Loading view for layer Tile Layer 1
00:10:43.685 [FXGL Background Thread 4 ] DEBUG TilesetLoader        - Created buffer with size 960.0x640.0
00:10:43.705 [FXGL Background Thread 4 ] DEBUG TilesetLoader        - Loading view for layer decorations
00:10:43.706 [FXGL Background Thread 4 ] DEBUG TilesetLoader        - Created buffer with size 960.0x640.0
00:10:43.709 [FXGL Background Thread 4 ] DEBUG TMXLevelLoader       - Creating object layer entities
00:10:43.727 [FXGL Background Thread 4 ] DEBUG GameWorld            - Clearing removable entities
00:10:43.727 [FXGL Background Thread 4 ] DEBUG GameWorld            - Setting level: com.almasb.fxgl.entity.level.Level@6008aa91
00:10:43.737 [FXGL Background Thread 4 ] DEBUG FXGLAssetLoaderServi - Loading from file system: file:/C:/Users/jeffr/Documents/java/demo/target/classes/assets/textures/idle.png
00:10:43.742 [FXGL Background Thread 4 ] DEBUG FXGLAssetLoaderServi - Loading from file system: file:/C:/Users/jeffr/Documents/java/demo/target/classes/assets/textures/run.png
00:10:43.744 [FXGL Background Thread 4 ] DEBUG FXGLAssetLoaderServi - Loading from file system: file:/C:/Users/jeffr/Documents/java/demo/target/classes/assets/textures/jump.png
00:10:43.746 [FXGL Background Thread 4 ] DEBUG FXGLAssetLoaderServi - Loading from file system: file:/C:/Users/jeffr/Documents/java/demo/target/classes/assets/textures/fall.png
00:10:43.760 [FXGL Background Thread 4 ] DEBUG FXGLAssetLoaderServi - Loading from file system: file:/C:/Users/jeffr/Documents/java/demo/target/classes/assets/textures/open.png
00:10:43.762 [FXGL Background Thread 4 ] DEBUG FXGLAssetLoaderServi - Loading from file system: file:/C:/Users/jeffr/Documents/java/demo/target/classes/assets/textures/close.png
00:10:43.763 [FXGL Background Thread 4 ] DEBUG FXGLAssetLoaderServi - Loading from file system: file:/C:/Users/jeffr/Documents/java/demo/target/classes/assets/textures/dooridle.png
00:10:43.766 [FXGL Background Thread 4 ] WARN  FXGLAssetLoaderServi - Asset "/assets/textures/bigHeartIdle.png" was not found!
00:10:43.767 [FXGL Background Thread 4 ] WARN  FXGLAssetLoaderServi - Failed to load IMAGE
00:10:43.808 [FXGL Background Thread 4 ] DEBUG FXGLAssetLoaderServi - Loading from file system: file:/C:/Users/jeffr/Documents/java/demo/target/classes/assets/textures/diamond.png
00:10:43.810 [FXGL Background Thread 4 ] DEBUG FXGLAssetLoaderServi - Loading from file system: file:/C:/Users/jeffr/Documents/java/demo/target/classes/assets/textures/collectdiamond.png
00:10:43.813 [FXGL Background Thread 4 ] INFO  FXGLApplication      - Game initialization took: 0.205 sec
00:10:43.813 [JavaFX Application Thread] DEBUG Input                - Clearing active input actions
00:10:43.821 [JavaFX Application Thread] DEBUG GameApplicationServi - Removing overlay from FXGLLoadingScene and adding to GameScene
00:10:43.821 [JavaFX Application Thread] DEBUG PrimaryStageWindow   - FXGLLoadingScene -> GameScene
00:10:46.505 [FXGL Background Thread 3 ] DEBUG Engine               - Logging environment variables
00:10:46.505 [FXGL Background Thread 3 ] DEBUG Engine               - achievements: []
00:10:46.506 [FXGL Background Thread 3 ] DEBUG Engine               - actualHeight: 640.0
00:10:46.506 [FXGL Background Thread 3 ] DEBUG Engine               - actualHeightProperty: ReadOnlyDoubleProperty [value: 640.0]
00:10:46.506 [FXGL Background Thread 3 ] DEBUG Engine               - actualWidth: 960.0
00:10:46.506 [FXGL Background Thread 3 ] DEBUG Engine               - actualWidthProperty: ReadOnlyDoubleProperty [value: 960.0]
00:10:46.506 [FXGL Background Thread 3 ] DEBUG Engine               - appIcon: fxgl_icon.png
00:10:46.506 [FXGL Background Thread 3 ] DEBUG Engine               - applicationMode: DEVELOPER
00:10:46.506 [FXGL Background Thread 3 ] DEBUG Engine               - cSSList: [fxgl_dark.css]
00:10:46.506 [FXGL Background Thread 3 ] DEBUG Engine               - collisionDetectionStrategy: BRUTE_FORCE
00:10:46.506 [FXGL Background Thread 3 ] DEBUG Engine               - configClass: Optional.empty
00:10:46.506 [FXGL Background Thread 3 ] DEBUG Engine               - credits: []
00:10:46.508 [FXGL Background Thread 3 ] DEBUG Engine               - defaultCursor: CursorInfo(imageName=fxgl_default_cursor.png, hotspotX=7.0, hotspotY=6.0)
00:10:46.509 [FXGL Background Thread 3 ] DEBUG Engine               - devBBoxColorProperty: ObjectProperty [value: 0xff0000ff]
00:10:46.509 [FXGL Background Thread 3 ] DEBUG Engine               - devEnableDebugCameraProperty: BooleanProperty [value: false]
00:10:46.509 [FXGL Background Thread 3 ] DEBUG Engine               - devSensorColorProperty: ObjectProperty [value: 0xffff00ff]
00:10:46.509 [FXGL Background Thread 3 ] DEBUG Engine               - devShowBBoxProperty: BooleanProperty [value: false]
00:10:46.509 [FXGL Background Thread 3 ] DEBUG Engine               - devShowPositionProperty: BooleanProperty [value: false]
00:10:46.509 [FXGL Background Thread 3 ] DEBUG Engine               - enabledMenuItems: []
00:10:46.509 [FXGL Background Thread 3 ] DEBUG Engine               - engineServices: [class com.almasb.fxgl.app.services.FXGLAssetLoaderService, class com.almasb.fxgl.app.FXGLApplication$GameApplicationService, class com.almasb.fxgl.app.services.FXGLDialogService, class com.almasb.fxgl.app.services.IOTaskExecutorService, class com.almasb.fxgl.io.FileSystemService, class com.almasb.fxgl.localization.LocalizationService, class com.almasb.fxgl.app.services.SystemBundleService, class com.almasb.fxgl.profile.SaveLoadService, class com.almasb.fxgl.ui.FXGLUIFactoryServiceProvider, class com.almasb.fxgl.ui.FXGLDialogFactoryServiceProvider, class com.almasb.fxgl.audio.AudioPlayer, class com.almasb.fxgl.notification.impl.NotificationServiceProvider, class com.almasb.fxgl.achievement.AchievementService, class com.almasb.fxgl.cutscene.CutsceneService, class com.almasb.fxgl.minigames.MiniGameService, class com.almasb.fxgl.net.NetService, class com.almasb.fxgl.app.services.UpdaterService, class com.almasb.fxgl.dev.DevService]
00:10:46.509 [FXGL Background Thread 3 ] DEBUG Engine               - fontGame: Abel-Regular.ttf
00:10:46.509 [FXGL Background Thread 3 ] DEBUG Engine               - fontMono: TerminalLandMono-Regular.otf
00:10:46.509 [FXGL Background Thread 3 ] DEBUG Engine               - fontText: Courier-Prime.ttf
00:10:46.509 [FXGL Background Thread 3 ] DEBUG Engine               - fontUI: VarelaRound-Regular.ttf
00:10:46.509 [FXGL Background Thread 3 ] DEBUG Engine               - fullScreen: BooleanProperty [value: false]
00:10:46.509 [FXGL Background Thread 3 ] DEBUG Engine               - gameDifficulty: MEDIUM
00:10:46.509 [FXGL Background Thread 3 ] DEBUG Engine               - gameDifficultyProperty: ObjectProperty [value: MEDIUM]
00:10:46.510 [FXGL Background Thread 3 ] DEBUG Engine               - globalMusicVolume: 0.5
00:10:46.510 [FXGL Background Thread 3 ] DEBUG Engine               - globalMusicVolumeProperty: DoubleProperty [value: 0.5]
00:10:46.510 [FXGL Background Thread 3 ] DEBUG Engine               - globalSoundVolume: 0.5
00:10:46.510 [FXGL Background Thread 3 ] DEBUG Engine               - globalSoundVolumeProperty: DoubleProperty [value: 0.5]
00:10:46.510 [FXGL Background Thread 3 ] DEBUG Engine               - height: 640
00:10:46.510 [FXGL Background Thread 3 ] DEBUG Engine               - is3D: false
00:10:46.510 [FXGL Background Thread 3 ] DEBUG Engine               - isAndroid: false
00:10:46.510 [FXGL Background Thread 3 ] DEBUG Engine               - isBrowser: false
00:10:46.510 [FXGL Background Thread 3 ] DEBUG Engine               - isClickFeedbackEnabled: false
00:10:46.510 [FXGL Background Thread 3 ] DEBUG Engine               - isCloseConfirmation: false
00:10:46.510 [FXGL Background Thread 3 ] DEBUG Engine               - isDesktop: true
00:10:46.510 [FXGL Background Thread 3 ] DEBUG Engine               - isDeveloperMenuEnabled: false
00:10:46.510 [FXGL Background Thread 3 ] DEBUG Engine               - isEmbedded: false
00:10:46.510 [FXGL Background Thread 3 ] DEBUG Engine               - isEntityPreloadEnabled: true
00:10:46.510 [FXGL Background Thread 3 ] DEBUG Engine               - isExperimentalTiledLargeMap: false
00:10:46.510 [FXGL Background Thread 3 ] DEBUG Engine               - isFileSystemWriteAllowed: true
00:10:46.510 [FXGL Background Thread 3 ] DEBUG Engine               - isFullScreenAllowed: false
00:10:46.511 [FXGL Background Thread 3 ] DEBUG Engine               - isFullScreenFromStart: false
00:10:46.511 [FXGL Background Thread 3 ] DEBUG Engine               - isGameMenuEnabled: true
00:10:46.511 [FXGL Background Thread 3 ] DEBUG Engine               - isIOS: false
00:10:46.511 [FXGL Background Thread 3 ] DEBUG Engine               - isIntroEnabled: false
00:10:46.511 [FXGL Background Thread 3 ] DEBUG Engine               - isLinux: false
00:10:46.511 [FXGL Background Thread 3 ] DEBUG Engine               - isMac: false
00:10:46.511 [FXGL Background Thread 3 ] DEBUG Engine               - isMainMenuEnabled: false
00:10:46.511 [FXGL Background Thread 3 ] DEBUG Engine               - isManualResizeEnabled: false
00:10:46.511 [FXGL Background Thread 3 ] DEBUG Engine               - isMobile: false
00:10:46.511 [FXGL Background Thread 3 ] DEBUG Engine               - isNative: false
00:10:46.511 [FXGL Background Thread 3 ] DEBUG Engine               - isPauseMusicWhenMinimized: true
00:10:46.511 [FXGL Background Thread 3 ] DEBUG Engine               - isPreserveResizeRatio: false
00:10:46.511 [FXGL Background Thread 3 ] DEBUG Engine               - isProfilingEnabled: false
00:10:46.511 [FXGL Background Thread 3 ] DEBUG Engine               - isScaleAffectedOnResize: true
00:10:46.511 [FXGL Background Thread 3 ] DEBUG Engine               - isSingleStep: false
00:10:46.511 [FXGL Background Thread 3 ] DEBUG Engine               - isUserProfileEnabled: false
00:10:46.511 [FXGL Background Thread 3 ] DEBUG Engine               - isWindows: true
00:10:46.511 [FXGL Background Thread 3 ] DEBUG Engine               - language: ObjectProperty [value: ENGLISH]
00:10:46.511 [FXGL Background Thread 3 ] DEBUG Engine               - menuKey: ESCAPE
00:10:46.511 [FXGL Background Thread 3 ] DEBUG Engine               - mouseSensitivity: 0.2
00:10:46.511 [FXGL Background Thread 3 ] DEBUG Engine               - notificationViewClass: class com.almasb.fxgl.notification.view.XboxNotificationView
00:10:46.512 [FXGL Background Thread 3 ] DEBUG Engine               - pixelsPerMeter: 50.0
00:10:46.512 [FXGL Background Thread 3 ] DEBUG Engine               - platform: WINDOWS
00:10:46.512 [FXGL Background Thread 3 ] DEBUG Engine               - prefHeightProperty: ReadOnlyDoubleProperty [value: 640.0]
00:10:46.512 [FXGL Background Thread 3 ] DEBUG Engine               - prefWidthProperty: ReadOnlyDoubleProperty [value: 960.0]
00:10:46.512 [FXGL Background Thread 3 ] DEBUG Engine               - profileDir: profiles/
00:10:46.512 [FXGL Background Thread 3 ] DEBUG Engine               - profileName: StringProperty [value: DEFAULT]
00:10:46.512 [FXGL Background Thread 3 ] DEBUG Engine               - randomSeed: -1
00:10:46.512 [FXGL Background Thread 3 ] DEBUG Engine               - runtimeInfo: RuntimeInfo(platform=WINDOWS, version=17.1, build=24.03.2022 17.34)
00:10:46.512 [FXGL Background Thread 3 ] DEBUG Engine               - saveFileExt: sav
00:10:46.512 [FXGL Background Thread 3 ] DEBUG Engine               - scaledHeightProp$fxgl: DoubleProperty [bound, value: 640.0]
00:10:46.512 [FXGL Background Thread 3 ] DEBUG Engine               - scaledWidthProp$fxgl: DoubleProperty [bound, value: 960.0]
00:10:46.512 [FXGL Background Thread 3 ] DEBUG Engine               - sceneFactory: com.almasb.fxgl.app.scene.SceneFactory@676db61d
00:10:46.512 [FXGL Background Thread 3 ] DEBUG Engine               - secondsIn24h: 60
00:10:46.512 [FXGL Background Thread 3 ] DEBUG Engine               - soundMenuBack: menu/back.wav
00:10:46.512 [FXGL Background Thread 3 ] DEBUG Engine               - soundMenuPress: menu/press.wav
00:10:46.512 [FXGL Background Thread 3 ] DEBUG Engine               - soundMenuSelect: menu/select.wav
00:10:46.513 [FXGL Background Thread 3 ] DEBUG Engine               - soundNotification: core/notification.wav
00:10:46.513 [FXGL Background Thread 3 ] DEBUG Engine               - stageStyle: DECORATED
00:10:46.513 [FXGL Background Thread 3 ] DEBUG Engine               - supportedLanguages: [ENGLISH, FRENCH, GERMAN, HUNGARIAN, RUSSIAN]
00:10:46.513 [FXGL Background Thread 3 ] DEBUG Engine               - ticksPerSecond: -1
00:10:46.513 [FXGL Background Thread 3 ] DEBUG Engine               - title: Kings and Pigs
00:10:46.513 [FXGL Background Thread 3 ] DEBUG Engine               - urlGithub: https://github.com/AlmasB/FXGL
00:10:46.513 [FXGL Background Thread 3 ] DEBUG Engine               - urlLeaderboard: http://fxgl-top.herokuapp.com/
00:10:46.513 [FXGL Background Thread 3 ] DEBUG Engine               - urlPOM: https://raw.githubusercontent.com/AlmasB/FXGL/release/README.md
00:10:46.513 [FXGL Background Thread 3 ] DEBUG Engine               - userAppClass: class com.example.App
00:10:46.513 [FXGL Background Thread 3 ] DEBUG Engine               - version: 0.1
00:10:46.513 [FXGL Background Thread 3 ] DEBUG Engine               - versionCheckDays: 7
00:10:46.513 [FXGL Background Thread 3 ] DEBUG Engine               - width: 960
00:10:46.513 [FXGL Background Thread 3 ] DEBUG Engine               - Logging services
00:10:46.513 [FXGL Background Thread 3 ] DEBUG Engine               - class com.almasb.fxgl.app.services.FXGLAssetLoaderService
00:10:46.513 [FXGL Background Thread 3 ] DEBUG Engine               - class com.almasb.fxgl.app.FXGLApplication$GameApplicationService
00:10:46.513 [FXGL Background Thread 3 ] DEBUG Engine               - class com.almasb.fxgl.app.services.FXGLDialogService
00:10:46.513 [FXGL Background Thread 3 ] DEBUG Engine               - class com.almasb.fxgl.app.services.IOTaskExecutorService
00:10:46.513 [FXGL Background Thread 3 ] DEBUG Engine               - class com.almasb.fxgl.io.FileSystemService
00:10:46.513 [FXGL Background Thread 3 ] DEBUG Engine               - class com.almasb.fxgl.localization.LocalizationService
00:10:46.513 [FXGL Background Thread 3 ] DEBUG Engine               - class com.almasb.fxgl.app.services.SystemBundleService
00:10:46.513 [FXGL Background Thread 3 ] DEBUG Engine               - class com.almasb.fxgl.profile.SaveLoadService
00:10:46.513 [FXGL Background Thread 3 ] DEBUG Engine               - class com.almasb.fxgl.ui.FXGLUIFactoryServiceProvider
00:10:46.513 [FXGL Background Thread 3 ] DEBUG Engine               - class com.almasb.fxgl.ui.FXGLDialogFactoryServiceProvider
00:10:46.513 [FXGL Background Thread 3 ] DEBUG Engine               - class com.almasb.fxgl.audio.AudioPlayer
00:10:46.513 [FXGL Background Thread 3 ] DEBUG Engine               - class com.almasb.fxgl.notification.impl.NotificationServiceProvider
00:10:46.513 [FXGL Background Thread 3 ] DEBUG Engine               - class com.almasb.fxgl.achievement.AchievementService
00:10:46.513 [FXGL Background Thread 3 ] DEBUG Engine               - class com.almasb.fxgl.cutscene.CutsceneService
00:10:46.514 [FXGL Background Thread 3 ] DEBUG Engine               - class com.almasb.fxgl.minigames.MiniGameService
00:10:46.514 [FXGL Background Thread 3 ] DEBUG Engine               - class com.almasb.fxgl.net.NetService
00:10:46.514 [FXGL Background Thread 3 ] DEBUG Engine               - class com.almasb.fxgl.app.services.UpdaterService
00:10:46.514 [FXGL Background Thread 3 ] DEBUG Engine               - class com.almasb.fxgl.dev.DevService
00:11:23.226 [JavaFX Application Thread] DEBUG FXGLApplication      - Exiting FXGL
00:11:23.226 [JavaFX Application Thread] DEBUG LoopRunner           - Stopping loop
00:11:23.226 [JavaFX Application Thread] DEBUG SystemBundleService  - Saving FXGL system data
00:11:23.228 [JavaFX Application Thread] DEBUG FileSystemAccess     - Writing to: C:\Users\jeffr\Documents\java\demo\system\fxgl.bundle
00:11:23.229 [JavaFX Application Thread] DEBUG Async                - Shutting down background threads
00:11:23.230 [JavaFX Application Thread] DEBUG PrimaryStageWindow   - Closing main window
00:11:23.240 [JavaFX Application Thread] DEBUG Logger               - Closing Logger
