14:40:03.954 [main                     ] DEBUG Logger               - Configured Logger
14:40:04.069 [main                     ] DEBUG GameApplication      - Logging settings
Title: Kings and Pigs
Version: 0.1
Width: 960
Height: 640
Fullscreen: false
Intro: false
Profiling: false
Single step:false
App Mode: DEVELOPER
Menu Key: ESCAPE
Stage Style: DECORATED
Scene Factory: class com.almasb.fxgl.app.scene.SceneFactory

14:40:05.468 [JavaFX Application Thread] DEBUG FXGLApplication      - Initializing FXGL
14:40:05.490 [JavaFX Application Thread] INFO  Engine               - FXGL-17.1 (24.03.2022 17.34) on WINDOWS (J:18 FX:18)
14:40:05.492 [JavaFX Application Thread] DEBUG Engine               - JRE Vendor Name: Oracle Corporation
14:40:05.494 [JavaFX Application Thread] DEBUG Engine               - Running on OS: Windows 11 version 10.0
14:40:05.494 [JavaFX Application Thread] DEBUG Engine               - Architecture: amd64
14:40:05.494 [JavaFX Application Thread] INFO  Engine               - Source code and latest versions at: https://github.com/AlmasB/FXGL
14:40:05.496 [JavaFX Application Thread] INFO  Engine               -       Ask questions and discuss at: https://github.com/AlmasB/FXGL/discussions
14:40:05.497 [JavaFX Application Thread] INFO  Engine               -              Join the FXGL chat at: https://gitter.im/AlmasB/FXGL
14:40:05.942 [JavaFX Application Thread] DEBUG PrimaryStageWindow   - Creating a JavaFX scene
14:40:06.109 [JavaFX Application Thread] DEBUG PrimaryStageWindow   - Target settings size: 960.0 x 640.0
14:40:06.110 [JavaFX Application Thread] DEBUG PrimaryStageWindow   - Scaled scene size:    960.0 x 640.0
14:40:06.111 [JavaFX Application Thread] DEBUG PrimaryStageWindow   - Scaled ratio: (1.0, 1.0)
14:40:06.117 [JavaFX Application Thread] DEBUG PrimaryStageWindow   - Set initial scene to FXGLStartupScene
14:40:06.148 [JavaFX Application Thread] DEBUG PrimaryStageWindow   - Opening main window
14:40:06.483 [JavaFX Application Thread] DEBUG PrimaryStageWindow   - Window border size: (12.79998779296875, 35.20001220703125)
14:40:06.485 [JavaFX Application Thread] DEBUG PrimaryStageWindow   - Scaled size: 960.0 x 640.0
14:40:06.486 [JavaFX Application Thread] DEBUG PrimaryStageWindow   - Scaled ratio: (1.0, 1.0)
14:40:06.487 [JavaFX Application Thread] DEBUG PrimaryStageWindow   - Scene size: 960.0 x 640.0
14:40:06.489 [JavaFX Application Thread] DEBUG PrimaryStageWindow   - Stage size: 972.7999877929688 x 675.2000122070312
14:40:06.514 [FXGL Background Thread 1 ] DEBUG Engine               - Initializing environment variables
14:40:06.732 [FXGL Background Thread 1 ] DEBUG FXGLAssetLoaderServi - User app class for loading assets: class com.example.App
14:40:06.734 [FXGL Background Thread 1 ] DEBUG GameApplicationServi - Applying CSS: fxgl_dark.css
14:40:06.737 [FXGL Background Thread 1 ] DEBUG FXGLAssetLoaderServi - Loading from file system: jar:file:/C:/Users/jeffr/.m2/repository/com/github/almasb/fxgl/17.1/fxgl-17.1.jar!/fxglassets/ui/css/fxgl_dark.css
14:40:06.912 [FXGL Background Thread 1 ] DEBUG GameApplicationServi - Initializing application scenes
14:40:07.080 [FXGL Background Thread 1 ] DEBUG GameWorld            - Game world initialized
14:40:07.330 [FXGL Background Thread 1 ] DEBUG PhysicsWorld         - Physics world initialized: appHeight=640, physics.ppm=50.0
14:40:07.331 [FXGL Background Thread 1 ] DEBUG PhysicsWorld         - Using strategy: BRUTE_FORCE
14:40:07.345 [FXGL Background Thread 1 ] DEBUG GameScene            - Game scene initialized: 960x640
14:40:07.393 [FXGL Background Thread 1 ] DEBUG FXGL.DefaultMenu     - createMenuBodyGameMenu()
14:40:07.451 [FXGL Background Thread 1 ] DEBUG FXGL.DefaultMenu     - createOptionsMenu()
14:40:07.496 [FXGL Background Thread 1 ] DEBUG FXGLAssetLoaderServi - Loading from file system: jar:file:/C:/Users/jeffr/.m2/repository/com/github/almasb/fxgl/17.1/fxgl-17.1.jar!/fxglassets/textures/particles/smoke.png
14:40:07.958 [FXGL Background Thread 1 ] DEBUG FXGLAssetLoaderServi - Loading from file system: jar:file:/C:/Users/jeffr/.m2/repository/com/github/almasb/fxgl/17.1/fxgl-17.1.jar!/fxglassets/textures/particles/trace_horizontal.png
14:40:08.063 [FXGL Background Thread 1 ] DEBUG GameApplicationServi - Application scenes initialized
14:40:08.122 [FXGL Background Thread 1 ] DEBUG SystemBundleService  - Loading FXGL system data
14:40:08.139 [FXGL Background Thread 1 ] DEBUG FileSystemAccess     - Reading from: C:\Users\jeffr\Documents\java\demo\system\fxgl.bundle
14:40:08.169 [FXGL Background Thread 1 ] DEBUG SystemBundleService  - Bundle FXGL: {}
14:40:08.170 [FXGL Background Thread 1 ] DEBUG UpdaterService       - Checking for updates
14:40:08.184 [FXGL Background Thread 4 ] DEBUG FXGLApplication      - Loading fonts
14:40:08.186 [FXGL Background Thread 4 ] DEBUG FXGLAssetLoaderServi - Loading from file system: jar:file:/C:/Users/jeffr/.m2/repository/com/github/almasb/fxgl/17.1/fxgl-17.1.jar!/fxglassets/ui/fonts/VarelaRound-Regular.ttf
14:40:08.186 [FXGL Background Thread 1 ] DEBUG FXGLApplication      - Loading default localization
14:40:08.189 [FXGL Background Thread 1 ] DEBUG FXGLAssetLoaderServi - Loading from file system: jar:file:/C:/Users/jeffr/.m2/repository/com/github/almasb/fxgl/17.1/fxgl-17.1.jar!/fxglassets/languages/english.lang
14:40:08.415 [FXGL Background Thread 4 ] DEBUG FXGLAssetLoaderServi - Loading from file system: jar:file:/C:/Users/jeffr/.m2/repository/com/github/almasb/fxgl/17.1/fxgl-17.1.jar!/fxglassets/ui/fonts/Abel-Regular.ttf
14:40:08.420 [FXGL Background Thread 1 ] INFO  FXGLApplication      - FXGL initialization took: 1.906 sec
14:40:08.430 [FXGL Background Thread 4 ] DEBUG FXGLAssetLoaderServi - Loading from file system: jar:file:/C:/Users/jeffr/.m2/repository/com/github/almasb/fxgl/17.1/fxgl-17.1.jar!/fxglassets/ui/fonts/TerminalLandMono-Regular.otf
14:40:08.444 [FXGL Background Thread 4 ] DEBUG FXGLAssetLoaderServi - Loading from file system: jar:file:/C:/Users/jeffr/.m2/repository/com/github/almasb/fxgl/17.1/fxgl-17.1.jar!/fxglassets/ui/fonts/Courier-Prime.ttf
14:40:08.473 [JavaFX Application Thread] DEBUG Input                - Registered new binding: Left - A
14:40:08.474 [JavaFX Application Thread] DEBUG Input                - Registered new binding: Right - D
14:40:08.476 [JavaFX Application Thread] DEBUG Input                - Registered new binding: Jump - W
14:40:08.477 [JavaFX Application Thread] DEBUG Input                - Registered new binding: enter - E
14:40:08.479 [JavaFX Application Thread] DEBUG FXGLAssetLoaderServi - Loading from file system: jar:file:/C:/Users/jeffr/.m2/repository/com/github/almasb/fxgl/17.1/fxgl-17.1.jar!/fxglassets/textures/fxgl_icon.png
14:40:08.583 [JavaFX Application Thread] DEBUG FXGLAssetLoaderServi - Loading from file system: jar:file:/C:/Users/jeffr/.m2/repository/com/github/almasb/fxgl/17.1/fxgl-17.1.jar!/fxglassets/textures/fxgl_default_cursor.png
14:40:08.602 [JavaFX Application Thread] DEBUG Input                - Registered new binding: Screenshot - CTRL+8
14:40:08.607 [JavaFX Application Thread] DEBUG Input                - Registered new binding: System info dump - CTRL+9
14:40:08.610 [JavaFX Application Thread] DEBUG Input                - Registered new binding: Restart - CTRL+R
14:40:08.613 [JavaFX Application Thread] DEBUG Input                - Registered new binding: Toggle Debug Camera - CTRL+7
14:40:08.626 [JavaFX Application Thread] DEBUG LoopRunner           - Starting loop
14:40:08.627 [JavaFX Application Thread] DEBUG LoopRunner           - Initializing JavaFX AnimationTimerLoop
14:40:08.634 [JavaFX Application Thread] DEBUG GameApplicationServi - Starting new game
14:40:08.636 [JavaFX Application Thread] DEBUG Input                - Clearing active input actions
14:40:08.698 [JavaFX Application Thread] DEBUG GameApplicationServi - Removing overlay from FXGLStartupScene and adding to FXGLLoadingScene
14:40:08.699 [JavaFX Application Thread] DEBUG PrimaryStageWindow   - FXGLStartupScene -> FXGLLoadingScene
14:40:08.700 [JavaFX Application Thread] DEBUG GameApplicationServi - Clearing previous game
14:40:08.700 [JavaFX Application Thread] DEBUG GameScene            - Clearing game scene
14:40:08.700 [JavaFX Application Thread] DEBUG GameWorld            - Clearing game world
14:40:08.701 [JavaFX Application Thread] DEBUG PhysicsWorld         - Clearing physics world
14:40:08.711 [FXGL Background Thread 4 ] DEBUG FXGLApplication      - Initializing game
14:40:08.712 [JavaFX Application Thread] DEBUG FXGLApplication      - Registering font factories with UI factory
14:40:08.990 [FXGL Background Thread 4 ] WARN  TMXLevelLoader       - TiledMap generated from 1.8.4. Supported version: 1.4.2. Some features may not be parsed fully.
14:40:09.053 [FXGL Background Thread 4 ] DEBUG TMXLevelLoader       - Parsed TiledMap: file:/C:/Users/jeffr/Documents/java/demo/target/classes/assets/levels/terrain.tmx
14:40:09.059 [FXGL Background Thread 4 ] DEBUG TMXLevelLoader       - Creating tile layer entities
14:40:09.066 [FXGL Background Thread 4 ] DEBUG TilesetLoader        - Loading view for layer Tile Layer 1
14:40:09.070 [FXGL Background Thread 4 ] DEBUG TilesetLoader        - Created buffer with size 960.0x640.0
14:40:09.160 [FXGL Background Thread 4 ] DEBUG TilesetLoader        - Loading view for layer decorations
14:40:09.165 [FXGL Background Thread 4 ] DEBUG TilesetLoader        - Created buffer with size 960.0x640.0
14:40:09.175 [FXGL Background Thread 4 ] DEBUG TMXLevelLoader       - Creating object layer entities
14:40:09.265 [FXGL Background Thread 4 ] DEBUG GameWorld            - Clearing removable entities
14:40:09.268 [FXGL Background Thread 4 ] DEBUG GameWorld            - Setting level: com.almasb.fxgl.entity.level.Level@27978c9
14:40:09.317 [FXGL Background Thread 4 ] DEBUG FXGLAssetLoaderServi - Loading from file system: file:/C:/Users/jeffr/Documents/java/demo/target/classes/assets/textures/idle.png
14:40:09.327 [FXGL Background Thread 4 ] DEBUG FXGLAssetLoaderServi - Loading from file system: file:/C:/Users/jeffr/Documents/java/demo/target/classes/assets/textures/run.png
14:40:09.333 [FXGL Background Thread 4 ] DEBUG FXGLAssetLoaderServi - Loading from file system: file:/C:/Users/jeffr/Documents/java/demo/target/classes/assets/textures/jump.png
14:40:09.336 [FXGL Background Thread 4 ] DEBUG FXGLAssetLoaderServi - Loading from file system: file:/C:/Users/jeffr/Documents/java/demo/target/classes/assets/textures/fall.png
14:40:09.366 [FXGL Background Thread 4 ] DEBUG FXGLAssetLoaderServi - Loading from file system: file:/C:/Users/jeffr/Documents/java/demo/target/classes/assets/textures/open.png
14:40:09.370 [FXGL Background Thread 4 ] DEBUG FXGLAssetLoaderServi - Loading from file system: file:/C:/Users/jeffr/Documents/java/demo/target/classes/assets/textures/close.png
14:40:09.383 [FXGL Background Thread 4 ] DEBUG FXGLAssetLoaderServi - Loading from file system: file:/C:/Users/jeffr/Documents/java/demo/target/classes/assets/textures/gem.png
14:40:09.407 [FXGL Background Thread 4 ] INFO  FXGLApplication      - Game initialization took: 0.695 sec
14:40:09.412 [JavaFX Application Thread] DEBUG Input                - Clearing active input actions
14:40:09.449 [JavaFX Application Thread] DEBUG GameApplicationServi - Removing overlay from FXGLLoadingScene and adding to GameScene
14:40:09.450 [JavaFX Application Thread] DEBUG PrimaryStageWindow   - FXGLLoadingScene -> GameScene
14:40:11.178 [FXGL Background Thread 3 ] DEBUG Engine               - Logging environment variables
14:40:11.180 [FXGL Background Thread 3 ] DEBUG Engine               - achievements: []
14:40:11.180 [FXGL Background Thread 3 ] DEBUG Engine               - actualHeight: 640.0
14:40:11.181 [FXGL Background Thread 3 ] DEBUG Engine               - actualHeightProperty: ReadOnlyDoubleProperty [value: 640.0]
14:40:11.181 [FXGL Background Thread 3 ] DEBUG Engine               - actualWidth: 960.0
14:40:11.181 [FXGL Background Thread 3 ] DEBUG Engine               - actualWidthProperty: ReadOnlyDoubleProperty [value: 960.0]
14:40:11.182 [FXGL Background Thread 3 ] DEBUG Engine               - appIcon: fxgl_icon.png
14:40:11.182 [FXGL Background Thread 3 ] DEBUG Engine               - applicationMode: DEVELOPER
14:40:11.182 [FXGL Background Thread 3 ] DEBUG Engine               - cSSList: [fxgl_dark.css]
14:40:11.182 [FXGL Background Thread 3 ] DEBUG Engine               - collisionDetectionStrategy: BRUTE_FORCE
14:40:11.182 [FXGL Background Thread 3 ] DEBUG Engine               - configClass: Optional.empty
14:40:11.183 [FXGL Background Thread 3 ] DEBUG Engine               - credits: []
14:40:11.184 [FXGL Background Thread 3 ] DEBUG Engine               - defaultCursor: CursorInfo(imageName=fxgl_default_cursor.png, hotspotX=7.0, hotspotY=6.0)
14:40:11.184 [FXGL Background Thread 3 ] DEBUG Engine               - devBBoxColorProperty: ObjectProperty [value: 0xff0000ff]
14:40:11.185 [FXGL Background Thread 3 ] DEBUG Engine               - devEnableDebugCameraProperty: BooleanProperty [value: false]
14:40:11.185 [FXGL Background Thread 3 ] DEBUG Engine               - devSensorColorProperty: ObjectProperty [value: 0xffff00ff]
14:40:11.185 [FXGL Background Thread 3 ] DEBUG Engine               - devShowBBoxProperty: BooleanProperty [value: false]
14:40:11.185 [FXGL Background Thread 3 ] DEBUG Engine               - devShowPositionProperty: BooleanProperty [value: false]
14:40:11.185 [FXGL Background Thread 3 ] DEBUG Engine               - enabledMenuItems: []
14:40:11.186 [FXGL Background Thread 3 ] DEBUG Engine               - engineServices: [class com.almasb.fxgl.app.services.FXGLAssetLoaderService, class com.almasb.fxgl.app.FXGLApplication$GameApplicationService, class com.almasb.fxgl.app.services.FXGLDialogService, class com.almasb.fxgl.app.services.IOTaskExecutorService, class com.almasb.fxgl.io.FileSystemService, class com.almasb.fxgl.localization.LocalizationService, class com.almasb.fxgl.app.services.SystemBundleService, class com.almasb.fxgl.profile.SaveLoadService, class com.almasb.fxgl.ui.FXGLUIFactoryServiceProvider, class com.almasb.fxgl.ui.FXGLDialogFactoryServiceProvider, class com.almasb.fxgl.audio.AudioPlayer, class com.almasb.fxgl.notification.impl.NotificationServiceProvider, class com.almasb.fxgl.achievement.AchievementService, class com.almasb.fxgl.cutscene.CutsceneService, class com.almasb.fxgl.minigames.MiniGameService, class com.almasb.fxgl.net.NetService, class com.almasb.fxgl.app.services.UpdaterService, class com.almasb.fxgl.dev.DevService]
14:40:11.186 [FXGL Background Thread 3 ] DEBUG Engine               - fontGame: Abel-Regular.ttf
14:40:11.186 [FXGL Background Thread 3 ] DEBUG Engine               - fontMono: TerminalLandMono-Regular.otf
14:40:11.186 [FXGL Background Thread 3 ] DEBUG Engine               - fontText: Courier-Prime.ttf
14:40:11.186 [FXGL Background Thread 3 ] DEBUG Engine               - fontUI: VarelaRound-Regular.ttf
14:40:11.187 [FXGL Background Thread 3 ] DEBUG Engine               - fullScreen: BooleanProperty [value: false]
14:40:11.187 [FXGL Background Thread 3 ] DEBUG Engine               - gameDifficulty: MEDIUM
14:40:11.187 [FXGL Background Thread 3 ] DEBUG Engine               - gameDifficultyProperty: ObjectProperty [value: MEDIUM]
14:40:11.187 [FXGL Background Thread 3 ] DEBUG Engine               - globalMusicVolume: 0.5
14:40:11.188 [FXGL Background Thread 3 ] DEBUG Engine               - globalMusicVolumeProperty: DoubleProperty [value: 0.5]
14:40:11.188 [FXGL Background Thread 3 ] DEBUG Engine               - globalSoundVolume: 0.5
14:40:11.188 [FXGL Background Thread 3 ] DEBUG Engine               - globalSoundVolumeProperty: DoubleProperty [value: 0.5]
14:40:11.189 [FXGL Background Thread 3 ] DEBUG Engine               - height: 640
14:40:11.189 [FXGL Background Thread 3 ] DEBUG Engine               - is3D: false
14:40:11.189 [FXGL Background Thread 3 ] DEBUG Engine               - isAndroid: false
14:40:11.189 [FXGL Background Thread 3 ] DEBUG Engine               - isBrowser: false
14:40:11.189 [FXGL Background Thread 3 ] DEBUG Engine               - isClickFeedbackEnabled: false
14:40:11.190 [FXGL Background Thread 3 ] DEBUG Engine               - isCloseConfirmation: false
14:40:11.190 [FXGL Background Thread 3 ] DEBUG Engine               - isDesktop: true
14:40:11.190 [FXGL Background Thread 3 ] DEBUG Engine               - isDeveloperMenuEnabled: false
14:40:11.190 [FXGL Background Thread 3 ] DEBUG Engine               - isEmbedded: false
14:40:11.191 [FXGL Background Thread 3 ] DEBUG Engine               - isEntityPreloadEnabled: true
14:40:11.191 [FXGL Background Thread 3 ] DEBUG Engine               - isExperimentalTiledLargeMap: false
14:40:11.191 [FXGL Background Thread 3 ] DEBUG Engine               - isFileSystemWriteAllowed: true
14:40:11.191 [FXGL Background Thread 3 ] DEBUG Engine               - isFullScreenAllowed: false
14:40:11.191 [FXGL Background Thread 3 ] DEBUG Engine               - isFullScreenFromStart: false
14:40:11.192 [FXGL Background Thread 3 ] DEBUG Engine               - isGameMenuEnabled: true
14:40:11.192 [FXGL Background Thread 3 ] DEBUG Engine               - isIOS: false
14:40:11.192 [FXGL Background Thread 3 ] DEBUG Engine               - isIntroEnabled: false
14:40:11.192 [FXGL Background Thread 3 ] DEBUG Engine               - isLinux: false
14:40:11.192 [FXGL Background Thread 3 ] DEBUG Engine               - isMac: false
14:40:11.192 [FXGL Background Thread 3 ] DEBUG Engine               - isMainMenuEnabled: false
14:40:11.193 [FXGL Background Thread 3 ] DEBUG Engine               - isManualResizeEnabled: false
14:40:11.193 [FXGL Background Thread 3 ] DEBUG Engine               - isMobile: false
14:40:11.193 [FXGL Background Thread 3 ] DEBUG Engine               - isNative: false
14:40:11.193 [FXGL Background Thread 3 ] DEBUG Engine               - isPauseMusicWhenMinimized: true
14:40:11.193 [FXGL Background Thread 3 ] DEBUG Engine               - isPreserveResizeRatio: false
14:40:11.193 [FXGL Background Thread 3 ] DEBUG Engine               - isProfilingEnabled: false
14:40:11.193 [FXGL Background Thread 3 ] DEBUG Engine               - isScaleAffectedOnResize: true
14:40:11.194 [FXGL Background Thread 3 ] DEBUG Engine               - isSingleStep: false
14:40:11.194 [FXGL Background Thread 3 ] DEBUG Engine               - isUserProfileEnabled: false
14:40:11.194 [FXGL Background Thread 3 ] DEBUG Engine               - isWindows: true
14:40:11.194 [FXGL Background Thread 3 ] DEBUG Engine               - language: ObjectProperty [value: ENGLISH]
14:40:11.194 [FXGL Background Thread 3 ] DEBUG Engine               - menuKey: ESCAPE
14:40:11.195 [FXGL Background Thread 3 ] DEBUG Engine               - mouseSensitivity: 0.2
14:40:11.195 [FXGL Background Thread 3 ] DEBUG Engine               - notificationViewClass: class com.almasb.fxgl.notification.view.XboxNotificationView
14:40:11.195 [FXGL Background Thread 3 ] DEBUG Engine               - pixelsPerMeter: 50.0
14:40:11.195 [FXGL Background Thread 3 ] DEBUG Engine               - platform: WINDOWS
14:40:11.195 [FXGL Background Thread 3 ] DEBUG Engine               - prefHeightProperty: ReadOnlyDoubleProperty [value: 640.0]
14:40:11.196 [FXGL Background Thread 3 ] DEBUG Engine               - prefWidthProperty: ReadOnlyDoubleProperty [value: 960.0]
14:40:11.196 [FXGL Background Thread 3 ] DEBUG Engine               - profileDir: profiles/
14:40:11.196 [FXGL Background Thread 3 ] DEBUG Engine               - profileName: StringProperty [value: DEFAULT]
14:40:11.196 [FXGL Background Thread 3 ] DEBUG Engine               - randomSeed: -1
14:40:11.199 [FXGL Background Thread 3 ] DEBUG Engine               - runtimeInfo: RuntimeInfo(platform=WINDOWS, version=17.1, build=24.03.2022 17.34)
14:40:11.199 [FXGL Background Thread 3 ] DEBUG Engine               - saveFileExt: sav
14:40:11.199 [FXGL Background Thread 3 ] DEBUG Engine               - scaledHeightProp$fxgl: DoubleProperty [bound, value: 640.0]
14:40:11.200 [FXGL Background Thread 3 ] DEBUG Engine               - scaledWidthProp$fxgl: DoubleProperty [bound, value: 960.0]
14:40:11.200 [FXGL Background Thread 3 ] DEBUG Engine               - sceneFactory: com.almasb.fxgl.app.scene.SceneFactory@7376c488
14:40:11.200 [FXGL Background Thread 3 ] DEBUG Engine               - secondsIn24h: 60
14:40:11.200 [FXGL Background Thread 3 ] DEBUG Engine               - soundMenuBack: menu/back.wav
14:40:11.200 [FXGL Background Thread 3 ] DEBUG Engine               - soundMenuPress: menu/press.wav
14:40:11.200 [FXGL Background Thread 3 ] DEBUG Engine               - soundMenuSelect: menu/select.wav
14:40:11.201 [FXGL Background Thread 3 ] DEBUG Engine               - soundNotification: core/notification.wav
14:40:11.201 [FXGL Background Thread 3 ] DEBUG Engine               - stageStyle: DECORATED
14:40:11.201 [FXGL Background Thread 3 ] DEBUG Engine               - supportedLanguages: [ENGLISH, FRENCH, GERMAN, HUNGARIAN, RUSSIAN]
14:40:11.201 [FXGL Background Thread 3 ] DEBUG Engine               - ticksPerSecond: -1
14:40:11.201 [FXGL Background Thread 3 ] DEBUG Engine               - title: Kings and Pigs
14:40:11.201 [FXGL Background Thread 3 ] DEBUG Engine               - urlGithub: https://github.com/AlmasB/FXGL
14:40:11.201 [FXGL Background Thread 3 ] DEBUG Engine               - urlLeaderboard: http://fxgl-top.herokuapp.com/
14:40:11.202 [FXGL Background Thread 3 ] DEBUG Engine               - urlPOM: https://raw.githubusercontent.com/AlmasB/FXGL/release/README.md
14:40:11.202 [FXGL Background Thread 3 ] DEBUG Engine               - userAppClass: class com.example.App
14:40:11.202 [FXGL Background Thread 3 ] DEBUG Engine               - version: 0.1
14:40:11.202 [FXGL Background Thread 3 ] DEBUG Engine               - versionCheckDays: 7
14:40:11.202 [FXGL Background Thread 3 ] DEBUG Engine               - width: 960
14:40:11.202 [FXGL Background Thread 3 ] DEBUG Engine               - Logging services
14:40:11.202 [FXGL Background Thread 3 ] DEBUG Engine               - class com.almasb.fxgl.app.services.FXGLAssetLoaderService
14:40:11.203 [FXGL Background Thread 3 ] DEBUG Engine               - class com.almasb.fxgl.app.FXGLApplication$GameApplicationService
14:40:11.203 [FXGL Background Thread 3 ] DEBUG Engine               - class com.almasb.fxgl.app.services.FXGLDialogService
14:40:11.203 [FXGL Background Thread 3 ] DEBUG Engine               - class com.almasb.fxgl.app.services.IOTaskExecutorService
14:40:11.203 [FXGL Background Thread 3 ] DEBUG Engine               - class com.almasb.fxgl.io.FileSystemService
14:40:11.203 [FXGL Background Thread 3 ] DEBUG Engine               - class com.almasb.fxgl.localization.LocalizationService
14:40:11.203 [FXGL Background Thread 3 ] DEBUG Engine               - class com.almasb.fxgl.app.services.SystemBundleService
14:40:11.203 [FXGL Background Thread 3 ] DEBUG Engine               - class com.almasb.fxgl.profile.SaveLoadService
14:40:11.204 [FXGL Background Thread 3 ] DEBUG Engine               - class com.almasb.fxgl.ui.FXGLUIFactoryServiceProvider
14:40:11.204 [FXGL Background Thread 3 ] DEBUG Engine               - class com.almasb.fxgl.ui.FXGLDialogFactoryServiceProvider
14:40:11.204 [FXGL Background Thread 3 ] DEBUG Engine               - class com.almasb.fxgl.audio.AudioPlayer
14:40:11.204 [FXGL Background Thread 3 ] DEBUG Engine               - class com.almasb.fxgl.notification.impl.NotificationServiceProvider
14:40:11.204 [FXGL Background Thread 3 ] DEBUG Engine               - class com.almasb.fxgl.achievement.AchievementService
14:40:11.204 [FXGL Background Thread 3 ] DEBUG Engine               - class com.almasb.fxgl.cutscene.CutsceneService
14:40:11.204 [FXGL Background Thread 3 ] DEBUG Engine               - class com.almasb.fxgl.minigames.MiniGameService
14:40:11.205 [FXGL Background Thread 3 ] DEBUG Engine               - class com.almasb.fxgl.net.NetService
14:40:11.205 [FXGL Background Thread 3 ] DEBUG Engine               - class com.almasb.fxgl.app.services.UpdaterService
14:40:11.205 [FXGL Background Thread 3 ] DEBUG Engine               - class com.almasb.fxgl.dev.DevService
14:40:24.046 [JavaFX Application Thread] DEBUG FXGLApplication      - Exiting FXGL
14:40:24.046 [JavaFX Application Thread] DEBUG LoopRunner           - Stopping loop
14:40:24.046 [JavaFX Application Thread] DEBUG SystemBundleService  - Saving FXGL system data
14:40:24.052 [JavaFX Application Thread] DEBUG FileSystemAccess     - Writing to: C:\Users\jeffr\Documents\java\demo\system\fxgl.bundle
14:40:24.060 [JavaFX Application Thread] DEBUG Async                - Shutting down background threads
14:40:24.060 [JavaFX Application Thread] DEBUG PrimaryStageWindow   - Closing main window
14:40:24.124 [JavaFX Application Thread] DEBUG Logger               - Closing Logger
