12:38:50.494 [main                     ] DEBUG Logger               - Configured Logger
12:38:50.534 [main                     ] DEBUG GameApplication      - Logging settings
Title: Kings and Pigs
Version: 0.1
Width: 960
Height: 640
Fullscreen: false
Intro: false
Profiling: false
Single step:false
App Mode: DEVELOPER
Menu Key: ESCAPE
Stage Style: DECORATED
Scene Factory: class com.almasb.fxgl.app.scene.SceneFactory

12:38:51.049 [JavaFX Application Thread] DEBUG FXGLApplication      - Initializing FXGL
12:38:51.059 [JavaFX Application Thread] INFO  Engine               - FXGL-17.1 (24.03.2022 17.34) on WINDOWS (J:18 FX:18)
12:38:51.059 [JavaFX Application Thread] DEBUG Engine               - JRE Vendor Name: Oracle Corporation
12:38:51.060 [JavaFX Application Thread] DEBUG Engine               - Running on OS: Windows 10 version 10.0
12:38:51.060 [JavaFX Application Thread] DEBUG Engine               - Architecture: amd64
12:38:51.060 [JavaFX Application Thread] INFO  Engine               - Source code and latest versions at: https://github.com/AlmasB/FXGL
12:38:51.061 [JavaFX Application Thread] INFO  Engine               -       Ask questions and discuss at: https://github.com/AlmasB/FXGL/discussions
12:38:51.061 [JavaFX Application Thread] INFO  Engine               -              Join the FXGL chat at: https://gitter.im/AlmasB/FXGL
12:38:51.228 [JavaFX Application Thread] DEBUG PrimaryStageWindow   - Creating a JavaFX scene
12:38:51.305 [JavaFX Application Thread] DEBUG PrimaryStageWindow   - Target settings size: 960.0 x 640.0
12:38:51.305 [JavaFX Application Thread] DEBUG PrimaryStageWindow   - Scaled scene size:    960.0 x 640.0
12:38:51.306 [JavaFX Application Thread] DEBUG PrimaryStageWindow   - Scaled ratio: (1.0, 1.0)
12:38:51.308 [JavaFX Application Thread] DEBUG PrimaryStageWindow   - Set initial scene to FXGLStartupScene
12:38:51.324 [JavaFX Application Thread] DEBUG PrimaryStageWindow   - Opening main window
12:38:51.459 [JavaFX Application Thread] DEBUG PrimaryStageWindow   - Window border size: (14.4000244140625, 37.5999755859375)
12:38:51.459 [JavaFX Application Thread] DEBUG PrimaryStageWindow   - Scaled size: 960.0 x 640.0
12:38:51.460 [JavaFX Application Thread] DEBUG PrimaryStageWindow   - Scaled ratio: (1.0, 1.0)
12:38:51.460 [JavaFX Application Thread] DEBUG PrimaryStageWindow   - Scene size: 960.0 x 640.0
12:38:51.461 [JavaFX Application Thread] DEBUG PrimaryStageWindow   - Stage size: 974.4000244140625 x 677.5999755859375
12:38:51.472 [FXGL Background Thread 1 ] DEBUG Engine               - Initializing environment variables
12:38:51.559 [FXGL Background Thread 1 ] DEBUG FXGLAssetLoaderServi - User app class for loading assets: class com.example.App
12:38:51.559 [FXGL Background Thread 1 ] DEBUG GameApplicationServi - Applying CSS: fxgl_dark.css
12:38:51.561 [FXGL Background Thread 1 ] DEBUG FXGLAssetLoaderServi - Loading from file system: jar:file:/C:/Users/Anass/.m2/repository/com/github/almasb/fxgl/17.1/fxgl-17.1.jar!/fxglassets/ui/css/fxgl_dark.css
12:38:51.625 [FXGL Background Thread 1 ] DEBUG GameApplicationServi - Initializing application scenes
12:38:51.692 [FXGL Background Thread 1 ] DEBUG GameWorld            - Game world initialized
12:38:51.774 [FXGL Background Thread 1 ] DEBUG PhysicsWorld         - Physics world initialized: appHeight=640, physics.ppm=50,0
12:38:51.775 [FXGL Background Thread 1 ] DEBUG PhysicsWorld         - Using strategy: BRUTE_FORCE
12:38:51.781 [FXGL Background Thread 1 ] DEBUG GameScene            - Game scene initialized: 960x640
12:38:51.801 [FXGL Background Thread 1 ] DEBUG FXGL.DefaultMenu     - createMenuBodyGameMenu()
12:38:51.822 [FXGL Background Thread 1 ] DEBUG FXGL.DefaultMenu     - createOptionsMenu()
12:38:51.841 [FXGL Background Thread 1 ] DEBUG FXGLAssetLoaderServi - Loading from file system: jar:file:/C:/Users/Anass/.m2/repository/com/github/almasb/fxgl/17.1/fxgl-17.1.jar!/fxglassets/textures/particles/smoke.png
12:38:52.005 [FXGL Background Thread 1 ] DEBUG FXGLAssetLoaderServi - Loading from file system: jar:file:/C:/Users/Anass/.m2/repository/com/github/almasb/fxgl/17.1/fxgl-17.1.jar!/fxglassets/textures/particles/trace_horizontal.png
12:38:52.045 [FXGL Background Thread 1 ] DEBUG GameApplicationServi - Application scenes initialized
12:38:52.060 [FXGL Background Thread 1 ] DEBUG SystemBundleService  - Loading FXGL system data
12:38:52.066 [FXGL Background Thread 1 ] DEBUG FileSystemAccess     - Reading from: C:\Users\Anass\OneDrive - Hogeschool Leiden\hsleiden\ipose\app\demo\system\fxgl.bundle
12:38:52.077 [FXGL Background Thread 1 ] DEBUG SystemBundleService  - Bundle FXGL: {}
12:38:52.077 [FXGL Background Thread 1 ] DEBUG UpdaterService       - Checking for updates
12:38:52.084 [FXGL Background Thread 4 ] DEBUG FXGLApplication      - Loading fonts
12:38:52.085 [FXGL Background Thread 4 ] DEBUG FXGLAssetLoaderServi - Loading from file system: jar:file:/C:/Users/Anass/.m2/repository/com/github/almasb/fxgl/17.1/fxgl-17.1.jar!/fxglassets/ui/fonts/VarelaRound-Regular.ttf
12:38:52.085 [FXGL Background Thread 1 ] DEBUG FXGLApplication      - Loading default localization
12:38:52.086 [FXGL Background Thread 1 ] DEBUG FXGLAssetLoaderServi - Loading from file system: jar:file:/C:/Users/Anass/.m2/repository/com/github/almasb/fxgl/17.1/fxgl-17.1.jar!/fxglassets/languages/english.lang
12:38:52.117 [FXGL Background Thread 1 ] INFO  FXGLApplication      - FXGL initialization took: 0,644 sec
12:38:52.134 [JavaFX Application Thread] DEBUG Input                - Registered new binding: Left - A
12:38:52.135 [JavaFX Application Thread] DEBUG Input                - Registered new binding: Right - D
12:38:52.135 [JavaFX Application Thread] DEBUG Input                - Registered new binding: Jump - W
12:38:52.135 [JavaFX Application Thread] DEBUG Input                - Registered new binding: enter - E
12:38:52.136 [JavaFX Application Thread] DEBUG FXGLAssetLoaderServi - Loading from file system: jar:file:/C:/Users/Anass/.m2/repository/com/github/almasb/fxgl/17.1/fxgl-17.1.jar!/fxglassets/textures/fxgl_icon.png
12:38:52.170 [JavaFX Application Thread] DEBUG FXGLAssetLoaderServi - Loading from file system: jar:file:/C:/Users/Anass/.m2/repository/com/github/almasb/fxgl/17.1/fxgl-17.1.jar!/fxglassets/textures/fxgl_default_cursor.png
12:38:52.174 [JavaFX Application Thread] DEBUG Input                - Registered new binding: Screenshot - CTRL+8
12:38:52.175 [JavaFX Application Thread] DEBUG Input                - Registered new binding: System info dump - CTRL+9
12:38:52.176 [JavaFX Application Thread] DEBUG Input                - Registered new binding: Restart - CTRL+R
12:38:52.177 [JavaFX Application Thread] DEBUG Input                - Registered new binding: Toggle Debug Camera - CTRL+7
12:38:52.180 [JavaFX Application Thread] DEBUG LoopRunner           - Starting loop
12:38:52.180 [JavaFX Application Thread] DEBUG LoopRunner           - Initializing JavaFX AnimationTimerLoop
12:38:52.182 [JavaFX Application Thread] DEBUG GameApplicationServi - Starting new game
12:38:52.183 [JavaFX Application Thread] DEBUG Input                - Clearing active input actions
12:38:52.187 [FXGL Background Thread 4 ] DEBUG FXGLAssetLoaderServi - Loading from file system: jar:file:/C:/Users/Anass/.m2/repository/com/github/almasb/fxgl/17.1/fxgl-17.1.jar!/fxglassets/ui/fonts/Abel-Regular.ttf
12:38:52.202 [JavaFX Application Thread] DEBUG GameApplicationServi - Removing overlay from FXGLStartupScene and adding to FXGLLoadingScene
12:38:52.202 [JavaFX Application Thread] DEBUG PrimaryStageWindow   - FXGLStartupScene -> FXGLLoadingScene
12:38:52.202 [JavaFX Application Thread] DEBUG GameApplicationServi - Clearing previous game
12:38:52.202 [JavaFX Application Thread] DEBUG GameScene            - Clearing game scene
12:38:52.203 [JavaFX Application Thread] DEBUG GameWorld            - Clearing game world
12:38:52.203 [JavaFX Application Thread] DEBUG PhysicsWorld         - Clearing physics world
12:38:52.203 [FXGL Background Thread 4 ] DEBUG FXGLAssetLoaderServi - Loading from file system: jar:file:/C:/Users/Anass/.m2/repository/com/github/almasb/fxgl/17.1/fxgl-17.1.jar!/fxglassets/ui/fonts/TerminalLandMono-Regular.otf
12:38:52.205 [FXGL Background Thread 1 ] DEBUG FXGLApplication      - Initializing game
12:38:52.219 [FXGL Background Thread 4 ] DEBUG FXGLAssetLoaderServi - Loading from file system: jar:file:/C:/Users/Anass/.m2/repository/com/github/almasb/fxgl/17.1/fxgl-17.1.jar!/fxglassets/ui/fonts/Courier-Prime.ttf
12:38:52.262 [FXGL Background Thread 1 ] WARN  TMXLevelLoader       - TiledMap generated from 1.8.4. Supported version: 1.4.2. Some features may not be parsed fully.
12:38:52.267 [JavaFX Application Thread] DEBUG FXGLApplication      - Registering font factories with UI factory
12:38:52.275 [FXGL Background Thread 1 ] DEBUG TMXLevelLoader       - Parsed TiledMap: file:/C:/Users/Anass/OneDrive%20-%20Hogeschool%20Leiden/hsleiden/ipose/app/demo/target/classes/assets/levels/terrain.tmx
12:38:52.276 [FXGL Background Thread 1 ] DEBUG TMXLevelLoader       - Creating tile layer entities
12:38:52.279 [FXGL Background Thread 1 ] DEBUG TilesetLoader        - Loading view for layer Tile Layer 1
12:38:52.281 [FXGL Background Thread 1 ] DEBUG TilesetLoader        - Created buffer with size 960.0x640.0
12:38:52.333 [FXGL Background Thread 1 ] DEBUG TilesetLoader        - Loading view for layer decorations
12:38:52.335 [FXGL Background Thread 1 ] DEBUG TilesetLoader        - Created buffer with size 960.0x640.0
12:38:52.338 [FXGL Background Thread 1 ] DEBUG TMXLevelLoader       - Creating object layer entities
12:38:52.359 [FXGL Background Thread 1 ] DEBUG GameWorld            - Clearing removable entities
12:38:52.360 [FXGL Background Thread 1 ] DEBUG GameWorld            - Setting level: com.almasb.fxgl.entity.level.Level@54bb5135
12:38:52.379 [FXGL Background Thread 1 ] DEBUG FXGLAssetLoaderServi - Loading from file system: file:/C:/Users/Anass/OneDrive%20-%20Hogeschool%20Leiden/hsleiden/ipose/app/demo/target/classes/assets/textures/idle.png
12:38:52.384 [FXGL Background Thread 1 ] DEBUG FXGLAssetLoaderServi - Loading from file system: file:/C:/Users/Anass/OneDrive%20-%20Hogeschool%20Leiden/hsleiden/ipose/app/demo/target/classes/assets/textures/run.png
12:38:52.386 [FXGL Background Thread 1 ] DEBUG FXGLAssetLoaderServi - Loading from file system: file:/C:/Users/Anass/OneDrive%20-%20Hogeschool%20Leiden/hsleiden/ipose/app/demo/target/classes/assets/textures/jump.png
12:38:52.387 [FXGL Background Thread 1 ] DEBUG FXGLAssetLoaderServi - Loading from file system: file:/C:/Users/Anass/OneDrive%20-%20Hogeschool%20Leiden/hsleiden/ipose/app/demo/target/classes/assets/textures/fall.png
12:38:52.405 [FXGL Background Thread 1 ] DEBUG FXGLAssetLoaderServi - Loading from file system: file:/C:/Users/Anass/OneDrive%20-%20Hogeschool%20Leiden/hsleiden/ipose/app/demo/target/classes/assets/textures/open.png
12:38:52.408 [FXGL Background Thread 1 ] DEBUG FXGLAssetLoaderServi - Loading from file system: file:/C:/Users/Anass/OneDrive%20-%20Hogeschool%20Leiden/hsleiden/ipose/app/demo/target/classes/assets/textures/close.png
12:38:52.410 [FXGL Background Thread 1 ] INFO  FXGLApplication      - Game initialization took: 0,205 sec
12:38:52.411 [JavaFX Application Thread] DEBUG Input                - Clearing active input actions
12:38:52.421 [JavaFX Application Thread] DEBUG GameApplicationServi - Removing overlay from FXGLLoadingScene and adding to GameScene
12:38:52.421 [JavaFX Application Thread] DEBUG PrimaryStageWindow   - FXGLLoadingScene -> GameScene
12:38:55.081 [FXGL Background Thread 3 ] DEBUG Engine               - Logging environment variables
12:38:55.083 [FXGL Background Thread 3 ] DEBUG Engine               - achievements: []
12:38:55.083 [FXGL Background Thread 3 ] DEBUG Engine               - actualHeight: 640.0
12:38:55.083 [FXGL Background Thread 3 ] DEBUG Engine               - actualHeightProperty: ReadOnlyDoubleProperty [value: 640.0]
12:38:55.083 [FXGL Background Thread 3 ] DEBUG Engine               - actualWidth: 960.0
12:38:55.083 [FXGL Background Thread 3 ] DEBUG Engine               - actualWidthProperty: ReadOnlyDoubleProperty [value: 960.0]
12:38:55.083 [FXGL Background Thread 3 ] DEBUG Engine               - appIcon: fxgl_icon.png
12:38:55.083 [FXGL Background Thread 3 ] DEBUG Engine               - applicationMode: DEVELOPER
12:38:55.083 [FXGL Background Thread 3 ] DEBUG Engine               - cSSList: [fxgl_dark.css]
12:38:55.084 [FXGL Background Thread 3 ] DEBUG Engine               - collisionDetectionStrategy: BRUTE_FORCE
12:38:55.084 [FXGL Background Thread 3 ] DEBUG Engine               - configClass: Optional.empty
12:38:55.084 [FXGL Background Thread 3 ] DEBUG Engine               - credits: []
12:38:55.085 [FXGL Background Thread 3 ] DEBUG Engine               - defaultCursor: CursorInfo(imageName=fxgl_default_cursor.png, hotspotX=7.0, hotspotY=6.0)
12:38:55.085 [FXGL Background Thread 3 ] DEBUG Engine               - devBBoxColorProperty: ObjectProperty [value: 0xff0000ff]
12:38:55.085 [FXGL Background Thread 3 ] DEBUG Engine               - devEnableDebugCameraProperty: BooleanProperty [value: false]
12:38:55.085 [FXGL Background Thread 3 ] DEBUG Engine               - devSensorColorProperty: ObjectProperty [value: 0xffff00ff]
12:38:55.086 [FXGL Background Thread 3 ] DEBUG Engine               - devShowBBoxProperty: BooleanProperty [value: false]
12:38:55.086 [FXGL Background Thread 3 ] DEBUG Engine               - devShowPositionProperty: BooleanProperty [value: false]
12:38:55.086 [FXGL Background Thread 3 ] DEBUG Engine               - enabledMenuItems: []
12:38:55.086 [FXGL Background Thread 3 ] DEBUG Engine               - engineServices: [class com.almasb.fxgl.app.services.FXGLAssetLoaderService, class com.almasb.fxgl.app.FXGLApplication$GameApplicationService, class com.almasb.fxgl.app.services.FXGLDialogService, class com.almasb.fxgl.app.services.IOTaskExecutorService, class com.almasb.fxgl.io.FileSystemService, class com.almasb.fxgl.localization.LocalizationService, class com.almasb.fxgl.app.services.SystemBundleService, class com.almasb.fxgl.profile.SaveLoadService, class com.almasb.fxgl.ui.FXGLUIFactoryServiceProvider, class com.almasb.fxgl.ui.FXGLDialogFactoryServiceProvider, class com.almasb.fxgl.audio.AudioPlayer, class com.almasb.fxgl.notification.impl.NotificationServiceProvider, class com.almasb.fxgl.achievement.AchievementService, class com.almasb.fxgl.cutscene.CutsceneService, class com.almasb.fxgl.minigames.MiniGameService, class com.almasb.fxgl.net.NetService, class com.almasb.fxgl.app.services.UpdaterService, class com.almasb.fxgl.dev.DevService]
12:38:55.086 [FXGL Background Thread 3 ] DEBUG Engine               - fontGame: Abel-Regular.ttf
12:38:55.086 [FXGL Background Thread 3 ] DEBUG Engine               - fontMono: TerminalLandMono-Regular.otf
12:38:55.086 [FXGL Background Thread 3 ] DEBUG Engine               - fontText: Courier-Prime.ttf
12:38:55.086 [FXGL Background Thread 3 ] DEBUG Engine               - fontUI: VarelaRound-Regular.ttf
12:38:55.086 [FXGL Background Thread 3 ] DEBUG Engine               - fullScreen: BooleanProperty [value: false]
12:38:55.086 [FXGL Background Thread 3 ] DEBUG Engine               - gameDifficulty: MEDIUM
12:38:55.086 [FXGL Background Thread 3 ] DEBUG Engine               - gameDifficultyProperty: ObjectProperty [value: MEDIUM]
12:38:55.086 [FXGL Background Thread 3 ] DEBUG Engine               - globalMusicVolume: 0.5
12:38:55.087 [FXGL Background Thread 3 ] DEBUG Engine               - globalMusicVolumeProperty: DoubleProperty [value: 0.5]
12:38:55.087 [FXGL Background Thread 3 ] DEBUG Engine               - globalSoundVolume: 0.5
12:38:55.087 [FXGL Background Thread 3 ] DEBUG Engine               - globalSoundVolumeProperty: DoubleProperty [value: 0.5]
12:38:55.087 [FXGL Background Thread 3 ] DEBUG Engine               - height: 640
12:38:55.087 [FXGL Background Thread 3 ] DEBUG Engine               - is3D: false
12:38:55.087 [FXGL Background Thread 3 ] DEBUG Engine               - isAndroid: false
12:38:55.087 [FXGL Background Thread 3 ] DEBUG Engine               - isBrowser: false
12:38:55.087 [FXGL Background Thread 3 ] DEBUG Engine               - isClickFeedbackEnabled: false
12:38:55.087 [FXGL Background Thread 3 ] DEBUG Engine               - isCloseConfirmation: false
12:38:55.087 [FXGL Background Thread 3 ] DEBUG Engine               - isDesktop: true
12:38:55.088 [FXGL Background Thread 3 ] DEBUG Engine               - isDeveloperMenuEnabled: false
12:38:55.088 [FXGL Background Thread 3 ] DEBUG Engine               - isEmbedded: false
12:38:55.088 [FXGL Background Thread 3 ] DEBUG Engine               - isEntityPreloadEnabled: true
12:38:55.088 [FXGL Background Thread 3 ] DEBUG Engine               - isExperimentalTiledLargeMap: false
12:38:55.088 [FXGL Background Thread 3 ] DEBUG Engine               - isFileSystemWriteAllowed: true
12:38:55.088 [FXGL Background Thread 3 ] DEBUG Engine               - isFullScreenAllowed: false
12:38:55.088 [FXGL Background Thread 3 ] DEBUG Engine               - isFullScreenFromStart: false
12:38:55.088 [FXGL Background Thread 3 ] DEBUG Engine               - isGameMenuEnabled: true
12:38:55.089 [FXGL Background Thread 3 ] DEBUG Engine               - isIOS: false
12:38:55.089 [FXGL Background Thread 3 ] DEBUG Engine               - isIntroEnabled: false
12:38:55.089 [FXGL Background Thread 3 ] DEBUG Engine               - isLinux: false
12:38:55.089 [FXGL Background Thread 3 ] DEBUG Engine               - isMac: false
12:38:55.089 [FXGL Background Thread 3 ] DEBUG Engine               - isMainMenuEnabled: false
12:38:55.089 [FXGL Background Thread 3 ] DEBUG Engine               - isManualResizeEnabled: false
12:38:55.089 [FXGL Background Thread 3 ] DEBUG Engine               - isMobile: false
12:38:55.089 [FXGL Background Thread 3 ] DEBUG Engine               - isNative: false
12:38:55.089 [FXGL Background Thread 3 ] DEBUG Engine               - isPauseMusicWhenMinimized: true
12:38:55.089 [FXGL Background Thread 3 ] DEBUG Engine               - isPreserveResizeRatio: false
12:38:55.089 [FXGL Background Thread 3 ] DEBUG Engine               - isProfilingEnabled: false
12:38:55.089 [FXGL Background Thread 3 ] DEBUG Engine               - isScaleAffectedOnResize: true
12:38:55.090 [FXGL Background Thread 3 ] DEBUG Engine               - isSingleStep: false
12:38:55.090 [FXGL Background Thread 3 ] DEBUG Engine               - isUserProfileEnabled: false
12:38:55.090 [FXGL Background Thread 3 ] DEBUG Engine               - isWindows: true
12:38:55.090 [FXGL Background Thread 3 ] DEBUG Engine               - language: ObjectProperty [value: ENGLISH]
12:38:55.090 [FXGL Background Thread 3 ] DEBUG Engine               - menuKey: ESCAPE
12:38:55.090 [FXGL Background Thread 3 ] DEBUG Engine               - mouseSensitivity: 0.2
12:38:55.090 [FXGL Background Thread 3 ] DEBUG Engine               - notificationViewClass: class com.almasb.fxgl.notification.view.XboxNotificationView
12:38:55.090 [FXGL Background Thread 3 ] DEBUG Engine               - pixelsPerMeter: 50.0
12:38:55.090 [FXGL Background Thread 3 ] DEBUG Engine               - platform: WINDOWS
12:38:55.091 [FXGL Background Thread 3 ] DEBUG Engine               - prefHeightProperty: ReadOnlyDoubleProperty [value: 640.0]
12:38:55.091 [FXGL Background Thread 3 ] DEBUG Engine               - prefWidthProperty: ReadOnlyDoubleProperty [value: 960.0]
12:38:55.091 [FXGL Background Thread 3 ] DEBUG Engine               - profileDir: profiles/
12:38:55.091 [FXGL Background Thread 3 ] DEBUG Engine               - profileName: StringProperty [value: DEFAULT]
12:38:55.091 [FXGL Background Thread 3 ] DEBUG Engine               - randomSeed: -1
12:38:55.092 [FXGL Background Thread 3 ] DEBUG Engine               - runtimeInfo: RuntimeInfo(platform=WINDOWS, version=17.1, build=24.03.2022 17.34)
12:38:55.092 [FXGL Background Thread 3 ] DEBUG Engine               - saveFileExt: sav
12:38:55.092 [FXGL Background Thread 3 ] DEBUG Engine               - scaledHeightProp$fxgl: DoubleProperty [bound, value: 640.0]
12:38:55.092 [FXGL Background Thread 3 ] DEBUG Engine               - scaledWidthProp$fxgl: DoubleProperty [bound, value: 960.0]
12:38:55.092 [FXGL Background Thread 3 ] DEBUG Engine               - sceneFactory: com.almasb.fxgl.app.scene.SceneFactory@7e0be4ec
12:38:55.092 [FXGL Background Thread 3 ] DEBUG Engine               - secondsIn24h: 60
12:38:55.092 [FXGL Background Thread 3 ] DEBUG Engine               - soundMenuBack: menu/back.wav
12:38:55.092 [FXGL Background Thread 3 ] DEBUG Engine               - soundMenuPress: menu/press.wav
12:38:55.092 [FXGL Background Thread 3 ] DEBUG Engine               - soundMenuSelect: menu/select.wav
12:38:55.092 [FXGL Background Thread 3 ] DEBUG Engine               - soundNotification: core/notification.wav
12:38:55.092 [FXGL Background Thread 3 ] DEBUG Engine               - stageStyle: DECORATED
12:38:55.092 [FXGL Background Thread 3 ] DEBUG Engine               - supportedLanguages: [ENGLISH, FRENCH, GERMAN, HUNGARIAN, RUSSIAN]
12:38:55.092 [FXGL Background Thread 3 ] DEBUG Engine               - ticksPerSecond: -1
12:38:55.093 [FXGL Background Thread 3 ] DEBUG Engine               - title: Kings and Pigs
12:38:55.093 [FXGL Background Thread 3 ] DEBUG Engine               - urlGithub: https://github.com/AlmasB/FXGL
12:38:55.093 [FXGL Background Thread 3 ] DEBUG Engine               - urlLeaderboard: http://fxgl-top.herokuapp.com/
12:38:55.093 [FXGL Background Thread 3 ] DEBUG Engine               - urlPOM: https://raw.githubusercontent.com/AlmasB/FXGL/release/README.md
12:38:55.093 [FXGL Background Thread 3 ] DEBUG Engine               - userAppClass: class com.example.App
12:38:55.093 [FXGL Background Thread 3 ] DEBUG Engine               - version: 0.1
12:38:55.093 [FXGL Background Thread 3 ] DEBUG Engine               - versionCheckDays: 7
12:38:55.093 [FXGL Background Thread 3 ] DEBUG Engine               - width: 960
12:38:55.093 [FXGL Background Thread 3 ] DEBUG Engine               - Logging services
12:38:55.093 [FXGL Background Thread 3 ] DEBUG Engine               - class com.almasb.fxgl.app.services.FXGLAssetLoaderService
12:38:55.094 [FXGL Background Thread 3 ] DEBUG Engine               - class com.almasb.fxgl.app.FXGLApplication$GameApplicationService
12:38:55.094 [FXGL Background Thread 3 ] DEBUG Engine               - class com.almasb.fxgl.app.services.FXGLDialogService
12:38:55.094 [FXGL Background Thread 3 ] DEBUG Engine               - class com.almasb.fxgl.app.services.IOTaskExecutorService
12:38:55.094 [FXGL Background Thread 3 ] DEBUG Engine               - class com.almasb.fxgl.io.FileSystemService
12:38:55.094 [FXGL Background Thread 3 ] DEBUG Engine               - class com.almasb.fxgl.localization.LocalizationService
12:38:55.094 [FXGL Background Thread 3 ] DEBUG Engine               - class com.almasb.fxgl.app.services.SystemBundleService
12:38:55.094 [FXGL Background Thread 3 ] DEBUG Engine               - class com.almasb.fxgl.profile.SaveLoadService
12:38:55.094 [FXGL Background Thread 3 ] DEBUG Engine               - class com.almasb.fxgl.ui.FXGLUIFactoryServiceProvider
12:38:55.094 [FXGL Background Thread 3 ] DEBUG Engine               - class com.almasb.fxgl.ui.FXGLDialogFactoryServiceProvider
12:38:55.094 [FXGL Background Thread 3 ] DEBUG Engine               - class com.almasb.fxgl.audio.AudioPlayer
12:38:55.094 [FXGL Background Thread 3 ] DEBUG Engine               - class com.almasb.fxgl.notification.impl.NotificationServiceProvider
12:38:55.094 [FXGL Background Thread 3 ] DEBUG Engine               - class com.almasb.fxgl.achievement.AchievementService
12:38:55.095 [FXGL Background Thread 3 ] DEBUG Engine               - class com.almasb.fxgl.cutscene.CutsceneService
12:38:55.095 [FXGL Background Thread 3 ] DEBUG Engine               - class com.almasb.fxgl.minigames.MiniGameService
12:38:55.095 [FXGL Background Thread 3 ] DEBUG Engine               - class com.almasb.fxgl.net.NetService
12:38:55.095 [FXGL Background Thread 3 ] DEBUG Engine               - class com.almasb.fxgl.app.services.UpdaterService
12:38:55.095 [FXGL Background Thread 3 ] DEBUG Engine               - class com.almasb.fxgl.dev.DevService
12:38:57.779 [JavaFX Application Thread] DEBUG FXGLApplication      - Exiting FXGL
12:38:57.779 [JavaFX Application Thread] DEBUG LoopRunner           - Stopping loop
12:38:57.779 [JavaFX Application Thread] DEBUG SystemBundleService  - Saving FXGL system data
12:38:57.783 [JavaFX Application Thread] DEBUG FileSystemAccess     - Writing to: C:\Users\Anass\OneDrive - Hogeschool Leiden\hsleiden\ipose\app\demo\system\fxgl.bundle
12:38:57.788 [JavaFX Application Thread] DEBUG Async                - Shutting down background threads
12:38:57.788 [JavaFX Application Thread] DEBUG PrimaryStageWindow   - Closing main window
12:38:57.811 [JavaFX Application Thread] DEBUG Logger               - Closing Logger
