15:28:59.955 [main                     ] DEBUG Logger               - Configured Logger
15:28:59.986 [main                     ] DEBUG GameApplication      - Logging settings
Title: Kings and Pigs
Version: 0.1
Width: 960
Height: 640
Fullscreen: false
Intro: false
Profiling: false
Single step:false
App Mode: DEVELOPER
Menu Key: ESCAPE
Stage Style: DECORATED
Scene Factory: class com.example.App$1

15:29:00.389 [JavaFX Application Thread] DEBUG FXGLApplication      - Initializing FXGL
15:29:00.396 [JavaFX Application Thread] INFO  Engine               - FXGL-17.1 (24.03.2022 17.34) on WINDOWS (J:18 FX:18)
15:29:00.397 [JavaFX Application Thread] DEBUG Engine               - JRE Vendor Name: Oracle Corporation
15:29:00.398 [JavaFX Application Thread] DEBUG Engine               - Running on OS: Windows 10 version 10.0
15:29:00.398 [JavaFX Application Thread] DEBUG Engine               - Architecture: amd64
15:29:00.398 [JavaFX Application Thread] INFO  Engine               - Source code and latest versions at: https://github.com/AlmasB/FXGL
15:29:00.398 [JavaFX Application Thread] INFO  Engine               -       Ask questions and discuss at: https://github.com/AlmasB/FXGL/discussions
15:29:00.399 [JavaFX Application Thread] INFO  Engine               -              Join the FXGL chat at: https://gitter.im/AlmasB/FXGL
15:29:00.532 [JavaFX Application Thread] DEBUG PrimaryStageWindow   - Creating a JavaFX scene
15:29:00.580 [JavaFX Application Thread] DEBUG PrimaryStageWindow   - Target settings size: 960.0 x 640.0
15:29:00.580 [JavaFX Application Thread] DEBUG PrimaryStageWindow   - Scaled scene size:    960.0 x 640.0
15:29:00.580 [JavaFX Application Thread] DEBUG PrimaryStageWindow   - Scaled ratio: (1.0, 1.0)
15:29:00.581 [JavaFX Application Thread] DEBUG PrimaryStageWindow   - Set initial scene to FXGLStartupScene
15:29:00.588 [JavaFX Application Thread] DEBUG PrimaryStageWindow   - Opening main window
15:29:00.674 [JavaFX Application Thread] DEBUG PrimaryStageWindow   - Window border size: (14.4000244140625, 37.5999755859375)
15:29:00.674 [JavaFX Application Thread] DEBUG PrimaryStageWindow   - Scaled size: 960.0 x 640.0
15:29:00.674 [JavaFX Application Thread] DEBUG PrimaryStageWindow   - Scaled ratio: (1.0, 1.0)
15:29:00.675 [JavaFX Application Thread] DEBUG PrimaryStageWindow   - Scene size: 960.0 x 640.0
15:29:00.675 [JavaFX Application Thread] DEBUG PrimaryStageWindow   - Stage size: 974.4000244140625 x 677.5999755859375
15:29:00.686 [FXGL Background Thread 1 ] DEBUG Engine               - Initializing environment variables
15:29:00.784 [FXGL Background Thread 1 ] DEBUG FXGLAssetLoaderServi - User app class for loading assets: class com.example.App
15:29:00.784 [FXGL Background Thread 1 ] DEBUG GameApplicationServi - Applying CSS: fxgl_dark.css
15:29:00.785 [FXGL Background Thread 1 ] DEBUG FXGLAssetLoaderServi - Loading from file system: jar:file:/C:/Users/ilias/.m2/repository/com/github/almasb/fxgl/17.1/fxgl-17.1.jar!/fxglassets/ui/css/fxgl_dark.css
15:29:00.851 [FXGL Background Thread 1 ] DEBUG GameApplicationServi - Initializing application scenes
15:29:00.926 [FXGL Background Thread 1 ] DEBUG GameWorld            - Game world initialized
15:29:01.003 [FXGL Background Thread 1 ] DEBUG PhysicsWorld         - Physics world initialized: appHeight=640, physics.ppm=50.0
15:29:01.003 [FXGL Background Thread 1 ] DEBUG PhysicsWorld         - Using strategy: BRUTE_FORCE
15:29:01.008 [FXGL Background Thread 1 ] DEBUG GameScene            - Game scene initialized: 960x640
15:29:01.023 [FXGL Background Thread 1 ] DEBUG FXGL.DefaultMenu     - createMenuBodyMainMenu()
15:29:01.044 [FXGL Background Thread 1 ] DEBUG FXGL.DefaultMenu     - createOptionsMenu()
15:29:01.057 [FXGL Background Thread 1 ] DEBUG FXGLAssetLoaderServi - Loading from file system: jar:file:/C:/Users/ilias/.m2/repository/com/github/almasb/fxgl/17.1/fxgl-17.1.jar!/fxglassets/textures/particles/smoke.png
15:29:01.181 [FXGL Background Thread 1 ] DEBUG FXGLAssetLoaderServi - Loading from file system: jar:file:/C:/Users/ilias/.m2/repository/com/github/almasb/fxgl/17.1/fxgl-17.1.jar!/fxglassets/textures/particles/trace_horizontal.png
15:29:01.211 [FXGL Background Thread 1 ] DEBUG FXGL.DefaultMenu     - createMenuBodyGameMenu()
15:29:01.212 [FXGL Background Thread 1 ] DEBUG FXGL.DefaultMenu     - createOptionsMenu()
15:29:01.224 [FXGL Background Thread 1 ] DEBUG GameApplicationServi - Application scenes initialized
15:29:01.237 [FXGL Background Thread 1 ] DEBUG SystemBundleService  - Loading FXGL system data
15:29:01.240 [FXGL Background Thread 1 ] DEBUG FileSystemAccess     - Reading from: C:\Users\ilias\OneDrive\schoolhbo\leerjaar 1\ipose\newApp\demo\system\fxgl.bundle
15:29:01.248 [FXGL Background Thread 1 ] DEBUG SystemBundleService  - Bundle FXGL: {}
15:29:01.249 [FXGL Background Thread 1 ] DEBUG UpdaterService       - Checking for updates
15:29:01.253 [FXGL Background Thread 4 ] DEBUG FXGLApplication      - Loading fonts
15:29:01.253 [FXGL Background Thread 1 ] DEBUG FXGLApplication      - Loading default localization
15:29:01.254 [FXGL Background Thread 4 ] DEBUG FXGLAssetLoaderServi - Loading from file system: jar:file:/C:/Users/ilias/.m2/repository/com/github/almasb/fxgl/17.1/fxgl-17.1.jar!/fxglassets/ui/fonts/VarelaRound-Regular.ttf
15:29:01.254 [FXGL Background Thread 1 ] DEBUG FXGLAssetLoaderServi - Loading from file system: jar:file:/C:/Users/ilias/.m2/repository/com/github/almasb/fxgl/17.1/fxgl-17.1.jar!/fxglassets/languages/english.lang
15:29:01.290 [FXGL Background Thread 1 ] INFO  FXGLApplication      - FXGL initialization took: 0.604 sec
15:29:01.306 [JavaFX Application Thread] DEBUG Input                - Registered new binding: Left - A
15:29:01.306 [JavaFX Application Thread] DEBUG Input                - Registered new binding: Right - D
15:29:01.306 [JavaFX Application Thread] DEBUG Input                - Registered new binding: Jump - W
15:29:01.306 [JavaFX Application Thread] DEBUG Input                - Registered new binding: enter - E
15:29:01.307 [JavaFX Application Thread] DEBUG FXGLAssetLoaderServi - Loading from file system: jar:file:/C:/Users/ilias/.m2/repository/com/github/almasb/fxgl/17.1/fxgl-17.1.jar!/fxglassets/textures/fxgl_icon.png
15:29:01.332 [JavaFX Application Thread] DEBUG FXGLAssetLoaderServi - Loading from file system: jar:file:/C:/Users/ilias/.m2/repository/com/github/almasb/fxgl/17.1/fxgl-17.1.jar!/fxglassets/textures/fxgl_default_cursor.png
15:29:01.338 [JavaFX Application Thread] DEBUG Input                - Registered new binding: Screenshot - CTRL+8
15:29:01.339 [FXGL Background Thread 4 ] DEBUG FXGLAssetLoaderServi - Loading from file system: jar:file:/C:/Users/ilias/.m2/repository/com/github/almasb/fxgl/17.1/fxgl-17.1.jar!/fxglassets/ui/fonts/Abel-Regular.ttf
15:29:01.339 [JavaFX Application Thread] DEBUG Input                - Registered new binding: System info dump - CTRL+9
15:29:01.340 [JavaFX Application Thread] DEBUG Input                - Registered new binding: Restart - CTRL+R
15:29:01.341 [JavaFX Application Thread] DEBUG Input                - Registered new binding: Toggle Debug Camera - CTRL+7
15:29:01.343 [FXGL Background Thread 4 ] DEBUG FXGLAssetLoaderServi - Loading from file system: jar:file:/C:/Users/ilias/.m2/repository/com/github/almasb/fxgl/17.1/fxgl-17.1.jar!/fxglassets/ui/fonts/TerminalLandMono-Regular.otf
15:29:01.346 [JavaFX Application Thread] DEBUG LoopRunner           - Starting loop
15:29:01.346 [JavaFX Application Thread] DEBUG LoopRunner           - Initializing JavaFX AnimationTimerLoop
15:29:01.350 [FXGL Background Thread 4 ] DEBUG FXGLAssetLoaderServi - Loading from file system: jar:file:/C:/Users/ilias/.m2/repository/com/github/almasb/fxgl/17.1/fxgl-17.1.jar!/fxglassets/ui/fonts/Courier-Prime.ttf
15:29:01.353 [JavaFX Application Thread] DEBUG Input                - Clearing active input actions
15:29:01.360 [JavaFX Application Thread] DEBUG GameApplicationServi - Removing overlay from FXGLStartupScene and adding to FXGLMainMenuDummyScene
15:29:01.362 [JavaFX Application Thread] DEBUG PrimaryStageWindow   - FXGLStartupScene -> FXGLMainMenuDummyScene
15:29:01.363 [JavaFX Application Thread] DEBUG PrimaryStageWindow   - Push state: FXGLDefaultMenu
15:29:01.374 [JavaFX Application Thread] DEBUG Input                - Clearing active input actions
15:29:01.388 [JavaFX Application Thread] DEBUG GameApplicationServi - Removing overlay from FXGLMainMenuDummyScene and adding to FXGLDefaultMenu
15:29:01.389 [JavaFX Application Thread] DEBUG PrimaryStageWindow   - FXGLMainMenuDummyScene -> FXGLDefaultMenu
15:29:01.483 [JavaFX Application Thread] DEBUG FXGLApplication      - Registering font factories with UI factory
15:29:03.419 [JavaFX Application Thread] DEBUG FXGLApplication      - Exiting FXGL
15:29:03.420 [JavaFX Application Thread] DEBUG LoopRunner           - Stopping loop
15:29:03.420 [JavaFX Application Thread] DEBUG SystemBundleService  - Saving FXGL system data
15:29:03.425 [JavaFX Application Thread] DEBUG FileSystemAccess     - Writing to: C:\Users\ilias\OneDrive\schoolhbo\leerjaar 1\ipose\newApp\demo\system\fxgl.bundle
15:29:03.427 [JavaFX Application Thread] DEBUG Async                - Shutting down background threads
15:29:03.427 [JavaFX Application Thread] DEBUG PrimaryStageWindow   - Closing main window
15:29:03.454 [JavaFX Application Thread] DEBUG Logger               - Closing Logger
