14:34:58.445 [main                     ] DEBUG Logger               - Configured Logger
14:34:58.492 [main                     ] DEBUG GameApplication      - Logging settings
Title: Kings and Pigs
Version: 0.1
Width: 960
Height: 640
Fullscreen: false
Intro: false
Profiling: false
Single step:false
App Mode: DEVELOPER
Menu Key: ESCAPE
Stage Style: DECORATED
Scene Factory: class com.almasb.fxgl.app.scene.SceneFactory

14:34:58.981 [JavaFX Application Thread] DEBUG FXGLApplication      - Initializing FXGL
14:34:58.991 [JavaFX Application Thread] INFO  Engine               - FXGL-17.1 (24.03.2022 17.34) on WINDOWS (J:18 FX:18)
14:34:58.993 [JavaFX Application Thread] DEBUG Engine               - JRE Vendor Name: Oracle Corporation
14:34:58.993 [JavaFX Application Thread] DEBUG Engine               - Running on OS: Windows 11 version 10.0
14:34:58.994 [JavaFX Application Thread] DEBUG Engine               - Architecture: amd64
14:34:58.994 [JavaFX Application Thread] INFO  Engine               - Source code and latest versions at: https://github.com/AlmasB/FXGL
14:34:58.995 [JavaFX Application Thread] INFO  Engine               -       Ask questions and discuss at: https://github.com/AlmasB/FXGL/discussions
14:34:58.995 [JavaFX Application Thread] INFO  Engine               -              Join the FXGL chat at: https://gitter.im/AlmasB/FXGL
14:34:59.144 [JavaFX Application Thread] DEBUG PrimaryStageWindow   - Creating a JavaFX scene
14:34:59.193 [JavaFX Application Thread] DEBUG PrimaryStageWindow   - Target settings size: 960.0 x 640.0
14:34:59.193 [JavaFX Application Thread] DEBUG PrimaryStageWindow   - Scaled scene size:    960.0 x 640.0
14:34:59.194 [JavaFX Application Thread] DEBUG PrimaryStageWindow   - Scaled ratio: (1.0, 1.0)
14:34:59.196 [JavaFX Application Thread] DEBUG PrimaryStageWindow   - Set initial scene to FXGLStartupScene
14:34:59.203 [JavaFX Application Thread] DEBUG PrimaryStageWindow   - Opening main window
14:34:59.349 [JavaFX Application Thread] DEBUG PrimaryStageWindow   - Window border size: (12.79998779296875, 35.20001220703125)
14:34:59.349 [JavaFX Application Thread] DEBUG PrimaryStageWindow   - Scaled size: 960.0 x 640.0
14:34:59.350 [JavaFX Application Thread] DEBUG PrimaryStageWindow   - Scaled ratio: (1.0, 1.0)
14:34:59.351 [JavaFX Application Thread] DEBUG PrimaryStageWindow   - Scene size: 960.0 x 640.0
14:34:59.351 [JavaFX Application Thread] DEBUG PrimaryStageWindow   - Stage size: 972.7999877929688 x 675.2000122070312
14:34:59.364 [FXGL Background Thread 1 ] DEBUG Engine               - Initializing environment variables
14:34:59.478 [FXGL Background Thread 1 ] DEBUG FXGLAssetLoaderServi - User app class for loading assets: class com.example.App
14:34:59.479 [FXGL Background Thread 1 ] DEBUG GameApplicationServi - Applying CSS: fxgl_dark.css
14:34:59.481 [FXGL Background Thread 1 ] DEBUG FXGLAssetLoaderServi - Loading from file system: jar:file:/C:/Users/jeffr/.m2/repository/com/github/almasb/fxgl/17.1/fxgl-17.1.jar!/fxglassets/ui/css/fxgl_dark.css
14:34:59.570 [FXGL Background Thread 1 ] DEBUG GameApplicationServi - Initializing application scenes
14:34:59.728 [FXGL Background Thread 1 ] DEBUG GameWorld            - Game world initialized
14:34:59.872 [FXGL Background Thread 1 ] DEBUG PhysicsWorld         - Physics world initialized: appHeight=640, physics.ppm=50.0
14:34:59.873 [FXGL Background Thread 1 ] DEBUG PhysicsWorld         - Using strategy: BRUTE_FORCE
14:34:59.888 [FXGL Background Thread 1 ] DEBUG GameScene            - Game scene initialized: 960x640
14:34:59.908 [FXGL Background Thread 1 ] DEBUG FXGL.DefaultMenu     - createMenuBodyGameMenu()
14:34:59.926 [FXGL Background Thread 1 ] DEBUG FXGL.DefaultMenu     - createOptionsMenu()
14:34:59.956 [FXGL Background Thread 1 ] DEBUG FXGLAssetLoaderServi - Loading from file system: jar:file:/C:/Users/jeffr/.m2/repository/com/github/almasb/fxgl/17.1/fxgl-17.1.jar!/fxglassets/textures/particles/smoke.png
14:35:00.146 [FXGL Background Thread 1 ] DEBUG FXGLAssetLoaderServi - Loading from file system: jar:file:/C:/Users/jeffr/.m2/repository/com/github/almasb/fxgl/17.1/fxgl-17.1.jar!/fxglassets/textures/particles/trace_horizontal.png
14:35:00.185 [FXGL Background Thread 1 ] DEBUG GameApplicationServi - Application scenes initialized
14:35:00.212 [FXGL Background Thread 1 ] DEBUG SystemBundleService  - Loading FXGL system data
14:35:00.217 [FXGL Background Thread 1 ] DEBUG FileSystemAccess     - Reading from: C:\Users\jeffr\Documents\java\demo\system\fxgl.bundle
14:35:00.224 [FXGL Background Thread 1 ] DEBUG SystemBundleService  - Bundle FXGL: {}
14:35:00.225 [FXGL Background Thread 1 ] DEBUG UpdaterService       - Checking for updates
14:35:00.231 [FXGL Background Thread 4 ] DEBUG FXGLApplication      - Loading fonts
14:35:00.231 [FXGL Background Thread 4 ] DEBUG FXGLAssetLoaderServi - Loading from file system: jar:file:/C:/Users/jeffr/.m2/repository/com/github/almasb/fxgl/17.1/fxgl-17.1.jar!/fxglassets/ui/fonts/VarelaRound-Regular.ttf
14:35:00.236 [FXGL Background Thread 1 ] DEBUG FXGLApplication      - Loading default localization
14:35:00.241 [FXGL Background Thread 1 ] DEBUG FXGLAssetLoaderServi - Loading from file system: jar:file:/C:/Users/jeffr/.m2/repository/com/github/almasb/fxgl/17.1/fxgl-17.1.jar!/fxglassets/languages/english.lang
14:35:00.367 [FXGL Background Thread 4 ] DEBUG FXGLAssetLoaderServi - Loading from file system: jar:file:/C:/Users/jeffr/.m2/repository/com/github/almasb/fxgl/17.1/fxgl-17.1.jar!/fxglassets/ui/fonts/Abel-Regular.ttf
14:35:00.372 [FXGL Background Thread 4 ] DEBUG FXGLAssetLoaderServi - Loading from file system: jar:file:/C:/Users/jeffr/.m2/repository/com/github/almasb/fxgl/17.1/fxgl-17.1.jar!/fxglassets/ui/fonts/TerminalLandMono-Regular.otf
14:35:00.373 [FXGL Background Thread 1 ] INFO  FXGLApplication      - FXGL initialization took: 1.010 sec
14:35:00.376 [FXGL Background Thread 4 ] DEBUG FXGLAssetLoaderServi - Loading from file system: jar:file:/C:/Users/jeffr/.m2/repository/com/github/almasb/fxgl/17.1/fxgl-17.1.jar!/fxglassets/ui/fonts/Courier-Prime.ttf
14:35:00.391 [JavaFX Application Thread] DEBUG Input                - Registered new binding: Left - A
14:35:00.392 [JavaFX Application Thread] DEBUG Input                - Registered new binding: Right - D
14:35:00.392 [JavaFX Application Thread] DEBUG Input                - Registered new binding: Jump - W
14:35:00.394 [JavaFX Application Thread] DEBUG Input                - Registered new binding: enter - E
14:35:00.395 [JavaFX Application Thread] DEBUG FXGLAssetLoaderServi - Loading from file system: jar:file:/C:/Users/jeffr/.m2/repository/com/github/almasb/fxgl/17.1/fxgl-17.1.jar!/fxglassets/textures/fxgl_icon.png
14:35:00.469 [JavaFX Application Thread] DEBUG FXGLAssetLoaderServi - Loading from file system: jar:file:/C:/Users/jeffr/.m2/repository/com/github/almasb/fxgl/17.1/fxgl-17.1.jar!/fxglassets/textures/fxgl_default_cursor.png
14:35:00.497 [JavaFX Application Thread] DEBUG Input                - Registered new binding: Screenshot - CTRL+8
14:35:00.503 [JavaFX Application Thread] DEBUG Input                - Registered new binding: System info dump - CTRL+9
14:35:00.508 [JavaFX Application Thread] DEBUG Input                - Registered new binding: Restart - CTRL+R
14:35:00.520 [JavaFX Application Thread] DEBUG Input                - Registered new binding: Toggle Debug Camera - CTRL+7
14:35:00.544 [JavaFX Application Thread] DEBUG LoopRunner           - Starting loop
14:35:00.544 [JavaFX Application Thread] DEBUG LoopRunner           - Initializing JavaFX AnimationTimerLoop
14:35:00.550 [JavaFX Application Thread] DEBUG GameApplicationServi - Starting new game
14:35:00.551 [JavaFX Application Thread] DEBUG Input                - Clearing active input actions
14:35:00.576 [JavaFX Application Thread] DEBUG GameApplicationServi - Removing overlay from FXGLStartupScene and adding to FXGLLoadingScene
14:35:00.577 [JavaFX Application Thread] DEBUG PrimaryStageWindow   - FXGLStartupScene -> FXGLLoadingScene
14:35:00.577 [JavaFX Application Thread] DEBUG GameApplicationServi - Clearing previous game
14:35:00.577 [JavaFX Application Thread] DEBUG GameScene            - Clearing game scene
14:35:00.577 [JavaFX Application Thread] DEBUG GameWorld            - Clearing game world
14:35:00.577 [JavaFX Application Thread] DEBUG PhysicsWorld         - Clearing physics world
14:35:00.581 [FXGL Background Thread 4 ] DEBUG FXGLApplication      - Initializing game
14:35:00.581 [JavaFX Application Thread] DEBUG FXGLApplication      - Registering font factories with UI factory
14:35:00.678 [FXGL Background Thread 4 ] WARN  TMXLevelLoader       - TiledMap generated from 1.8.4. Supported version: 1.4.2. Some features may not be parsed fully.
14:35:00.737 [FXGL Background Thread 4 ] DEBUG TMXLevelLoader       - Parsed TiledMap: file:/C:/Users/jeffr/Documents/java/demo/target/classes/assets/levels/terrain.tmx
14:35:00.749 [FXGL Background Thread 4 ] DEBUG TMXLevelLoader       - Creating tile layer entities
14:35:00.761 [FXGL Background Thread 4 ] DEBUG TilesetLoader        - Loading view for layer Tile Layer 1
14:35:00.764 [FXGL Background Thread 4 ] DEBUG TilesetLoader        - Created buffer with size 960.0x640.0
14:35:00.821 [FXGL Background Thread 4 ] DEBUG TilesetLoader        - Loading view for layer decorations
14:35:00.823 [FXGL Background Thread 4 ] DEBUG TilesetLoader        - Created buffer with size 960.0x640.0
14:35:00.829 [FXGL Background Thread 4 ] DEBUG TMXLevelLoader       - Creating object layer entities
14:35:00.917 [FXGL Background Thread 4 ] DEBUG GameWorld            - Clearing removable entities
14:35:00.921 [FXGL Background Thread 4 ] DEBUG GameWorld            - Setting level: com.almasb.fxgl.entity.level.Level@6c312b1
14:35:01.009 [FXGL Background Thread 4 ] DEBUG FXGLAssetLoaderServi - Loading from file system: file:/C:/Users/jeffr/Documents/java/demo/target/classes/assets/textures/idle.png
14:35:01.017 [FXGL Background Thread 4 ] DEBUG FXGLAssetLoaderServi - Loading from file system: file:/C:/Users/jeffr/Documents/java/demo/target/classes/assets/textures/run.png
14:35:01.021 [FXGL Background Thread 4 ] DEBUG FXGLAssetLoaderServi - Loading from file system: file:/C:/Users/jeffr/Documents/java/demo/target/classes/assets/textures/jump.png
14:35:01.022 [FXGL Background Thread 4 ] DEBUG FXGLAssetLoaderServi - Loading from file system: file:/C:/Users/jeffr/Documents/java/demo/target/classes/assets/textures/fall.png
14:35:01.053 [FXGL Background Thread 4 ] DEBUG FXGLAssetLoaderServi - Loading from file system: file:/C:/Users/jeffr/Documents/java/demo/target/classes/assets/textures/open.png
14:35:01.056 [FXGL Background Thread 4 ] DEBUG FXGLAssetLoaderServi - Loading from file system: file:/C:/Users/jeffr/Documents/java/demo/target/classes/assets/textures/close.png
14:35:01.065 [FXGL Background Thread 4 ] DEBUG FXGLAssetLoaderServi - Loading from file system: file:/C:/Users/jeffr/Documents/java/demo/target/classes/assets/textures/gem.png
14:35:01.087 [FXGL Background Thread 4 ] INFO  FXGLApplication      - Game initialization took: 0.505 sec
14:35:01.096 [JavaFX Application Thread] DEBUG Input                - Clearing active input actions
14:35:01.125 [JavaFX Application Thread] DEBUG GameApplicationServi - Removing overlay from FXGLLoadingScene and adding to GameScene
14:35:01.126 [JavaFX Application Thread] DEBUG PrimaryStageWindow   - FXGLLoadingScene -> GameScene
14:35:03.230 [FXGL Background Thread 3 ] DEBUG Engine               - Logging environment variables
14:35:03.232 [FXGL Background Thread 3 ] DEBUG Engine               - achievements: []
14:35:03.232 [FXGL Background Thread 3 ] DEBUG Engine               - actualHeight: 640.0
14:35:03.233 [FXGL Background Thread 3 ] DEBUG Engine               - actualHeightProperty: ReadOnlyDoubleProperty [value: 640.0]
14:35:03.233 [FXGL Background Thread 3 ] DEBUG Engine               - actualWidth: 960.0
14:35:03.233 [FXGL Background Thread 3 ] DEBUG Engine               - actualWidthProperty: ReadOnlyDoubleProperty [value: 960.0]
14:35:03.234 [FXGL Background Thread 3 ] DEBUG Engine               - appIcon: fxgl_icon.png
14:35:03.234 [FXGL Background Thread 3 ] DEBUG Engine               - applicationMode: DEVELOPER
14:35:03.234 [FXGL Background Thread 3 ] DEBUG Engine               - cSSList: [fxgl_dark.css]
14:35:03.234 [FXGL Background Thread 3 ] DEBUG Engine               - collisionDetectionStrategy: BRUTE_FORCE
14:35:03.234 [FXGL Background Thread 3 ] DEBUG Engine               - configClass: Optional.empty
14:35:03.235 [FXGL Background Thread 3 ] DEBUG Engine               - credits: []
14:35:03.236 [FXGL Background Thread 3 ] DEBUG Engine               - defaultCursor: CursorInfo(imageName=fxgl_default_cursor.png, hotspotX=7.0, hotspotY=6.0)
14:35:03.236 [FXGL Background Thread 3 ] DEBUG Engine               - devBBoxColorProperty: ObjectProperty [value: 0xff0000ff]
14:35:03.237 [FXGL Background Thread 3 ] DEBUG Engine               - devEnableDebugCameraProperty: BooleanProperty [value: false]
14:35:03.237 [FXGL Background Thread 3 ] DEBUG Engine               - devSensorColorProperty: ObjectProperty [value: 0xffff00ff]
14:35:03.237 [FXGL Background Thread 3 ] DEBUG Engine               - devShowBBoxProperty: BooleanProperty [value: false]
14:35:03.237 [FXGL Background Thread 3 ] DEBUG Engine               - devShowPositionProperty: BooleanProperty [value: false]
14:35:03.238 [FXGL Background Thread 3 ] DEBUG Engine               - enabledMenuItems: []
14:35:03.238 [FXGL Background Thread 3 ] DEBUG Engine               - engineServices: [class com.almasb.fxgl.app.services.FXGLAssetLoaderService, class com.almasb.fxgl.app.FXGLApplication$GameApplicationService, class com.almasb.fxgl.app.services.FXGLDialogService, class com.almasb.fxgl.app.services.IOTaskExecutorService, class com.almasb.fxgl.io.FileSystemService, class com.almasb.fxgl.localization.LocalizationService, class com.almasb.fxgl.app.services.SystemBundleService, class com.almasb.fxgl.profile.SaveLoadService, class com.almasb.fxgl.ui.FXGLUIFactoryServiceProvider, class com.almasb.fxgl.ui.FXGLDialogFactoryServiceProvider, class com.almasb.fxgl.audio.AudioPlayer, class com.almasb.fxgl.notification.impl.NotificationServiceProvider, class com.almasb.fxgl.achievement.AchievementService, class com.almasb.fxgl.cutscene.CutsceneService, class com.almasb.fxgl.minigames.MiniGameService, class com.almasb.fxgl.net.NetService, class com.almasb.fxgl.app.services.UpdaterService, class com.almasb.fxgl.dev.DevService]
14:35:03.239 [FXGL Background Thread 3 ] DEBUG Engine               - fontGame: Abel-Regular.ttf
14:35:03.239 [FXGL Background Thread 3 ] DEBUG Engine               - fontMono: TerminalLandMono-Regular.otf
14:35:03.239 [FXGL Background Thread 3 ] DEBUG Engine               - fontText: Courier-Prime.ttf
14:35:03.239 [FXGL Background Thread 3 ] DEBUG Engine               - fontUI: VarelaRound-Regular.ttf
14:35:03.240 [FXGL Background Thread 3 ] DEBUG Engine               - fullScreen: BooleanProperty [value: false]
14:35:03.240 [FXGL Background Thread 3 ] DEBUG Engine               - gameDifficulty: MEDIUM
14:35:03.240 [FXGL Background Thread 3 ] DEBUG Engine               - gameDifficultyProperty: ObjectProperty [value: MEDIUM]
14:35:03.240 [FXGL Background Thread 3 ] DEBUG Engine               - globalMusicVolume: 0.5
14:35:03.241 [FXGL Background Thread 3 ] DEBUG Engine               - globalMusicVolumeProperty: DoubleProperty [value: 0.5]
14:35:03.241 [FXGL Background Thread 3 ] DEBUG Engine               - globalSoundVolume: 0.5
14:35:03.242 [FXGL Background Thread 3 ] DEBUG Engine               - globalSoundVolumeProperty: DoubleProperty [value: 0.5]
14:35:03.242 [FXGL Background Thread 3 ] DEBUG Engine               - height: 640
14:35:03.242 [FXGL Background Thread 3 ] DEBUG Engine               - is3D: false
14:35:03.242 [FXGL Background Thread 3 ] DEBUG Engine               - isAndroid: false
14:35:03.243 [FXGL Background Thread 3 ] DEBUG Engine               - isBrowser: false
14:35:03.243 [FXGL Background Thread 3 ] DEBUG Engine               - isClickFeedbackEnabled: false
14:35:03.243 [FXGL Background Thread 3 ] DEBUG Engine               - isCloseConfirmation: false
14:35:03.243 [FXGL Background Thread 3 ] DEBUG Engine               - isDesktop: true
14:35:03.244 [FXGL Background Thread 3 ] DEBUG Engine               - isDeveloperMenuEnabled: false
14:35:03.244 [FXGL Background Thread 3 ] DEBUG Engine               - isEmbedded: false
14:35:03.244 [FXGL Background Thread 3 ] DEBUG Engine               - isEntityPreloadEnabled: true
14:35:03.245 [FXGL Background Thread 3 ] DEBUG Engine               - isExperimentalTiledLargeMap: false
14:35:03.245 [FXGL Background Thread 3 ] DEBUG Engine               - isFileSystemWriteAllowed: true
14:35:03.245 [FXGL Background Thread 3 ] DEBUG Engine               - isFullScreenAllowed: false
14:35:03.245 [FXGL Background Thread 3 ] DEBUG Engine               - isFullScreenFromStart: false
14:35:03.245 [FXGL Background Thread 3 ] DEBUG Engine               - isGameMenuEnabled: true
14:35:03.245 [FXGL Background Thread 3 ] DEBUG Engine               - isIOS: false
14:35:03.245 [FXGL Background Thread 3 ] DEBUG Engine               - isIntroEnabled: false
14:35:03.245 [FXGL Background Thread 3 ] DEBUG Engine               - isLinux: false
14:35:03.245 [FXGL Background Thread 3 ] DEBUG Engine               - isMac: false
14:35:03.245 [FXGL Background Thread 3 ] DEBUG Engine               - isMainMenuEnabled: false
14:35:03.246 [FXGL Background Thread 3 ] DEBUG Engine               - isManualResizeEnabled: false
14:35:03.246 [FXGL Background Thread 3 ] DEBUG Engine               - isMobile: false
14:35:03.246 [FXGL Background Thread 3 ] DEBUG Engine               - isNative: false
14:35:03.246 [FXGL Background Thread 3 ] DEBUG Engine               - isPauseMusicWhenMinimized: true
14:35:03.246 [FXGL Background Thread 3 ] DEBUG Engine               - isPreserveResizeRatio: false
14:35:03.246 [FXGL Background Thread 3 ] DEBUG Engine               - isProfilingEnabled: false
14:35:03.246 [FXGL Background Thread 3 ] DEBUG Engine               - isScaleAffectedOnResize: true
14:35:03.246 [FXGL Background Thread 3 ] DEBUG Engine               - isSingleStep: false
14:35:03.247 [FXGL Background Thread 3 ] DEBUG Engine               - isUserProfileEnabled: false
14:35:03.247 [FXGL Background Thread 3 ] DEBUG Engine               - isWindows: true
14:35:03.247 [FXGL Background Thread 3 ] DEBUG Engine               - language: ObjectProperty [value: ENGLISH]
14:35:03.247 [FXGL Background Thread 3 ] DEBUG Engine               - menuKey: ESCAPE
14:35:03.247 [FXGL Background Thread 3 ] DEBUG Engine               - mouseSensitivity: 0.2
14:35:03.247 [FXGL Background Thread 3 ] DEBUG Engine               - notificationViewClass: class com.almasb.fxgl.notification.view.XboxNotificationView
14:35:03.247 [FXGL Background Thread 3 ] DEBUG Engine               - pixelsPerMeter: 50.0
14:35:03.247 [FXGL Background Thread 3 ] DEBUG Engine               - platform: WINDOWS
14:35:03.248 [FXGL Background Thread 3 ] DEBUG Engine               - prefHeightProperty: ReadOnlyDoubleProperty [value: 640.0]
14:35:03.248 [FXGL Background Thread 3 ] DEBUG Engine               - prefWidthProperty: ReadOnlyDoubleProperty [value: 960.0]
14:35:03.248 [FXGL Background Thread 3 ] DEBUG Engine               - profileDir: profiles/
14:35:03.248 [FXGL Background Thread 3 ] DEBUG Engine               - profileName: StringProperty [value: DEFAULT]
14:35:03.248 [FXGL Background Thread 3 ] DEBUG Engine               - randomSeed: -1
14:35:03.249 [FXGL Background Thread 3 ] DEBUG Engine               - runtimeInfo: RuntimeInfo(platform=WINDOWS, version=17.1, build=24.03.2022 17.34)
14:35:03.249 [FXGL Background Thread 3 ] DEBUG Engine               - saveFileExt: sav
14:35:03.249 [FXGL Background Thread 3 ] DEBUG Engine               - scaledHeightProp$fxgl: DoubleProperty [bound, value: 640.0]
14:35:03.249 [FXGL Background Thread 3 ] DEBUG Engine               - scaledWidthProp$fxgl: DoubleProperty [bound, value: 960.0]
14:35:03.249 [FXGL Background Thread 3 ] DEBUG Engine               - sceneFactory: com.almasb.fxgl.app.scene.SceneFactory@72b557f6
14:35:03.250 [FXGL Background Thread 3 ] DEBUG Engine               - secondsIn24h: 60
14:35:03.250 [FXGL Background Thread 3 ] DEBUG Engine               - soundMenuBack: menu/back.wav
14:35:03.250 [FXGL Background Thread 3 ] DEBUG Engine               - soundMenuPress: menu/press.wav
14:35:03.250 [FXGL Background Thread 3 ] DEBUG Engine               - soundMenuSelect: menu/select.wav
14:35:03.250 [FXGL Background Thread 3 ] DEBUG Engine               - soundNotification: core/notification.wav
14:35:03.250 [FXGL Background Thread 3 ] DEBUG Engine               - stageStyle: DECORATED
14:35:03.250 [FXGL Background Thread 3 ] DEBUG Engine               - supportedLanguages: [ENGLISH, FRENCH, GERMAN, HUNGARIAN, RUSSIAN]
14:35:03.250 [FXGL Background Thread 3 ] DEBUG Engine               - ticksPerSecond: -1
14:35:03.250 [FXGL Background Thread 3 ] DEBUG Engine               - title: Kings and Pigs
14:35:03.250 [FXGL Background Thread 3 ] DEBUG Engine               - urlGithub: https://github.com/AlmasB/FXGL
14:35:03.250 [FXGL Background Thread 3 ] DEBUG Engine               - urlLeaderboard: http://fxgl-top.herokuapp.com/
14:35:03.250 [FXGL Background Thread 3 ] DEBUG Engine               - urlPOM: https://raw.githubusercontent.com/AlmasB/FXGL/release/README.md
14:35:03.250 [FXGL Background Thread 3 ] DEBUG Engine               - userAppClass: class com.example.App
14:35:03.251 [FXGL Background Thread 3 ] DEBUG Engine               - version: 0.1
14:35:03.251 [FXGL Background Thread 3 ] DEBUG Engine               - versionCheckDays: 7
14:35:03.251 [FXGL Background Thread 3 ] DEBUG Engine               - width: 960
14:35:03.251 [FXGL Background Thread 3 ] DEBUG Engine               - Logging services
14:35:03.251 [FXGL Background Thread 3 ] DEBUG Engine               - class com.almasb.fxgl.app.services.FXGLAssetLoaderService
14:35:03.251 [FXGL Background Thread 3 ] DEBUG Engine               - class com.almasb.fxgl.app.FXGLApplication$GameApplicationService
14:35:03.251 [FXGL Background Thread 3 ] DEBUG Engine               - class com.almasb.fxgl.app.services.FXGLDialogService
14:35:03.251 [FXGL Background Thread 3 ] DEBUG Engine               - class com.almasb.fxgl.app.services.IOTaskExecutorService
14:35:03.251 [FXGL Background Thread 3 ] DEBUG Engine               - class com.almasb.fxgl.io.FileSystemService
14:35:03.251 [FXGL Background Thread 3 ] DEBUG Engine               - class com.almasb.fxgl.localization.LocalizationService
14:35:03.251 [FXGL Background Thread 3 ] DEBUG Engine               - class com.almasb.fxgl.app.services.SystemBundleService
14:35:03.251 [FXGL Background Thread 3 ] DEBUG Engine               - class com.almasb.fxgl.profile.SaveLoadService
14:35:03.252 [FXGL Background Thread 3 ] DEBUG Engine               - class com.almasb.fxgl.ui.FXGLUIFactoryServiceProvider
14:35:03.252 [FXGL Background Thread 3 ] DEBUG Engine               - class com.almasb.fxgl.ui.FXGLDialogFactoryServiceProvider
14:35:03.252 [FXGL Background Thread 3 ] DEBUG Engine               - class com.almasb.fxgl.audio.AudioPlayer
14:35:03.252 [FXGL Background Thread 3 ] DEBUG Engine               - class com.almasb.fxgl.notification.impl.NotificationServiceProvider
14:35:03.252 [FXGL Background Thread 3 ] DEBUG Engine               - class com.almasb.fxgl.achievement.AchievementService
14:35:03.252 [FXGL Background Thread 3 ] DEBUG Engine               - class com.almasb.fxgl.cutscene.CutsceneService
14:35:03.252 [FXGL Background Thread 3 ] DEBUG Engine               - class com.almasb.fxgl.minigames.MiniGameService
14:35:03.252 [FXGL Background Thread 3 ] DEBUG Engine               - class com.almasb.fxgl.net.NetService
14:35:03.252 [FXGL Background Thread 3 ] DEBUG Engine               - class com.almasb.fxgl.app.services.UpdaterService
14:35:03.252 [FXGL Background Thread 3 ] DEBUG Engine               - class com.almasb.fxgl.dev.DevService
14:35:24.460 [JavaFX Application Thread] DEBUG FXGLApplication      - Exiting FXGL
14:35:24.460 [JavaFX Application Thread] DEBUG LoopRunner           - Stopping loop
14:35:24.460 [JavaFX Application Thread] DEBUG SystemBundleService  - Saving FXGL system data
14:35:24.462 [JavaFX Application Thread] DEBUG FileSystemAccess     - Writing to: C:\Users\jeffr\Documents\java\demo\system\fxgl.bundle
14:35:24.464 [JavaFX Application Thread] DEBUG Async                - Shutting down background threads
14:35:24.465 [JavaFX Application Thread] DEBUG PrimaryStageWindow   - Closing main window
14:35:24.490 [JavaFX Application Thread] DEBUG Logger               - Closing Logger
