15:34:03.469 [main                     ] DEBUG Logger               - Configured Logger
15:34:03.503 [main                     ] DEBUG GameApplication      - Logging settings
Title: Kings and Pigs
Version: 0.1
Width: 960
Height: 640
Fullscreen: false
Intro: true
Profiling: false
Single step:false
App Mode: DEVELOPER
Menu Key: ESCAPE
Stage Style: DECORATED
Scene Factory: class com.example.App$1

15:34:03.996 [JavaFX Application Thread] DEBUG FXGLApplication      - Initializing FXGL
15:34:04.006 [JavaFX Application Thread] INFO  Engine               - FXGL-17.1 (24.03.2022 17.34) on WINDOWS (J:18 FX:18)
15:34:04.007 [JavaFX Application Thread] DEBUG Engine               - JRE Vendor Name: Oracle Corporation
15:34:04.007 [JavaFX Application Thread] DEBUG Engine               - Running on OS: Windows 10 version 10.0
15:34:04.007 [JavaFX Application Thread] DEBUG Engine               - Architecture: amd64
15:34:04.007 [JavaFX Application Thread] INFO  Engine               - Source code and latest versions at: https://github.com/AlmasB/FXGL
15:34:04.008 [JavaFX Application Thread] INFO  Engine               -       Ask questions and discuss at: https://github.com/AlmasB/FXGL/discussions
15:34:04.009 [JavaFX Application Thread] INFO  Engine               -              Join the FXGL chat at: https://gitter.im/AlmasB/FXGL
15:34:04.173 [JavaFX Application Thread] DEBUG PrimaryStageWindow   - Creating a JavaFX scene
15:34:04.239 [JavaFX Application Thread] DEBUG PrimaryStageWindow   - Target settings size: 960.0 x 640.0
15:34:04.240 [JavaFX Application Thread] DEBUG PrimaryStageWindow   - Scaled scene size:    960.0 x 640.0
15:34:04.240 [JavaFX Application Thread] DEBUG PrimaryStageWindow   - Scaled ratio: (1.0, 1.0)
15:34:04.241 [JavaFX Application Thread] DEBUG PrimaryStageWindow   - Set initial scene to FXGLStartupScene
15:34:04.252 [JavaFX Application Thread] DEBUG PrimaryStageWindow   - Opening main window
15:34:04.366 [JavaFX Application Thread] DEBUG PrimaryStageWindow   - Window border size: (14.4000244140625, 37.5999755859375)
15:34:04.366 [JavaFX Application Thread] DEBUG PrimaryStageWindow   - Scaled size: 960.0 x 640.0
15:34:04.366 [JavaFX Application Thread] DEBUG PrimaryStageWindow   - Scaled ratio: (1.0, 1.0)
15:34:04.366 [JavaFX Application Thread] DEBUG PrimaryStageWindow   - Scene size: 960.0 x 640.0
15:34:04.367 [JavaFX Application Thread] DEBUG PrimaryStageWindow   - Stage size: 974.4000244140625 x 677.5999755859375
15:34:04.375 [FXGL Background Thread 1 ] DEBUG Engine               - Initializing environment variables
15:34:04.502 [FXGL Background Thread 1 ] DEBUG FXGLAssetLoaderServi - User app class for loading assets: class com.example.App
15:34:04.503 [FXGL Background Thread 1 ] DEBUG GameApplicationServi - Applying CSS: fxgl_dark.css
15:34:04.504 [FXGL Background Thread 1 ] DEBUG FXGLAssetLoaderServi - Loading from file system: jar:file:/C:/Users/ilias/.m2/repository/com/github/almasb/fxgl/17.1/fxgl-17.1.jar!/fxglassets/ui/css/fxgl_dark.css
15:34:04.571 [FXGL Background Thread 1 ] DEBUG GameApplicationServi - Initializing application scenes
15:34:04.657 [FXGL Background Thread 1 ] DEBUG GameWorld            - Game world initialized
15:34:04.750 [FXGL Background Thread 1 ] DEBUG PhysicsWorld         - Physics world initialized: appHeight=640, physics.ppm=50.0
15:34:04.750 [FXGL Background Thread 1 ] DEBUG PhysicsWorld         - Using strategy: BRUTE_FORCE
15:34:04.761 [FXGL Background Thread 1 ] DEBUG GameScene            - Game scene initialized: 960x640
15:34:04.794 [FXGL Background Thread 1 ] DEBUG FXGL.DefaultMenu     - createMenuBodyMainMenu()
15:34:04.832 [FXGL Background Thread 1 ] DEBUG FXGL.DefaultMenu     - createOptionsMenu()
15:34:04.864 [FXGL Background Thread 1 ] DEBUG FXGLAssetLoaderServi - Loading from file system: jar:file:/C:/Users/ilias/.m2/repository/com/github/almasb/fxgl/17.1/fxgl-17.1.jar!/fxglassets/textures/particles/smoke.png
15:34:04.997 [FXGL Background Thread 1 ] DEBUG FXGLAssetLoaderServi - Loading from file system: jar:file:/C:/Users/ilias/.m2/repository/com/github/almasb/fxgl/17.1/fxgl-17.1.jar!/fxglassets/textures/particles/trace_horizontal.png
15:34:05.024 [FXGL Background Thread 1 ] DEBUG FXGL.DefaultMenu     - createMenuBodyGameMenu()
15:34:05.025 [FXGL Background Thread 1 ] DEBUG FXGL.DefaultMenu     - createOptionsMenu()
15:34:05.039 [FXGL Background Thread 1 ] DEBUG GameApplicationServi - Application scenes initialized
15:34:05.053 [FXGL Background Thread 1 ] DEBUG SystemBundleService  - Loading FXGL system data
15:34:05.057 [FXGL Background Thread 1 ] DEBUG FileSystemAccess     - Reading from: C:\Users\ilias\OneDrive\schoolhbo\leerjaar 1\ipose\newApp\demo\system\fxgl.bundle
15:34:05.068 [FXGL Background Thread 1 ] DEBUG SystemBundleService  - Bundle FXGL: {}
15:34:05.068 [FXGL Background Thread 1 ] DEBUG UpdaterService       - Checking for updates
15:34:05.073 [FXGL Background Thread 4 ] DEBUG FXGLApplication      - Loading fonts
15:34:05.073 [FXGL Background Thread 4 ] DEBUG FXGLAssetLoaderServi - Loading from file system: jar:file:/C:/Users/ilias/.m2/repository/com/github/almasb/fxgl/17.1/fxgl-17.1.jar!/fxglassets/ui/fonts/VarelaRound-Regular.ttf
15:34:05.074 [FXGL Background Thread 1 ] DEBUG FXGLApplication      - Loading default localization
15:34:05.075 [FXGL Background Thread 1 ] DEBUG FXGLAssetLoaderServi - Loading from file system: jar:file:/C:/Users/ilias/.m2/repository/com/github/almasb/fxgl/17.1/fxgl-17.1.jar!/fxglassets/languages/english.lang
15:34:05.118 [FXGL Background Thread 1 ] INFO  FXGLApplication      - FXGL initialization took: 0.743 sec
15:34:05.134 [JavaFX Application Thread] DEBUG Input                - Registered new binding: Left - A
15:34:05.134 [JavaFX Application Thread] DEBUG Input                - Registered new binding: Right - D
15:34:05.135 [JavaFX Application Thread] DEBUG Input                - Registered new binding: Jump - W
15:34:05.135 [JavaFX Application Thread] DEBUG Input                - Registered new binding: enter - E
15:34:05.136 [JavaFX Application Thread] DEBUG FXGLAssetLoaderServi - Loading from file system: jar:file:/C:/Users/ilias/.m2/repository/com/github/almasb/fxgl/17.1/fxgl-17.1.jar!/fxglassets/textures/fxgl_icon.png
15:34:05.166 [JavaFX Application Thread] DEBUG FXGLAssetLoaderServi - Loading from file system: jar:file:/C:/Users/ilias/.m2/repository/com/github/almasb/fxgl/17.1/fxgl-17.1.jar!/fxglassets/textures/fxgl_default_cursor.png
15:34:05.170 [FXGL Background Thread 4 ] DEBUG FXGLAssetLoaderServi - Loading from file system: jar:file:/C:/Users/ilias/.m2/repository/com/github/almasb/fxgl/17.1/fxgl-17.1.jar!/fxglassets/ui/fonts/Abel-Regular.ttf
15:34:05.171 [JavaFX Application Thread] DEBUG Input                - Registered new binding: Screenshot - CTRL+8
15:34:05.172 [JavaFX Application Thread] DEBUG Input                - Registered new binding: System info dump - CTRL+9
15:34:05.173 [JavaFX Application Thread] DEBUG Input                - Registered new binding: Restart - CTRL+R
15:34:05.174 [JavaFX Application Thread] DEBUG Input                - Registered new binding: Toggle Debug Camera - CTRL+7
15:34:05.175 [FXGL Background Thread 4 ] DEBUG FXGLAssetLoaderServi - Loading from file system: jar:file:/C:/Users/ilias/.m2/repository/com/github/almasb/fxgl/17.1/fxgl-17.1.jar!/fxglassets/ui/fonts/TerminalLandMono-Regular.otf
15:34:05.178 [JavaFX Application Thread] DEBUG LoopRunner           - Starting loop
15:34:05.178 [JavaFX Application Thread] DEBUG LoopRunner           - Initializing JavaFX AnimationTimerLoop
15:34:05.182 [FXGL Background Thread 4 ] DEBUG FXGLAssetLoaderServi - Loading from file system: jar:file:/C:/Users/ilias/.m2/repository/com/github/almasb/fxgl/17.1/fxgl-17.1.jar!/fxglassets/ui/fonts/Courier-Prime.ttf
15:34:05.184 [JavaFX Application Thread] DEBUG Input                - Clearing active input actions
15:34:05.197 [JavaFX Application Thread] DEBUG GameApplicationServi - Removing overlay from FXGLStartupScene and adding to GameIntro
15:34:05.198 [JavaFX Application Thread] DEBUG PrimaryStageWindow   - FXGLStartupScene -> GameIntro
15:34:05.198 [JavaFX Application Thread] DEBUG FXGLApplication      - Registering font factories with UI factory
15:34:08.071 [FXGL Background Thread 3 ] DEBUG Engine               - Logging environment variables
15:34:08.072 [FXGL Background Thread 3 ] DEBUG Engine               - achievements: []
15:34:08.072 [FXGL Background Thread 3 ] DEBUG Engine               - actualHeight: 640.0
15:34:08.072 [FXGL Background Thread 3 ] DEBUG Engine               - actualHeightProperty: ReadOnlyDoubleProperty [value: 640.0]
15:34:08.072 [FXGL Background Thread 3 ] DEBUG Engine               - actualWidth: 960.0
15:34:08.072 [FXGL Background Thread 3 ] DEBUG Engine               - actualWidthProperty: ReadOnlyDoubleProperty [value: 960.0]
15:34:08.072 [FXGL Background Thread 3 ] DEBUG Engine               - appIcon: fxgl_icon.png
15:34:08.072 [FXGL Background Thread 3 ] DEBUG Engine               - applicationMode: DEVELOPER
15:34:08.072 [FXGL Background Thread 3 ] DEBUG Engine               - cSSList: [fxgl_dark.css]
15:34:08.072 [FXGL Background Thread 3 ] DEBUG Engine               - collisionDetectionStrategy: BRUTE_FORCE
15:34:08.072 [FXGL Background Thread 3 ] DEBUG Engine               - configClass: Optional.empty
15:34:08.073 [FXGL Background Thread 3 ] DEBUG Engine               - credits: []
15:34:08.073 [FXGL Background Thread 3 ] DEBUG Engine               - defaultCursor: CursorInfo(imageName=fxgl_default_cursor.png, hotspotX=7.0, hotspotY=6.0)
15:34:08.073 [FXGL Background Thread 3 ] DEBUG Engine               - devBBoxColorProperty: ObjectProperty [value: 0xff0000ff]
15:34:08.073 [FXGL Background Thread 3 ] DEBUG Engine               - devEnableDebugCameraProperty: BooleanProperty [value: false]
15:34:08.073 [FXGL Background Thread 3 ] DEBUG Engine               - devSensorColorProperty: ObjectProperty [value: 0xffff00ff]
15:34:08.073 [FXGL Background Thread 3 ] DEBUG Engine               - devShowBBoxProperty: BooleanProperty [value: false]
15:34:08.073 [FXGL Background Thread 3 ] DEBUG Engine               - devShowPositionProperty: BooleanProperty [value: false]
15:34:08.073 [FXGL Background Thread 3 ] DEBUG Engine               - enabledMenuItems: []
15:34:08.074 [FXGL Background Thread 3 ] DEBUG Engine               - engineServices: [class com.almasb.fxgl.app.services.FXGLAssetLoaderService, class com.almasb.fxgl.app.FXGLApplication$GameApplicationService, class com.almasb.fxgl.app.services.FXGLDialogService, class com.almasb.fxgl.app.services.IOTaskExecutorService, class com.almasb.fxgl.io.FileSystemService, class com.almasb.fxgl.localization.LocalizationService, class com.almasb.fxgl.app.services.SystemBundleService, class com.almasb.fxgl.profile.SaveLoadService, class com.almasb.fxgl.ui.FXGLUIFactoryServiceProvider, class com.almasb.fxgl.ui.FXGLDialogFactoryServiceProvider, class com.almasb.fxgl.audio.AudioPlayer, class com.almasb.fxgl.notification.impl.NotificationServiceProvider, class com.almasb.fxgl.achievement.AchievementService, class com.almasb.fxgl.cutscene.CutsceneService, class com.almasb.fxgl.minigames.MiniGameService, class com.almasb.fxgl.net.NetService, class com.almasb.fxgl.app.services.UpdaterService, class com.almasb.fxgl.dev.DevService]
15:34:08.074 [FXGL Background Thread 3 ] DEBUG Engine               - fontGame: Abel-Regular.ttf
15:34:08.074 [FXGL Background Thread 3 ] DEBUG Engine               - fontMono: TerminalLandMono-Regular.otf
15:34:08.074 [FXGL Background Thread 3 ] DEBUG Engine               - fontText: Courier-Prime.ttf
15:34:08.074 [FXGL Background Thread 3 ] DEBUG Engine               - fontUI: VarelaRound-Regular.ttf
15:34:08.074 [FXGL Background Thread 3 ] DEBUG Engine               - fullScreen: BooleanProperty [value: false]
15:34:08.074 [FXGL Background Thread 3 ] DEBUG Engine               - gameDifficulty: MEDIUM
15:34:08.074 [FXGL Background Thread 3 ] DEBUG Engine               - gameDifficultyProperty: ObjectProperty [value: MEDIUM]
15:34:08.074 [FXGL Background Thread 3 ] DEBUG Engine               - globalMusicVolume: 0.5
15:34:08.075 [FXGL Background Thread 3 ] DEBUG Engine               - globalMusicVolumeProperty: DoubleProperty [value: 0.5]
15:34:08.075 [FXGL Background Thread 3 ] DEBUG Engine               - globalSoundVolume: 0.5
15:34:08.075 [FXGL Background Thread 3 ] DEBUG Engine               - globalSoundVolumeProperty: DoubleProperty [value: 0.5]
15:34:08.075 [FXGL Background Thread 3 ] DEBUG Engine               - height: 640
15:34:08.075 [FXGL Background Thread 3 ] DEBUG Engine               - is3D: false
15:34:08.075 [FXGL Background Thread 3 ] DEBUG Engine               - isAndroid: false
15:34:08.075 [FXGL Background Thread 3 ] DEBUG Engine               - isBrowser: false
15:34:08.075 [FXGL Background Thread 3 ] DEBUG Engine               - isClickFeedbackEnabled: false
15:34:08.075 [FXGL Background Thread 3 ] DEBUG Engine               - isCloseConfirmation: false
15:34:08.075 [FXGL Background Thread 3 ] DEBUG Engine               - isDesktop: true
15:34:08.076 [FXGL Background Thread 3 ] DEBUG Engine               - isDeveloperMenuEnabled: false
15:34:08.076 [FXGL Background Thread 3 ] DEBUG Engine               - isEmbedded: false
15:34:08.076 [FXGL Background Thread 3 ] DEBUG Engine               - isEntityPreloadEnabled: true
15:34:08.076 [FXGL Background Thread 3 ] DEBUG Engine               - isExperimentalTiledLargeMap: false
15:34:08.076 [FXGL Background Thread 3 ] DEBUG Engine               - isFileSystemWriteAllowed: true
15:34:08.076 [FXGL Background Thread 3 ] DEBUG Engine               - isFullScreenAllowed: false
15:34:08.076 [FXGL Background Thread 3 ] DEBUG Engine               - isFullScreenFromStart: false
15:34:08.076 [FXGL Background Thread 3 ] DEBUG Engine               - isGameMenuEnabled: true
15:34:08.076 [FXGL Background Thread 3 ] DEBUG Engine               - isIOS: false
15:34:08.076 [FXGL Background Thread 3 ] DEBUG Engine               - isIntroEnabled: true
15:34:08.076 [FXGL Background Thread 3 ] DEBUG Engine               - isLinux: false
15:34:08.076 [FXGL Background Thread 3 ] DEBUG Engine               - isMac: false
15:34:08.076 [FXGL Background Thread 3 ] DEBUG Engine               - isMainMenuEnabled: true
15:34:08.076 [FXGL Background Thread 3 ] DEBUG Engine               - isManualResizeEnabled: false
15:34:08.076 [FXGL Background Thread 3 ] DEBUG Engine               - isMobile: false
15:34:08.076 [FXGL Background Thread 3 ] DEBUG Engine               - isNative: false
15:34:08.076 [FXGL Background Thread 3 ] DEBUG Engine               - isPauseMusicWhenMinimized: true
15:34:08.077 [FXGL Background Thread 3 ] DEBUG Engine               - isPreserveResizeRatio: false
15:34:08.077 [FXGL Background Thread 3 ] DEBUG Engine               - isProfilingEnabled: false
15:34:08.077 [FXGL Background Thread 3 ] DEBUG Engine               - isScaleAffectedOnResize: true
15:34:08.077 [FXGL Background Thread 3 ] DEBUG Engine               - isSingleStep: false
15:34:08.077 [FXGL Background Thread 3 ] DEBUG Engine               - isUserProfileEnabled: false
15:34:08.077 [FXGL Background Thread 3 ] DEBUG Engine               - isWindows: true
15:34:08.077 [FXGL Background Thread 3 ] DEBUG Engine               - language: ObjectProperty [value: ENGLISH]
15:34:08.077 [FXGL Background Thread 3 ] DEBUG Engine               - menuKey: ESCAPE
15:34:08.077 [FXGL Background Thread 3 ] DEBUG Engine               - mouseSensitivity: 0.2
15:34:08.077 [FXGL Background Thread 3 ] DEBUG Engine               - notificationViewClass: class com.almasb.fxgl.notification.view.XboxNotificationView
15:34:08.077 [FXGL Background Thread 3 ] DEBUG Engine               - pixelsPerMeter: 50.0
15:34:08.077 [FXGL Background Thread 3 ] DEBUG Engine               - platform: WINDOWS
15:34:08.077 [FXGL Background Thread 3 ] DEBUG Engine               - prefHeightProperty: ReadOnlyDoubleProperty [value: 640.0]
15:34:08.077 [FXGL Background Thread 3 ] DEBUG Engine               - prefWidthProperty: ReadOnlyDoubleProperty [value: 960.0]
15:34:08.078 [FXGL Background Thread 3 ] DEBUG Engine               - profileDir: profiles/
15:34:08.078 [FXGL Background Thread 3 ] DEBUG Engine               - profileName: StringProperty [value: DEFAULT]
15:34:08.078 [FXGL Background Thread 3 ] DEBUG Engine               - randomSeed: -1
15:34:08.078 [FXGL Background Thread 3 ] DEBUG Engine               - runtimeInfo: RuntimeInfo(platform=WINDOWS, version=17.1, build=24.03.2022 17.34)
15:34:08.079 [FXGL Background Thread 3 ] DEBUG Engine               - saveFileExt: sav
15:34:08.079 [FXGL Background Thread 3 ] DEBUG Engine               - scaledHeightProp$fxgl: DoubleProperty [bound, value: 640.0]
15:34:08.079 [FXGL Background Thread 3 ] DEBUG Engine               - scaledWidthProp$fxgl: DoubleProperty [bound, value: 960.0]
15:34:08.079 [FXGL Background Thread 3 ] DEBUG Engine               - sceneFactory: com.example.App$1@671c9116
15:34:08.079 [FXGL Background Thread 3 ] DEBUG Engine               - secondsIn24h: 60
15:34:08.079 [FXGL Background Thread 3 ] DEBUG Engine               - soundMenuBack: menu/back.wav
15:34:08.079 [FXGL Background Thread 3 ] DEBUG Engine               - soundMenuPress: menu/press.wav
15:34:08.079 [FXGL Background Thread 3 ] DEBUG Engine               - soundMenuSelect: menu/select.wav
15:34:08.079 [FXGL Background Thread 3 ] DEBUG Engine               - soundNotification: core/notification.wav
15:34:08.079 [FXGL Background Thread 3 ] DEBUG Engine               - stageStyle: DECORATED
15:34:08.079 [FXGL Background Thread 3 ] DEBUG Engine               - supportedLanguages: [ENGLISH, FRENCH, GERMAN, HUNGARIAN, RUSSIAN]
15:34:08.080 [FXGL Background Thread 3 ] DEBUG Engine               - ticksPerSecond: -1
15:34:08.080 [FXGL Background Thread 3 ] DEBUG Engine               - title: Kings and Pigs
15:34:08.080 [FXGL Background Thread 3 ] DEBUG Engine               - urlGithub: https://github.com/AlmasB/FXGL
15:34:08.080 [FXGL Background Thread 3 ] DEBUG Engine               - urlLeaderboard: http://fxgl-top.herokuapp.com/
15:34:08.080 [FXGL Background Thread 3 ] DEBUG Engine               - urlPOM: https://raw.githubusercontent.com/AlmasB/FXGL/release/README.md
15:34:08.080 [FXGL Background Thread 3 ] DEBUG Engine               - userAppClass: class com.example.App
15:34:08.080 [FXGL Background Thread 3 ] DEBUG Engine               - version: 0.1
15:34:08.080 [FXGL Background Thread 3 ] DEBUG Engine               - versionCheckDays: 7
15:34:08.080 [FXGL Background Thread 3 ] DEBUG Engine               - width: 960
15:34:08.080 [FXGL Background Thread 3 ] DEBUG Engine               - Logging services
15:34:08.080 [FXGL Background Thread 3 ] DEBUG Engine               - class com.almasb.fxgl.app.services.FXGLAssetLoaderService
15:34:08.080 [FXGL Background Thread 3 ] DEBUG Engine               - class com.almasb.fxgl.app.FXGLApplication$GameApplicationService
15:34:08.080 [FXGL Background Thread 3 ] DEBUG Engine               - class com.almasb.fxgl.app.services.FXGLDialogService
15:34:08.080 [FXGL Background Thread 3 ] DEBUG Engine               - class com.almasb.fxgl.app.services.IOTaskExecutorService
15:34:08.080 [FXGL Background Thread 3 ] DEBUG Engine               - class com.almasb.fxgl.io.FileSystemService
15:34:08.080 [FXGL Background Thread 3 ] DEBUG Engine               - class com.almasb.fxgl.localization.LocalizationService
15:34:08.080 [FXGL Background Thread 3 ] DEBUG Engine               - class com.almasb.fxgl.app.services.SystemBundleService
15:34:08.080 [FXGL Background Thread 3 ] DEBUG Engine               - class com.almasb.fxgl.profile.SaveLoadService
15:34:08.080 [FXGL Background Thread 3 ] DEBUG Engine               - class com.almasb.fxgl.ui.FXGLUIFactoryServiceProvider
15:34:08.080 [FXGL Background Thread 3 ] DEBUG Engine               - class com.almasb.fxgl.ui.FXGLDialogFactoryServiceProvider
15:34:08.081 [FXGL Background Thread 3 ] DEBUG Engine               - class com.almasb.fxgl.audio.AudioPlayer
15:34:08.081 [FXGL Background Thread 3 ] DEBUG Engine               - class com.almasb.fxgl.notification.impl.NotificationServiceProvider
15:34:08.081 [FXGL Background Thread 3 ] DEBUG Engine               - class com.almasb.fxgl.achievement.AchievementService
15:34:08.081 [FXGL Background Thread 3 ] DEBUG Engine               - class com.almasb.fxgl.cutscene.CutsceneService
15:34:08.081 [FXGL Background Thread 3 ] DEBUG Engine               - class com.almasb.fxgl.minigames.MiniGameService
15:34:08.081 [FXGL Background Thread 3 ] DEBUG Engine               - class com.almasb.fxgl.net.NetService
15:34:08.081 [FXGL Background Thread 3 ] DEBUG Engine               - class com.almasb.fxgl.app.services.UpdaterService
15:34:08.081 [FXGL Background Thread 3 ] DEBUG Engine               - class com.almasb.fxgl.dev.DevService
15:34:09.575 [JavaFX Application Thread] DEBUG FXGLApplication      - Exiting FXGL
15:34:09.575 [JavaFX Application Thread] DEBUG LoopRunner           - Stopping loop
15:34:09.575 [JavaFX Application Thread] DEBUG SystemBundleService  - Saving FXGL system data
15:34:09.577 [JavaFX Application Thread] DEBUG FileSystemAccess     - Writing to: C:\Users\ilias\OneDrive\schoolhbo\leerjaar 1\ipose\newApp\demo\system\fxgl.bundle
15:34:09.579 [JavaFX Application Thread] DEBUG Async                - Shutting down background threads
15:34:09.580 [JavaFX Application Thread] DEBUG PrimaryStageWindow   - Closing main window
15:34:09.606 [JavaFX Application Thread] DEBUG Logger               - Closing Logger
