12:50:27.901 [main                     ] DEBUG Logger               - Configured Logger
12:50:27.946 [main                     ] DEBUG GameApplication      - Logging settings
Title: Kings and Pigs
Version: 0.1
Width: 960
Height: 640
Fullscreen: false
Intro: false
Profiling: false
Single step:false
App Mode: DEVELOPER
Menu Key: ESCAPE
Stage Style: DECORATED
Scene Factory: class com.almasb.fxgl.app.scene.SceneFactory

12:50:28.483 [JavaFX Application Thread] DEBUG FXGLApplication      - Initializing FXGL
12:50:28.492 [JavaFX Application Thread] INFO  Engine               - FXGL-17.1 (24.03.2022 17.34) on WINDOWS (J:18 FX:18)
12:50:28.493 [JavaFX Application Thread] DEBUG Engine               - JRE Vendor Name: Oracle Corporation
12:50:28.493 [JavaFX Application Thread] DEBUG Engine               - Running on OS: Windows 10 version 10.0
12:50:28.493 [JavaFX Application Thread] DEBUG Engine               - Architecture: amd64
12:50:28.493 [JavaFX Application Thread] INFO  Engine               - Source code and latest versions at: https://github.com/AlmasB/FXGL
12:50:28.493 [JavaFX Application Thread] INFO  Engine               -       Ask questions and discuss at: https://github.com/AlmasB/FXGL/discussions
12:50:28.494 [JavaFX Application Thread] INFO  Engine               -              Join the FXGL chat at: https://gitter.im/AlmasB/FXGL
12:50:28.664 [JavaFX Application Thread] DEBUG PrimaryStageWindow   - Creating a JavaFX scene
12:50:28.734 [JavaFX Application Thread] DEBUG PrimaryStageWindow   - Target settings size: 960.0 x 640.0
12:50:28.735 [JavaFX Application Thread] DEBUG PrimaryStageWindow   - Scaled scene size:    960.0 x 640.0
12:50:28.735 [JavaFX Application Thread] DEBUG PrimaryStageWindow   - Scaled ratio: (1.0, 1.0)
12:50:28.737 [JavaFX Application Thread] DEBUG PrimaryStageWindow   - Set initial scene to FXGLStartupScene
12:50:28.748 [JavaFX Application Thread] DEBUG PrimaryStageWindow   - Opening main window
12:50:28.878 [JavaFX Application Thread] DEBUG PrimaryStageWindow   - Window border size: (14.4000244140625, 37.5999755859375)
12:50:28.879 [JavaFX Application Thread] DEBUG PrimaryStageWindow   - Scaled size: 960.0 x 640.0
12:50:28.879 [JavaFX Application Thread] DEBUG PrimaryStageWindow   - Scaled ratio: (1.0, 1.0)
12:50:28.880 [JavaFX Application Thread] DEBUG PrimaryStageWindow   - Scene size: 960.0 x 640.0
12:50:28.880 [JavaFX Application Thread] DEBUG PrimaryStageWindow   - Stage size: 974.4000244140625 x 677.5999755859375
12:50:28.893 [FXGL Background Thread 1 ] DEBUG Engine               - Initializing environment variables
12:50:28.974 [FXGL Background Thread 1 ] DEBUG FXGLAssetLoaderServi - User app class for loading assets: class com.example.App
12:50:28.975 [FXGL Background Thread 1 ] DEBUG GameApplicationServi - Applying CSS: fxgl_dark.css
12:50:28.977 [FXGL Background Thread 1 ] DEBUG FXGLAssetLoaderServi - Loading from file system: jar:file:/C:/Users/Anass/.m2/repository/com/github/almasb/fxgl/17.1/fxgl-17.1.jar!/fxglassets/ui/css/fxgl_dark.css
12:50:29.051 [FXGL Background Thread 1 ] DEBUG GameApplicationServi - Initializing application scenes
12:50:29.112 [FXGL Background Thread 1 ] DEBUG GameWorld            - Game world initialized
12:50:29.208 [FXGL Background Thread 1 ] DEBUG PhysicsWorld         - Physics world initialized: appHeight=640, physics.ppm=50,0
12:50:29.208 [FXGL Background Thread 1 ] DEBUG PhysicsWorld         - Using strategy: BRUTE_FORCE
12:50:29.214 [FXGL Background Thread 1 ] DEBUG GameScene            - Game scene initialized: 960x640
12:50:29.232 [FXGL Background Thread 1 ] DEBUG FXGL.DefaultMenu     - createMenuBodyGameMenu()
12:50:29.257 [FXGL Background Thread 1 ] DEBUG FXGL.DefaultMenu     - createOptionsMenu()
12:50:29.273 [FXGL Background Thread 1 ] DEBUG FXGLAssetLoaderServi - Loading from file system: jar:file:/C:/Users/Anass/.m2/repository/com/github/almasb/fxgl/17.1/fxgl-17.1.jar!/fxglassets/textures/particles/smoke.png
12:50:29.418 [FXGL Background Thread 1 ] DEBUG FXGLAssetLoaderServi - Loading from file system: jar:file:/C:/Users/Anass/.m2/repository/com/github/almasb/fxgl/17.1/fxgl-17.1.jar!/fxglassets/textures/particles/trace_horizontal.png
12:50:29.462 [FXGL Background Thread 1 ] DEBUG GameApplicationServi - Application scenes initialized
12:50:29.479 [FXGL Background Thread 1 ] DEBUG SystemBundleService  - Loading FXGL system data
12:50:29.484 [FXGL Background Thread 1 ] DEBUG FileSystemAccess     - Reading from: C:\Users\Anass\OneDrive - Hogeschool Leiden\hsleiden\ipose\app\demo\system\fxgl.bundle
12:50:29.494 [FXGL Background Thread 1 ] DEBUG SystemBundleService  - Bundle FXGL: {}
12:50:29.495 [FXGL Background Thread 1 ] DEBUG UpdaterService       - Checking for updates
12:50:29.501 [FXGL Background Thread 4 ] DEBUG FXGLApplication      - Loading fonts
12:50:29.502 [FXGL Background Thread 4 ] DEBUG FXGLAssetLoaderServi - Loading from file system: jar:file:/C:/Users/Anass/.m2/repository/com/github/almasb/fxgl/17.1/fxgl-17.1.jar!/fxglassets/ui/fonts/VarelaRound-Regular.ttf
12:50:29.502 [FXGL Background Thread 1 ] DEBUG FXGLApplication      - Loading default localization
12:50:29.504 [FXGL Background Thread 1 ] DEBUG FXGLAssetLoaderServi - Loading from file system: jar:file:/C:/Users/Anass/.m2/repository/com/github/almasb/fxgl/17.1/fxgl-17.1.jar!/fxglassets/languages/english.lang
12:50:29.534 [FXGL Background Thread 1 ] INFO  FXGLApplication      - FXGL initialization took: 0,641 sec
12:50:29.553 [JavaFX Application Thread] DEBUG Input                - Registered new binding: Left - A
12:50:29.553 [JavaFX Application Thread] DEBUG Input                - Registered new binding: Right - D
12:50:29.553 [JavaFX Application Thread] DEBUG Input                - Registered new binding: Jump - W
12:50:29.554 [JavaFX Application Thread] DEBUG Input                - Registered new binding: enter - E
12:50:29.555 [JavaFX Application Thread] DEBUG FXGLAssetLoaderServi - Loading from file system: jar:file:/C:/Users/Anass/.m2/repository/com/github/almasb/fxgl/17.1/fxgl-17.1.jar!/fxglassets/textures/fxgl_icon.png
12:50:29.590 [JavaFX Application Thread] DEBUG FXGLAssetLoaderServi - Loading from file system: jar:file:/C:/Users/Anass/.m2/repository/com/github/almasb/fxgl/17.1/fxgl-17.1.jar!/fxglassets/textures/fxgl_default_cursor.png
12:50:29.594 [JavaFX Application Thread] DEBUG Input                - Registered new binding: Screenshot - CTRL+8
12:50:29.595 [JavaFX Application Thread] DEBUG Input                - Registered new binding: System info dump - CTRL+9
12:50:29.596 [JavaFX Application Thread] DEBUG Input                - Registered new binding: Restart - CTRL+R
12:50:29.598 [JavaFX Application Thread] DEBUG Input                - Registered new binding: Toggle Debug Camera - CTRL+7
12:50:29.602 [JavaFX Application Thread] DEBUG LoopRunner           - Starting loop
12:50:29.603 [JavaFX Application Thread] DEBUG LoopRunner           - Initializing JavaFX AnimationTimerLoop
12:50:29.604 [FXGL Background Thread 4 ] DEBUG FXGLAssetLoaderServi - Loading from file system: jar:file:/C:/Users/Anass/.m2/repository/com/github/almasb/fxgl/17.1/fxgl-17.1.jar!/fxglassets/ui/fonts/Abel-Regular.ttf
12:50:29.605 [JavaFX Application Thread] DEBUG GameApplicationServi - Starting new game
12:50:29.606 [JavaFX Application Thread] DEBUG Input                - Clearing active input actions
12:50:29.620 [FXGL Background Thread 4 ] DEBUG FXGLAssetLoaderServi - Loading from file system: jar:file:/C:/Users/Anass/.m2/repository/com/github/almasb/fxgl/17.1/fxgl-17.1.jar!/fxglassets/ui/fonts/TerminalLandMono-Regular.otf
12:50:29.624 [JavaFX Application Thread] DEBUG GameApplicationServi - Removing overlay from FXGLStartupScene and adding to FXGLLoadingScene
12:50:29.624 [JavaFX Application Thread] DEBUG PrimaryStageWindow   - FXGLStartupScene -> FXGLLoadingScene
12:50:29.625 [JavaFX Application Thread] DEBUG GameApplicationServi - Clearing previous game
12:50:29.625 [JavaFX Application Thread] DEBUG GameScene            - Clearing game scene
12:50:29.625 [JavaFX Application Thread] DEBUG GameWorld            - Clearing game world
12:50:29.625 [JavaFX Application Thread] DEBUG PhysicsWorld         - Clearing physics world
12:50:29.628 [FXGL Background Thread 1 ] DEBUG FXGLApplication      - Initializing game
12:50:29.636 [FXGL Background Thread 4 ] DEBUG FXGLAssetLoaderServi - Loading from file system: jar:file:/C:/Users/Anass/.m2/repository/com/github/almasb/fxgl/17.1/fxgl-17.1.jar!/fxglassets/ui/fonts/Courier-Prime.ttf
12:50:29.682 [FXGL Background Thread 1 ] WARN  TMXLevelLoader       - TiledMap generated from 1.8.4. Supported version: 1.4.2. Some features may not be parsed fully.
12:50:29.699 [FXGL Background Thread 1 ] DEBUG TMXLevelLoader       - Parsed TiledMap: file:/C:/Users/Anass/OneDrive%20-%20Hogeschool%20Leiden/hsleiden/ipose/app/demo/target/classes/assets/levels/map1.tmx
12:50:29.700 [FXGL Background Thread 1 ] DEBUG TMXLevelLoader       - Creating tile layer entities
12:50:29.703 [FXGL Background Thread 1 ] DEBUG TilesetLoader        - Loading view for layer Tilelaag 1
12:50:29.704 [JavaFX Application Thread] DEBUG FXGLApplication      - Registering font factories with UI factory
12:50:29.704 [FXGL Background Thread 1 ] DEBUG TilesetLoader        - Created buffer with size 960.0x640.0
12:50:29.759 [FXGL Background Thread 1 ] DEBUG TilesetLoader        - Loading view for layer decorations
12:50:29.760 [FXGL Background Thread 1 ] DEBUG TilesetLoader        - Created buffer with size 960.0x640.0
12:50:29.766 [FXGL Background Thread 1 ] DEBUG TMXLevelLoader       - Creating object layer entities
12:50:29.769 [FXGL Background Thread 1 ] WARN  TMXLevelLoader       - Parse error
java.lang.IllegalArgumentException: No EntityFactory has a method annotated @Spawns()
	at com.almasb.fxgl.entity.GameWorld.create(GameWorld.kt:413)
	at com.almasb.fxgl.entity.level.tiled.TMXLevelLoader.createObjectLayerEntities(TMXLevelLoader.kt:154)
	at com.almasb.fxgl.entity.level.tiled.TMXLevelLoader.load(TMXLevelLoader.kt:60)
	at com.almasb.fxgl.app.services.FXGLAssetLoaderService.loadLevel(FXGLAssetLoaderService.kt:446)
	at com.almasb.fxgl.dsl.FXGL$Companion.setLevelFromMap(FXGL.kt:634)
	at com.almasb.fxgl.dsl.FXGL.setLevelFromMap(FXGL.kt)
	at com.example.App.initGame(App.java:98)
	at com.almasb.fxgl.app.FXGLApplication$InitAppTask.initGame(FXGLApplication.kt:339)
	at com.almasb.fxgl.app.FXGLApplication$InitAppTask.call(FXGLApplication.kt:319)
	at com.almasb.fxgl.app.FXGLApplication$InitAppTask.call(FXGLApplication.kt:311)
	at javafx.concurrent.Task$TaskCallable.call(Task.java:1426)
	at java.base/java.util.concurrent.FutureTask.run(FutureTask.java:264)
	at java.base/java.util.concurrent.Executors$RunnableAdapter.call(Executors.java:539)
	at java.base/java.util.concurrent.FutureTask.run(FutureTask.java:264)
	at java.base/java.util.concurrent.ThreadPoolExecutor.runWorker(ThreadPoolExecutor.java:1136)
	at java.base/java.util.concurrent.ThreadPoolExecutor$Worker.run(ThreadPoolExecutor.java:635)
	at java.base/java.lang.Thread.run(Thread.java:833)

12:50:29.809 [JavaFX Application Thread] DEBUG LoopRunner           - Stopping loop
12:50:29.810 [JavaFX Application Thread] FATAL FXGLApplication      - Uncaught Exception:
java.lang.RuntimeException: Initialization failed
	at com.almasb.fxgl.app.FXGLApplication$InitAppTask.failed(FXGLApplication.kt:343)
	at javafx.concurrent.Task.setState(Task.java:710)
	at javafx.concurrent.Task$TaskCallable.lambda$call$2(Task.java:1456)
	at com.sun.javafx.application.PlatformImpl.lambda$runLater$10(PlatformImpl.java:457)
	at java.base/java.security.AccessController.doPrivileged(AccessController.java:399)
	at com.sun.javafx.application.PlatformImpl.lambda$runLater$11(PlatformImpl.java:456)
	at com.sun.glass.ui.InvokeLaterDispatcher$Future.run(InvokeLaterDispatcher.java:96)
	at com.sun.glass.ui.win.WinApplication._runLoop(Native Method)
	at com.sun.glass.ui.win.WinApplication.lambda$runLoop$3(WinApplication.java:184)
	at java.base/java.lang.Thread.run(Thread.java:833)
Caused by: com.almasb.fxgl.entity.level.LevelLoadingException: No EntityFactory has a method annotated @Spawns()
	at com.almasb.fxgl.entity.level.tiled.TMXLevelLoader.load(TMXLevelLoader.kt:78)
	at com.almasb.fxgl.app.services.FXGLAssetLoaderService.loadLevel(FXGLAssetLoaderService.kt:446)
	at com.almasb.fxgl.dsl.FXGL$Companion.setLevelFromMap(FXGL.kt:634)
	at com.almasb.fxgl.dsl.FXGL.setLevelFromMap(FXGL.kt)
	at com.example.App.initGame(App.java:98)
	at com.almasb.fxgl.app.FXGLApplication$InitAppTask.initGame(FXGLApplication.kt:339)
	at com.almasb.fxgl.app.FXGLApplication$InitAppTask.call(FXGLApplication.kt:319)
	at com.almasb.fxgl.app.FXGLApplication$InitAppTask.call(FXGLApplication.kt:311)
	at javafx.concurrent.Task$TaskCallable.call(Task.java:1426)
	at java.base/java.util.concurrent.FutureTask.run(FutureTask.java:264)
	at java.base/java.util.concurrent.Executors$RunnableAdapter.call(Executors.java:539)
	at java.base/java.util.concurrent.FutureTask.run(FutureTask.java:264)
	at java.base/java.util.concurrent.ThreadPoolExecutor.runWorker(ThreadPoolExecutor.java:1136)
	at java.base/java.util.concurrent.ThreadPoolExecutor$Worker.run(ThreadPoolExecutor.java:635)
	... 1 more
Caused by: java.lang.IllegalArgumentException: No EntityFactory has a method annotated @Spawns()
	at com.almasb.fxgl.entity.GameWorld.create(GameWorld.kt:413)
	at com.almasb.fxgl.entity.level.tiled.TMXLevelLoader.createObjectLayerEntities(TMXLevelLoader.kt:154)
	at com.almasb.fxgl.entity.level.tiled.TMXLevelLoader.load(TMXLevelLoader.kt:60)
	... 14 more

12:50:29.811 [JavaFX Application Thread] FATAL FXGLApplication      - Application will now exit
12:50:29.841 [JavaFX Application Thread] DEBUG PrimaryStageWindow   - Push state: ErrorSubScene
12:50:29.841 [JavaFX Application Thread] DEBUG Input                - Clearing active input actions
12:50:29.850 [JavaFX Application Thread] DEBUG GameApplicationServi - Removing overlay from FXGLLoadingScene and adding to ErrorSubScene
12:50:29.850 [JavaFX Application Thread] DEBUG PrimaryStageWindow   - FXGLLoadingScene -> ErrorSubScene
12:50:32.500 [FXGL Background Thread 3 ] DEBUG Engine               - Logging environment variables
12:50:32.501 [FXGL Background Thread 3 ] DEBUG Engine               - achievements: []
12:50:32.501 [FXGL Background Thread 3 ] DEBUG Engine               - actualHeight: 640.0
12:50:32.501 [FXGL Background Thread 3 ] DEBUG Engine               - actualHeightProperty: ReadOnlyDoubleProperty [value: 640.0]
12:50:32.501 [FXGL Background Thread 3 ] DEBUG Engine               - actualWidth: 960.0
12:50:32.501 [FXGL Background Thread 3 ] DEBUG Engine               - actualWidthProperty: ReadOnlyDoubleProperty [value: 960.0]
12:50:32.502 [FXGL Background Thread 3 ] DEBUG Engine               - appIcon: fxgl_icon.png
12:50:32.502 [FXGL Background Thread 3 ] DEBUG Engine               - applicationMode: DEVELOPER
12:50:32.502 [FXGL Background Thread 3 ] DEBUG Engine               - cSSList: [fxgl_dark.css]
12:50:32.502 [FXGL Background Thread 3 ] DEBUG Engine               - collisionDetectionStrategy: BRUTE_FORCE
12:50:32.502 [FXGL Background Thread 3 ] DEBUG Engine               - configClass: Optional.empty
12:50:32.502 [FXGL Background Thread 3 ] DEBUG Engine               - credits: []
12:50:32.503 [FXGL Background Thread 3 ] DEBUG Engine               - defaultCursor: CursorInfo(imageName=fxgl_default_cursor.png, hotspotX=7.0, hotspotY=6.0)
12:50:32.503 [FXGL Background Thread 3 ] DEBUG Engine               - devBBoxColorProperty: ObjectProperty [value: 0xff0000ff]
12:50:32.503 [FXGL Background Thread 3 ] DEBUG Engine               - devEnableDebugCameraProperty: BooleanProperty [value: false]
12:50:32.503 [FXGL Background Thread 3 ] DEBUG Engine               - devSensorColorProperty: ObjectProperty [value: 0xffff00ff]
12:50:32.503 [FXGL Background Thread 3 ] DEBUG Engine               - devShowBBoxProperty: BooleanProperty [value: false]
12:50:32.504 [FXGL Background Thread 3 ] DEBUG Engine               - devShowPositionProperty: BooleanProperty [value: false]
12:50:32.504 [FXGL Background Thread 3 ] DEBUG Engine               - enabledMenuItems: []
12:50:32.504 [FXGL Background Thread 3 ] DEBUG Engine               - engineServices: [class com.almasb.fxgl.app.services.FXGLAssetLoaderService, class com.almasb.fxgl.app.FXGLApplication$GameApplicationService, class com.almasb.fxgl.app.services.FXGLDialogService, class com.almasb.fxgl.app.services.IOTaskExecutorService, class com.almasb.fxgl.io.FileSystemService, class com.almasb.fxgl.localization.LocalizationService, class com.almasb.fxgl.app.services.SystemBundleService, class com.almasb.fxgl.profile.SaveLoadService, class com.almasb.fxgl.ui.FXGLUIFactoryServiceProvider, class com.almasb.fxgl.ui.FXGLDialogFactoryServiceProvider, class com.almasb.fxgl.audio.AudioPlayer, class com.almasb.fxgl.notification.impl.NotificationServiceProvider, class com.almasb.fxgl.achievement.AchievementService, class com.almasb.fxgl.cutscene.CutsceneService, class com.almasb.fxgl.minigames.MiniGameService, class com.almasb.fxgl.net.NetService, class com.almasb.fxgl.app.services.UpdaterService, class com.almasb.fxgl.dev.DevService]
12:50:32.504 [FXGL Background Thread 3 ] DEBUG Engine               - fontGame: Abel-Regular.ttf
12:50:32.504 [FXGL Background Thread 3 ] DEBUG Engine               - fontMono: TerminalLandMono-Regular.otf
12:50:32.504 [FXGL Background Thread 3 ] DEBUG Engine               - fontText: Courier-Prime.ttf
12:50:32.504 [FXGL Background Thread 3 ] DEBUG Engine               - fontUI: VarelaRound-Regular.ttf
12:50:32.504 [FXGL Background Thread 3 ] DEBUG Engine               - fullScreen: BooleanProperty [value: false]
12:50:32.504 [FXGL Background Thread 3 ] DEBUG Engine               - gameDifficulty: MEDIUM
12:50:32.504 [FXGL Background Thread 3 ] DEBUG Engine               - gameDifficultyProperty: ObjectProperty [value: MEDIUM]
12:50:32.505 [FXGL Background Thread 3 ] DEBUG Engine               - globalMusicVolume: 0.5
12:50:32.505 [FXGL Background Thread 3 ] DEBUG Engine               - globalMusicVolumeProperty: DoubleProperty [value: 0.5]
12:50:32.505 [FXGL Background Thread 3 ] DEBUG Engine               - globalSoundVolume: 0.5
12:50:32.505 [FXGL Background Thread 3 ] DEBUG Engine               - globalSoundVolumeProperty: DoubleProperty [value: 0.5]
12:50:32.505 [FXGL Background Thread 3 ] DEBUG Engine               - height: 640
12:50:32.505 [FXGL Background Thread 3 ] DEBUG Engine               - is3D: false
12:50:32.505 [FXGL Background Thread 3 ] DEBUG Engine               - isAndroid: false
12:50:32.505 [FXGL Background Thread 3 ] DEBUG Engine               - isBrowser: false
12:50:32.506 [FXGL Background Thread 3 ] DEBUG Engine               - isClickFeedbackEnabled: false
12:50:32.506 [FXGL Background Thread 3 ] DEBUG Engine               - isCloseConfirmation: false
12:50:32.506 [FXGL Background Thread 3 ] DEBUG Engine               - isDesktop: true
12:50:32.506 [FXGL Background Thread 3 ] DEBUG Engine               - isDeveloperMenuEnabled: false
12:50:32.506 [FXGL Background Thread 3 ] DEBUG Engine               - isEmbedded: false
12:50:32.506 [FXGL Background Thread 3 ] DEBUG Engine               - isEntityPreloadEnabled: true
12:50:32.506 [FXGL Background Thread 3 ] DEBUG Engine               - isExperimentalTiledLargeMap: false
12:50:32.506 [FXGL Background Thread 3 ] DEBUG Engine               - isFileSystemWriteAllowed: true
12:50:32.507 [FXGL Background Thread 3 ] DEBUG Engine               - isFullScreenAllowed: false
12:50:32.507 [FXGL Background Thread 3 ] DEBUG Engine               - isFullScreenFromStart: false
12:50:32.507 [FXGL Background Thread 3 ] DEBUG Engine               - isGameMenuEnabled: true
12:50:32.507 [FXGL Background Thread 3 ] DEBUG Engine               - isIOS: false
12:50:32.507 [FXGL Background Thread 3 ] DEBUG Engine               - isIntroEnabled: false
12:50:32.507 [FXGL Background Thread 3 ] DEBUG Engine               - isLinux: false
12:50:32.507 [FXGL Background Thread 3 ] DEBUG Engine               - isMac: false
12:50:32.507 [FXGL Background Thread 3 ] DEBUG Engine               - isMainMenuEnabled: false
12:50:32.508 [FXGL Background Thread 3 ] DEBUG Engine               - isManualResizeEnabled: false
12:50:32.508 [FXGL Background Thread 3 ] DEBUG Engine               - isMobile: false
12:50:32.508 [FXGL Background Thread 3 ] DEBUG Engine               - isNative: false
12:50:32.508 [FXGL Background Thread 3 ] DEBUG Engine               - isPauseMusicWhenMinimized: true
12:50:32.508 [FXGL Background Thread 3 ] DEBUG Engine               - isPreserveResizeRatio: false
12:50:32.508 [FXGL Background Thread 3 ] DEBUG Engine               - isProfilingEnabled: false
12:50:32.508 [FXGL Background Thread 3 ] DEBUG Engine               - isScaleAffectedOnResize: true
12:50:32.508 [FXGL Background Thread 3 ] DEBUG Engine               - isSingleStep: false
12:50:32.508 [FXGL Background Thread 3 ] DEBUG Engine               - isUserProfileEnabled: false
12:50:32.508 [FXGL Background Thread 3 ] DEBUG Engine               - isWindows: true
12:50:32.508 [FXGL Background Thread 3 ] DEBUG Engine               - language: ObjectProperty [value: ENGLISH]
12:50:32.509 [FXGL Background Thread 3 ] DEBUG Engine               - menuKey: ESCAPE
12:50:32.509 [FXGL Background Thread 3 ] DEBUG Engine               - mouseSensitivity: 0.2
12:50:32.509 [FXGL Background Thread 3 ] DEBUG Engine               - notificationViewClass: class com.almasb.fxgl.notification.view.XboxNotificationView
12:50:32.509 [FXGL Background Thread 3 ] DEBUG Engine               - pixelsPerMeter: 50.0
12:50:32.509 [FXGL Background Thread 3 ] DEBUG Engine               - platform: WINDOWS
12:50:32.509 [FXGL Background Thread 3 ] DEBUG Engine               - prefHeightProperty: ReadOnlyDoubleProperty [value: 640.0]
12:50:32.509 [FXGL Background Thread 3 ] DEBUG Engine               - prefWidthProperty: ReadOnlyDoubleProperty [value: 960.0]
12:50:32.509 [FXGL Background Thread 3 ] DEBUG Engine               - profileDir: profiles/
12:50:32.510 [FXGL Background Thread 3 ] DEBUG Engine               - profileName: StringProperty [value: DEFAULT]
12:50:32.510 [FXGL Background Thread 3 ] DEBUG Engine               - randomSeed: -1
12:50:32.510 [FXGL Background Thread 3 ] DEBUG Engine               - runtimeInfo: RuntimeInfo(platform=WINDOWS, version=17.1, build=24.03.2022 17.34)
12:50:32.510 [FXGL Background Thread 3 ] DEBUG Engine               - saveFileExt: sav
12:50:32.510 [FXGL Background Thread 3 ] DEBUG Engine               - scaledHeightProp$fxgl: DoubleProperty [bound, value: 640.0]
12:50:32.510 [FXGL Background Thread 3 ] DEBUG Engine               - scaledWidthProp$fxgl: DoubleProperty [bound, value: 960.0]
12:50:32.511 [FXGL Background Thread 3 ] DEBUG Engine               - sceneFactory: com.almasb.fxgl.app.scene.SceneFactory@35a941cd
12:50:32.511 [FXGL Background Thread 3 ] DEBUG Engine               - secondsIn24h: 60
12:50:32.511 [FXGL Background Thread 3 ] DEBUG Engine               - soundMenuBack: menu/back.wav
12:50:32.511 [FXGL Background Thread 3 ] DEBUG Engine               - soundMenuPress: menu/press.wav
12:50:32.511 [FXGL Background Thread 3 ] DEBUG Engine               - soundMenuSelect: menu/select.wav
12:50:32.511 [FXGL Background Thread 3 ] DEBUG Engine               - soundNotification: core/notification.wav
12:50:32.511 [FXGL Background Thread 3 ] DEBUG Engine               - stageStyle: DECORATED
12:50:32.511 [FXGL Background Thread 3 ] DEBUG Engine               - supportedLanguages: [ENGLISH, FRENCH, GERMAN, HUNGARIAN, RUSSIAN]
12:50:32.511 [FXGL Background Thread 3 ] DEBUG Engine               - ticksPerSecond: -1
12:50:32.511 [FXGL Background Thread 3 ] DEBUG Engine               - title: Kings and Pigs
12:50:32.511 [FXGL Background Thread 3 ] DEBUG Engine               - urlGithub: https://github.com/AlmasB/FXGL
12:50:32.511 [FXGL Background Thread 3 ] DEBUG Engine               - urlLeaderboard: http://fxgl-top.herokuapp.com/
12:50:32.511 [FXGL Background Thread 3 ] DEBUG Engine               - urlPOM: https://raw.githubusercontent.com/AlmasB/FXGL/release/README.md
12:50:32.511 [FXGL Background Thread 3 ] DEBUG Engine               - userAppClass: class com.example.App
12:50:32.511 [FXGL Background Thread 3 ] DEBUG Engine               - version: 0.1
12:50:32.511 [FXGL Background Thread 3 ] DEBUG Engine               - versionCheckDays: 7
12:50:32.512 [FXGL Background Thread 3 ] DEBUG Engine               - width: 960
12:50:32.512 [FXGL Background Thread 3 ] DEBUG Engine               - Logging services
12:50:32.512 [FXGL Background Thread 3 ] DEBUG Engine               - class com.almasb.fxgl.app.services.FXGLAssetLoaderService
12:50:32.512 [FXGL Background Thread 3 ] DEBUG Engine               - class com.almasb.fxgl.app.FXGLApplication$GameApplicationService
12:50:32.512 [FXGL Background Thread 3 ] DEBUG Engine               - class com.almasb.fxgl.app.services.FXGLDialogService
12:50:32.512 [FXGL Background Thread 3 ] DEBUG Engine               - class com.almasb.fxgl.app.services.IOTaskExecutorService
12:50:32.512 [FXGL Background Thread 3 ] DEBUG Engine               - class com.almasb.fxgl.io.FileSystemService
12:50:32.512 [FXGL Background Thread 3 ] DEBUG Engine               - class com.almasb.fxgl.localization.LocalizationService
12:50:32.512 [FXGL Background Thread 3 ] DEBUG Engine               - class com.almasb.fxgl.app.services.SystemBundleService
12:50:32.512 [FXGL Background Thread 3 ] DEBUG Engine               - class com.almasb.fxgl.profile.SaveLoadService
12:50:32.512 [FXGL Background Thread 3 ] DEBUG Engine               - class com.almasb.fxgl.ui.FXGLUIFactoryServiceProvider
12:50:32.512 [FXGL Background Thread 3 ] DEBUG Engine               - class com.almasb.fxgl.ui.FXGLDialogFactoryServiceProvider
12:50:32.512 [FXGL Background Thread 3 ] DEBUG Engine               - class com.almasb.fxgl.audio.AudioPlayer
12:50:32.512 [FXGL Background Thread 3 ] DEBUG Engine               - class com.almasb.fxgl.notification.impl.NotificationServiceProvider
12:50:32.512 [FXGL Background Thread 3 ] DEBUG Engine               - class com.almasb.fxgl.achievement.AchievementService
12:50:32.512 [FXGL Background Thread 3 ] DEBUG Engine               - class com.almasb.fxgl.cutscene.CutsceneService
12:50:32.512 [FXGL Background Thread 3 ] DEBUG Engine               - class com.almasb.fxgl.minigames.MiniGameService
12:50:32.512 [FXGL Background Thread 3 ] DEBUG Engine               - class com.almasb.fxgl.net.NetService
12:50:32.513 [FXGL Background Thread 3 ] DEBUG Engine               - class com.almasb.fxgl.app.services.UpdaterService
12:50:32.513 [FXGL Background Thread 3 ] DEBUG Engine               - class com.almasb.fxgl.dev.DevService
12:50:34.183 [JavaFX Application Thread] DEBUG FXGLApplication      - Exiting FXGL
12:50:34.184 [JavaFX Application Thread] DEBUG Async                - Shutting down background threads
12:50:34.184 [JavaFX Application Thread] DEBUG PrimaryStageWindow   - Closing main window
12:50:34.204 [JavaFX Application Thread] DEBUG Logger               - Closing Logger
