11:49:01.609 [main                     ] DEBUG Logger               - Configured Logger
11:49:01.630 [main                     ] DEBUG GameApplication      - Logging settings
Title: Kings and Pigs
Version: 0.1
Width: 960
Height: 640
Fullscreen: false
Intro: false
Profiling: false
Single step:false
App Mode: DEVELOPER
Menu Key: ESCAPE
Stage Style: DECORATED
Scene Factory: class com.almasb.fxgl.app.scene.SceneFactory

11:49:01.968 [JavaFX Application Thread] DEBUG FXGLApplication      - Initializing FXGL
11:49:01.973 [JavaFX Application Thread] INFO  Engine               - FXGL-17.1 (24.03.2022 17.34) on WINDOWS (J:18 FX:18)
11:49:01.974 [JavaFX Application Thread] DEBUG Engine               - JRE Vendor Name: Oracle Corporation
11:49:01.975 [JavaFX Application Thread] DEBUG Engine               - Running on OS: Windows 11 version 10.0
11:49:01.976 [JavaFX Application Thread] DEBUG Engine               - Architecture: amd64
11:49:01.976 [JavaFX Application Thread] INFO  Engine               - Source code and latest versions at: https://github.com/AlmasB/FXGL
11:49:01.976 [JavaFX Application Thread] INFO  Engine               -       Ask questions and discuss at: https://github.com/AlmasB/FXGL/discussions
11:49:01.977 [JavaFX Application Thread] INFO  Engine               -              Join the FXGL chat at: https://gitter.im/AlmasB/FXGL
11:49:02.069 [JavaFX Application Thread] DEBUG PrimaryStageWindow   - Creating a JavaFX scene
11:49:02.107 [JavaFX Application Thread] DEBUG PrimaryStageWindow   - Target settings size: 960.0 x 640.0
11:49:02.107 [JavaFX Application Thread] DEBUG PrimaryStageWindow   - Scaled scene size:    960.0 x 640.0
11:49:02.107 [JavaFX Application Thread] DEBUG PrimaryStageWindow   - Scaled ratio: (1.0, 1.0)
11:49:02.112 [JavaFX Application Thread] DEBUG PrimaryStageWindow   - Set initial scene to FXGLStartupScene
11:49:02.119 [JavaFX Application Thread] DEBUG PrimaryStageWindow   - Opening main window
11:49:02.195 [JavaFX Application Thread] DEBUG PrimaryStageWindow   - Window border size: (12.79998779296875, 35.20001220703125)
11:49:02.195 [JavaFX Application Thread] DEBUG PrimaryStageWindow   - Scaled size: 960.0 x 640.0
11:49:02.196 [JavaFX Application Thread] DEBUG PrimaryStageWindow   - Scaled ratio: (1.0, 1.0)
11:49:02.196 [JavaFX Application Thread] DEBUG PrimaryStageWindow   - Scene size: 960.0 x 640.0
11:49:02.196 [JavaFX Application Thread] DEBUG PrimaryStageWindow   - Stage size: 972.7999877929688 x 675.2000122070312
11:49:02.207 [FXGL Background Thread 1 ] DEBUG Engine               - Initializing environment variables
11:49:02.287 [FXGL Background Thread 1 ] DEBUG FXGLAssetLoaderServi - User app class for loading assets: class com.example.App
11:49:02.287 [FXGL Background Thread 1 ] DEBUG GameApplicationServi - Applying CSS: fxgl_dark.css
11:49:02.288 [FXGL Background Thread 1 ] DEBUG FXGLAssetLoaderServi - Loading from file system: jar:file:/C:/Users/jeffr/.m2/repository/com/github/almasb/fxgl/17.1/fxgl-17.1.jar!/fxglassets/ui/css/fxgl_dark.css
11:49:02.346 [FXGL Background Thread 1 ] DEBUG GameApplicationServi - Initializing application scenes
11:49:02.430 [FXGL Background Thread 1 ] DEBUG GameWorld            - Game world initialized
11:49:02.515 [FXGL Background Thread 1 ] DEBUG PhysicsWorld         - Physics world initialized: appHeight=640, physics.ppm=50.0
11:49:02.515 [FXGL Background Thread 1 ] DEBUG PhysicsWorld         - Using strategy: BRUTE_FORCE
11:49:02.520 [FXGL Background Thread 1 ] DEBUG GameScene            - Game scene initialized: 960x640
11:49:02.536 [FXGL Background Thread 1 ] DEBUG FXGL.DefaultMenu     - createMenuBodyGameMenu()
11:49:02.549 [FXGL Background Thread 1 ] DEBUG FXGL.DefaultMenu     - createOptionsMenu()
11:49:02.566 [FXGL Background Thread 1 ] DEBUG FXGLAssetLoaderServi - Loading from file system: jar:file:/C:/Users/jeffr/.m2/repository/com/github/almasb/fxgl/17.1/fxgl-17.1.jar!/fxglassets/textures/particles/smoke.png
11:49:02.663 [FXGL Background Thread 1 ] DEBUG FXGLAssetLoaderServi - Loading from file system: jar:file:/C:/Users/jeffr/.m2/repository/com/github/almasb/fxgl/17.1/fxgl-17.1.jar!/fxglassets/textures/particles/trace_horizontal.png
11:49:02.687 [FXGL Background Thread 1 ] DEBUG GameApplicationServi - Application scenes initialized
11:49:02.701 [FXGL Background Thread 1 ] DEBUG SystemBundleService  - Loading FXGL system data
11:49:02.706 [FXGL Background Thread 1 ] DEBUG FileSystemAccess     - Reading from: C:\Users\jeffr\Documents\java\demo\system\fxgl.bundle
11:49:02.712 [FXGL Background Thread 1 ] DEBUG SystemBundleService  - Bundle FXGL: {}
11:49:02.712 [FXGL Background Thread 1 ] DEBUG UpdaterService       - Checking for updates
11:49:02.715 [FXGL Background Thread 4 ] DEBUG FXGLApplication      - Loading fonts
11:49:02.716 [FXGL Background Thread 4 ] DEBUG FXGLAssetLoaderServi - Loading from file system: jar:file:/C:/Users/jeffr/.m2/repository/com/github/almasb/fxgl/17.1/fxgl-17.1.jar!/fxglassets/ui/fonts/VarelaRound-Regular.ttf
11:49:02.720 [FXGL Background Thread 1 ] DEBUG FXGLApplication      - Loading default localization
11:49:02.722 [FXGL Background Thread 1 ] DEBUG FXGLAssetLoaderServi - Loading from file system: jar:file:/C:/Users/jeffr/.m2/repository/com/github/almasb/fxgl/17.1/fxgl-17.1.jar!/fxglassets/languages/english.lang
11:49:02.761 [FXGL Background Thread 1 ] INFO  FXGLApplication      - FXGL initialization took: 0.553 sec
11:49:02.774 [FXGL Background Thread 4 ] DEBUG FXGLAssetLoaderServi - Loading from file system: jar:file:/C:/Users/jeffr/.m2/repository/com/github/almasb/fxgl/17.1/fxgl-17.1.jar!/fxglassets/ui/fonts/Abel-Regular.ttf
11:49:02.777 [FXGL Background Thread 4 ] DEBUG FXGLAssetLoaderServi - Loading from file system: jar:file:/C:/Users/jeffr/.m2/repository/com/github/almasb/fxgl/17.1/fxgl-17.1.jar!/fxglassets/ui/fonts/TerminalLandMono-Regular.otf
11:49:02.778 [JavaFX Application Thread] DEBUG Input                - Registered new binding: Left - A
11:49:02.779 [JavaFX Application Thread] DEBUG Input                - Registered new binding: Right - D
11:49:02.779 [JavaFX Application Thread] DEBUG Input                - Registered new binding: Jump - W
11:49:02.779 [JavaFX Application Thread] DEBUG Input                - Registered new binding: attack - E
11:49:02.779 [JavaFX Application Thread] DEBUG FXGLAssetLoaderServi - Loading from file system: jar:file:/C:/Users/jeffr/.m2/repository/com/github/almasb/fxgl/17.1/fxgl-17.1.jar!/fxglassets/textures/fxgl_icon.png
11:49:02.780 [FXGL Background Thread 4 ] DEBUG FXGLAssetLoaderServi - Loading from file system: jar:file:/C:/Users/jeffr/.m2/repository/com/github/almasb/fxgl/17.1/fxgl-17.1.jar!/fxglassets/ui/fonts/Courier-Prime.ttf
11:49:02.794 [JavaFX Application Thread] DEBUG FXGLAssetLoaderServi - Loading from file system: jar:file:/C:/Users/jeffr/.m2/repository/com/github/almasb/fxgl/17.1/fxgl-17.1.jar!/fxglassets/textures/fxgl_default_cursor.png
11:49:02.798 [JavaFX Application Thread] DEBUG Input                - Registered new binding: Screenshot - CTRL+8
11:49:02.799 [JavaFX Application Thread] DEBUG Input                - Registered new binding: System info dump - CTRL+9
11:49:02.799 [JavaFX Application Thread] DEBUG Input                - Registered new binding: Restart - CTRL+R
11:49:02.800 [JavaFX Application Thread] DEBUG Input                - Registered new binding: Toggle Debug Camera - CTRL+7
11:49:02.802 [JavaFX Application Thread] DEBUG LoopRunner           - Starting loop
11:49:02.803 [JavaFX Application Thread] DEBUG LoopRunner           - Initializing JavaFX AnimationTimerLoop
11:49:02.804 [JavaFX Application Thread] DEBUG GameApplicationServi - Starting new game
11:49:02.805 [JavaFX Application Thread] DEBUG Input                - Clearing active input actions
11:49:02.819 [JavaFX Application Thread] DEBUG GameApplicationServi - Removing overlay from FXGLStartupScene and adding to FXGLLoadingScene
11:49:02.820 [JavaFX Application Thread] DEBUG PrimaryStageWindow   - FXGLStartupScene -> FXGLLoadingScene
11:49:02.820 [JavaFX Application Thread] DEBUG GameApplicationServi - Clearing previous game
11:49:02.820 [JavaFX Application Thread] DEBUG GameScene            - Clearing game scene
11:49:02.820 [JavaFX Application Thread] DEBUG GameWorld            - Clearing game world
11:49:02.820 [JavaFX Application Thread] DEBUG PhysicsWorld         - Clearing physics world
11:49:02.824 [FXGL Background Thread 4 ] DEBUG FXGLApplication      - Initializing game
11:49:02.824 [JavaFX Application Thread] DEBUG FXGLApplication      - Registering font factories with UI factory
11:49:02.880 [FXGL Background Thread 4 ] WARN  TMXLevelLoader       - TiledMap generated from 1.8.4. Supported version: 1.4.2. Some features may not be parsed fully.
11:49:02.891 [FXGL Background Thread 4 ] DEBUG TMXLevelLoader       - Parsed TiledMap: file:/C:/Users/jeffr/Documents/java/demo/target/classes/assets/levels/terrain.tmx
11:49:02.892 [FXGL Background Thread 4 ] DEBUG TMXLevelLoader       - Creating tile layer entities
11:49:02.894 [FXGL Background Thread 4 ] DEBUG TilesetLoader        - Loading view for layer Tile Layer 1
11:49:02.895 [FXGL Background Thread 4 ] DEBUG TilesetLoader        - Created buffer with size 960.0x640.0
11:49:02.919 [FXGL Background Thread 4 ] DEBUG TilesetLoader        - Loading view for layer decorations
11:49:02.921 [FXGL Background Thread 4 ] DEBUG TilesetLoader        - Created buffer with size 960.0x640.0
11:49:02.923 [FXGL Background Thread 4 ] DEBUG TMXLevelLoader       - Creating object layer entities
11:49:02.946 [FXGL Background Thread 4 ] DEBUG GameWorld            - Clearing removable entities
11:49:02.947 [FXGL Background Thread 4 ] DEBUG GameWorld            - Setting level: com.almasb.fxgl.entity.level.Level@693c07ee
11:49:02.962 [FXGL Background Thread 4 ] DEBUG FXGLAssetLoaderServi - Loading from file system: file:/C:/Users/jeffr/Documents/java/demo/target/classes/assets/textures/idle.png
11:49:02.965 [FXGL Background Thread 4 ] DEBUG FXGLAssetLoaderServi - Loading from file system: file:/C:/Users/jeffr/Documents/java/demo/target/classes/assets/textures/run.png
11:49:02.966 [FXGL Background Thread 4 ] DEBUG FXGLAssetLoaderServi - Loading from file system: file:/C:/Users/jeffr/Documents/java/demo/target/classes/assets/textures/jump.png
11:49:02.967 [FXGL Background Thread 4 ] DEBUG FXGLAssetLoaderServi - Loading from file system: file:/C:/Users/jeffr/Documents/java/demo/target/classes/assets/textures/fall.png
11:49:02.968 [FXGL Background Thread 4 ] DEBUG FXGLAssetLoaderServi - Loading from file system: file:/C:/Users/jeffr/Documents/java/demo/target/classes/assets/textures/attack.png
11:49:02.979 [FXGL Background Thread 4 ] DEBUG FXGLAssetLoaderServi - Loading from file system: file:/C:/Users/jeffr/Documents/java/demo/target/classes/assets/textures/open.png
11:49:02.980 [FXGL Background Thread 4 ] DEBUG FXGLAssetLoaderServi - Loading from file system: file:/C:/Users/jeffr/Documents/java/demo/target/classes/assets/textures/close.png
11:49:02.981 [FXGL Background Thread 4 ] DEBUG FXGLAssetLoaderServi - Loading from file system: file:/C:/Users/jeffr/Documents/java/demo/target/classes/assets/textures/dooridle.png
11:49:02.985 [FXGL Background Thread 4 ] DEBUG FXGLAssetLoaderServi - Loading from file system: file:/C:/Users/jeffr/Documents/java/demo/target/classes/assets/textures/diamond.png
11:49:02.986 [FXGL Background Thread 4 ] DEBUG FXGLAssetLoaderServi - Loading from file system: file:/C:/Users/jeffr/Documents/java/demo/target/classes/assets/textures/collectdiamond.png
11:49:02.988 [FXGL Background Thread 4 ] DEBUG FXGLAssetLoaderServi - Loading from file system: file:/C:/Users/jeffr/Documents/java/demo/target/classes/assets/textures/healthbar.png
11:49:02.992 [FXGL Background Thread 4 ] DEBUG FXGLAssetLoaderServi - Loading from file system: file:/C:/Users/jeffr/Documents/java/demo/target/classes/assets/textures/heartSmall.png
11:49:02.996 [FXGL Background Thread 4 ] INFO  FXGLApplication      - Game initialization took: 0.172 sec
11:49:03.003 [JavaFX Application Thread] DEBUG Input                - Clearing active input actions
11:49:03.014 [JavaFX Application Thread] DEBUG GameApplicationServi - Removing overlay from FXGLLoadingScene and adding to GameScene
11:49:03.014 [JavaFX Application Thread] DEBUG PrimaryStageWindow   - FXGLLoadingScene -> GameScene
11:49:04.420 [JavaFX Application Thread] DEBUG LoopRunner           - Stopping loop
11:49:04.424 [JavaFX Application Thread] FATAL FXGLApplication      - Uncaught Exception:
java.lang.IllegalArgumentException: Component Player not found!
	at com.almasb.fxgl.entity.Entity.getComponent(Entity.java:366)
	at com.example.App$4.onActionBegin(App.java:97)
	at com.almasb.fxgl.input.UserAction.begin$fxgl_core(UserAction.kt:37)
	at com.almasb.fxgl.input.Input.handlePressed(Input.kt:350)
	at com.almasb.fxgl.input.Input.onKeyEvent(Input.kt:291)
	at com.almasb.fxgl.app.PrimaryStageWindow$1$1.invoke(MainWindow.kt:308)
	at com.almasb.fxgl.app.PrimaryStageWindow$1$1.invoke(MainWindow.kt:308)
	at com.almasb.fxgl.core.fsm.StateMachine.runOnActiveStates(StateMachine.kt:69)
	at com.almasb.fxgl.app.PrimaryStageWindow$1.invoke(MainWindow.kt:308)
	at com.almasb.fxgl.app.PrimaryStageWindow$1.invoke(MainWindow.kt:306)
	at com.almasb.fxgl.app.MainWindow.addKeyHandler$lambda-1(MainWindow.kt:221)
	at com.sun.javafx.event.CompositeEventHandler$NormalEventHandlerRecord.handleBubblingEvent(CompositeEventHandler.java:247)
	at com.sun.javafx.event.CompositeEventHandler.dispatchBubblingEvent(CompositeEventHandler.java:80)
	at com.sun.javafx.event.EventHandlerManager.dispatchBubblingEvent(EventHandlerManager.java:234)
	at com.sun.javafx.event.EventHandlerManager.dispatchBubblingEvent(EventHandlerManager.java:191)
	at com.sun.javafx.event.CompositeEventDispatcher.dispatchBubblingEvent(CompositeEventDispatcher.java:59)
	at com.sun.javafx.event.BasicEventDispatcher.dispatchEvent(BasicEventDispatcher.java:58)
	at com.sun.javafx.event.EventDispatchChainImpl.dispatchEvent(EventDispatchChainImpl.java:114)
	at com.sun.javafx.event.BasicEventDispatcher.dispatchEvent(BasicEventDispatcher.java:56)
	at com.sun.javafx.event.EventDispatchChainImpl.dispatchEvent(EventDispatchChainImpl.java:114)
	at com.sun.javafx.event.EventUtil.fireEventImpl(EventUtil.java:74)
	at com.sun.javafx.event.EventUtil.fireEvent(EventUtil.java:54)
	at javafx.event.Event.fireEvent(Event.java:198)
	at javafx.scene.Scene$KeyHandler.process(Scene.java:4089)
	at javafx.scene.Scene.processKeyEvent(Scene.java:2146)
	at javafx.scene.Scene$ScenePeerListener.keyEvent(Scene.java:2614)
	at com.sun.javafx.tk.quantum.GlassViewEventHandler$KeyEventNotification.run(GlassViewEventHandler.java:218)
	at com.sun.javafx.tk.quantum.GlassViewEventHandler$KeyEventNotification.run(GlassViewEventHandler.java:150)
	at java.base/java.security.AccessController.doPrivileged(AccessController.java:399)
	at com.sun.javafx.tk.quantum.GlassViewEventHandler.lambda$handleKeyEvent$1(GlassViewEventHandler.java:250)
	at com.sun.javafx.tk.quantum.QuantumToolkit.runWithoutRenderLock(QuantumToolkit.java:424)
	at com.sun.javafx.tk.quantum.GlassViewEventHandler.handleKeyEvent(GlassViewEventHandler.java:249)
	at com.sun.glass.ui.View.handleKeyEvent(View.java:542)
	at com.sun.glass.ui.View.notifyKey(View.java:966)
	at com.sun.glass.ui.win.WinApplication._runLoop(Native Method)
	at com.sun.glass.ui.win.WinApplication.lambda$runLoop$3(WinApplication.java:184)
	at java.base/java.lang.Thread.run(Thread.java:833)

11:49:04.432 [JavaFX Application Thread] FATAL FXGLApplication      - Application will now exit
11:49:04.457 [JavaFX Application Thread] DEBUG PrimaryStageWindow   - Push state: ErrorSubScene
11:49:04.457 [JavaFX Application Thread] DEBUG Input                - Clearing active input actions
11:49:04.464 [JavaFX Application Thread] DEBUG GameApplicationServi - Removing overlay from GameScene and adding to ErrorSubScene
11:49:04.465 [JavaFX Application Thread] DEBUG PrimaryStageWindow   - GameScene -> ErrorSubScene
11:49:05.715 [FXGL Background Thread 3 ] DEBUG Engine               - Logging environment variables
11:49:05.715 [FXGL Background Thread 3 ] DEBUG Engine               - achievements: []
11:49:05.715 [FXGL Background Thread 3 ] DEBUG Engine               - actualHeight: 640.0
11:49:05.715 [FXGL Background Thread 3 ] DEBUG Engine               - actualHeightProperty: ReadOnlyDoubleProperty [value: 640.0]
11:49:05.715 [FXGL Background Thread 3 ] DEBUG Engine               - actualWidth: 960.0
11:49:05.715 [FXGL Background Thread 3 ] DEBUG Engine               - actualWidthProperty: ReadOnlyDoubleProperty [value: 960.0]
11:49:05.715 [FXGL Background Thread 3 ] DEBUG Engine               - appIcon: fxgl_icon.png
11:49:05.715 [FXGL Background Thread 3 ] DEBUG Engine               - applicationMode: DEVELOPER
11:49:05.715 [FXGL Background Thread 3 ] DEBUG Engine               - cSSList: [fxgl_dark.css]
11:49:05.715 [FXGL Background Thread 3 ] DEBUG Engine               - collisionDetectionStrategy: BRUTE_FORCE
11:49:05.715 [FXGL Background Thread 3 ] DEBUG Engine               - configClass: Optional.empty
11:49:05.716 [FXGL Background Thread 3 ] DEBUG Engine               - credits: []
11:49:05.716 [FXGL Background Thread 3 ] DEBUG Engine               - defaultCursor: CursorInfo(imageName=fxgl_default_cursor.png, hotspotX=7.0, hotspotY=6.0)
11:49:05.716 [FXGL Background Thread 3 ] DEBUG Engine               - devBBoxColorProperty: ObjectProperty [value: 0xff0000ff]
11:49:05.716 [FXGL Background Thread 3 ] DEBUG Engine               - devEnableDebugCameraProperty: BooleanProperty [value: false]
11:49:05.716 [FXGL Background Thread 3 ] DEBUG Engine               - devSensorColorProperty: ObjectProperty [value: 0xffff00ff]
11:49:05.716 [FXGL Background Thread 3 ] DEBUG Engine               - devShowBBoxProperty: BooleanProperty [value: false]
11:49:05.716 [FXGL Background Thread 3 ] DEBUG Engine               - devShowPositionProperty: BooleanProperty [value: false]
11:49:05.716 [FXGL Background Thread 3 ] DEBUG Engine               - enabledMenuItems: []
11:49:05.716 [FXGL Background Thread 3 ] DEBUG Engine               - engineServices: [class com.almasb.fxgl.app.services.FXGLAssetLoaderService, class com.almasb.fxgl.app.FXGLApplication$GameApplicationService, class com.almasb.fxgl.app.services.FXGLDialogService, class com.almasb.fxgl.app.services.IOTaskExecutorService, class com.almasb.fxgl.io.FileSystemService, class com.almasb.fxgl.localization.LocalizationService, class com.almasb.fxgl.app.services.SystemBundleService, class com.almasb.fxgl.profile.SaveLoadService, class com.almasb.fxgl.ui.FXGLUIFactoryServiceProvider, class com.almasb.fxgl.ui.FXGLDialogFactoryServiceProvider, class com.almasb.fxgl.audio.AudioPlayer, class com.almasb.fxgl.notification.impl.NotificationServiceProvider, class com.almasb.fxgl.achievement.AchievementService, class com.almasb.fxgl.cutscene.CutsceneService, class com.almasb.fxgl.minigames.MiniGameService, class com.almasb.fxgl.net.NetService, class com.almasb.fxgl.app.services.UpdaterService, class com.almasb.fxgl.dev.DevService]
11:49:05.716 [FXGL Background Thread 3 ] DEBUG Engine               - fontGame: Abel-Regular.ttf
11:49:05.716 [FXGL Background Thread 3 ] DEBUG Engine               - fontMono: TerminalLandMono-Regular.otf
11:49:05.716 [FXGL Background Thread 3 ] DEBUG Engine               - fontText: Courier-Prime.ttf
11:49:05.717 [FXGL Background Thread 3 ] DEBUG Engine               - fontUI: VarelaRound-Regular.ttf
11:49:05.717 [FXGL Background Thread 3 ] DEBUG Engine               - fullScreen: BooleanProperty [value: false]
11:49:05.717 [FXGL Background Thread 3 ] DEBUG Engine               - gameDifficulty: MEDIUM
11:49:05.717 [FXGL Background Thread 3 ] DEBUG Engine               - gameDifficultyProperty: ObjectProperty [value: MEDIUM]
11:49:05.717 [FXGL Background Thread 3 ] DEBUG Engine               - globalMusicVolume: 0.5
11:49:05.717 [FXGL Background Thread 3 ] DEBUG Engine               - globalMusicVolumeProperty: DoubleProperty [value: 0.5]
11:49:05.717 [FXGL Background Thread 3 ] DEBUG Engine               - globalSoundVolume: 0.5
11:49:05.717 [FXGL Background Thread 3 ] DEBUG Engine               - globalSoundVolumeProperty: DoubleProperty [value: 0.5]
11:49:05.717 [FXGL Background Thread 3 ] DEBUG Engine               - height: 640
11:49:05.717 [FXGL Background Thread 3 ] DEBUG Engine               - is3D: false
11:49:05.717 [FXGL Background Thread 3 ] DEBUG Engine               - isAndroid: false
11:49:05.717 [FXGL Background Thread 3 ] DEBUG Engine               - isBrowser: false
11:49:05.717 [FXGL Background Thread 3 ] DEBUG Engine               - isClickFeedbackEnabled: false
11:49:05.717 [FXGL Background Thread 3 ] DEBUG Engine               - isCloseConfirmation: false
11:49:05.717 [FXGL Background Thread 3 ] DEBUG Engine               - isDesktop: true
11:49:05.717 [FXGL Background Thread 3 ] DEBUG Engine               - isDeveloperMenuEnabled: false
11:49:05.717 [FXGL Background Thread 3 ] DEBUG Engine               - isEmbedded: false
11:49:05.717 [FXGL Background Thread 3 ] DEBUG Engine               - isEntityPreloadEnabled: true
11:49:05.717 [FXGL Background Thread 3 ] DEBUG Engine               - isExperimentalTiledLargeMap: false
11:49:05.717 [FXGL Background Thread 3 ] DEBUG Engine               - isFileSystemWriteAllowed: true
11:49:05.717 [FXGL Background Thread 3 ] DEBUG Engine               - isFullScreenAllowed: false
11:49:05.717 [FXGL Background Thread 3 ] DEBUG Engine               - isFullScreenFromStart: false
11:49:05.717 [FXGL Background Thread 3 ] DEBUG Engine               - isGameMenuEnabled: true
11:49:05.717 [FXGL Background Thread 3 ] DEBUG Engine               - isIOS: false
11:49:05.718 [FXGL Background Thread 3 ] DEBUG Engine               - isIntroEnabled: false
11:49:05.718 [FXGL Background Thread 3 ] DEBUG Engine               - isLinux: false
11:49:05.718 [FXGL Background Thread 3 ] DEBUG Engine               - isMac: false
11:49:05.718 [FXGL Background Thread 3 ] DEBUG Engine               - isMainMenuEnabled: false
11:49:05.718 [FXGL Background Thread 3 ] DEBUG Engine               - isManualResizeEnabled: false
11:49:05.718 [FXGL Background Thread 3 ] DEBUG Engine               - isMobile: false
11:49:05.718 [FXGL Background Thread 3 ] DEBUG Engine               - isNative: false
11:49:05.718 [FXGL Background Thread 3 ] DEBUG Engine               - isPauseMusicWhenMinimized: true
11:49:05.718 [FXGL Background Thread 3 ] DEBUG Engine               - isPreserveResizeRatio: false
11:49:05.718 [FXGL Background Thread 3 ] DEBUG Engine               - isProfilingEnabled: false
11:49:05.718 [FXGL Background Thread 3 ] DEBUG Engine               - isScaleAffectedOnResize: true
11:49:05.718 [FXGL Background Thread 3 ] DEBUG Engine               - isSingleStep: false
11:49:05.718 [FXGL Background Thread 3 ] DEBUG Engine               - isUserProfileEnabled: false
11:49:05.718 [FXGL Background Thread 3 ] DEBUG Engine               - isWindows: true
11:49:05.718 [FXGL Background Thread 3 ] DEBUG Engine               - language: ObjectProperty [value: ENGLISH]
11:49:05.718 [FXGL Background Thread 3 ] DEBUG Engine               - menuKey: ESCAPE
11:49:05.718 [FXGL Background Thread 3 ] DEBUG Engine               - mouseSensitivity: 0.2
11:49:05.718 [FXGL Background Thread 3 ] DEBUG Engine               - notificationViewClass: class com.almasb.fxgl.notification.view.XboxNotificationView
11:49:05.718 [FXGL Background Thread 3 ] DEBUG Engine               - pixelsPerMeter: 50.0
11:49:05.718 [FXGL Background Thread 3 ] DEBUG Engine               - platform: WINDOWS
11:49:05.718 [FXGL Background Thread 3 ] DEBUG Engine               - prefHeightProperty: ReadOnlyDoubleProperty [value: 640.0]
11:49:05.718 [FXGL Background Thread 3 ] DEBUG Engine               - prefWidthProperty: ReadOnlyDoubleProperty [value: 960.0]
11:49:05.718 [FXGL Background Thread 3 ] DEBUG Engine               - profileDir: profiles/
11:49:05.718 [FXGL Background Thread 3 ] DEBUG Engine               - profileName: StringProperty [value: DEFAULT]
11:49:05.718 [FXGL Background Thread 3 ] DEBUG Engine               - randomSeed: -1
11:49:05.719 [FXGL Background Thread 3 ] DEBUG Engine               - runtimeInfo: RuntimeInfo(platform=WINDOWS, version=17.1, build=24.03.2022 17.34)
11:49:05.719 [FXGL Background Thread 3 ] DEBUG Engine               - saveFileExt: sav
11:49:05.719 [FXGL Background Thread 3 ] DEBUG Engine               - scaledHeightProp$fxgl: DoubleProperty [bound, value: 640.0]
11:49:05.720 [FXGL Background Thread 3 ] DEBUG Engine               - scaledWidthProp$fxgl: DoubleProperty [bound, value: 960.0]
11:49:05.720 [FXGL Background Thread 3 ] DEBUG Engine               - sceneFactory: com.almasb.fxgl.app.scene.SceneFactory@583a10d9
11:49:05.720 [FXGL Background Thread 3 ] DEBUG Engine               - secondsIn24h: 60
11:49:05.720 [FXGL Background Thread 3 ] DEBUG Engine               - soundMenuBack: menu/back.wav
11:49:05.720 [FXGL Background Thread 3 ] DEBUG Engine               - soundMenuPress: menu/press.wav
11:49:05.720 [FXGL Background Thread 3 ] DEBUG Engine               - soundMenuSelect: menu/select.wav
11:49:05.720 [FXGL Background Thread 3 ] DEBUG Engine               - soundNotification: core/notification.wav
11:49:05.720 [FXGL Background Thread 3 ] DEBUG Engine               - stageStyle: DECORATED
11:49:05.720 [FXGL Background Thread 3 ] DEBUG Engine               - supportedLanguages: [ENGLISH, FRENCH, GERMAN, HUNGARIAN, RUSSIAN]
11:49:05.720 [FXGL Background Thread 3 ] DEBUG Engine               - ticksPerSecond: -1
11:49:05.720 [FXGL Background Thread 3 ] DEBUG Engine               - title: Kings and Pigs
11:49:05.720 [FXGL Background Thread 3 ] DEBUG Engine               - urlGithub: https://github.com/AlmasB/FXGL
11:49:05.720 [FXGL Background Thread 3 ] DEBUG Engine               - urlLeaderboard: http://fxgl-top.herokuapp.com/
11:49:05.720 [FXGL Background Thread 3 ] DEBUG Engine               - urlPOM: https://raw.githubusercontent.com/AlmasB/FXGL/release/README.md
11:49:05.720 [FXGL Background Thread 3 ] DEBUG Engine               - userAppClass: class com.example.App
11:49:05.720 [FXGL Background Thread 3 ] DEBUG Engine               - version: 0.1
11:49:05.720 [FXGL Background Thread 3 ] DEBUG Engine               - versionCheckDays: 7
11:49:05.720 [FXGL Background Thread 3 ] DEBUG Engine               - width: 960
11:49:05.720 [FXGL Background Thread 3 ] DEBUG Engine               - Logging services
11:49:05.720 [FXGL Background Thread 3 ] DEBUG Engine               - class com.almasb.fxgl.app.services.FXGLAssetLoaderService
11:49:05.720 [FXGL Background Thread 3 ] DEBUG Engine               - class com.almasb.fxgl.app.FXGLApplication$GameApplicationService
11:49:05.720 [FXGL Background Thread 3 ] DEBUG Engine               - class com.almasb.fxgl.app.services.FXGLDialogService
11:49:05.720 [FXGL Background Thread 3 ] DEBUG Engine               - class com.almasb.fxgl.app.services.IOTaskExecutorService
11:49:05.720 [FXGL Background Thread 3 ] DEBUG Engine               - class com.almasb.fxgl.io.FileSystemService
11:49:05.720 [FXGL Background Thread 3 ] DEBUG Engine               - class com.almasb.fxgl.localization.LocalizationService
11:49:05.720 [FXGL Background Thread 3 ] DEBUG Engine               - class com.almasb.fxgl.app.services.SystemBundleService
11:49:05.720 [FXGL Background Thread 3 ] DEBUG Engine               - class com.almasb.fxgl.profile.SaveLoadService
11:49:05.720 [FXGL Background Thread 3 ] DEBUG Engine               - class com.almasb.fxgl.ui.FXGLUIFactoryServiceProvider
11:49:05.722 [FXGL Background Thread 3 ] DEBUG Engine               - class com.almasb.fxgl.ui.FXGLDialogFactoryServiceProvider
11:49:05.722 [FXGL Background Thread 3 ] DEBUG Engine               - class com.almasb.fxgl.audio.AudioPlayer
11:49:05.722 [FXGL Background Thread 3 ] DEBUG Engine               - class com.almasb.fxgl.notification.impl.NotificationServiceProvider
11:49:05.722 [FXGL Background Thread 3 ] DEBUG Engine               - class com.almasb.fxgl.achievement.AchievementService
11:49:05.722 [FXGL Background Thread 3 ] DEBUG Engine               - class com.almasb.fxgl.cutscene.CutsceneService
11:49:05.722 [FXGL Background Thread 3 ] DEBUG Engine               - class com.almasb.fxgl.minigames.MiniGameService
11:49:05.722 [FXGL Background Thread 3 ] DEBUG Engine               - class com.almasb.fxgl.net.NetService
11:49:05.722 [FXGL Background Thread 3 ] DEBUG Engine               - class com.almasb.fxgl.app.services.UpdaterService
11:49:05.722 [FXGL Background Thread 3 ] DEBUG Engine               - class com.almasb.fxgl.dev.DevService
11:49:09.236 [JavaFX Application Thread] DEBUG FXGLApplication      - Exiting FXGL
11:49:09.236 [JavaFX Application Thread] DEBUG Async                - Shutting down background threads
11:49:09.237 [JavaFX Application Thread] DEBUG PrimaryStageWindow   - Closing main window
11:49:09.262 [JavaFX Application Thread] DEBUG Logger               - Closing Logger
