13:13:01.801 [main                     ] DEBUG Logger               - Configured Logger
13:13:01.860 [main                     ] DEBUG GameApplication      - Logging settings
Title: Kings and Pigs
Version: 0.1
Width: 960
Height: 640
Fullscreen: false
Intro: false
Profiling: false
Single step:false
App Mode: DEVELOPER
Menu Key: ESCAPE
Stage Style: DECORATED
Scene Factory: class com.almasb.fxgl.app.scene.SceneFactory

13:13:02.430 [JavaFX Application Thread] DEBUG FXGLApplication      - Initializing FXGL
13:13:02.443 [JavaFX Application Thread] INFO  Engine               - FXGL-17.1 (24.03.2022 17.34) on WINDOWS (J:17.0.1 FX:18)
13:13:02.443 [JavaFX Application Thread] DEBUG Engine               - JRE Vendor Name: Oracle Corporation
13:13:02.444 [JavaFX Application Thread] DEBUG Engine               - Running on OS: Windows 10 version 10.0
13:13:02.445 [JavaFX Application Thread] DEBUG Engine               - Architecture: amd64
13:13:02.445 [JavaFX Application Thread] INFO  Engine               - Source code and latest versions at: https://github.com/AlmasB/FXGL
13:13:02.445 [JavaFX Application Thread] INFO  Engine               -       Ask questions and discuss at: https://github.com/AlmasB/FXGL/discussions
13:13:02.446 [JavaFX Application Thread] INFO  Engine               -              Join the FXGL chat at: https://gitter.im/AlmasB/FXGL
13:13:02.627 [JavaFX Application Thread] DEBUG PrimaryStageWindow   - Creating a JavaFX scene
13:13:02.693 [JavaFX Application Thread] DEBUG PrimaryStageWindow   - Target settings size: 960.0 x 640.0
13:13:02.694 [JavaFX Application Thread] DEBUG PrimaryStageWindow   - Scaled scene size:    960.0 x 640.0
13:13:02.694 [JavaFX Application Thread] DEBUG PrimaryStageWindow   - Scaled ratio: (1.0, 1.0)
13:13:02.696 [JavaFX Application Thread] DEBUG PrimaryStageWindow   - Set initial scene to FXGLStartupScene
13:13:02.709 [JavaFX Application Thread] DEBUG PrimaryStageWindow   - Opening main window
13:13:02.833 [JavaFX Application Thread] DEBUG PrimaryStageWindow   - Window border size: (14.4000244140625, 37.5999755859375)
13:13:02.834 [JavaFX Application Thread] DEBUG PrimaryStageWindow   - Scaled size: 960.0 x 640.0
13:13:02.834 [JavaFX Application Thread] DEBUG PrimaryStageWindow   - Scaled ratio: (1.0, 1.0)
13:13:02.835 [JavaFX Application Thread] DEBUG PrimaryStageWindow   - Scene size: 960.0 x 640.0
13:13:02.835 [JavaFX Application Thread] DEBUG PrimaryStageWindow   - Stage size: 974.4000244140625 x 677.5999755859375
13:13:02.847 [FXGL Background Thread 1 ] DEBUG Engine               - Initializing environment variables
13:13:02.912 [FXGL Background Thread 1 ] DEBUG FXGLAssetLoaderServi - User app class for loading assets: class com.example.App
13:13:02.912 [FXGL Background Thread 1 ] DEBUG GameApplicationServi - Applying CSS: fxgl_dark.css
13:13:02.915 [FXGL Background Thread 1 ] DEBUG FXGLAssetLoaderServi - Loading from file system: jar:file:/C:/Users/Anass/.m2/repository/com/github/almasb/fxgl/17.1/fxgl-17.1.jar!/fxglassets/ui/css/fxgl_dark.css
13:13:02.992 [FXGL Background Thread 1 ] DEBUG GameApplicationServi - Initializing application scenes
13:13:03.066 [FXGL Background Thread 1 ] DEBUG GameWorld            - Game world initialized
13:13:03.157 [FXGL Background Thread 1 ] DEBUG PhysicsWorld         - Physics world initialized: appHeight=640, physics.ppm=50,0
13:13:03.157 [FXGL Background Thread 1 ] DEBUG PhysicsWorld         - Using strategy: BRUTE_FORCE
13:13:03.165 [FXGL Background Thread 1 ] DEBUG GameScene            - Game scene initialized: 960x640
13:13:03.189 [FXGL Background Thread 1 ] DEBUG FXGL.DefaultMenu     - createMenuBodyGameMenu()
13:13:03.225 [FXGL Background Thread 1 ] DEBUG FXGL.DefaultMenu     - createOptionsMenu()
13:13:03.242 [FXGL Background Thread 1 ] DEBUG FXGLAssetLoaderServi - Loading from file system: jar:file:/C:/Users/Anass/.m2/repository/com/github/almasb/fxgl/17.1/fxgl-17.1.jar!/fxglassets/textures/particles/smoke.png
13:13:03.372 [FXGL Background Thread 1 ] DEBUG FXGLAssetLoaderServi - Loading from file system: jar:file:/C:/Users/Anass/.m2/repository/com/github/almasb/fxgl/17.1/fxgl-17.1.jar!/fxglassets/textures/particles/trace_horizontal.png
13:13:03.419 [FXGL Background Thread 1 ] DEBUG GameApplicationServi - Application scenes initialized
13:13:03.441 [FXGL Background Thread 1 ] DEBUG SystemBundleService  - Loading FXGL system data
13:13:03.447 [FXGL Background Thread 1 ] DEBUG FileSystemAccess     - Reading from: C:\Users\Anass\OneDrive - Hogeschool Leiden\hsleiden\ipose\app\demo\system\fxgl.bundle
13:13:03.455 [FXGL Background Thread 1 ] DEBUG SystemBundleService  - Bundle FXGL: {}
13:13:03.455 [FXGL Background Thread 1 ] DEBUG UpdaterService       - Checking for updates
13:13:03.460 [FXGL Background Thread 4 ] DEBUG FXGLApplication      - Loading fonts
13:13:03.461 [FXGL Background Thread 1 ] DEBUG FXGLApplication      - Loading default localization
13:13:03.461 [FXGL Background Thread 4 ] DEBUG FXGLAssetLoaderServi - Loading from file system: jar:file:/C:/Users/Anass/.m2/repository/com/github/almasb/fxgl/17.1/fxgl-17.1.jar!/fxglassets/ui/fonts/VarelaRound-Regular.ttf
13:13:03.462 [FXGL Background Thread 1 ] DEBUG FXGLAssetLoaderServi - Loading from file system: jar:file:/C:/Users/Anass/.m2/repository/com/github/almasb/fxgl/17.1/fxgl-17.1.jar!/fxglassets/languages/english.lang
13:13:03.494 [FXGL Background Thread 1 ] INFO  FXGLApplication      - FXGL initialization took: 0,647 sec
13:13:03.509 [JavaFX Application Thread] DEBUG Input                - Registered new binding: Left - A
13:13:03.510 [JavaFX Application Thread] DEBUG Input                - Registered new binding: Right - D
13:13:03.510 [JavaFX Application Thread] DEBUG Input                - Registered new binding: Jump - W
13:13:03.510 [JavaFX Application Thread] DEBUG Input                - Registered new binding: enter - E
13:13:03.511 [JavaFX Application Thread] DEBUG FXGLAssetLoaderServi - Loading from file system: jar:file:/C:/Users/Anass/.m2/repository/com/github/almasb/fxgl/17.1/fxgl-17.1.jar!/fxglassets/textures/fxgl_icon.png
13:13:03.536 [FXGL Background Thread 4 ] DEBUG FXGLAssetLoaderServi - Loading from file system: jar:file:/C:/Users/Anass/.m2/repository/com/github/almasb/fxgl/17.1/fxgl-17.1.jar!/fxglassets/ui/fonts/Abel-Regular.ttf
13:13:03.541 [JavaFX Application Thread] DEBUG FXGLAssetLoaderServi - Loading from file system: jar:file:/C:/Users/Anass/.m2/repository/com/github/almasb/fxgl/17.1/fxgl-17.1.jar!/fxglassets/textures/fxgl_default_cursor.png
13:13:03.543 [FXGL Background Thread 4 ] DEBUG FXGLAssetLoaderServi - Loading from file system: jar:file:/C:/Users/Anass/.m2/repository/com/github/almasb/fxgl/17.1/fxgl-17.1.jar!/fxglassets/ui/fonts/TerminalLandMono-Regular.otf
13:13:03.544 [JavaFX Application Thread] DEBUG Input                - Registered new binding: Screenshot - CTRL+8
13:13:03.545 [JavaFX Application Thread] DEBUG Input                - Registered new binding: System info dump - CTRL+9
13:13:03.547 [JavaFX Application Thread] DEBUG Input                - Registered new binding: Restart - CTRL+R
13:13:03.549 [JavaFX Application Thread] DEBUG Input                - Registered new binding: Toggle Debug Camera - CTRL+7
13:13:03.552 [FXGL Background Thread 4 ] DEBUG FXGLAssetLoaderServi - Loading from file system: jar:file:/C:/Users/Anass/.m2/repository/com/github/almasb/fxgl/17.1/fxgl-17.1.jar!/fxglassets/ui/fonts/Courier-Prime.ttf
13:13:03.554 [JavaFX Application Thread] DEBUG LoopRunner           - Starting loop
13:13:03.554 [JavaFX Application Thread] DEBUG LoopRunner           - Initializing JavaFX AnimationTimerLoop
13:13:03.558 [JavaFX Application Thread] DEBUG GameApplicationServi - Starting new game
13:13:03.559 [JavaFX Application Thread] DEBUG Input                - Clearing active input actions
13:13:03.576 [JavaFX Application Thread] DEBUG GameApplicationServi - Removing overlay from FXGLStartupScene and adding to FXGLLoadingScene
13:13:03.577 [JavaFX Application Thread] DEBUG PrimaryStageWindow   - FXGLStartupScene -> FXGLLoadingScene
13:13:03.577 [JavaFX Application Thread] DEBUG GameApplicationServi - Clearing previous game
13:13:03.577 [JavaFX Application Thread] DEBUG GameScene            - Clearing game scene
13:13:03.577 [JavaFX Application Thread] DEBUG GameWorld            - Clearing game world
13:13:03.577 [JavaFX Application Thread] DEBUG PhysicsWorld         - Clearing physics world
13:13:03.580 [FXGL Background Thread 4 ] DEBUG FXGLApplication      - Initializing game
13:13:03.631 [FXGL Background Thread 4 ] WARN  TMXLevelLoader       - TiledMap generated from 1.8.4. Supported version: 1.4.2. Some features may not be parsed fully.
13:13:03.645 [JavaFX Application Thread] DEBUG FXGLApplication      - Registering font factories with UI factory
13:13:03.657 [FXGL Background Thread 4 ] DEBUG TMXLevelLoader       - Parsed TiledMap: file:/C:/Users/Anass/OneDrive%20-%20Hogeschool%20Leiden/hsleiden/ipose/app/demo/target/classes/assets/levels/map1.tmx
13:13:03.659 [FXGL Background Thread 4 ] DEBUG TMXLevelLoader       - Creating tile layer entities
13:13:03.662 [FXGL Background Thread 4 ] DEBUG TilesetLoader        - Loading view for layer Tilelaag 1
13:13:03.664 [FXGL Background Thread 4 ] DEBUG TilesetLoader        - Created buffer with size 960.0x640.0
13:13:03.714 [FXGL Background Thread 4 ] DEBUG TilesetLoader        - Loading view for layer decorations
13:13:03.716 [FXGL Background Thread 4 ] DEBUG TilesetLoader        - Created buffer with size 960.0x640.0
13:13:03.719 [FXGL Background Thread 4 ] DEBUG TMXLevelLoader       - Creating object layer entities
13:13:03.758 [FXGL Background Thread 4 ] DEBUG GameWorld            - Clearing removable entities
13:13:03.759 [FXGL Background Thread 4 ] DEBUG GameWorld            - Setting level: com.almasb.fxgl.entity.level.Level@6139bd1c
13:13:03.781 [FXGL Background Thread 4 ] DEBUG FXGLAssetLoaderServi - Loading from file system: file:/C:/Users/Anass/OneDrive%20-%20Hogeschool%20Leiden/hsleiden/ipose/app/demo/target/classes/assets/textures/idle.png
13:13:03.787 [FXGL Background Thread 4 ] DEBUG FXGLAssetLoaderServi - Loading from file system: file:/C:/Users/Anass/OneDrive%20-%20Hogeschool%20Leiden/hsleiden/ipose/app/demo/target/classes/assets/textures/run.png
13:13:03.789 [FXGL Background Thread 4 ] DEBUG FXGLAssetLoaderServi - Loading from file system: file:/C:/Users/Anass/OneDrive%20-%20Hogeschool%20Leiden/hsleiden/ipose/app/demo/target/classes/assets/textures/jump.png
13:13:03.790 [FXGL Background Thread 4 ] DEBUG FXGLAssetLoaderServi - Loading from file system: file:/C:/Users/Anass/OneDrive%20-%20Hogeschool%20Leiden/hsleiden/ipose/app/demo/target/classes/assets/textures/fall.png
13:13:03.808 [FXGL Background Thread 4 ] DEBUG FXGLAssetLoaderServi - Loading from file system: file:/C:/Users/Anass/OneDrive%20-%20Hogeschool%20Leiden/hsleiden/ipose/app/demo/target/classes/assets/textures/open.png
13:13:03.810 [FXGL Background Thread 4 ] DEBUG FXGLAssetLoaderServi - Loading from file system: file:/C:/Users/Anass/OneDrive%20-%20Hogeschool%20Leiden/hsleiden/ipose/app/demo/target/classes/assets/textures/close.png
13:13:03.813 [FXGL Background Thread 4 ] INFO  FXGLApplication      - Game initialization took: 0,233 sec
13:13:03.814 [JavaFX Application Thread] DEBUG Input                - Clearing active input actions
13:13:03.826 [JavaFX Application Thread] DEBUG GameApplicationServi - Removing overlay from FXGLLoadingScene and adding to GameScene
13:13:03.827 [JavaFX Application Thread] DEBUG PrimaryStageWindow   - FXGLLoadingScene -> GameScene
13:13:06.459 [FXGL Background Thread 3 ] DEBUG Engine               - Logging environment variables
13:13:06.461 [FXGL Background Thread 3 ] DEBUG Engine               - achievements: []
13:13:06.461 [FXGL Background Thread 3 ] DEBUG Engine               - actualHeight: 640.0
13:13:06.461 [FXGL Background Thread 3 ] DEBUG Engine               - actualHeightProperty: ReadOnlyDoubleProperty [value: 640.0]
13:13:06.462 [FXGL Background Thread 3 ] DEBUG Engine               - actualWidth: 960.0
13:13:06.462 [FXGL Background Thread 3 ] DEBUG Engine               - actualWidthProperty: ReadOnlyDoubleProperty [value: 960.0]
13:13:06.462 [FXGL Background Thread 3 ] DEBUG Engine               - appIcon: fxgl_icon.png
13:13:06.462 [FXGL Background Thread 3 ] DEBUG Engine               - applicationMode: DEVELOPER
13:13:06.462 [FXGL Background Thread 3 ] DEBUG Engine               - cSSList: [fxgl_dark.css]
13:13:06.463 [FXGL Background Thread 3 ] DEBUG Engine               - collisionDetectionStrategy: BRUTE_FORCE
13:13:06.463 [FXGL Background Thread 3 ] DEBUG Engine               - configClass: Optional.empty
13:13:06.463 [FXGL Background Thread 3 ] DEBUG Engine               - credits: []
13:13:06.464 [FXGL Background Thread 3 ] DEBUG Engine               - defaultCursor: CursorInfo(imageName=fxgl_default_cursor.png, hotspotX=7.0, hotspotY=6.0)
13:13:06.464 [FXGL Background Thread 3 ] DEBUG Engine               - devBBoxColorProperty: ObjectProperty [value: 0xff0000ff]
13:13:06.464 [FXGL Background Thread 3 ] DEBUG Engine               - devEnableDebugCameraProperty: BooleanProperty [value: false]
13:13:06.465 [FXGL Background Thread 3 ] DEBUG Engine               - devSensorColorProperty: ObjectProperty [value: 0xffff00ff]
13:13:06.465 [FXGL Background Thread 3 ] DEBUG Engine               - devShowBBoxProperty: BooleanProperty [value: false]
13:13:06.465 [FXGL Background Thread 3 ] DEBUG Engine               - devShowPositionProperty: BooleanProperty [value: false]
13:13:06.465 [FXGL Background Thread 3 ] DEBUG Engine               - enabledMenuItems: []
13:13:06.465 [FXGL Background Thread 3 ] DEBUG Engine               - engineServices: [class com.almasb.fxgl.app.services.FXGLAssetLoaderService, class com.almasb.fxgl.app.FXGLApplication$GameApplicationService, class com.almasb.fxgl.app.services.FXGLDialogService, class com.almasb.fxgl.app.services.IOTaskExecutorService, class com.almasb.fxgl.io.FileSystemService, class com.almasb.fxgl.localization.LocalizationService, class com.almasb.fxgl.app.services.SystemBundleService, class com.almasb.fxgl.profile.SaveLoadService, class com.almasb.fxgl.ui.FXGLUIFactoryServiceProvider, class com.almasb.fxgl.ui.FXGLDialogFactoryServiceProvider, class com.almasb.fxgl.audio.AudioPlayer, class com.almasb.fxgl.notification.impl.NotificationServiceProvider, class com.almasb.fxgl.achievement.AchievementService, class com.almasb.fxgl.cutscene.CutsceneService, class com.almasb.fxgl.minigames.MiniGameService, class com.almasb.fxgl.net.NetService, class com.almasb.fxgl.app.services.UpdaterService, class com.almasb.fxgl.dev.DevService]
13:13:06.465 [FXGL Background Thread 3 ] DEBUG Engine               - fontGame: Abel-Regular.ttf
13:13:06.465 [FXGL Background Thread 3 ] DEBUG Engine               - fontMono: TerminalLandMono-Regular.otf
13:13:06.466 [FXGL Background Thread 3 ] DEBUG Engine               - fontText: Courier-Prime.ttf
13:13:06.466 [FXGL Background Thread 3 ] DEBUG Engine               - fontUI: VarelaRound-Regular.ttf
13:13:06.466 [FXGL Background Thread 3 ] DEBUG Engine               - fullScreen: BooleanProperty [value: false]
13:13:06.466 [FXGL Background Thread 3 ] DEBUG Engine               - gameDifficulty: MEDIUM
13:13:06.466 [FXGL Background Thread 3 ] DEBUG Engine               - gameDifficultyProperty: ObjectProperty [value: MEDIUM]
13:13:06.466 [FXGL Background Thread 3 ] DEBUG Engine               - globalMusicVolume: 0.5
13:13:06.467 [FXGL Background Thread 3 ] DEBUG Engine               - globalMusicVolumeProperty: DoubleProperty [value: 0.5]
13:13:06.467 [FXGL Background Thread 3 ] DEBUG Engine               - globalSoundVolume: 0.5
13:13:06.467 [FXGL Background Thread 3 ] DEBUG Engine               - globalSoundVolumeProperty: DoubleProperty [value: 0.5]
13:13:06.467 [FXGL Background Thread 3 ] DEBUG Engine               - height: 640
13:13:06.467 [FXGL Background Thread 3 ] DEBUG Engine               - is3D: false
13:13:06.467 [FXGL Background Thread 3 ] DEBUG Engine               - isAndroid: false
13:13:06.467 [FXGL Background Thread 3 ] DEBUG Engine               - isBrowser: false
13:13:06.468 [FXGL Background Thread 3 ] DEBUG Engine               - isClickFeedbackEnabled: false
13:13:06.468 [FXGL Background Thread 3 ] DEBUG Engine               - isCloseConfirmation: false
13:13:06.468 [FXGL Background Thread 3 ] DEBUG Engine               - isDesktop: true
13:13:06.468 [FXGL Background Thread 3 ] DEBUG Engine               - isDeveloperMenuEnabled: false
13:13:06.468 [FXGL Background Thread 3 ] DEBUG Engine               - isEmbedded: false
13:13:06.468 [FXGL Background Thread 3 ] DEBUG Engine               - isEntityPreloadEnabled: true
13:13:06.469 [FXGL Background Thread 3 ] DEBUG Engine               - isExperimentalTiledLargeMap: false
13:13:06.469 [FXGL Background Thread 3 ] DEBUG Engine               - isFileSystemWriteAllowed: true
13:13:06.469 [FXGL Background Thread 3 ] DEBUG Engine               - isFullScreenAllowed: false
13:13:06.469 [FXGL Background Thread 3 ] DEBUG Engine               - isFullScreenFromStart: false
13:13:06.469 [FXGL Background Thread 3 ] DEBUG Engine               - isGameMenuEnabled: true
13:13:06.469 [FXGL Background Thread 3 ] DEBUG Engine               - isIOS: false
13:13:06.469 [FXGL Background Thread 3 ] DEBUG Engine               - isIntroEnabled: false
13:13:06.469 [FXGL Background Thread 3 ] DEBUG Engine               - isLinux: false
13:13:06.470 [FXGL Background Thread 3 ] DEBUG Engine               - isMac: false
13:13:06.470 [FXGL Background Thread 3 ] DEBUG Engine               - isMainMenuEnabled: false
13:13:06.471 [FXGL Background Thread 3 ] DEBUG Engine               - isManualResizeEnabled: false
13:13:06.471 [FXGL Background Thread 3 ] DEBUG Engine               - isMobile: false
13:13:06.471 [FXGL Background Thread 3 ] DEBUG Engine               - isNative: false
13:13:06.471 [FXGL Background Thread 3 ] DEBUG Engine               - isPauseMusicWhenMinimized: true
13:13:06.471 [FXGL Background Thread 3 ] DEBUG Engine               - isPreserveResizeRatio: false
13:13:06.472 [FXGL Background Thread 3 ] DEBUG Engine               - isProfilingEnabled: false
13:13:06.472 [FXGL Background Thread 3 ] DEBUG Engine               - isScaleAffectedOnResize: true
13:13:06.472 [FXGL Background Thread 3 ] DEBUG Engine               - isSingleStep: false
13:13:06.472 [FXGL Background Thread 3 ] DEBUG Engine               - isUserProfileEnabled: false
13:13:06.472 [FXGL Background Thread 3 ] DEBUG Engine               - isWindows: true
13:13:06.472 [FXGL Background Thread 3 ] DEBUG Engine               - language: ObjectProperty [value: ENGLISH]
13:13:06.473 [FXGL Background Thread 3 ] DEBUG Engine               - menuKey: ESCAPE
13:13:06.473 [FXGL Background Thread 3 ] DEBUG Engine               - mouseSensitivity: 0.2
13:13:06.473 [FXGL Background Thread 3 ] DEBUG Engine               - notificationViewClass: class com.almasb.fxgl.notification.view.XboxNotificationView
13:13:06.473 [FXGL Background Thread 3 ] DEBUG Engine               - pixelsPerMeter: 50.0
13:13:06.473 [FXGL Background Thread 3 ] DEBUG Engine               - platform: WINDOWS
13:13:06.473 [FXGL Background Thread 3 ] DEBUG Engine               - prefHeightProperty: ReadOnlyDoubleProperty [value: 640.0]
13:13:06.474 [FXGL Background Thread 3 ] DEBUG Engine               - prefWidthProperty: ReadOnlyDoubleProperty [value: 960.0]
13:13:06.474 [FXGL Background Thread 3 ] DEBUG Engine               - profileDir: profiles/
13:13:06.474 [FXGL Background Thread 3 ] DEBUG Engine               - profileName: StringProperty [value: DEFAULT]
13:13:06.474 [FXGL Background Thread 3 ] DEBUG Engine               - randomSeed: -1
13:13:06.475 [FXGL Background Thread 3 ] DEBUG Engine               - runtimeInfo: RuntimeInfo(platform=WINDOWS, version=17.1, build=24.03.2022 17.34)
13:13:06.475 [FXGL Background Thread 3 ] DEBUG Engine               - saveFileExt: sav
13:13:06.475 [FXGL Background Thread 3 ] DEBUG Engine               - scaledHeightProp$fxgl: DoubleProperty [bound, value: 640.0]
13:13:06.475 [FXGL Background Thread 3 ] DEBUG Engine               - scaledWidthProp$fxgl: DoubleProperty [bound, value: 960.0]
13:13:06.475 [FXGL Background Thread 3 ] DEBUG Engine               - sceneFactory: com.almasb.fxgl.app.scene.SceneFactory@4a45ce1e
13:13:06.475 [FXGL Background Thread 3 ] DEBUG Engine               - secondsIn24h: 60
13:13:06.475 [FXGL Background Thread 3 ] DEBUG Engine               - soundMenuBack: menu/back.wav
13:13:06.475 [FXGL Background Thread 3 ] DEBUG Engine               - soundMenuPress: menu/press.wav
13:13:06.476 [FXGL Background Thread 3 ] DEBUG Engine               - soundMenuSelect: menu/select.wav
13:13:06.476 [FXGL Background Thread 3 ] DEBUG Engine               - soundNotification: core/notification.wav
13:13:06.476 [FXGL Background Thread 3 ] DEBUG Engine               - stageStyle: DECORATED
13:13:06.476 [FXGL Background Thread 3 ] DEBUG Engine               - supportedLanguages: [ENGLISH, FRENCH, GERMAN, HUNGARIAN, RUSSIAN]
13:13:06.476 [FXGL Background Thread 3 ] DEBUG Engine               - ticksPerSecond: -1
13:13:06.476 [FXGL Background Thread 3 ] DEBUG Engine               - title: Kings and Pigs
13:13:06.476 [FXGL Background Thread 3 ] DEBUG Engine               - urlGithub: https://github.com/AlmasB/FXGL
13:13:06.476 [FXGL Background Thread 3 ] DEBUG Engine               - urlLeaderboard: http://fxgl-top.herokuapp.com/
13:13:06.476 [FXGL Background Thread 3 ] DEBUG Engine               - urlPOM: https://raw.githubusercontent.com/AlmasB/FXGL/release/README.md
13:13:06.477 [FXGL Background Thread 3 ] DEBUG Engine               - userAppClass: class com.example.App
13:13:06.477 [FXGL Background Thread 3 ] DEBUG Engine               - version: 0.1
13:13:06.477 [FXGL Background Thread 3 ] DEBUG Engine               - versionCheckDays: 7
13:13:06.477 [FXGL Background Thread 3 ] DEBUG Engine               - width: 960
13:13:06.477 [FXGL Background Thread 3 ] DEBUG Engine               - Logging services
13:13:06.477 [FXGL Background Thread 3 ] DEBUG Engine               - class com.almasb.fxgl.app.services.FXGLAssetLoaderService
13:13:06.477 [FXGL Background Thread 3 ] DEBUG Engine               - class com.almasb.fxgl.app.FXGLApplication$GameApplicationService
13:13:06.477 [FXGL Background Thread 3 ] DEBUG Engine               - class com.almasb.fxgl.app.services.FXGLDialogService
13:13:06.478 [FXGL Background Thread 3 ] DEBUG Engine               - class com.almasb.fxgl.app.services.IOTaskExecutorService
13:13:06.478 [FXGL Background Thread 3 ] DEBUG Engine               - class com.almasb.fxgl.io.FileSystemService
13:13:06.478 [FXGL Background Thread 3 ] DEBUG Engine               - class com.almasb.fxgl.localization.LocalizationService
13:13:06.478 [FXGL Background Thread 3 ] DEBUG Engine               - class com.almasb.fxgl.app.services.SystemBundleService
13:13:06.478 [FXGL Background Thread 3 ] DEBUG Engine               - class com.almasb.fxgl.profile.SaveLoadService
13:13:06.478 [FXGL Background Thread 3 ] DEBUG Engine               - class com.almasb.fxgl.ui.FXGLUIFactoryServiceProvider
13:13:06.478 [FXGL Background Thread 3 ] DEBUG Engine               - class com.almasb.fxgl.ui.FXGLDialogFactoryServiceProvider
13:13:06.478 [FXGL Background Thread 3 ] DEBUG Engine               - class com.almasb.fxgl.audio.AudioPlayer
13:13:06.478 [FXGL Background Thread 3 ] DEBUG Engine               - class com.almasb.fxgl.notification.impl.NotificationServiceProvider
13:13:06.479 [FXGL Background Thread 3 ] DEBUG Engine               - class com.almasb.fxgl.achievement.AchievementService
13:13:06.479 [FXGL Background Thread 3 ] DEBUG Engine               - class com.almasb.fxgl.cutscene.CutsceneService
13:13:06.479 [FXGL Background Thread 3 ] DEBUG Engine               - class com.almasb.fxgl.minigames.MiniGameService
13:13:06.479 [FXGL Background Thread 3 ] DEBUG Engine               - class com.almasb.fxgl.net.NetService
13:13:06.479 [FXGL Background Thread 3 ] DEBUG Engine               - class com.almasb.fxgl.app.services.UpdaterService
13:13:06.479 [FXGL Background Thread 3 ] DEBUG Engine               - class com.almasb.fxgl.dev.DevService
13:13:24.050 [JavaFX Application Thread] DEBUG FXGLApplication      - Exiting FXGL
13:13:24.050 [JavaFX Application Thread] DEBUG LoopRunner           - Stopping loop
13:13:24.050 [JavaFX Application Thread] DEBUG SystemBundleService  - Saving FXGL system data
13:13:24.054 [JavaFX Application Thread] DEBUG FileSystemAccess     - Writing to: C:\Users\Anass\OneDrive - Hogeschool Leiden\hsleiden\ipose\app\demo\system\fxgl.bundle
13:13:24.056 [JavaFX Application Thread] DEBUG Async                - Shutting down background threads
13:13:24.057 [JavaFX Application Thread] DEBUG PrimaryStageWindow   - Closing main window
13:13:24.076 [JavaFX Application Thread] DEBUG Logger               - Closing Logger
