14:50:59.986 [main                     ] DEBUG Logger               - Configured Logger
14:51:00.042 [main                     ] DEBUG GameApplication      - Logging settings
Title: Kings and Pigs
Version: 0.1
Width: 960
Height: 640
Fullscreen: false
Intro: false
Profiling: false
Single step:false
App Mode: DEVELOPER
Menu Key: ESCAPE
Stage Style: DECORATED
Scene Factory: class com.almasb.fxgl.app.scene.SceneFactory

14:51:00.658 [JavaFX Application Thread] DEBUG FXGLApplication      - Initializing FXGL
14:51:00.670 [JavaFX Application Thread] INFO  Engine               - FXGL-17.1 (24.03.2022 17.34) on WINDOWS (J:17.0.1 FX:18)
14:51:00.671 [JavaFX Application Thread] DEBUG Engine               - JRE Vendor Name: Oracle Corporation
14:51:00.672 [JavaFX Application Thread] DEBUG Engine               - Running on OS: Windows 10 version 10.0
14:51:00.672 [JavaFX Application Thread] DEBUG Engine               - Architecture: amd64
14:51:00.672 [JavaFX Application Thread] INFO  Engine               - Source code and latest versions at: https://github.com/AlmasB/FXGL
14:51:00.673 [JavaFX Application Thread] INFO  Engine               -       Ask questions and discuss at: https://github.com/AlmasB/FXGL/discussions
14:51:00.674 [JavaFX Application Thread] INFO  Engine               -              Join the FXGL chat at: https://gitter.im/AlmasB/FXGL
14:51:00.904 [JavaFX Application Thread] DEBUG PrimaryStageWindow   - Creating a JavaFX scene
14:51:00.994 [JavaFX Application Thread] DEBUG PrimaryStageWindow   - Target settings size: 960.0 x 640.0
14:51:00.995 [JavaFX Application Thread] DEBUG PrimaryStageWindow   - Scaled scene size:    960.0 x 640.0
14:51:00.996 [JavaFX Application Thread] DEBUG PrimaryStageWindow   - Scaled ratio: (1.0, 1.0)
14:51:00.998 [JavaFX Application Thread] DEBUG PrimaryStageWindow   - Set initial scene to FXGLStartupScene
14:51:01.013 [JavaFX Application Thread] DEBUG PrimaryStageWindow   - Opening main window
14:51:01.154 [JavaFX Application Thread] DEBUG PrimaryStageWindow   - Window border size: (14.4000244140625, 37.5999755859375)
14:51:01.154 [JavaFX Application Thread] DEBUG PrimaryStageWindow   - Scaled size: 960.0 x 640.0
14:51:01.155 [JavaFX Application Thread] DEBUG PrimaryStageWindow   - Scaled ratio: (1.0, 1.0)
14:51:01.156 [JavaFX Application Thread] DEBUG PrimaryStageWindow   - Scene size: 960.0 x 640.0
14:51:01.157 [JavaFX Application Thread] DEBUG PrimaryStageWindow   - Stage size: 974.4000244140625 x 677.5999755859375
14:51:01.174 [FXGL Background Thread 1 ] DEBUG Engine               - Initializing environment variables
14:51:01.252 [FXGL Background Thread 1 ] DEBUG FXGLAssetLoaderServi - User app class for loading assets: class com.example.App
14:51:01.253 [FXGL Background Thread 1 ] DEBUG GameApplicationServi - Applying CSS: fxgl_dark.css
14:51:01.254 [FXGL Background Thread 1 ] DEBUG FXGLAssetLoaderServi - Loading from file system: jar:file:/C:/Users/Anass/.m2/repository/com/github/almasb/fxgl/17.1/fxgl-17.1.jar!/fxglassets/ui/css/fxgl_dark.css
14:51:01.326 [FXGL Background Thread 1 ] DEBUG GameApplicationServi - Initializing application scenes
14:51:01.395 [FXGL Background Thread 1 ] DEBUG GameWorld            - Game world initialized
14:51:01.500 [FXGL Background Thread 1 ] DEBUG PhysicsWorld         - Physics world initialized: appHeight=640, physics.ppm=50,0
14:51:01.500 [FXGL Background Thread 1 ] DEBUG PhysicsWorld         - Using strategy: BRUTE_FORCE
14:51:01.508 [FXGL Background Thread 1 ] DEBUG GameScene            - Game scene initialized: 960x640
14:51:01.533 [FXGL Background Thread 1 ] DEBUG FXGL.DefaultMenu     - createMenuBodyGameMenu()
14:51:01.571 [FXGL Background Thread 1 ] DEBUG FXGL.DefaultMenu     - createOptionsMenu()
14:51:01.590 [FXGL Background Thread 1 ] DEBUG FXGLAssetLoaderServi - Loading from file system: jar:file:/C:/Users/Anass/.m2/repository/com/github/almasb/fxgl/17.1/fxgl-17.1.jar!/fxglassets/textures/particles/smoke.png
14:51:01.755 [FXGL Background Thread 1 ] DEBUG FXGLAssetLoaderServi - Loading from file system: jar:file:/C:/Users/Anass/.m2/repository/com/github/almasb/fxgl/17.1/fxgl-17.1.jar!/fxglassets/textures/particles/trace_horizontal.png
14:51:01.811 [FXGL Background Thread 1 ] DEBUG GameApplicationServi - Application scenes initialized
14:51:01.834 [FXGL Background Thread 1 ] DEBUG SystemBundleService  - Loading FXGL system data
14:51:01.842 [FXGL Background Thread 1 ] DEBUG FileSystemAccess     - Reading from: C:\Users\Anass\OneDrive - Hogeschool Leiden\hsleiden\ipose\app\demo\system\fxgl.bundle
14:51:01.853 [FXGL Background Thread 1 ] DEBUG SystemBundleService  - Bundle FXGL: {}
14:51:01.853 [FXGL Background Thread 1 ] DEBUG UpdaterService       - Checking for updates
14:51:01.860 [FXGL Background Thread 4 ] DEBUG FXGLApplication      - Loading fonts
14:51:01.861 [FXGL Background Thread 4 ] DEBUG FXGLAssetLoaderServi - Loading from file system: jar:file:/C:/Users/Anass/.m2/repository/com/github/almasb/fxgl/17.1/fxgl-17.1.jar!/fxglassets/ui/fonts/VarelaRound-Regular.ttf
14:51:01.861 [FXGL Background Thread 1 ] DEBUG FXGLApplication      - Loading default localization
14:51:01.863 [FXGL Background Thread 1 ] DEBUG FXGLAssetLoaderServi - Loading from file system: jar:file:/C:/Users/Anass/.m2/repository/com/github/almasb/fxgl/17.1/fxgl-17.1.jar!/fxglassets/languages/english.lang
14:51:01.936 [FXGL Background Thread 1 ] INFO  FXGLApplication      - FXGL initialization took: 0,762 sec
14:51:01.971 [JavaFX Application Thread] DEBUG Input                - Registered new binding: Left - A
14:51:01.972 [JavaFX Application Thread] DEBUG Input                - Registered new binding: Right - D
14:51:01.972 [JavaFX Application Thread] DEBUG Input                - Registered new binding: Jump - W
14:51:01.973 [JavaFX Application Thread] DEBUG Input                - Registered new binding: enter - E
14:51:01.974 [JavaFX Application Thread] DEBUG FXGLAssetLoaderServi - Loading from file system: jar:file:/C:/Users/Anass/.m2/repository/com/github/almasb/fxgl/17.1/fxgl-17.1.jar!/fxglassets/textures/fxgl_icon.png
14:51:02.002 [FXGL Background Thread 4 ] DEBUG FXGLAssetLoaderServi - Loading from file system: jar:file:/C:/Users/Anass/.m2/repository/com/github/almasb/fxgl/17.1/fxgl-17.1.jar!/fxglassets/ui/fonts/Abel-Regular.ttf
14:51:02.010 [FXGL Background Thread 4 ] DEBUG FXGLAssetLoaderServi - Loading from file system: jar:file:/C:/Users/Anass/.m2/repository/com/github/almasb/fxgl/17.1/fxgl-17.1.jar!/fxglassets/ui/fonts/TerminalLandMono-Regular.otf
14:51:02.024 [FXGL Background Thread 4 ] DEBUG FXGLAssetLoaderServi - Loading from file system: jar:file:/C:/Users/Anass/.m2/repository/com/github/almasb/fxgl/17.1/fxgl-17.1.jar!/fxglassets/ui/fonts/Courier-Prime.ttf
14:51:02.038 [JavaFX Application Thread] DEBUG FXGLAssetLoaderServi - Loading from file system: jar:file:/C:/Users/Anass/.m2/repository/com/github/almasb/fxgl/17.1/fxgl-17.1.jar!/fxglassets/textures/fxgl_default_cursor.png
14:51:02.046 [JavaFX Application Thread] DEBUG Input                - Registered new binding: Screenshot - CTRL+8
14:51:02.049 [JavaFX Application Thread] DEBUG Input                - Registered new binding: System info dump - CTRL+9
14:51:02.050 [JavaFX Application Thread] DEBUG Input                - Registered new binding: Restart - CTRL+R
14:51:02.052 [JavaFX Application Thread] DEBUG Input                - Registered new binding: Toggle Debug Camera - CTRL+7
14:51:02.057 [JavaFX Application Thread] DEBUG LoopRunner           - Starting loop
14:51:02.057 [JavaFX Application Thread] DEBUG LoopRunner           - Initializing JavaFX AnimationTimerLoop
14:51:02.060 [JavaFX Application Thread] DEBUG GameApplicationServi - Starting new game
14:51:02.061 [JavaFX Application Thread] DEBUG Input                - Clearing active input actions
14:51:02.081 [JavaFX Application Thread] DEBUG GameApplicationServi - Removing overlay from FXGLStartupScene and adding to FXGLLoadingScene
14:51:02.082 [JavaFX Application Thread] DEBUG PrimaryStageWindow   - FXGLStartupScene -> FXGLLoadingScene
14:51:02.083 [JavaFX Application Thread] DEBUG GameApplicationServi - Clearing previous game
14:51:02.083 [JavaFX Application Thread] DEBUG GameScene            - Clearing game scene
14:51:02.083 [JavaFX Application Thread] DEBUG GameWorld            - Clearing game world
14:51:02.083 [JavaFX Application Thread] DEBUG PhysicsWorld         - Clearing physics world
14:51:02.086 [JavaFX Application Thread] DEBUG FXGLApplication      - Registering font factories with UI factory
14:51:02.086 [FXGL Background Thread 4 ] DEBUG FXGLApplication      - Initializing game
14:51:02.148 [FXGL Background Thread 4 ] WARN  TMXLevelLoader       - TiledMap generated from 1.8.4. Supported version: 1.4.2. Some features may not be parsed fully.
14:51:02.184 [FXGL Background Thread 4 ] DEBUG TMXLevelLoader       - Parsed TiledMap: file:/C:/Users/Anass/OneDrive%20-%20Hogeschool%20Leiden/hsleiden/ipose/app/demo/target/classes/assets/levels/map2.tmx
14:51:02.187 [FXGL Background Thread 4 ] DEBUG TMXLevelLoader       - Creating tile layer entities
14:51:02.190 [FXGL Background Thread 4 ] DEBUG TilesetLoader        - Loading view for layer Tilelaag 1
14:51:02.192 [FXGL Background Thread 4 ] DEBUG TilesetLoader        - Created buffer with size 960.0x640.0
14:51:02.242 [FXGL Background Thread 4 ] DEBUG TilesetLoader        - Loading view for layer decoration
14:51:02.245 [FXGL Background Thread 4 ] DEBUG TilesetLoader        - Created buffer with size 960.0x640.0
14:51:02.249 [FXGL Background Thread 4 ] DEBUG TMXLevelLoader       - Creating object layer entities
14:51:02.311 [FXGL Background Thread 4 ] DEBUG GameWorld            - Clearing removable entities
14:51:02.313 [FXGL Background Thread 4 ] DEBUG GameWorld            - Setting level: com.almasb.fxgl.entity.level.Level@61556324
14:51:02.343 [FXGL Background Thread 4 ] DEBUG FXGLAssetLoaderServi - Loading from file system: file:/C:/Users/Anass/OneDrive%20-%20Hogeschool%20Leiden/hsleiden/ipose/app/demo/target/classes/assets/textures/idle.png
14:51:02.350 [FXGL Background Thread 4 ] DEBUG FXGLAssetLoaderServi - Loading from file system: file:/C:/Users/Anass/OneDrive%20-%20Hogeschool%20Leiden/hsleiden/ipose/app/demo/target/classes/assets/textures/run.png
14:51:02.353 [FXGL Background Thread 4 ] DEBUG FXGLAssetLoaderServi - Loading from file system: file:/C:/Users/Anass/OneDrive%20-%20Hogeschool%20Leiden/hsleiden/ipose/app/demo/target/classes/assets/textures/jump.png
14:51:02.356 [FXGL Background Thread 4 ] DEBUG FXGLAssetLoaderServi - Loading from file system: file:/C:/Users/Anass/OneDrive%20-%20Hogeschool%20Leiden/hsleiden/ipose/app/demo/target/classes/assets/textures/fall.png
14:51:02.375 [FXGL Background Thread 4 ] DEBUG FXGLAssetLoaderServi - Loading from file system: file:/C:/Users/Anass/OneDrive%20-%20Hogeschool%20Leiden/hsleiden/ipose/app/demo/target/classes/assets/textures/open.png
14:51:02.377 [FXGL Background Thread 4 ] DEBUG FXGLAssetLoaderServi - Loading from file system: file:/C:/Users/Anass/OneDrive%20-%20Hogeschool%20Leiden/hsleiden/ipose/app/demo/target/classes/assets/textures/close.png
14:51:02.379 [FXGL Background Thread 4 ] INFO  FXGLApplication      - Game initialization took: 0,293 sec
14:51:02.380 [JavaFX Application Thread] DEBUG Input                - Clearing active input actions
14:51:02.400 [JavaFX Application Thread] DEBUG GameApplicationServi - Removing overlay from FXGLLoadingScene and adding to GameScene
14:51:02.400 [JavaFX Application Thread] DEBUG PrimaryStageWindow   - FXGLLoadingScene -> GameScene
14:51:03.388 [JavaFX Application Thread] DEBUG FXGLApplication      - Exiting FXGL
14:51:03.388 [JavaFX Application Thread] DEBUG LoopRunner           - Stopping loop
14:51:03.389 [JavaFX Application Thread] DEBUG SystemBundleService  - Saving FXGL system data
14:51:03.393 [JavaFX Application Thread] DEBUG FileSystemAccess     - Writing to: C:\Users\Anass\OneDrive - Hogeschool Leiden\hsleiden\ipose\app\demo\system\fxgl.bundle
14:51:03.397 [JavaFX Application Thread] DEBUG Async                - Shutting down background threads
14:51:03.398 [JavaFX Application Thread] DEBUG PrimaryStageWindow   - Closing main window
14:51:03.415 [JavaFX Application Thread] DEBUG Logger               - Closing Logger
