13:04:33.938 [main                     ] DEBUG Logger               - Configured Logger
13:04:33.963 [main                     ] DEBUG GameApplication      - Logging settings
Title: Kings and Pigs
Version: 0.1
Width: 960
Height: 640
Fullscreen: false
Intro: false
Profiling: false
Single step:false
App Mode: DEVELOPER
Menu Key: ESCAPE
Stage Style: DECORATED
Scene Factory: class com.almasb.fxgl.app.scene.SceneFactory

13:04:34.257 [JavaFX Application Thread] DEBUG FXGLApplication      - Initializing FXGL
13:04:34.263 [JavaFX Application Thread] INFO  Engine               - FXGL-17.1 (24.03.2022 17.34) on WINDOWS (J:18 FX:18)
13:04:34.264 [JavaFX Application Thread] DEBUG Engine               - JRE Vendor Name: Oracle Corporation
13:04:34.264 [JavaFX Application Thread] DEBUG Engine               - Running on OS: Windows 11 version 10.0
13:04:34.265 [JavaFX Application Thread] DEBUG Engine               - Architecture: amd64
13:04:34.265 [JavaFX Application Thread] INFO  Engine               - Source code and latest versions at: https://github.com/AlmasB/FXGL
13:04:34.265 [JavaFX Application Thread] INFO  Engine               -       Ask questions and discuss at: https://github.com/AlmasB/FXGL/discussions
13:04:34.265 [JavaFX Application Thread] INFO  Engine               -              Join the FXGL chat at: https://gitter.im/AlmasB/FXGL
13:04:34.351 [JavaFX Application Thread] DEBUG PrimaryStageWindow   - Creating a JavaFX scene
13:04:34.390 [JavaFX Application Thread] DEBUG PrimaryStageWindow   - Target settings size: 960.0 x 640.0
13:04:34.391 [JavaFX Application Thread] DEBUG PrimaryStageWindow   - Scaled scene size:    960.0 x 640.0
13:04:34.391 [JavaFX Application Thread] DEBUG PrimaryStageWindow   - Scaled ratio: (1.0, 1.0)
13:04:34.395 [JavaFX Application Thread] DEBUG PrimaryStageWindow   - Set initial scene to FXGLStartupScene
13:04:34.402 [JavaFX Application Thread] DEBUG PrimaryStageWindow   - Opening main window
13:04:34.476 [JavaFX Application Thread] DEBUG PrimaryStageWindow   - Window border size: (12.79998779296875, 35.20001220703125)
13:04:34.477 [JavaFX Application Thread] DEBUG PrimaryStageWindow   - Scaled size: 960.0 x 640.0
13:04:34.477 [JavaFX Application Thread] DEBUG PrimaryStageWindow   - Scaled ratio: (1.0, 1.0)
13:04:34.477 [JavaFX Application Thread] DEBUG PrimaryStageWindow   - Scene size: 960.0 x 640.0
13:04:34.477 [JavaFX Application Thread] DEBUG PrimaryStageWindow   - Stage size: 972.7999877929688 x 675.2000122070312
13:04:34.484 [FXGL Background Thread 1 ] DEBUG Engine               - Initializing environment variables
13:04:34.539 [FXGL Background Thread 1 ] DEBUG FXGLAssetLoaderServi - User app class for loading assets: class com.example.App
13:04:34.539 [FXGL Background Thread 1 ] DEBUG GameApplicationServi - Applying CSS: fxgl_dark.css
13:04:34.540 [FXGL Background Thread 1 ] DEBUG FXGLAssetLoaderServi - Loading from file system: jar:file:/C:/Users/jeffr/.m2/repository/com/github/almasb/fxgl/17.1/fxgl-17.1.jar!/fxglassets/ui/css/fxgl_dark.css
13:04:34.589 [FXGL Background Thread 1 ] DEBUG GameApplicationServi - Initializing application scenes
13:04:34.663 [FXGL Background Thread 1 ] DEBUG GameWorld            - Game world initialized
13:04:34.739 [FXGL Background Thread 1 ] DEBUG PhysicsWorld         - Physics world initialized: appHeight=640, physics.ppm=50.0
13:04:34.740 [FXGL Background Thread 1 ] DEBUG PhysicsWorld         - Using strategy: BRUTE_FORCE
13:04:34.744 [FXGL Background Thread 1 ] DEBUG GameScene            - Game scene initialized: 960x640
13:04:34.759 [FXGL Background Thread 1 ] DEBUG FXGL.DefaultMenu     - createMenuBodyGameMenu()
13:04:34.774 [FXGL Background Thread 1 ] DEBUG FXGL.DefaultMenu     - createOptionsMenu()
13:04:34.788 [FXGL Background Thread 1 ] DEBUG FXGLAssetLoaderServi - Loading from file system: jar:file:/C:/Users/jeffr/.m2/repository/com/github/almasb/fxgl/17.1/fxgl-17.1.jar!/fxglassets/textures/particles/smoke.png
13:04:34.885 [FXGL Background Thread 1 ] DEBUG FXGLAssetLoaderServi - Loading from file system: jar:file:/C:/Users/jeffr/.m2/repository/com/github/almasb/fxgl/17.1/fxgl-17.1.jar!/fxglassets/textures/particles/trace_horizontal.png
13:04:34.907 [FXGL Background Thread 1 ] DEBUG GameApplicationServi - Application scenes initialized
13:04:34.922 [FXGL Background Thread 1 ] DEBUG SystemBundleService  - Loading FXGL system data
13:04:34.926 [FXGL Background Thread 1 ] DEBUG FileSystemAccess     - Reading from: C:\Users\jeffr\Documents\java\demo\system\fxgl.bundle
13:04:34.932 [FXGL Background Thread 1 ] DEBUG SystemBundleService  - Bundle FXGL: {}
13:04:34.932 [FXGL Background Thread 1 ] DEBUG UpdaterService       - Checking for updates
13:04:34.934 [FXGL Background Thread 4 ] DEBUG FXGLApplication      - Loading fonts
13:04:34.935 [FXGL Background Thread 4 ] DEBUG FXGLAssetLoaderServi - Loading from file system: jar:file:/C:/Users/jeffr/.m2/repository/com/github/almasb/fxgl/17.1/fxgl-17.1.jar!/fxglassets/ui/fonts/VarelaRound-Regular.ttf
13:04:34.935 [FXGL Background Thread 1 ] DEBUG FXGLApplication      - Loading default localization
13:04:34.936 [FXGL Background Thread 1 ] DEBUG FXGLAssetLoaderServi - Loading from file system: jar:file:/C:/Users/jeffr/.m2/repository/com/github/almasb/fxgl/17.1/fxgl-17.1.jar!/fxglassets/languages/english.lang
13:04:34.976 [FXGL Background Thread 1 ] INFO  FXGLApplication      - FXGL initialization took: 0.492 sec
13:04:34.988 [FXGL Background Thread 4 ] DEBUG FXGLAssetLoaderServi - Loading from file system: jar:file:/C:/Users/jeffr/.m2/repository/com/github/almasb/fxgl/17.1/fxgl-17.1.jar!/fxglassets/ui/fonts/Abel-Regular.ttf
13:04:34.989 [JavaFX Application Thread] DEBUG Input                - Registered new binding: Left - A
13:04:34.989 [JavaFX Application Thread] DEBUG Input                - Registered new binding: Right - D
13:04:34.989 [JavaFX Application Thread] DEBUG Input                - Registered new binding: Jump - W
13:04:34.990 [JavaFX Application Thread] DEBUG Input                - Registered new binding: attack - E
13:04:34.990 [JavaFX Application Thread] DEBUG FXGLAssetLoaderServi - Loading from file system: jar:file:/C:/Users/jeffr/.m2/repository/com/github/almasb/fxgl/17.1/fxgl-17.1.jar!/fxglassets/textures/fxgl_icon.png
13:04:34.990 [FXGL Background Thread 4 ] DEBUG FXGLAssetLoaderServi - Loading from file system: jar:file:/C:/Users/jeffr/.m2/repository/com/github/almasb/fxgl/17.1/fxgl-17.1.jar!/fxglassets/ui/fonts/TerminalLandMono-Regular.otf
13:04:34.993 [FXGL Background Thread 4 ] DEBUG FXGLAssetLoaderServi - Loading from file system: jar:file:/C:/Users/jeffr/.m2/repository/com/github/almasb/fxgl/17.1/fxgl-17.1.jar!/fxglassets/ui/fonts/Courier-Prime.ttf
13:04:35.006 [JavaFX Application Thread] DEBUG FXGLAssetLoaderServi - Loading from file system: jar:file:/C:/Users/jeffr/.m2/repository/com/github/almasb/fxgl/17.1/fxgl-17.1.jar!/fxglassets/textures/fxgl_default_cursor.png
13:04:35.011 [JavaFX Application Thread] DEBUG Input                - Registered new binding: Screenshot - CTRL+8
13:04:35.012 [JavaFX Application Thread] DEBUG Input                - Registered new binding: System info dump - CTRL+9
13:04:35.013 [JavaFX Application Thread] DEBUG Input                - Registered new binding: Restart - CTRL+R
13:04:35.013 [JavaFX Application Thread] DEBUG Input                - Registered new binding: Toggle Debug Camera - CTRL+7
13:04:35.019 [JavaFX Application Thread] DEBUG LoopRunner           - Starting loop
13:04:35.019 [JavaFX Application Thread] DEBUG LoopRunner           - Initializing JavaFX AnimationTimerLoop
13:04:35.024 [JavaFX Application Thread] DEBUG GameApplicationServi - Starting new game
13:04:35.024 [JavaFX Application Thread] DEBUG Input                - Clearing active input actions
13:04:35.040 [JavaFX Application Thread] DEBUG GameApplicationServi - Removing overlay from FXGLStartupScene and adding to FXGLLoadingScene
13:04:35.040 [JavaFX Application Thread] DEBUG PrimaryStageWindow   - FXGLStartupScene -> FXGLLoadingScene
13:04:35.040 [JavaFX Application Thread] DEBUG GameApplicationServi - Clearing previous game
13:04:35.040 [JavaFX Application Thread] DEBUG GameScene            - Clearing game scene
13:04:35.040 [JavaFX Application Thread] DEBUG GameWorld            - Clearing game world
13:04:35.041 [JavaFX Application Thread] DEBUG PhysicsWorld         - Clearing physics world
13:04:35.042 [FXGL Background Thread 4 ] DEBUG FXGLApplication      - Initializing game
13:04:35.042 [JavaFX Application Thread] DEBUG FXGLApplication      - Registering font factories with UI factory
13:04:35.128 [FXGL Background Thread 4 ] WARN  TMXLevelLoader       - TiledMap generated from 1.8.4. Supported version: 1.4.2. Some features may not be parsed fully.
13:04:35.143 [FXGL Background Thread 4 ] DEBUG TMXLevelLoader       - Parsed TiledMap: file:/C:/Users/jeffr/Documents/java/demo/target/classes/assets/levels/terrain.tmx
13:04:35.146 [FXGL Background Thread 4 ] DEBUG TMXLevelLoader       - Creating tile layer entities
13:04:35.150 [FXGL Background Thread 4 ] DEBUG TilesetLoader        - Loading view for layer Tile Layer 1
13:04:35.152 [FXGL Background Thread 4 ] DEBUG TilesetLoader        - Created buffer with size 960.0x640.0
13:04:35.174 [FXGL Background Thread 4 ] DEBUG TilesetLoader        - Loading view for layer decorations
13:04:35.175 [FXGL Background Thread 4 ] DEBUG TilesetLoader        - Created buffer with size 960.0x640.0
13:04:35.177 [FXGL Background Thread 4 ] DEBUG TMXLevelLoader       - Creating object layer entities
13:04:35.200 [FXGL Background Thread 4 ] DEBUG GameWorld            - Clearing removable entities
13:04:35.201 [FXGL Background Thread 4 ] DEBUG GameWorld            - Setting level: com.almasb.fxgl.entity.level.Level@55ea73d8
13:04:35.213 [FXGL Background Thread 4 ] DEBUG FXGLAssetLoaderServi - Loading from file system: file:/C:/Users/jeffr/Documents/java/demo/target/classes/assets/textures/idle.png
13:04:35.216 [FXGL Background Thread 4 ] DEBUG FXGLAssetLoaderServi - Loading from file system: file:/C:/Users/jeffr/Documents/java/demo/target/classes/assets/textures/run.png
13:04:35.218 [FXGL Background Thread 4 ] DEBUG FXGLAssetLoaderServi - Loading from file system: file:/C:/Users/jeffr/Documents/java/demo/target/classes/assets/textures/jump.png
13:04:35.220 [FXGL Background Thread 4 ] DEBUG FXGLAssetLoaderServi - Loading from file system: file:/C:/Users/jeffr/Documents/java/demo/target/classes/assets/textures/fall.png
13:04:35.221 [FXGL Background Thread 4 ] DEBUG FXGLAssetLoaderServi - Loading from file system: file:/C:/Users/jeffr/Documents/java/demo/target/classes/assets/textures/attack.png
13:04:35.222 [FXGL Background Thread 4 ] DEBUG FXGLAssetLoaderServi - Loading from file system: file:/C:/Users/jeffr/Documents/java/demo/target/classes/assets/textures/doorIn.png
13:04:35.223 [FXGL Background Thread 4 ] DEBUG FXGLAssetLoaderServi - Loading from file system: file:/C:/Users/jeffr/Documents/java/demo/target/classes/assets/textures/down.png
13:04:35.232 [FXGL Background Thread 4 ] DEBUG FXGLAssetLoaderServi - Loading from file system: file:/C:/Users/jeffr/Documents/java/demo/target/classes/assets/textures/open.png
13:04:35.234 [FXGL Background Thread 4 ] DEBUG FXGLAssetLoaderServi - Loading from file system: file:/C:/Users/jeffr/Documents/java/demo/target/classes/assets/textures/close.png
13:04:35.235 [FXGL Background Thread 4 ] DEBUG FXGLAssetLoaderServi - Loading from file system: file:/C:/Users/jeffr/Documents/java/demo/target/classes/assets/textures/dooridle.png
13:04:35.237 [FXGL Background Thread 4 ] DEBUG FXGLAssetLoaderServi - Loading from file system: file:/C:/Users/jeffr/Documents/java/demo/target/classes/assets/textures/diamond.png
13:04:35.238 [FXGL Background Thread 4 ] DEBUG FXGLAssetLoaderServi - Loading from file system: file:/C:/Users/jeffr/Documents/java/demo/target/classes/assets/textures/collectdiamond.png
13:04:35.239 [FXGL Background Thread 4 ] DEBUG FXGLAssetLoaderServi - Loading from file system: file:/C:/Users/jeffr/Documents/java/demo/target/classes/assets/textures/healthbar.png
13:04:35.240 [FXGL Background Thread 4 ] DEBUG FXGLAssetLoaderServi - Loading from file system: file:/C:/Users/jeffr/Documents/java/demo/target/classes/assets/textures/heartSmall.png
13:04:35.242 [FXGL Background Thread 4 ] INFO  FXGLApplication      - Game initialization took: 0.199 sec
13:04:35.250 [JavaFX Application Thread] DEBUG Input                - Clearing active input actions
13:04:35.259 [JavaFX Application Thread] DEBUG GameApplicationServi - Removing overlay from FXGLLoadingScene and adding to GameScene
13:04:35.260 [JavaFX Application Thread] DEBUG PrimaryStageWindow   - FXGLLoadingScene -> GameScene
13:04:37.935 [FXGL Background Thread 3 ] DEBUG Engine               - Logging environment variables
13:04:37.936 [FXGL Background Thread 3 ] DEBUG Engine               - achievements: []
13:04:37.936 [FXGL Background Thread 3 ] DEBUG Engine               - actualHeight: 640.0
13:04:37.937 [FXGL Background Thread 3 ] DEBUG Engine               - actualHeightProperty: ReadOnlyDoubleProperty [value: 640.0]
13:04:37.937 [FXGL Background Thread 3 ] DEBUG Engine               - actualWidth: 960.0
13:04:37.937 [FXGL Background Thread 3 ] DEBUG Engine               - actualWidthProperty: ReadOnlyDoubleProperty [value: 960.0]
13:04:37.937 [FXGL Background Thread 3 ] DEBUG Engine               - appIcon: fxgl_icon.png
13:04:37.937 [FXGL Background Thread 3 ] DEBUG Engine               - applicationMode: DEVELOPER
13:04:37.937 [FXGL Background Thread 3 ] DEBUG Engine               - cSSList: [fxgl_dark.css]
13:04:37.937 [FXGL Background Thread 3 ] DEBUG Engine               - collisionDetectionStrategy: BRUTE_FORCE
13:04:37.937 [FXGL Background Thread 3 ] DEBUG Engine               - configClass: Optional.empty
13:04:37.937 [FXGL Background Thread 3 ] DEBUG Engine               - credits: []
13:04:37.940 [FXGL Background Thread 3 ] DEBUG Engine               - defaultCursor: CursorInfo(imageName=fxgl_default_cursor.png, hotspotX=7.0, hotspotY=6.0)
13:04:37.941 [FXGL Background Thread 3 ] DEBUG Engine               - devBBoxColorProperty: ObjectProperty [value: 0xff0000ff]
13:04:37.941 [FXGL Background Thread 3 ] DEBUG Engine               - devEnableDebugCameraProperty: BooleanProperty [value: false]
13:04:37.941 [FXGL Background Thread 3 ] DEBUG Engine               - devSensorColorProperty: ObjectProperty [value: 0xffff00ff]
13:04:37.941 [FXGL Background Thread 3 ] DEBUG Engine               - devShowBBoxProperty: BooleanProperty [value: false]
13:04:37.941 [FXGL Background Thread 3 ] DEBUG Engine               - devShowPositionProperty: BooleanProperty [value: false]
13:04:37.941 [FXGL Background Thread 3 ] DEBUG Engine               - enabledMenuItems: []
13:04:37.941 [FXGL Background Thread 3 ] DEBUG Engine               - engineServices: [class com.almasb.fxgl.app.services.FXGLAssetLoaderService, class com.almasb.fxgl.app.FXGLApplication$GameApplicationService, class com.almasb.fxgl.app.services.FXGLDialogService, class com.almasb.fxgl.app.services.IOTaskExecutorService, class com.almasb.fxgl.io.FileSystemService, class com.almasb.fxgl.localization.LocalizationService, class com.almasb.fxgl.app.services.SystemBundleService, class com.almasb.fxgl.profile.SaveLoadService, class com.almasb.fxgl.ui.FXGLUIFactoryServiceProvider, class com.almasb.fxgl.ui.FXGLDialogFactoryServiceProvider, class com.almasb.fxgl.audio.AudioPlayer, class com.almasb.fxgl.notification.impl.NotificationServiceProvider, class com.almasb.fxgl.achievement.AchievementService, class com.almasb.fxgl.cutscene.CutsceneService, class com.almasb.fxgl.minigames.MiniGameService, class com.almasb.fxgl.net.NetService, class com.almasb.fxgl.app.services.UpdaterService, class com.almasb.fxgl.dev.DevService]
13:04:37.941 [FXGL Background Thread 3 ] DEBUG Engine               - fontGame: Abel-Regular.ttf
13:04:37.941 [FXGL Background Thread 3 ] DEBUG Engine               - fontMono: TerminalLandMono-Regular.otf
13:04:37.941 [FXGL Background Thread 3 ] DEBUG Engine               - fontText: Courier-Prime.ttf
13:04:37.941 [FXGL Background Thread 3 ] DEBUG Engine               - fontUI: VarelaRound-Regular.ttf
13:04:37.941 [FXGL Background Thread 3 ] DEBUG Engine               - fullScreen: BooleanProperty [value: false]
13:04:37.941 [FXGL Background Thread 3 ] DEBUG Engine               - gameDifficulty: MEDIUM
13:04:37.941 [FXGL Background Thread 3 ] DEBUG Engine               - gameDifficultyProperty: ObjectProperty [value: MEDIUM]
13:04:37.941 [FXGL Background Thread 3 ] DEBUG Engine               - globalMusicVolume: 0.5
13:04:37.941 [FXGL Background Thread 3 ] DEBUG Engine               - globalMusicVolumeProperty: DoubleProperty [value: 0.5]
13:04:37.941 [FXGL Background Thread 3 ] DEBUG Engine               - globalSoundVolume: 0.5
13:04:37.941 [FXGL Background Thread 3 ] DEBUG Engine               - globalSoundVolumeProperty: DoubleProperty [value: 0.5]
13:04:37.942 [FXGL Background Thread 3 ] DEBUG Engine               - height: 640
13:04:37.942 [FXGL Background Thread 3 ] DEBUG Engine               - is3D: false
13:04:37.942 [FXGL Background Thread 3 ] DEBUG Engine               - isAndroid: false
13:04:37.942 [FXGL Background Thread 3 ] DEBUG Engine               - isBrowser: false
13:04:37.942 [FXGL Background Thread 3 ] DEBUG Engine               - isClickFeedbackEnabled: false
13:04:37.942 [FXGL Background Thread 3 ] DEBUG Engine               - isCloseConfirmation: false
13:04:37.942 [FXGL Background Thread 3 ] DEBUG Engine               - isDesktop: true
13:04:37.942 [FXGL Background Thread 3 ] DEBUG Engine               - isDeveloperMenuEnabled: false
13:04:37.942 [FXGL Background Thread 3 ] DEBUG Engine               - isEmbedded: false
13:04:37.942 [FXGL Background Thread 3 ] DEBUG Engine               - isEntityPreloadEnabled: true
13:04:37.942 [FXGL Background Thread 3 ] DEBUG Engine               - isExperimentalTiledLargeMap: false
13:04:37.942 [FXGL Background Thread 3 ] DEBUG Engine               - isFileSystemWriteAllowed: true
13:04:37.942 [FXGL Background Thread 3 ] DEBUG Engine               - isFullScreenAllowed: false
13:04:37.942 [FXGL Background Thread 3 ] DEBUG Engine               - isFullScreenFromStart: false
13:04:37.942 [FXGL Background Thread 3 ] DEBUG Engine               - isGameMenuEnabled: true
13:04:37.942 [FXGL Background Thread 3 ] DEBUG Engine               - isIOS: false
13:04:37.942 [FXGL Background Thread 3 ] DEBUG Engine               - isIntroEnabled: false
13:04:37.942 [FXGL Background Thread 3 ] DEBUG Engine               - isLinux: false
13:04:37.942 [FXGL Background Thread 3 ] DEBUG Engine               - isMac: false
13:04:37.942 [FXGL Background Thread 3 ] DEBUG Engine               - isMainMenuEnabled: false
13:04:37.942 [FXGL Background Thread 3 ] DEBUG Engine               - isManualResizeEnabled: false
13:04:37.942 [FXGL Background Thread 3 ] DEBUG Engine               - isMobile: false
13:04:37.942 [FXGL Background Thread 3 ] DEBUG Engine               - isNative: false
13:04:37.942 [FXGL Background Thread 3 ] DEBUG Engine               - isPauseMusicWhenMinimized: true
13:04:37.942 [FXGL Background Thread 3 ] DEBUG Engine               - isPreserveResizeRatio: false
13:04:37.942 [FXGL Background Thread 3 ] DEBUG Engine               - isProfilingEnabled: false
13:04:37.942 [FXGL Background Thread 3 ] DEBUG Engine               - isScaleAffectedOnResize: true
13:04:37.942 [FXGL Background Thread 3 ] DEBUG Engine               - isSingleStep: false
13:04:37.942 [FXGL Background Thread 3 ] DEBUG Engine               - isUserProfileEnabled: false
13:04:37.942 [FXGL Background Thread 3 ] DEBUG Engine               - isWindows: true
13:04:37.942 [FXGL Background Thread 3 ] DEBUG Engine               - language: ObjectProperty [value: ENGLISH]
13:04:37.942 [FXGL Background Thread 3 ] DEBUG Engine               - menuKey: ESCAPE
13:04:37.943 [FXGL Background Thread 3 ] DEBUG Engine               - mouseSensitivity: 0.2
13:04:37.943 [FXGL Background Thread 3 ] DEBUG Engine               - notificationViewClass: class com.almasb.fxgl.notification.view.XboxNotificationView
13:04:37.943 [FXGL Background Thread 3 ] DEBUG Engine               - pixelsPerMeter: 50.0
13:04:37.943 [FXGL Background Thread 3 ] DEBUG Engine               - platform: WINDOWS
13:04:37.943 [FXGL Background Thread 3 ] DEBUG Engine               - prefHeightProperty: ReadOnlyDoubleProperty [value: 640.0]
13:04:37.943 [FXGL Background Thread 3 ] DEBUG Engine               - prefWidthProperty: ReadOnlyDoubleProperty [value: 960.0]
13:04:37.943 [FXGL Background Thread 3 ] DEBUG Engine               - profileDir: profiles/
13:04:37.943 [FXGL Background Thread 3 ] DEBUG Engine               - profileName: StringProperty [value: DEFAULT]
13:04:37.943 [FXGL Background Thread 3 ] DEBUG Engine               - randomSeed: -1
13:04:37.944 [FXGL Background Thread 3 ] DEBUG Engine               - runtimeInfo: RuntimeInfo(platform=WINDOWS, version=17.1, build=24.03.2022 17.34)
13:04:37.944 [FXGL Background Thread 3 ] DEBUG Engine               - saveFileExt: sav
13:04:37.945 [FXGL Background Thread 3 ] DEBUG Engine               - scaledHeightProp$fxgl: DoubleProperty [bound, value: 640.0]
13:04:37.945 [FXGL Background Thread 3 ] DEBUG Engine               - scaledWidthProp$fxgl: DoubleProperty [bound, value: 960.0]
13:04:37.945 [FXGL Background Thread 3 ] DEBUG Engine               - sceneFactory: com.almasb.fxgl.app.scene.SceneFactory@7f902970
13:04:37.945 [FXGL Background Thread 3 ] DEBUG Engine               - secondsIn24h: 60
13:04:37.945 [FXGL Background Thread 3 ] DEBUG Engine               - soundMenuBack: menu/back.wav
13:04:37.945 [FXGL Background Thread 3 ] DEBUG Engine               - soundMenuPress: menu/press.wav
13:04:37.945 [FXGL Background Thread 3 ] DEBUG Engine               - soundMenuSelect: menu/select.wav
13:04:37.945 [FXGL Background Thread 3 ] DEBUG Engine               - soundNotification: core/notification.wav
13:04:37.945 [FXGL Background Thread 3 ] DEBUG Engine               - stageStyle: DECORATED
13:04:37.945 [FXGL Background Thread 3 ] DEBUG Engine               - supportedLanguages: [ENGLISH, FRENCH, GERMAN, HUNGARIAN, RUSSIAN]
13:04:37.945 [FXGL Background Thread 3 ] DEBUG Engine               - ticksPerSecond: -1
13:04:37.945 [FXGL Background Thread 3 ] DEBUG Engine               - title: Kings and Pigs
13:04:37.945 [FXGL Background Thread 3 ] DEBUG Engine               - urlGithub: https://github.com/AlmasB/FXGL
13:04:37.945 [FXGL Background Thread 3 ] DEBUG Engine               - urlLeaderboard: http://fxgl-top.herokuapp.com/
13:04:37.945 [FXGL Background Thread 3 ] DEBUG Engine               - urlPOM: https://raw.githubusercontent.com/AlmasB/FXGL/release/README.md
13:04:37.945 [FXGL Background Thread 3 ] DEBUG Engine               - userAppClass: class com.example.App
13:04:37.945 [FXGL Background Thread 3 ] DEBUG Engine               - version: 0.1
13:04:37.945 [FXGL Background Thread 3 ] DEBUG Engine               - versionCheckDays: 7
13:04:37.945 [FXGL Background Thread 3 ] DEBUG Engine               - width: 960
13:04:37.945 [FXGL Background Thread 3 ] DEBUG Engine               - Logging services
13:04:37.945 [FXGL Background Thread 3 ] DEBUG Engine               - class com.almasb.fxgl.app.services.FXGLAssetLoaderService
13:04:37.945 [FXGL Background Thread 3 ] DEBUG Engine               - class com.almasb.fxgl.app.FXGLApplication$GameApplicationService
13:04:37.946 [FXGL Background Thread 3 ] DEBUG Engine               - class com.almasb.fxgl.app.services.FXGLDialogService
13:04:37.946 [FXGL Background Thread 3 ] DEBUG Engine               - class com.almasb.fxgl.app.services.IOTaskExecutorService
13:04:37.946 [FXGL Background Thread 3 ] DEBUG Engine               - class com.almasb.fxgl.io.FileSystemService
13:04:37.946 [FXGL Background Thread 3 ] DEBUG Engine               - class com.almasb.fxgl.localization.LocalizationService
13:04:37.946 [FXGL Background Thread 3 ] DEBUG Engine               - class com.almasb.fxgl.app.services.SystemBundleService
13:04:37.946 [FXGL Background Thread 3 ] DEBUG Engine               - class com.almasb.fxgl.profile.SaveLoadService
13:04:37.946 [FXGL Background Thread 3 ] DEBUG Engine               - class com.almasb.fxgl.ui.FXGLUIFactoryServiceProvider
13:04:37.946 [FXGL Background Thread 3 ] DEBUG Engine               - class com.almasb.fxgl.ui.FXGLDialogFactoryServiceProvider
13:04:37.946 [FXGL Background Thread 3 ] DEBUG Engine               - class com.almasb.fxgl.audio.AudioPlayer
13:04:37.946 [FXGL Background Thread 3 ] DEBUG Engine               - class com.almasb.fxgl.notification.impl.NotificationServiceProvider
13:04:37.946 [FXGL Background Thread 3 ] DEBUG Engine               - class com.almasb.fxgl.achievement.AchievementService
13:04:37.946 [FXGL Background Thread 3 ] DEBUG Engine               - class com.almasb.fxgl.cutscene.CutsceneService
13:04:37.946 [FXGL Background Thread 3 ] DEBUG Engine               - class com.almasb.fxgl.minigames.MiniGameService
13:04:37.946 [FXGL Background Thread 3 ] DEBUG Engine               - class com.almasb.fxgl.net.NetService
13:04:37.946 [FXGL Background Thread 3 ] DEBUG Engine               - class com.almasb.fxgl.app.services.UpdaterService
13:04:37.946 [FXGL Background Thread 3 ] DEBUG Engine               - class com.almasb.fxgl.dev.DevService
13:13:33.568 [JavaFX Application Thread] DEBUG FXGLApplication      - Exiting FXGL
13:13:33.568 [JavaFX Application Thread] DEBUG LoopRunner           - Stopping loop
13:13:33.568 [JavaFX Application Thread] DEBUG SystemBundleService  - Saving FXGL system data
13:13:33.570 [JavaFX Application Thread] DEBUG FileSystemAccess     - Writing to: C:\Users\jeffr\Documents\java\demo\system\fxgl.bundle
13:13:33.574 [JavaFX Application Thread] DEBUG Async                - Shutting down background threads
13:13:33.574 [JavaFX Application Thread] DEBUG PrimaryStageWindow   - Closing main window
13:13:33.595 [JavaFX Application Thread] DEBUG Logger               - Closing Logger
