14:40:57.069 [main                     ] DEBUG Logger               - Configured Logger
14:40:57.187 [main                     ] DEBUG GameApplication      - Logging settings
Title: Kings and Pigs
Version: 0.1
Width: 960
Height: 640
Fullscreen: false
Intro: false
Profiling: false
Single step:false
App Mode: DEVELOPER
Menu Key: ESCAPE
Stage Style: DECORATED
Scene Factory: class com.almasb.fxgl.app.scene.SceneFactory

14:40:58.619 [JavaFX Application Thread] DEBUG FXGLApplication      - Initializing FXGL
14:40:58.640 [JavaFX Application Thread] INFO  Engine               - FXGL-17.1 (24.03.2022 17.34) on WINDOWS (J:18 FX:18)
14:40:58.642 [JavaFX Application Thread] DEBUG Engine               - JRE Vendor Name: Oracle Corporation
14:40:58.643 [JavaFX Application Thread] DEBUG Engine               - Running on OS: Windows 11 version 10.0
14:40:58.644 [JavaFX Application Thread] DEBUG Engine               - Architecture: amd64
14:40:58.644 [JavaFX Application Thread] INFO  Engine               - Source code and latest versions at: https://github.com/AlmasB/FXGL
14:40:58.646 [JavaFX Application Thread] INFO  Engine               -       Ask questions and discuss at: https://github.com/AlmasB/FXGL/discussions
14:40:58.647 [JavaFX Application Thread] INFO  Engine               -              Join the FXGL chat at: https://gitter.im/AlmasB/FXGL
14:40:59.085 [JavaFX Application Thread] DEBUG PrimaryStageWindow   - Creating a JavaFX scene
14:40:59.264 [JavaFX Application Thread] DEBUG PrimaryStageWindow   - Target settings size: 960.0 x 640.0
14:40:59.266 [JavaFX Application Thread] DEBUG PrimaryStageWindow   - Scaled scene size:    960.0 x 640.0
14:40:59.267 [JavaFX Application Thread] DEBUG PrimaryStageWindow   - Scaled ratio: (1.0, 1.0)
14:40:59.271 [JavaFX Application Thread] DEBUG PrimaryStageWindow   - Set initial scene to FXGLStartupScene
14:40:59.302 [JavaFX Application Thread] DEBUG PrimaryStageWindow   - Opening main window
14:40:59.650 [JavaFX Application Thread] DEBUG PrimaryStageWindow   - Window border size: (12.79998779296875, 35.20001220703125)
14:40:59.651 [JavaFX Application Thread] DEBUG PrimaryStageWindow   - Scaled size: 960.0 x 640.0
14:40:59.653 [JavaFX Application Thread] DEBUG PrimaryStageWindow   - Scaled ratio: (1.0, 1.0)
14:40:59.654 [JavaFX Application Thread] DEBUG PrimaryStageWindow   - Scene size: 960.0 x 640.0
14:40:59.655 [JavaFX Application Thread] DEBUG PrimaryStageWindow   - Stage size: 972.7999877929688 x 675.2000122070312
14:40:59.683 [FXGL Background Thread 1 ] DEBUG Engine               - Initializing environment variables
14:40:59.933 [FXGL Background Thread 1 ] DEBUG FXGLAssetLoaderServi - User app class for loading assets: class com.example.App
14:40:59.934 [FXGL Background Thread 1 ] DEBUG GameApplicationServi - Applying CSS: fxgl_dark.css
14:40:59.938 [FXGL Background Thread 1 ] DEBUG FXGLAssetLoaderServi - Loading from file system: jar:file:/C:/Users/jeffr/.m2/repository/com/github/almasb/fxgl/17.1/fxgl-17.1.jar!/fxglassets/ui/css/fxgl_dark.css
14:41:00.114 [FXGL Background Thread 1 ] DEBUG GameApplicationServi - Initializing application scenes
14:41:00.289 [FXGL Background Thread 1 ] DEBUG GameWorld            - Game world initialized
14:41:00.522 [FXGL Background Thread 1 ] DEBUG PhysicsWorld         - Physics world initialized: appHeight=640, physics.ppm=50.0
14:41:00.523 [FXGL Background Thread 1 ] DEBUG PhysicsWorld         - Using strategy: BRUTE_FORCE
14:41:00.538 [FXGL Background Thread 1 ] DEBUG GameScene            - Game scene initialized: 960x640
14:41:00.585 [FXGL Background Thread 1 ] DEBUG FXGL.DefaultMenu     - createMenuBodyGameMenu()
14:41:00.642 [FXGL Background Thread 1 ] DEBUG FXGL.DefaultMenu     - createOptionsMenu()
14:41:00.692 [FXGL Background Thread 1 ] DEBUG FXGLAssetLoaderServi - Loading from file system: jar:file:/C:/Users/jeffr/.m2/repository/com/github/almasb/fxgl/17.1/fxgl-17.1.jar!/fxglassets/textures/particles/smoke.png
14:41:01.130 [FXGL Background Thread 1 ] DEBUG FXGLAssetLoaderServi - Loading from file system: jar:file:/C:/Users/jeffr/.m2/repository/com/github/almasb/fxgl/17.1/fxgl-17.1.jar!/fxglassets/textures/particles/trace_horizontal.png
14:41:01.261 [FXGL Background Thread 1 ] DEBUG GameApplicationServi - Application scenes initialized
14:41:01.314 [FXGL Background Thread 1 ] DEBUG SystemBundleService  - Loading FXGL system data
14:41:01.337 [FXGL Background Thread 1 ] DEBUG FileSystemAccess     - Reading from: C:\Users\jeffr\Documents\java\demo\system\fxgl.bundle
14:41:01.365 [FXGL Background Thread 1 ] DEBUG SystemBundleService  - Bundle FXGL: {}
14:41:01.366 [FXGL Background Thread 1 ] DEBUG UpdaterService       - Checking for updates
14:41:01.379 [FXGL Background Thread 4 ] DEBUG FXGLApplication      - Loading fonts
14:41:01.380 [FXGL Background Thread 4 ] DEBUG FXGLAssetLoaderServi - Loading from file system: jar:file:/C:/Users/jeffr/.m2/repository/com/github/almasb/fxgl/17.1/fxgl-17.1.jar!/fxglassets/ui/fonts/VarelaRound-Regular.ttf
14:41:01.381 [FXGL Background Thread 1 ] DEBUG FXGLApplication      - Loading default localization
14:41:01.389 [FXGL Background Thread 1 ] DEBUG FXGLAssetLoaderServi - Loading from file system: jar:file:/C:/Users/jeffr/.m2/repository/com/github/almasb/fxgl/17.1/fxgl-17.1.jar!/fxglassets/languages/english.lang
14:41:01.552 [FXGL Background Thread 1 ] INFO  FXGLApplication      - FXGL initialization took: 1.869 sec
14:41:01.606 [FXGL Background Thread 4 ] DEBUG FXGLAssetLoaderServi - Loading from file system: jar:file:/C:/Users/jeffr/.m2/repository/com/github/almasb/fxgl/17.1/fxgl-17.1.jar!/fxglassets/ui/fonts/Abel-Regular.ttf
14:41:01.620 [FXGL Background Thread 4 ] DEBUG FXGLAssetLoaderServi - Loading from file system: jar:file:/C:/Users/jeffr/.m2/repository/com/github/almasb/fxgl/17.1/fxgl-17.1.jar!/fxglassets/ui/fonts/TerminalLandMono-Regular.otf
14:41:01.633 [FXGL Background Thread 4 ] DEBUG FXGLAssetLoaderServi - Loading from file system: jar:file:/C:/Users/jeffr/.m2/repository/com/github/almasb/fxgl/17.1/fxgl-17.1.jar!/fxglassets/ui/fonts/Courier-Prime.ttf
14:41:01.634 [JavaFX Application Thread] DEBUG Input                - Registered new binding: Left - A
14:41:01.636 [JavaFX Application Thread] DEBUG Input                - Registered new binding: Right - D
14:41:01.637 [JavaFX Application Thread] DEBUG Input                - Registered new binding: Jump - W
14:41:01.639 [JavaFX Application Thread] DEBUG Input                - Registered new binding: enter - E
14:41:01.641 [JavaFX Application Thread] DEBUG FXGLAssetLoaderServi - Loading from file system: jar:file:/C:/Users/jeffr/.m2/repository/com/github/almasb/fxgl/17.1/fxgl-17.1.jar!/fxglassets/textures/fxgl_icon.png
14:41:01.706 [JavaFX Application Thread] DEBUG FXGLAssetLoaderServi - Loading from file system: jar:file:/C:/Users/jeffr/.m2/repository/com/github/almasb/fxgl/17.1/fxgl-17.1.jar!/fxglassets/textures/fxgl_default_cursor.png
14:41:01.716 [JavaFX Application Thread] DEBUG Input                - Registered new binding: Screenshot - CTRL+8
14:41:01.718 [JavaFX Application Thread] DEBUG Input                - Registered new binding: System info dump - CTRL+9
14:41:01.720 [JavaFX Application Thread] DEBUG Input                - Registered new binding: Restart - CTRL+R
14:41:01.724 [JavaFX Application Thread] DEBUG Input                - Registered new binding: Toggle Debug Camera - CTRL+7
14:41:01.736 [JavaFX Application Thread] DEBUG LoopRunner           - Starting loop
14:41:01.736 [JavaFX Application Thread] DEBUG LoopRunner           - Initializing JavaFX AnimationTimerLoop
14:41:01.742 [JavaFX Application Thread] DEBUG GameApplicationServi - Starting new game
14:41:01.744 [JavaFX Application Thread] DEBUG Input                - Clearing active input actions
14:41:01.801 [JavaFX Application Thread] DEBUG GameApplicationServi - Removing overlay from FXGLStartupScene and adding to FXGLLoadingScene
14:41:01.803 [JavaFX Application Thread] DEBUG PrimaryStageWindow   - FXGLStartupScene -> FXGLLoadingScene
14:41:01.803 [JavaFX Application Thread] DEBUG GameApplicationServi - Clearing previous game
14:41:01.804 [JavaFX Application Thread] DEBUG GameScene            - Clearing game scene
14:41:01.804 [JavaFX Application Thread] DEBUG GameWorld            - Clearing game world
14:41:01.804 [JavaFX Application Thread] DEBUG PhysicsWorld         - Clearing physics world
14:41:01.815 [FXGL Background Thread 4 ] DEBUG FXGLApplication      - Initializing game
14:41:01.816 [JavaFX Application Thread] DEBUG FXGLApplication      - Registering font factories with UI factory
14:41:02.099 [FXGL Background Thread 4 ] WARN  TMXLevelLoader       - TiledMap generated from 1.8.4. Supported version: 1.4.2. Some features may not be parsed fully.
14:41:02.171 [FXGL Background Thread 4 ] DEBUG TMXLevelLoader       - Parsed TiledMap: file:/C:/Users/jeffr/Documents/java/demo/target/classes/assets/levels/terrain.tmx
14:41:02.178 [FXGL Background Thread 4 ] DEBUG TMXLevelLoader       - Creating tile layer entities
14:41:02.185 [FXGL Background Thread 4 ] DEBUG TilesetLoader        - Loading view for layer Tile Layer 1
14:41:02.191 [FXGL Background Thread 4 ] DEBUG TilesetLoader        - Created buffer with size 960.0x640.0
14:41:02.283 [FXGL Background Thread 4 ] DEBUG TilesetLoader        - Loading view for layer decorations
14:41:02.288 [FXGL Background Thread 4 ] DEBUG TilesetLoader        - Created buffer with size 960.0x640.0
14:41:02.298 [FXGL Background Thread 4 ] DEBUG TMXLevelLoader       - Creating object layer entities
14:41:02.395 [FXGL Background Thread 4 ] WARN  TMXLevelLoader       - Parse error
java.lang.IllegalArgumentException: No EntityFactory has a method annotated @Spawns()
	at com.almasb.fxgl.entity.GameWorld.create(GameWorld.kt:413)
	at com.almasb.fxgl.entity.level.tiled.TMXLevelLoader.createObjectLayerEntities(TMXLevelLoader.kt:154)
	at com.almasb.fxgl.entity.level.tiled.TMXLevelLoader.load(TMXLevelLoader.kt:60)
	at com.almasb.fxgl.app.services.FXGLAssetLoaderService.loadLevel(FXGLAssetLoaderService.kt:446)
	at com.almasb.fxgl.dsl.FXGL$Companion.setLevelFromMap(FXGL.kt:634)
	at com.almasb.fxgl.dsl.FXGL.setLevelFromMap(FXGL.kt)
	at com.example.App.initGame(App.java:99)
	at com.almasb.fxgl.app.FXGLApplication$InitAppTask.initGame(FXGLApplication.kt:339)
	at com.almasb.fxgl.app.FXGLApplication$InitAppTask.call(FXGLApplication.kt:319)
	at com.almasb.fxgl.app.FXGLApplication$InitAppTask.call(FXGLApplication.kt:311)
	at javafx.concurrent.Task$TaskCallable.call(Task.java:1426)
	at java.base/java.util.concurrent.FutureTask.run(FutureTask.java:264)
	at java.base/java.util.concurrent.Executors$RunnableAdapter.call(Executors.java:539)
	at java.base/java.util.concurrent.FutureTask.run(FutureTask.java:264)
	at java.base/java.util.concurrent.ThreadPoolExecutor.runWorker(ThreadPoolExecutor.java:1136)
	at java.base/java.util.concurrent.ThreadPoolExecutor$Worker.run(ThreadPoolExecutor.java:635)
	at java.base/java.lang.Thread.run(Thread.java:833)

14:41:02.570 [JavaFX Application Thread] DEBUG LoopRunner           - Stopping loop
14:41:02.574 [JavaFX Application Thread] FATAL FXGLApplication      - Uncaught Exception:
java.lang.RuntimeException: Initialization failed
	at com.almasb.fxgl.app.FXGLApplication$InitAppTask.failed(FXGLApplication.kt:343)
	at javafx.concurrent.Task.setState(Task.java:710)
	at javafx.concurrent.Task$TaskCallable.lambda$call$2(Task.java:1456)
	at com.sun.javafx.application.PlatformImpl.lambda$runLater$10(PlatformImpl.java:457)
	at java.base/java.security.AccessController.doPrivileged(AccessController.java:399)
	at com.sun.javafx.application.PlatformImpl.lambda$runLater$11(PlatformImpl.java:456)
	at com.sun.glass.ui.InvokeLaterDispatcher$Future.run(InvokeLaterDispatcher.java:96)
	at com.sun.glass.ui.win.WinApplication._runLoop(Native Method)
	at com.sun.glass.ui.win.WinApplication.lambda$runLoop$3(WinApplication.java:184)
	at java.base/java.lang.Thread.run(Thread.java:833)
Caused by: com.almasb.fxgl.entity.level.LevelLoadingException: No EntityFactory has a method annotated @Spawns()
	at com.almasb.fxgl.entity.level.tiled.TMXLevelLoader.load(TMXLevelLoader.kt:78)
	at com.almasb.fxgl.app.services.FXGLAssetLoaderService.loadLevel(FXGLAssetLoaderService.kt:446)
	at com.almasb.fxgl.dsl.FXGL$Companion.setLevelFromMap(FXGL.kt:634)
	at com.almasb.fxgl.dsl.FXGL.setLevelFromMap(FXGL.kt)
	at com.example.App.initGame(App.java:99)
	at com.almasb.fxgl.app.FXGLApplication$InitAppTask.initGame(FXGLApplication.kt:339)
	at com.almasb.fxgl.app.FXGLApplication$InitAppTask.call(FXGLApplication.kt:319)
	at com.almasb.fxgl.app.FXGLApplication$InitAppTask.call(FXGLApplication.kt:311)
	at javafx.concurrent.Task$TaskCallable.call(Task.java:1426)
	at java.base/java.util.concurrent.FutureTask.run(FutureTask.java:264)
	at java.base/java.util.concurrent.Executors$RunnableAdapter.call(Executors.java:539)
	at java.base/java.util.concurrent.FutureTask.run(FutureTask.java:264)
	at java.base/java.util.concurrent.ThreadPoolExecutor.runWorker(ThreadPoolExecutor.java:1136)
	at java.base/java.util.concurrent.ThreadPoolExecutor$Worker.run(ThreadPoolExecutor.java:635)
	... 1 more
Caused by: java.lang.IllegalArgumentException: No EntityFactory has a method annotated @Spawns()
	at com.almasb.fxgl.entity.GameWorld.create(GameWorld.kt:413)
	at com.almasb.fxgl.entity.level.tiled.TMXLevelLoader.createObjectLayerEntities(TMXLevelLoader.kt:154)
	at com.almasb.fxgl.entity.level.tiled.TMXLevelLoader.load(TMXLevelLoader.kt:60)
	... 14 more

14:41:02.593 [JavaFX Application Thread] FATAL FXGLApplication      - Application will now exit
14:41:02.692 [JavaFX Application Thread] DEBUG PrimaryStageWindow   - Push state: ErrorSubScene
14:41:02.693 [JavaFX Application Thread] DEBUG Input                - Clearing active input actions
14:41:02.741 [JavaFX Application Thread] DEBUG GameApplicationServi - Removing overlay from FXGLLoadingScene and adding to ErrorSubScene
14:41:02.742 [JavaFX Application Thread] DEBUG PrimaryStageWindow   - FXGLLoadingScene -> ErrorSubScene
14:41:04.375 [FXGL Background Thread 3 ] DEBUG Engine               - Logging environment variables
14:41:04.377 [FXGL Background Thread 3 ] DEBUG Engine               - achievements: []
14:41:04.378 [FXGL Background Thread 3 ] DEBUG Engine               - actualHeight: 640.0
14:41:04.378 [FXGL Background Thread 3 ] DEBUG Engine               - actualHeightProperty: ReadOnlyDoubleProperty [value: 640.0]
14:41:04.378 [FXGL Background Thread 3 ] DEBUG Engine               - actualWidth: 960.0
14:41:04.379 [FXGL Background Thread 3 ] DEBUG Engine               - actualWidthProperty: ReadOnlyDoubleProperty [value: 960.0]
14:41:04.379 [FXGL Background Thread 3 ] DEBUG Engine               - appIcon: fxgl_icon.png
14:41:04.379 [FXGL Background Thread 3 ] DEBUG Engine               - applicationMode: DEVELOPER
14:41:04.380 [FXGL Background Thread 3 ] DEBUG Engine               - cSSList: [fxgl_dark.css]
14:41:04.380 [FXGL Background Thread 3 ] DEBUG Engine               - collisionDetectionStrategy: BRUTE_FORCE
14:41:04.380 [FXGL Background Thread 3 ] DEBUG Engine               - configClass: Optional.empty
14:41:04.380 [FXGL Background Thread 3 ] DEBUG Engine               - credits: []
14:41:04.381 [FXGL Background Thread 3 ] DEBUG Engine               - defaultCursor: CursorInfo(imageName=fxgl_default_cursor.png, hotspotX=7.0, hotspotY=6.0)
14:41:04.383 [FXGL Background Thread 3 ] DEBUG Engine               - devBBoxColorProperty: ObjectProperty [value: 0xff0000ff]
14:41:04.383 [FXGL Background Thread 3 ] DEBUG Engine               - devEnableDebugCameraProperty: BooleanProperty [value: false]
14:41:04.383 [FXGL Background Thread 3 ] DEBUG Engine               - devSensorColorProperty: ObjectProperty [value: 0xffff00ff]
14:41:04.384 [FXGL Background Thread 3 ] DEBUG Engine               - devShowBBoxProperty: BooleanProperty [value: false]
14:41:04.384 [FXGL Background Thread 3 ] DEBUG Engine               - devShowPositionProperty: BooleanProperty [value: false]
14:41:04.384 [FXGL Background Thread 3 ] DEBUG Engine               - enabledMenuItems: []
14:41:04.384 [FXGL Background Thread 3 ] DEBUG Engine               - engineServices: [class com.almasb.fxgl.app.services.FXGLAssetLoaderService, class com.almasb.fxgl.app.FXGLApplication$GameApplicationService, class com.almasb.fxgl.app.services.FXGLDialogService, class com.almasb.fxgl.app.services.IOTaskExecutorService, class com.almasb.fxgl.io.FileSystemService, class com.almasb.fxgl.localization.LocalizationService, class com.almasb.fxgl.app.services.SystemBundleService, class com.almasb.fxgl.profile.SaveLoadService, class com.almasb.fxgl.ui.FXGLUIFactoryServiceProvider, class com.almasb.fxgl.ui.FXGLDialogFactoryServiceProvider, class com.almasb.fxgl.audio.AudioPlayer, class com.almasb.fxgl.notification.impl.NotificationServiceProvider, class com.almasb.fxgl.achievement.AchievementService, class com.almasb.fxgl.cutscene.CutsceneService, class com.almasb.fxgl.minigames.MiniGameService, class com.almasb.fxgl.net.NetService, class com.almasb.fxgl.app.services.UpdaterService, class com.almasb.fxgl.dev.DevService]
14:41:04.384 [FXGL Background Thread 3 ] DEBUG Engine               - fontGame: Abel-Regular.ttf
14:41:04.385 [FXGL Background Thread 3 ] DEBUG Engine               - fontMono: TerminalLandMono-Regular.otf
14:41:04.385 [FXGL Background Thread 3 ] DEBUG Engine               - fontText: Courier-Prime.ttf
14:41:04.385 [FXGL Background Thread 3 ] DEBUG Engine               - fontUI: VarelaRound-Regular.ttf
14:41:04.385 [FXGL Background Thread 3 ] DEBUG Engine               - fullScreen: BooleanProperty [value: false]
14:41:04.385 [FXGL Background Thread 3 ] DEBUG Engine               - gameDifficulty: MEDIUM
14:41:04.386 [FXGL Background Thread 3 ] DEBUG Engine               - gameDifficultyProperty: ObjectProperty [value: MEDIUM]
14:41:04.386 [FXGL Background Thread 3 ] DEBUG Engine               - globalMusicVolume: 0.5
14:41:04.386 [FXGL Background Thread 3 ] DEBUG Engine               - globalMusicVolumeProperty: DoubleProperty [value: 0.5]
14:41:04.387 [FXGL Background Thread 3 ] DEBUG Engine               - globalSoundVolume: 0.5
14:41:04.387 [FXGL Background Thread 3 ] DEBUG Engine               - globalSoundVolumeProperty: DoubleProperty [value: 0.5]
14:41:04.387 [FXGL Background Thread 3 ] DEBUG Engine               - height: 640
14:41:04.387 [FXGL Background Thread 3 ] DEBUG Engine               - is3D: false
14:41:04.388 [FXGL Background Thread 3 ] DEBUG Engine               - isAndroid: false
14:41:04.388 [FXGL Background Thread 3 ] DEBUG Engine               - isBrowser: false
14:41:04.388 [FXGL Background Thread 3 ] DEBUG Engine               - isClickFeedbackEnabled: false
14:41:04.388 [FXGL Background Thread 3 ] DEBUG Engine               - isCloseConfirmation: false
14:41:04.388 [FXGL Background Thread 3 ] DEBUG Engine               - isDesktop: true
14:41:04.389 [FXGL Background Thread 3 ] DEBUG Engine               - isDeveloperMenuEnabled: false
14:41:04.389 [FXGL Background Thread 3 ] DEBUG Engine               - isEmbedded: false
14:41:04.389 [FXGL Background Thread 3 ] DEBUG Engine               - isEntityPreloadEnabled: true
14:41:04.390 [FXGL Background Thread 3 ] DEBUG Engine               - isExperimentalTiledLargeMap: false
14:41:04.390 [FXGL Background Thread 3 ] DEBUG Engine               - isFileSystemWriteAllowed: true
14:41:04.391 [FXGL Background Thread 3 ] DEBUG Engine               - isFullScreenAllowed: false
14:41:04.391 [FXGL Background Thread 3 ] DEBUG Engine               - isFullScreenFromStart: false
14:41:04.391 [FXGL Background Thread 3 ] DEBUG Engine               - isGameMenuEnabled: true
14:41:04.391 [FXGL Background Thread 3 ] DEBUG Engine               - isIOS: false
14:41:04.391 [FXGL Background Thread 3 ] DEBUG Engine               - isIntroEnabled: false
14:41:04.392 [FXGL Background Thread 3 ] DEBUG Engine               - isLinux: false
14:41:04.392 [FXGL Background Thread 3 ] DEBUG Engine               - isMac: false
14:41:04.392 [FXGL Background Thread 3 ] DEBUG Engine               - isMainMenuEnabled: false
14:41:04.392 [FXGL Background Thread 3 ] DEBUG Engine               - isManualResizeEnabled: false
14:41:04.392 [FXGL Background Thread 3 ] DEBUG Engine               - isMobile: false
14:41:04.393 [FXGL Background Thread 3 ] DEBUG Engine               - isNative: false
14:41:04.393 [FXGL Background Thread 3 ] DEBUG Engine               - isPauseMusicWhenMinimized: true
14:41:04.393 [FXGL Background Thread 3 ] DEBUG Engine               - isPreserveResizeRatio: false
14:41:04.393 [FXGL Background Thread 3 ] DEBUG Engine               - isProfilingEnabled: false
14:41:04.393 [FXGL Background Thread 3 ] DEBUG Engine               - isScaleAffectedOnResize: true
14:41:04.393 [FXGL Background Thread 3 ] DEBUG Engine               - isSingleStep: false
14:41:04.394 [FXGL Background Thread 3 ] DEBUG Engine               - isUserProfileEnabled: false
14:41:04.394 [FXGL Background Thread 3 ] DEBUG Engine               - isWindows: true
14:41:04.394 [FXGL Background Thread 3 ] DEBUG Engine               - language: ObjectProperty [value: ENGLISH]
14:41:04.394 [FXGL Background Thread 3 ] DEBUG Engine               - menuKey: ESCAPE
14:41:04.394 [FXGL Background Thread 3 ] DEBUG Engine               - mouseSensitivity: 0.2
14:41:04.394 [FXGL Background Thread 3 ] DEBUG Engine               - notificationViewClass: class com.almasb.fxgl.notification.view.XboxNotificationView
14:41:04.395 [FXGL Background Thread 3 ] DEBUG Engine               - pixelsPerMeter: 50.0
14:41:04.395 [FXGL Background Thread 3 ] DEBUG Engine               - platform: WINDOWS
14:41:04.395 [FXGL Background Thread 3 ] DEBUG Engine               - prefHeightProperty: ReadOnlyDoubleProperty [value: 640.0]
14:41:04.395 [FXGL Background Thread 3 ] DEBUG Engine               - prefWidthProperty: ReadOnlyDoubleProperty [value: 960.0]
14:41:04.395 [FXGL Background Thread 3 ] DEBUG Engine               - profileDir: profiles/
14:41:04.396 [FXGL Background Thread 3 ] DEBUG Engine               - profileName: StringProperty [value: DEFAULT]
14:41:04.396 [FXGL Background Thread 3 ] DEBUG Engine               - randomSeed: -1
14:41:04.398 [FXGL Background Thread 3 ] DEBUG Engine               - runtimeInfo: RuntimeInfo(platform=WINDOWS, version=17.1, build=24.03.2022 17.34)
14:41:04.398 [FXGL Background Thread 3 ] DEBUG Engine               - saveFileExt: sav
14:41:04.398 [FXGL Background Thread 3 ] DEBUG Engine               - scaledHeightProp$fxgl: DoubleProperty [bound, value: 640.0]
14:41:04.399 [FXGL Background Thread 3 ] DEBUG Engine               - scaledWidthProp$fxgl: DoubleProperty [bound, value: 960.0]
14:41:04.399 [FXGL Background Thread 3 ] DEBUG Engine               - sceneFactory: com.almasb.fxgl.app.scene.SceneFactory@e179824
14:41:04.399 [FXGL Background Thread 3 ] DEBUG Engine               - secondsIn24h: 60
14:41:04.399 [FXGL Background Thread 3 ] DEBUG Engine               - soundMenuBack: menu/back.wav
14:41:04.399 [FXGL Background Thread 3 ] DEBUG Engine               - soundMenuPress: menu/press.wav
14:41:04.400 [FXGL Background Thread 3 ] DEBUG Engine               - soundMenuSelect: menu/select.wav
14:41:04.400 [FXGL Background Thread 3 ] DEBUG Engine               - soundNotification: core/notification.wav
14:41:04.400 [FXGL Background Thread 3 ] DEBUG Engine               - stageStyle: DECORATED
14:41:04.400 [FXGL Background Thread 3 ] DEBUG Engine               - supportedLanguages: [ENGLISH, FRENCH, GERMAN, HUNGARIAN, RUSSIAN]
14:41:04.400 [FXGL Background Thread 3 ] DEBUG Engine               - ticksPerSecond: -1
14:41:04.400 [FXGL Background Thread 3 ] DEBUG Engine               - title: Kings and Pigs
14:41:04.400 [FXGL Background Thread 3 ] DEBUG Engine               - urlGithub: https://github.com/AlmasB/FXGL
14:41:04.400 [FXGL Background Thread 3 ] DEBUG Engine               - urlLeaderboard: http://fxgl-top.herokuapp.com/
14:41:04.401 [FXGL Background Thread 3 ] DEBUG Engine               - urlPOM: https://raw.githubusercontent.com/AlmasB/FXGL/release/README.md
14:41:04.401 [FXGL Background Thread 3 ] DEBUG Engine               - userAppClass: class com.example.App
14:41:04.401 [FXGL Background Thread 3 ] DEBUG Engine               - version: 0.1
14:41:04.401 [FXGL Background Thread 3 ] DEBUG Engine               - versionCheckDays: 7
14:41:04.401 [FXGL Background Thread 3 ] DEBUG Engine               - width: 960
14:41:04.401 [FXGL Background Thread 3 ] DEBUG Engine               - Logging services
14:41:04.401 [FXGL Background Thread 3 ] DEBUG Engine               - class com.almasb.fxgl.app.services.FXGLAssetLoaderService
14:41:04.402 [FXGL Background Thread 3 ] DEBUG Engine               - class com.almasb.fxgl.app.FXGLApplication$GameApplicationService
14:41:04.402 [FXGL Background Thread 3 ] DEBUG Engine               - class com.almasb.fxgl.app.services.FXGLDialogService
14:41:04.402 [FXGL Background Thread 3 ] DEBUG Engine               - class com.almasb.fxgl.app.services.IOTaskExecutorService
14:41:04.402 [FXGL Background Thread 3 ] DEBUG Engine               - class com.almasb.fxgl.io.FileSystemService
14:41:04.402 [FXGL Background Thread 3 ] DEBUG Engine               - class com.almasb.fxgl.localization.LocalizationService
14:41:04.402 [FXGL Background Thread 3 ] DEBUG Engine               - class com.almasb.fxgl.app.services.SystemBundleService
14:41:04.402 [FXGL Background Thread 3 ] DEBUG Engine               - class com.almasb.fxgl.profile.SaveLoadService
14:41:04.403 [FXGL Background Thread 3 ] DEBUG Engine               - class com.almasb.fxgl.ui.FXGLUIFactoryServiceProvider
14:41:04.403 [FXGL Background Thread 3 ] DEBUG Engine               - class com.almasb.fxgl.ui.FXGLDialogFactoryServiceProvider
14:41:04.403 [FXGL Background Thread 3 ] DEBUG Engine               - class com.almasb.fxgl.audio.AudioPlayer
14:41:04.403 [FXGL Background Thread 3 ] DEBUG Engine               - class com.almasb.fxgl.notification.impl.NotificationServiceProvider
14:41:04.403 [FXGL Background Thread 3 ] DEBUG Engine               - class com.almasb.fxgl.achievement.AchievementService
14:41:04.404 [FXGL Background Thread 3 ] DEBUG Engine               - class com.almasb.fxgl.cutscene.CutsceneService
14:41:04.404 [FXGL Background Thread 3 ] DEBUG Engine               - class com.almasb.fxgl.minigames.MiniGameService
14:41:04.404 [FXGL Background Thread 3 ] DEBUG Engine               - class com.almasb.fxgl.net.NetService
14:41:04.404 [FXGL Background Thread 3 ] DEBUG Engine               - class com.almasb.fxgl.app.services.UpdaterService
14:41:04.404 [FXGL Background Thread 3 ] DEBUG Engine               - class com.almasb.fxgl.dev.DevService
14:41:09.492 [JavaFX Application Thread] DEBUG FXGLApplication      - Exiting FXGL
14:41:09.493 [JavaFX Application Thread] DEBUG Async                - Shutting down background threads
14:41:09.493 [JavaFX Application Thread] DEBUG PrimaryStageWindow   - Closing main window
14:41:09.558 [JavaFX Application Thread] DEBUG Logger               - Closing Logger
