14:50:52.291 [main                     ] DEBUG Logger               - Configured Logger
14:50:52.371 [main                     ] DEBUG GameApplication      - Logging settings
Title: Kings and Pigs
Version: 0.1
Width: 960
Height: 640
Fullscreen: false
Intro: false
Profiling: false
Single step:false
App Mode: DEVELOPER
Menu Key: ESCAPE
Stage Style: DECORATED
Scene Factory: class com.almasb.fxgl.app.scene.SceneFactory

14:50:53.127 [JavaFX Application Thread] DEBUG FXGLApplication      - Initializing FXGL
14:50:53.138 [JavaFX Application Thread] INFO  Engine               - FXGL-17.1 (24.03.2022 17.34) on WINDOWS (J:17.0.1 FX:18)
14:50:53.139 [JavaFX Application Thread] DEBUG Engine               - JRE Vendor Name: Oracle Corporation
14:50:53.140 [JavaFX Application Thread] DEBUG Engine               - Running on OS: Windows 10 version 10.0
14:50:53.140 [JavaFX Application Thread] DEBUG Engine               - Architecture: amd64
14:50:53.140 [JavaFX Application Thread] INFO  Engine               - Source code and latest versions at: https://github.com/AlmasB/FXGL
14:50:53.141 [JavaFX Application Thread] INFO  Engine               -       Ask questions and discuss at: https://github.com/AlmasB/FXGL/discussions
14:50:53.142 [JavaFX Application Thread] INFO  Engine               -              Join the FXGL chat at: https://gitter.im/AlmasB/FXGL
14:50:53.440 [JavaFX Application Thread] DEBUG PrimaryStageWindow   - Creating a JavaFX scene
14:50:53.540 [JavaFX Application Thread] DEBUG PrimaryStageWindow   - Target settings size: 960.0 x 640.0
14:50:53.541 [JavaFX Application Thread] DEBUG PrimaryStageWindow   - Scaled scene size:    960.0 x 640.0
14:50:53.541 [JavaFX Application Thread] DEBUG PrimaryStageWindow   - Scaled ratio: (1.0, 1.0)
14:50:53.543 [JavaFX Application Thread] DEBUG PrimaryStageWindow   - Set initial scene to FXGLStartupScene
14:50:53.560 [JavaFX Application Thread] DEBUG PrimaryStageWindow   - Opening main window
14:50:53.694 [JavaFX Application Thread] DEBUG PrimaryStageWindow   - Window border size: (14.4000244140625, 37.5999755859375)
14:50:53.695 [JavaFX Application Thread] DEBUG PrimaryStageWindow   - Scaled size: 960.0 x 640.0
14:50:53.696 [JavaFX Application Thread] DEBUG PrimaryStageWindow   - Scaled ratio: (1.0, 1.0)
14:50:53.696 [JavaFX Application Thread] DEBUG PrimaryStageWindow   - Scene size: 960.0 x 640.0
14:50:53.697 [JavaFX Application Thread] DEBUG PrimaryStageWindow   - Stage size: 974.4000244140625 x 677.5999755859375
14:50:53.712 [FXGL Background Thread 1 ] DEBUG Engine               - Initializing environment variables
14:50:53.812 [FXGL Background Thread 1 ] DEBUG FXGLAssetLoaderServi - User app class for loading assets: class com.example.App
14:50:53.812 [FXGL Background Thread 1 ] DEBUG GameApplicationServi - Applying CSS: fxgl_dark.css
14:50:53.814 [FXGL Background Thread 1 ] DEBUG FXGLAssetLoaderServi - Loading from file system: jar:file:/C:/Users/Anass/.m2/repository/com/github/almasb/fxgl/17.1/fxgl-17.1.jar!/fxglassets/ui/css/fxgl_dark.css
14:50:53.913 [FXGL Background Thread 1 ] DEBUG GameApplicationServi - Initializing application scenes
14:50:54.002 [FXGL Background Thread 1 ] DEBUG GameWorld            - Game world initialized
14:50:54.133 [FXGL Background Thread 1 ] DEBUG PhysicsWorld         - Physics world initialized: appHeight=640, physics.ppm=50,0
14:50:54.134 [FXGL Background Thread 1 ] DEBUG PhysicsWorld         - Using strategy: BRUTE_FORCE
14:50:54.141 [FXGL Background Thread 1 ] DEBUG GameScene            - Game scene initialized: 960x640
14:50:54.164 [FXGL Background Thread 1 ] DEBUG FXGL.DefaultMenu     - createMenuBodyGameMenu()
14:50:54.203 [FXGL Background Thread 1 ] DEBUG FXGL.DefaultMenu     - createOptionsMenu()
14:50:54.223 [FXGL Background Thread 1 ] DEBUG FXGLAssetLoaderServi - Loading from file system: jar:file:/C:/Users/Anass/.m2/repository/com/github/almasb/fxgl/17.1/fxgl-17.1.jar!/fxglassets/textures/particles/smoke.png
14:50:54.392 [FXGL Background Thread 1 ] DEBUG FXGLAssetLoaderServi - Loading from file system: jar:file:/C:/Users/Anass/.m2/repository/com/github/almasb/fxgl/17.1/fxgl-17.1.jar!/fxglassets/textures/particles/trace_horizontal.png
14:50:54.441 [FXGL Background Thread 1 ] DEBUG GameApplicationServi - Application scenes initialized
14:50:54.465 [FXGL Background Thread 1 ] DEBUG SystemBundleService  - Loading FXGL system data
14:50:54.471 [FXGL Background Thread 1 ] DEBUG FileSystemAccess     - Reading from: C:\Users\Anass\OneDrive - Hogeschool Leiden\hsleiden\ipose\app\demo\system\fxgl.bundle
14:50:54.482 [FXGL Background Thread 1 ] DEBUG SystemBundleService  - Bundle FXGL: {}
14:50:54.482 [FXGL Background Thread 1 ] DEBUG UpdaterService       - Checking for updates
14:50:54.490 [FXGL Background Thread 4 ] DEBUG FXGLApplication      - Loading fonts
14:50:54.491 [FXGL Background Thread 4 ] DEBUG FXGLAssetLoaderServi - Loading from file system: jar:file:/C:/Users/Anass/.m2/repository/com/github/almasb/fxgl/17.1/fxgl-17.1.jar!/fxglassets/ui/fonts/VarelaRound-Regular.ttf
14:50:54.494 [FXGL Background Thread 1 ] DEBUG FXGLApplication      - Loading default localization
14:50:54.495 [FXGL Background Thread 1 ] DEBUG FXGLAssetLoaderServi - Loading from file system: jar:file:/C:/Users/Anass/.m2/repository/com/github/almasb/fxgl/17.1/fxgl-17.1.jar!/fxglassets/languages/english.lang
14:50:54.535 [FXGL Background Thread 1 ] INFO  FXGLApplication      - FXGL initialization took: 0,823 sec
14:50:54.557 [JavaFX Application Thread] DEBUG Input                - Registered new binding: Left - A
14:50:54.557 [JavaFX Application Thread] DEBUG Input                - Registered new binding: Right - D
14:50:54.558 [JavaFX Application Thread] DEBUG Input                - Registered new binding: Jump - W
14:50:54.558 [JavaFX Application Thread] DEBUG Input                - Registered new binding: enter - E
14:50:54.559 [JavaFX Application Thread] DEBUG FXGLAssetLoaderServi - Loading from file system: jar:file:/C:/Users/Anass/.m2/repository/com/github/almasb/fxgl/17.1/fxgl-17.1.jar!/fxglassets/textures/fxgl_icon.png
14:50:54.599 [FXGL Background Thread 4 ] DEBUG FXGLAssetLoaderServi - Loading from file system: jar:file:/C:/Users/Anass/.m2/repository/com/github/almasb/fxgl/17.1/fxgl-17.1.jar!/fxglassets/ui/fonts/Abel-Regular.ttf
14:50:54.605 [JavaFX Application Thread] DEBUG FXGLAssetLoaderServi - Loading from file system: jar:file:/C:/Users/Anass/.m2/repository/com/github/almasb/fxgl/17.1/fxgl-17.1.jar!/fxglassets/textures/fxgl_default_cursor.png
14:50:54.607 [FXGL Background Thread 4 ] DEBUG FXGLAssetLoaderServi - Loading from file system: jar:file:/C:/Users/Anass/.m2/repository/com/github/almasb/fxgl/17.1/fxgl-17.1.jar!/fxglassets/ui/fonts/TerminalLandMono-Regular.otf
14:50:54.609 [JavaFX Application Thread] DEBUG Input                - Registered new binding: Screenshot - CTRL+8
14:50:54.610 [JavaFX Application Thread] DEBUG Input                - Registered new binding: System info dump - CTRL+9
14:50:54.611 [JavaFX Application Thread] DEBUG Input                - Registered new binding: Restart - CTRL+R
14:50:54.613 [JavaFX Application Thread] DEBUG Input                - Registered new binding: Toggle Debug Camera - CTRL+7
14:50:54.613 [FXGL Background Thread 4 ] DEBUG FXGLAssetLoaderServi - Loading from file system: jar:file:/C:/Users/Anass/.m2/repository/com/github/almasb/fxgl/17.1/fxgl-17.1.jar!/fxglassets/ui/fonts/Courier-Prime.ttf
14:50:54.619 [JavaFX Application Thread] DEBUG LoopRunner           - Starting loop
14:50:54.619 [JavaFX Application Thread] DEBUG LoopRunner           - Initializing JavaFX AnimationTimerLoop
14:50:54.623 [JavaFX Application Thread] DEBUG GameApplicationServi - Starting new game
14:50:54.623 [JavaFX Application Thread] DEBUG Input                - Clearing active input actions
14:50:54.641 [JavaFX Application Thread] DEBUG GameApplicationServi - Removing overlay from FXGLStartupScene and adding to FXGLLoadingScene
14:50:54.641 [JavaFX Application Thread] DEBUG PrimaryStageWindow   - FXGLStartupScene -> FXGLLoadingScene
14:50:54.642 [JavaFX Application Thread] DEBUG GameApplicationServi - Clearing previous game
14:50:54.642 [JavaFX Application Thread] DEBUG GameScene            - Clearing game scene
14:50:54.642 [JavaFX Application Thread] DEBUG GameWorld            - Clearing game world
14:50:54.642 [JavaFX Application Thread] DEBUG PhysicsWorld         - Clearing physics world
14:50:54.645 [FXGL Background Thread 4 ] DEBUG FXGLApplication      - Initializing game
14:50:54.709 [FXGL Background Thread 4 ] WARN  TMXLevelLoader       - TiledMap generated from 1.8.4. Supported version: 1.4.2. Some features may not be parsed fully.
14:50:54.742 [FXGL Background Thread 4 ] DEBUG TMXLevelLoader       - Parsed TiledMap: file:/C:/Users/Anass/OneDrive%20-%20Hogeschool%20Leiden/hsleiden/ipose/app/demo/target/classes/assets/levels/map2.tmx
14:50:54.744 [FXGL Background Thread 4 ] DEBUG TMXLevelLoader       - Creating tile layer entities
14:50:54.747 [FXGL Background Thread 4 ] DEBUG TilesetLoader        - Loading view for layer Tilelaag 1
14:50:54.750 [FXGL Background Thread 4 ] DEBUG TilesetLoader        - Created buffer with size 960.0x640.0
14:50:54.807 [FXGL Background Thread 4 ] DEBUG TilesetLoader        - Loading view for layer decoration
14:50:54.809 [FXGL Background Thread 4 ] DEBUG TilesetLoader        - Created buffer with size 960.0x640.0
14:50:54.816 [FXGL Background Thread 4 ] DEBUG TMXLevelLoader       - Creating object layer entities
14:50:54.873 [FXGL Background Thread 4 ] DEBUG GameWorld            - Clearing removable entities
14:50:54.874 [FXGL Background Thread 4 ] DEBUG GameWorld            - Setting level: com.almasb.fxgl.entity.level.Level@514f87b3
14:50:54.909 [FXGL Background Thread 4 ] DEBUG FXGLAssetLoaderServi - Loading from file system: file:/C:/Users/Anass/OneDrive%20-%20Hogeschool%20Leiden/hsleiden/ipose/app/demo/target/classes/assets/textures/idle.png
14:50:54.919 [FXGL Background Thread 4 ] DEBUG FXGLAssetLoaderServi - Loading from file system: file:/C:/Users/Anass/OneDrive%20-%20Hogeschool%20Leiden/hsleiden/ipose/app/demo/target/classes/assets/textures/run.png
14:50:54.927 [FXGL Background Thread 4 ] DEBUG FXGLAssetLoaderServi - Loading from file system: file:/C:/Users/Anass/OneDrive%20-%20Hogeschool%20Leiden/hsleiden/ipose/app/demo/target/classes/assets/textures/jump.png
14:50:54.929 [FXGL Background Thread 4 ] DEBUG FXGLAssetLoaderServi - Loading from file system: file:/C:/Users/Anass/OneDrive%20-%20Hogeschool%20Leiden/hsleiden/ipose/app/demo/target/classes/assets/textures/fall.png
14:50:54.961 [FXGL Background Thread 4 ] DEBUG FXGLAssetLoaderServi - Loading from file system: file:/C:/Users/Anass/OneDrive%20-%20Hogeschool%20Leiden/hsleiden/ipose/app/demo/target/classes/assets/textures/open.png
14:50:54.964 [FXGL Background Thread 4 ] DEBUG FXGLAssetLoaderServi - Loading from file system: file:/C:/Users/Anass/OneDrive%20-%20Hogeschool%20Leiden/hsleiden/ipose/app/demo/target/classes/assets/textures/close.png
14:50:54.968 [FXGL Background Thread 4 ] INFO  FXGLApplication      - Game initialization took: 0,322 sec
14:50:54.971 [JavaFX Application Thread] DEBUG Input                - Clearing active input actions
14:50:54.987 [JavaFX Application Thread] DEBUG GameApplicationServi - Removing overlay from FXGLLoadingScene and adding to GameScene
14:50:54.988 [JavaFX Application Thread] DEBUG PrimaryStageWindow   - FXGLLoadingScene -> GameScene
14:50:57.488 [FXGL Background Thread 3 ] DEBUG Engine               - Logging environment variables
14:50:57.489 [FXGL Background Thread 3 ] DEBUG Engine               - achievements: []
14:50:57.490 [FXGL Background Thread 3 ] DEBUG Engine               - actualHeight: 640.0
14:50:57.490 [FXGL Background Thread 3 ] DEBUG Engine               - actualHeightProperty: ReadOnlyDoubleProperty [value: 640.0]
14:50:57.490 [FXGL Background Thread 3 ] DEBUG Engine               - actualWidth: 960.0
14:50:57.491 [FXGL Background Thread 3 ] DEBUG Engine               - actualWidthProperty: ReadOnlyDoubleProperty [value: 960.0]
14:50:57.491 [FXGL Background Thread 3 ] DEBUG Engine               - appIcon: fxgl_icon.png
14:50:57.491 [FXGL Background Thread 3 ] DEBUG Engine               - applicationMode: DEVELOPER
14:50:57.491 [FXGL Background Thread 3 ] DEBUG Engine               - cSSList: [fxgl_dark.css]
14:50:57.491 [FXGL Background Thread 3 ] DEBUG Engine               - collisionDetectionStrategy: BRUTE_FORCE
14:50:57.492 [FXGL Background Thread 3 ] DEBUG Engine               - configClass: Optional.empty
14:50:57.492 [FXGL Background Thread 3 ] DEBUG Engine               - credits: []
14:50:57.493 [FXGL Background Thread 3 ] DEBUG Engine               - defaultCursor: CursorInfo(imageName=fxgl_default_cursor.png, hotspotX=7.0, hotspotY=6.0)
14:50:57.493 [FXGL Background Thread 3 ] DEBUG Engine               - devBBoxColorProperty: ObjectProperty [value: 0xff0000ff]
14:50:57.494 [FXGL Background Thread 3 ] DEBUG Engine               - devEnableDebugCameraProperty: BooleanProperty [value: false]
14:50:57.494 [FXGL Background Thread 3 ] DEBUG Engine               - devSensorColorProperty: ObjectProperty [value: 0xffff00ff]
14:50:57.494 [FXGL Background Thread 3 ] DEBUG Engine               - devShowBBoxProperty: BooleanProperty [value: false]
14:50:57.494 [FXGL Background Thread 3 ] DEBUG Engine               - devShowPositionProperty: BooleanProperty [value: false]
14:50:57.495 [FXGL Background Thread 3 ] DEBUG Engine               - enabledMenuItems: []
14:50:57.495 [FXGL Background Thread 3 ] DEBUG Engine               - engineServices: [class com.almasb.fxgl.app.services.FXGLAssetLoaderService, class com.almasb.fxgl.app.FXGLApplication$GameApplicationService, class com.almasb.fxgl.app.services.FXGLDialogService, class com.almasb.fxgl.app.services.IOTaskExecutorService, class com.almasb.fxgl.io.FileSystemService, class com.almasb.fxgl.localization.LocalizationService, class com.almasb.fxgl.app.services.SystemBundleService, class com.almasb.fxgl.profile.SaveLoadService, class com.almasb.fxgl.ui.FXGLUIFactoryServiceProvider, class com.almasb.fxgl.ui.FXGLDialogFactoryServiceProvider, class com.almasb.fxgl.audio.AudioPlayer, class com.almasb.fxgl.notification.impl.NotificationServiceProvider, class com.almasb.fxgl.achievement.AchievementService, class com.almasb.fxgl.cutscene.CutsceneService, class com.almasb.fxgl.minigames.MiniGameService, class com.almasb.fxgl.net.NetService, class com.almasb.fxgl.app.services.UpdaterService, class com.almasb.fxgl.dev.DevService]
14:50:57.495 [FXGL Background Thread 3 ] DEBUG Engine               - fontGame: Abel-Regular.ttf
14:50:57.495 [FXGL Background Thread 3 ] DEBUG Engine               - fontMono: TerminalLandMono-Regular.otf
14:50:57.496 [FXGL Background Thread 3 ] DEBUG Engine               - fontText: Courier-Prime.ttf
14:50:57.496 [FXGL Background Thread 3 ] DEBUG Engine               - fontUI: VarelaRound-Regular.ttf
14:50:57.496 [FXGL Background Thread 3 ] DEBUG Engine               - fullScreen: BooleanProperty [value: false]
14:50:57.496 [FXGL Background Thread 3 ] DEBUG Engine               - gameDifficulty: MEDIUM
14:50:57.497 [FXGL Background Thread 3 ] DEBUG Engine               - gameDifficultyProperty: ObjectProperty [value: MEDIUM]
14:50:57.497 [FXGL Background Thread 3 ] DEBUG Engine               - globalMusicVolume: 0.5
14:50:57.497 [FXGL Background Thread 3 ] DEBUG Engine               - globalMusicVolumeProperty: DoubleProperty [value: 0.5]
14:50:57.497 [FXGL Background Thread 3 ] DEBUG Engine               - globalSoundVolume: 0.5
14:50:57.498 [FXGL Background Thread 3 ] DEBUG Engine               - globalSoundVolumeProperty: DoubleProperty [value: 0.5]
14:50:57.498 [FXGL Background Thread 3 ] DEBUG Engine               - height: 640
14:50:57.498 [FXGL Background Thread 3 ] DEBUG Engine               - is3D: false
14:50:57.498 [FXGL Background Thread 3 ] DEBUG Engine               - isAndroid: false
14:50:57.498 [FXGL Background Thread 3 ] DEBUG Engine               - isBrowser: false
14:50:57.499 [FXGL Background Thread 3 ] DEBUG Engine               - isClickFeedbackEnabled: false
14:50:57.500 [FXGL Background Thread 3 ] DEBUG Engine               - isCloseConfirmation: false
14:50:57.500 [FXGL Background Thread 3 ] DEBUG Engine               - isDesktop: true
14:50:57.500 [FXGL Background Thread 3 ] DEBUG Engine               - isDeveloperMenuEnabled: false
14:50:57.501 [FXGL Background Thread 3 ] DEBUG Engine               - isEmbedded: false
14:50:57.501 [FXGL Background Thread 3 ] DEBUG Engine               - isEntityPreloadEnabled: true
14:50:57.501 [FXGL Background Thread 3 ] DEBUG Engine               - isExperimentalTiledLargeMap: false
14:50:57.501 [FXGL Background Thread 3 ] DEBUG Engine               - isFileSystemWriteAllowed: true
14:50:57.501 [FXGL Background Thread 3 ] DEBUG Engine               - isFullScreenAllowed: false
14:50:57.502 [FXGL Background Thread 3 ] DEBUG Engine               - isFullScreenFromStart: false
14:50:57.502 [FXGL Background Thread 3 ] DEBUG Engine               - isGameMenuEnabled: true
14:50:57.502 [FXGL Background Thread 3 ] DEBUG Engine               - isIOS: false
14:50:57.503 [FXGL Background Thread 3 ] DEBUG Engine               - isIntroEnabled: false
14:50:57.503 [FXGL Background Thread 3 ] DEBUG Engine               - isLinux: false
14:50:57.503 [FXGL Background Thread 3 ] DEBUG Engine               - isMac: false
14:50:57.503 [FXGL Background Thread 3 ] DEBUG Engine               - isMainMenuEnabled: false
14:50:57.503 [FXGL Background Thread 3 ] DEBUG Engine               - isManualResizeEnabled: false
14:50:57.504 [FXGL Background Thread 3 ] DEBUG Engine               - isMobile: false
14:50:57.504 [FXGL Background Thread 3 ] DEBUG Engine               - isNative: false
14:50:57.504 [FXGL Background Thread 3 ] DEBUG Engine               - isPauseMusicWhenMinimized: true
14:50:57.504 [FXGL Background Thread 3 ] DEBUG Engine               - isPreserveResizeRatio: false
14:50:57.504 [FXGL Background Thread 3 ] DEBUG Engine               - isProfilingEnabled: false
14:50:57.504 [FXGL Background Thread 3 ] DEBUG Engine               - isScaleAffectedOnResize: true
14:50:57.505 [FXGL Background Thread 3 ] DEBUG Engine               - isSingleStep: false
14:50:57.505 [FXGL Background Thread 3 ] DEBUG Engine               - isUserProfileEnabled: false
14:50:57.505 [FXGL Background Thread 3 ] DEBUG Engine               - isWindows: true
14:50:57.505 [FXGL Background Thread 3 ] DEBUG Engine               - language: ObjectProperty [value: ENGLISH]
14:50:57.505 [FXGL Background Thread 3 ] DEBUG Engine               - menuKey: ESCAPE
14:50:57.506 [FXGL Background Thread 3 ] DEBUG Engine               - mouseSensitivity: 0.2
14:50:57.506 [FXGL Background Thread 3 ] DEBUG Engine               - notificationViewClass: class com.almasb.fxgl.notification.view.XboxNotificationView
14:50:57.506 [FXGL Background Thread 3 ] DEBUG Engine               - pixelsPerMeter: 50.0
14:50:57.506 [FXGL Background Thread 3 ] DEBUG Engine               - platform: WINDOWS
14:50:57.506 [FXGL Background Thread 3 ] DEBUG Engine               - prefHeightProperty: ReadOnlyDoubleProperty [value: 640.0]
14:50:57.507 [FXGL Background Thread 3 ] DEBUG Engine               - prefWidthProperty: ReadOnlyDoubleProperty [value: 960.0]
14:50:57.507 [FXGL Background Thread 3 ] DEBUG Engine               - profileDir: profiles/
14:50:57.507 [FXGL Background Thread 3 ] DEBUG Engine               - profileName: StringProperty [value: DEFAULT]
14:50:57.507 [FXGL Background Thread 3 ] DEBUG Engine               - randomSeed: -1
14:50:57.511 [FXGL Background Thread 3 ] DEBUG Engine               - runtimeInfo: RuntimeInfo(platform=WINDOWS, version=17.1, build=24.03.2022 17.34)
14:50:57.511 [FXGL Background Thread 3 ] DEBUG Engine               - saveFileExt: sav
14:50:57.512 [FXGL Background Thread 3 ] DEBUG Engine               - scaledHeightProp$fxgl: DoubleProperty [bound, value: 640.0]
14:50:57.512 [FXGL Background Thread 3 ] DEBUG Engine               - scaledWidthProp$fxgl: DoubleProperty [bound, value: 960.0]
14:50:57.512 [FXGL Background Thread 3 ] DEBUG Engine               - sceneFactory: com.almasb.fxgl.app.scene.SceneFactory@16ea55d7
14:50:57.512 [FXGL Background Thread 3 ] DEBUG Engine               - secondsIn24h: 60
14:50:57.512 [FXGL Background Thread 3 ] DEBUG Engine               - soundMenuBack: menu/back.wav
14:50:57.513 [FXGL Background Thread 3 ] DEBUG Engine               - soundMenuPress: menu/press.wav
14:50:57.513 [FXGL Background Thread 3 ] DEBUG Engine               - soundMenuSelect: menu/select.wav
14:50:57.513 [FXGL Background Thread 3 ] DEBUG Engine               - soundNotification: core/notification.wav
14:50:57.513 [FXGL Background Thread 3 ] DEBUG Engine               - stageStyle: DECORATED
14:50:57.513 [FXGL Background Thread 3 ] DEBUG Engine               - supportedLanguages: [ENGLISH, FRENCH, GERMAN, HUNGARIAN, RUSSIAN]
14:50:57.513 [FXGL Background Thread 3 ] DEBUG Engine               - ticksPerSecond: -1
14:50:57.514 [FXGL Background Thread 3 ] DEBUG Engine               - title: Kings and Pigs
14:50:57.514 [FXGL Background Thread 3 ] DEBUG Engine               - urlGithub: https://github.com/AlmasB/FXGL
14:50:57.514 [FXGL Background Thread 3 ] DEBUG Engine               - urlLeaderboard: http://fxgl-top.herokuapp.com/
14:50:57.514 [FXGL Background Thread 3 ] DEBUG Engine               - urlPOM: https://raw.githubusercontent.com/AlmasB/FXGL/release/README.md
14:50:57.514 [FXGL Background Thread 3 ] DEBUG Engine               - userAppClass: class com.example.App
14:50:57.514 [FXGL Background Thread 3 ] DEBUG Engine               - version: 0.1
14:50:57.515 [FXGL Background Thread 3 ] DEBUG Engine               - versionCheckDays: 7
14:50:57.515 [FXGL Background Thread 3 ] DEBUG Engine               - width: 960
14:50:57.515 [FXGL Background Thread 3 ] DEBUG Engine               - Logging services
14:50:57.515 [FXGL Background Thread 3 ] DEBUG Engine               - class com.almasb.fxgl.app.services.FXGLAssetLoaderService
14:50:57.515 [FXGL Background Thread 3 ] DEBUG Engine               - class com.almasb.fxgl.app.FXGLApplication$GameApplicationService
14:50:57.515 [FXGL Background Thread 3 ] DEBUG Engine               - class com.almasb.fxgl.app.services.FXGLDialogService
14:50:57.515 [FXGL Background Thread 3 ] DEBUG Engine               - class com.almasb.fxgl.app.services.IOTaskExecutorService
14:50:57.517 [FXGL Background Thread 3 ] DEBUG Engine               - class com.almasb.fxgl.io.FileSystemService
14:50:57.518 [FXGL Background Thread 3 ] DEBUG Engine               - class com.almasb.fxgl.localization.LocalizationService
14:50:57.518 [FXGL Background Thread 3 ] DEBUG Engine               - class com.almasb.fxgl.app.services.SystemBundleService
14:50:57.519 [FXGL Background Thread 3 ] DEBUG Engine               - class com.almasb.fxgl.profile.SaveLoadService
14:50:57.519 [FXGL Background Thread 3 ] DEBUG Engine               - class com.almasb.fxgl.ui.FXGLUIFactoryServiceProvider
14:50:57.519 [FXGL Background Thread 3 ] DEBUG Engine               - class com.almasb.fxgl.ui.FXGLDialogFactoryServiceProvider
14:50:57.519 [FXGL Background Thread 3 ] DEBUG Engine               - class com.almasb.fxgl.audio.AudioPlayer
14:50:57.519 [FXGL Background Thread 3 ] DEBUG Engine               - class com.almasb.fxgl.notification.impl.NotificationServiceProvider
14:50:57.519 [FXGL Background Thread 3 ] DEBUG Engine               - class com.almasb.fxgl.achievement.AchievementService
14:50:57.520 [FXGL Background Thread 3 ] DEBUG Engine               - class com.almasb.fxgl.cutscene.CutsceneService
14:50:57.520 [FXGL Background Thread 3 ] DEBUG Engine               - class com.almasb.fxgl.minigames.MiniGameService
14:50:57.520 [FXGL Background Thread 3 ] DEBUG Engine               - class com.almasb.fxgl.net.NetService
14:50:57.520 [FXGL Background Thread 3 ] DEBUG Engine               - class com.almasb.fxgl.app.services.UpdaterService
14:50:57.520 [FXGL Background Thread 3 ] DEBUG Engine               - class com.almasb.fxgl.dev.DevService
14:50:58.802 [JavaFX Application Thread] DEBUG FXGLApplication      - Exiting FXGL
14:50:58.802 [JavaFX Application Thread] DEBUG LoopRunner           - Stopping loop
14:50:58.802 [JavaFX Application Thread] DEBUG SystemBundleService  - Saving FXGL system data
14:50:58.807 [JavaFX Application Thread] DEBUG FileSystemAccess     - Writing to: C:\Users\Anass\OneDrive - Hogeschool Leiden\hsleiden\ipose\app\demo\system\fxgl.bundle
14:50:58.811 [JavaFX Application Thread] DEBUG Async                - Shutting down background threads
14:50:58.811 [JavaFX Application Thread] DEBUG PrimaryStageWindow   - Closing main window
14:50:58.837 [JavaFX Application Thread] DEBUG Logger               - Closing Logger
