21:21:31.045 [main                     ] DEBUG GameApplication      - Logger initialized
21:21:31.048 [main                     ] DEBUG GameApplication      - Logging settings
Title: Kings and Pigs
Version: 0.1
Width: 960
Height: 640
Fullscreen: false
Intro: false
Menus: false
Profiling: false
Single step:false
App Mode: DEVELOPER
Menu Key: ESCAPE
Stage Style: DECORATED
Scene Factory: class com.almasb.fxgl.app.scene.SceneFactory

21:21:31.362 [JavaFX Application Thread] DEBUG GameApplication      - Initializing FXGL
21:21:31.369 [JavaFX Application Thread] INFO  Engine               - FXGL-11.8 (08.03.2020 09.09) on WINDOWS (J:18 FX:13.0.2)
21:21:31.370 [JavaFX Application Thread] INFO  Engine               - Source code and latest versions at: https://github.com/AlmasB/FXGL
21:21:31.370 [JavaFX Application Thread] INFO  Engine               -              Join the FXGL chat at: https://gitter.im/AlmasB/FXGL
21:21:31.489 [JavaFX Application Thread] DEBUG MainWindow           - Creating a JavaFX scene
21:21:31.540 [JavaFX Application Thread] DEBUG MainWindow           - Target settings size: 960.0 x 640.0
21:21:31.540 [JavaFX Application Thread] DEBUG MainWindow           - Scaled scene size:    960.0 x 640.0
21:21:31.541 [JavaFX Application Thread] DEBUG MainWindow           - Scaled ratio: (1.0, 1.0)
21:21:31.542 [JavaFX Application Thread] DEBUG MainWindow           - Set initial scene to FXGLStartupScene
21:21:31.547 [JavaFX Application Thread] DEBUG MainWindow           - Opening main window
21:21:31.604 [JavaFX Application Thread] DEBUG MainWindow           - Window border size: (12.79998779296875, 35.20001220703125)
21:21:31.604 [JavaFX Application Thread] DEBUG MainWindow           - Scaled size: 960.0 x 640.0
21:21:31.604 [JavaFX Application Thread] DEBUG MainWindow           - Scaled ratio: (1.0, 1.0)
21:21:31.604 [JavaFX Application Thread] DEBUG MainWindow           - Scene size: 960.0 x 640.0
21:21:31.605 [JavaFX Application Thread] DEBUG MainWindow           - Stage size: 972.7999877929688 x 675.2000122070312
21:21:31.610 [FXGL Background Thread 1 ] DEBUG Engine               - Initializing environment variables
21:21:31.644 [FXGL Background Thread 1 ] DEBUG WindowService        - Applying CSS: fxgl_dark.css
21:21:31.645 [FXGL Background Thread 1 ] DEBUG AssetLoaderService   - Loading from file system: /assets/ui/css/fxgl_dark.css
21:21:31.684 [FXGL Background Thread 1 ] DEBUG WindowService        - Initializing application scenes
21:21:31.738 [FXGL Background Thread 1 ] DEBUG GameWorld            - Game world initialized
21:21:31.793 [FXGL Background Thread 1 ] DEBUG PhysicsWorld         - Physics world initialized: appHeight=640, physics.ppm=50.0
21:21:31.797 [FXGL Background Thread 1 ] DEBUG GameScene            - Game scene initialized: 960x640
21:21:31.809 [FXGL Background Thread 1 ] DEBUG Input                - Registered new binding: Resume - Esc
21:21:31.816 [FXGL Background Thread 1 ] DEBUG AssetLoaderService   - Loading from file system: /assets/textures/pause_menu_bg.png
21:21:31.873 [FXGL Background Thread 1 ] DEBUG Input                - Registered new binding: Pause - Esc
21:21:31.874 [FXGL Background Thread 1 ] DEBUG WindowService        - Application scenes initialized
21:21:31.885 [FXGL Background Thread 1 ] DEBUG SystemBundleService  - Loading FXGL system data
21:21:31.894 [FXGL Background Thread 1 ] DEBUG FileSystemAccess     - Reading from: C:\Users\jeffr\Documents\java\demo\system\fxgl.bundle
21:21:31.905 [FXGL Background Thread 1 ] DEBUG SystemBundleService  - Bundle FXGL: {}
21:21:31.905 [FXGL Background Thread 1 ] INFO  Engine               - FXGL initialization took: 0.286 sec
21:21:31.910 [FXGL Background Thread 1 ] DEBUG GameApplication      - Loading localizations
21:21:31.913 [FXGL Background Thread 1 ] DEBUG AssetLoaderService   - Loading from file system: /assets/properties/languages/english.properties
21:21:31.915 [FXGL Background Thread 1 ] DEBUG AssetLoaderService   - Loading from file system: /assets/properties/languages/french.properties
21:21:31.917 [FXGL Background Thread 1 ] DEBUG AssetLoaderService   - Loading from file system: /assets/properties/languages/german.properties
21:21:31.920 [FXGL Background Thread 1 ] DEBUG AssetLoaderService   - Loading from file system: /assets/properties/languages/hungarian.properties
21:21:31.922 [FXGL Background Thread 1 ] DEBUG AssetLoaderService   - Loading from file system: /assets/properties/languages/russian.properties
21:21:31.924 [FXGL Background Thread 1 ] DEBUG GameApplication      - Registering font factories with UI factory
21:21:31.924 [FXGL Background Thread 1 ] DEBUG AssetLoaderService   - Loading from file system: /assets/ui/fonts/VarelaRound-Regular.ttf
21:21:31.980 [FXGL Background Thread 1 ] DEBUG AssetLoaderService   - Loading from file system: /assets/ui/fonts/Abel-Regular.ttf
21:21:31.984 [FXGL Background Thread 1 ] DEBUG AssetLoaderService   - Loading from file system: /assets/ui/fonts/lucida_console.ttf
21:21:31.990 [FXGL Background Thread 1 ] DEBUG AssetLoaderService   - Loading from file system: /assets/ui/fonts/Courier-Prime.ttf
21:21:31.998 [JavaFX Application Thread] DEBUG Input                - Registered new binding: Left - A
21:21:31.998 [JavaFX Application Thread] DEBUG Input                - Registered new binding: Right - D
21:21:31.998 [JavaFX Application Thread] DEBUG Input                - Registered new binding: Jump - W
21:21:31.998 [JavaFX Application Thread] DEBUG AssetLoaderService   - Loading from file system: /assets/textures/fxgl_icon.png
21:21:32.024 [JavaFX Application Thread] DEBUG AssetLoaderService   - Loading from file system: /assets/ui/cursors/fxgl_default.png
21:21:32.027 [JavaFX Application Thread] DEBUG Input                - Registered new binding: Screenshot - P
21:21:32.027 [JavaFX Application Thread] DEBUG Input                - Registered new binding: System info dump - CTRL+9
21:21:32.028 [JavaFX Application Thread] DEBUG Input                - Registered new binding: Restart - CTRL+R
21:21:32.029 [JavaFX Application Thread] DEBUG LoopRunner           - Starting loop
21:21:32.048 [JavaFX Application Thread] DEBUG FXGLStartupScene     - STARTUP
21:21:32.048 [JavaFX Application Thread] DEBUG WindowService        - Starting new game
21:21:32.052 [JavaFX Application Thread] DEBUG Input                - Clearing active input actions
21:21:32.065 [JavaFX Application Thread] DEBUG WindowService        - Removing overlay from FXGLStartupScene and adding to FXGLLoadingScene
21:21:32.066 [JavaFX Application Thread] DEBUG MainWindow           - FXGLStartupScene -> FXGLLoadingScene
21:21:32.066 [JavaFX Application Thread] DEBUG WindowService        - Clearing previous game
21:21:32.066 [JavaFX Application Thread] DEBUG GameScene            - Clearing game scene
21:21:32.066 [JavaFX Application Thread] DEBUG GameWorld            - Clearing game world
21:21:32.066 [JavaFX Application Thread] DEBUG PhysicsWorld         - Clearing physics world
21:21:32.069 [FXGL Background Thread 1 ] DEBUG GameApplication      - Initializing game
21:21:32.083 [FXGL Background Thread 1 ] DEBUG AssetLoaderService   - Loading from file system: /assets/levels/terrain.tmx
21:21:32.116 [FXGL Background Thread 1 ] WARN  TMXLevelLoader       - TiledMap generated from 1.8.4. Supported version: 1.2.3. Some features may not be parsed fully.
21:21:32.132 [FXGL Background Thread 1 ] DEBUG TMXLevelLoader       - Parsed raw map: TiledMap(width=30, height=20, tilewidth=32, tileheight=32, orientation=orthogonal, layers=[Layer(width=30, height=20, name=Tile Layer 1, type=tilelayer, visible=false, x=0, y=0, data=[41, 41, 41, 41, 41, 41, 41, 41, 41, 41, 41, 41, 41, 41, 41, 41, 41, 41, 41, 41, 41, 41, 41, 41, 41, 41, 41, 41, 41, 41, 41, 27, 60, 60, 60, 60, 60, 60, 60, 60, 28, 27, 60, 60, 60, 60, 60, 60, 60, 60, 60, 60, 60, 60, 60, 60, 60, 60, 28, 41, 41, 42, 135, 136, 136, 136, 136, 136, 136, 136, 40, 42, 136, 136, 136, 136, 136, 136, 136, 136, 136, 136, 136, 136, 136, 136, 136, 137, 40, 41, 41, 42, 154, 155, 155, 155, 155, 155, 155, 155, 40, 42, 155, 155, 155, 155, 155, 155, 155, 155, 155, 155, 155, 155, 155, 155, 155, 156, 40, 41, 41, 42, 154, 155, 155, 155, 155, 155, 155, 155, 40, 42, 155, 155, 155, 155, 155, 155, 155, 155, 155, 155, 155, 155, 155, 155, 155, 156, 40, 41, 41, 42, 154, 155, 155, 155, 155, 155, 155, 155, 40, 42, 155, 155, 155, 155, 155, 155, 155, 155, 155, 155, 155, 155, 155, 155, 155, 156, 40, 41, 41, 42, 154, 155, 155, 155, 155, 155, 155, 155, 40, 42, 155, 155, 155, 155, 155, 155, 155, 155, 155, 155, 155, 155, 155, 155, 155, 156, 40, 41, 41, 42, 154, 155, 155, 155, 155, 155, 155, 155, 40, 42, 155, 155, 155, 155, 155, 155, 155, 155, 155, 155, 155, 155, 155, 155, 155, 156, 40, 41, 41, 42, 154, 155, 155, 155, 155, 155, 155, 155, 40, 42, 155, 155, 155, 155, 155, 155, 155, 155, 155, 155, 155, 155, 155, 155, 155, 156, 40, 41, 41, 42, 154, 155, 155, 155, 155, 21, 22, 22, 47, 42, 155, 155, 155, 155, 155, 155, 155, 155, 155, 155, 155, 155, 155, 155, 155, 156, 40, 41, 41, 42, 154, 155, 155, 155, 155, 59, 60, 60, 60, 61, 155, 155, 155, 155, 155, 155, 155, 155, 155, 155, 155, 155, 155, 155, 155, 156, 40, 41, 41, 42, 154, 155, 155, 155, 155, 155, 155, 155, 155, 155, 155, 155, 155, 155, 155, 155, 155, 155, 155, 155, 155, 155, 155, 155, 155, 156, 40, 41, 41, 42, 154, 155, 155, 155, 155, 155, 155, 155, 155, 155, 155, 155, 155, 155, 155, 155, 155, 155, 155, 155, 155, 155, 155, 155, 155, 156, 40, 41, 41, 42, 154, 155, 155, 155, 155, 155, 155, 155, 155, 155, 155, 155, 155, 155, 155, 155, 155, 155, 155, 155, 155, 155, 155, 155, 155, 156, 40, 41, 41, 42, 154, 155, 155, 155, 155, 155, 155, 155, 155, 155, 155, 155, 155, 155, 155, 155, 155, 155, 155, 155, 155, 155, 155, 155, 155, 156, 40, 41, 41, 42, 154, 155, 155, 155, 155, 155, 155, 155, 155, 155, 155, 155, 155, 155, 155, 155, 155, 155, 155, 155, 155, 155, 155, 155, 155, 156, 40, 41, 41, 42, 154, 155, 155, 155, 155, 155, 155, 155, 155, 155, 155, 155, 155, 155, 155, 155, 155, 155, 155, 155, 155, 155, 155, 155, 155, 156, 40, 41, 41, 42, 173, 174, 174, 174, 174, 174, 174, 174, 174, 174, 174, 174, 174, 174, 174, 174, 174, 174, 174, 174, 174, 174, 174, 174, 174, 175, 40, 41, 41, 46, 22, 22, 22, 22, 22, 22, 22, 22, 22, 22, 22, 22, 22, 22, 22, 22, 22, 22, 22, 22, 22, 22, 22, 22, 22, 22, 47, 41, 41, 41, 41, 41, 41, 41, 41, 41, 41, 41, 41, 41, 41, 41, 41, 41, 41, 41, 41, 41, 41, 41, 41, 41, 41, 41, 41, 41, 41, 41], objects=[], opacity=0.0, draworder=), Layer(width=0, height=0, name=collidables, type=objectgroup, visible=false, x=0, y=0, data=[], objects=[com.almasb.fxgl.entity.level.tiled.TiledObject@2d394215, com.almasb.fxgl.entity.level.tiled.TiledObject@63317f78, com.almasb.fxgl.entity.level.tiled.TiledObject@7d9283e6, com.almasb.fxgl.entity.level.tiled.TiledObject@1972ac6b], opacity=0.0, draworder=), Layer(width=30, height=20, name=decorations, type=tilelayer, visible=false, x=0, y=0, data=[0, 0, 0, 0, 0, 0, 0, 0, 0, 0, 0, 0, 0, 0, 0, 0, 0, 0, 0, 0, 0, 0, 0, 0, 0, 0, 0, 0, 0, 0, 0, 0, 0, 0, 0, 0, 0, 0, 0, 0, 0, 0, 0, 0, 0, 0, 0, 0, 0, 0, 0, 0, 0, 0, 0, 0, 0, 0, 0, 0, 0, 0, 0, 0, 0, 0, 0, 256, 0, 0, 0, 0, 0, 0, 0, 0, 0, 0, 0, 0, 0, 0, 0, 0, 0, 0, 0, 0, 0, 0, 0, 0, 0, 0, 0, 0, 0, 263, 0, 0, 0, 0, 0, 0, 0, 0, 0, 0, 0, 0, 0, 0, 0, 0, 0, 0, 0, 0, 0, 0, 0, 0, 0, 0, 271, 272, 0, 263, 0, 0, 0, 0, 0, 0, 0, 0, 0, 0, 0, 0, 0, 0, 0, 0, 0, 0, 0, 0, 0, 0, 0, 0, 0, 0, 278, 279, 0, 263, 0, 0, 0, 0, 0, 0, 0, 0, 0, 0, 0, 0, 0, 0, 0, 0, 0, 0, 0, 0, 0, 0, 0, 0, 0, 0, 0, 0, 0, 263, 0, 0, 0, 0, 0, 0, 0, 0, 0, 0, 0, 0, 0, 0, 0, 0, 0, 0, 0, 0, 0, 0, 0, 0, 0, 256, 0, 0, 0, 263, 0, 0, 0, 0, 0, 0, 0, 0, 0, 0, 0, 0, 0, 0, 0, 0, 0, 0, 0, 0, 0, 0, 0, 0, 0, 263, 0, 0, 0, 263, 0, 0, 0, 0, 0, 0, 0, 0, 0, 0, 0, 0, 0, 0, 0, 0, 0, 0, 0, 0, 0, 0, 0, 0, 0, 263, 0, 0, 0, 270, 0, 0, 0, 0, 0, 0, 0, 0, 0, 0, 0, 0, 0, 0, 0, 0, 0, 0, 0, 0, 0, 0, 0, 0, 0, 263, 0, 0, 0, 0, 0, 0, 0, 0, 0, 0, 0, 0, 0, 0, 0, 0, 0, 0, 0, 0, 0, 0, 0, 0, 0, 0, 0, 0, 0, 263, 0, 0, 273, 274, 0, 0, 0, 0, 0, 0, 0, 0, 0, 0, 0, 0, 0, 0, 0, 0, 0, 0, 0, 0, 0, 0, 0, 0, 0, 263, 0, 0, 280, 281, 0, 0, 0, 0, 0, 0, 0, 0, 0, 0, 0, 0, 0, 0, 0, 0, 0, 0, 0, 0, 0, 0, 0, 0, 0, 277, 0, 0, 0, 0, 0, 0, 0, 0, 0, 0, 0, 0, 0, 0, 0, 0, 0, 0, 0, 0, 0, 0, 0, 0, 0, 0, 0, 0, 0, 0, 0, 0, 0, 0, 0, 0, 0, 0, 0, 0, 0, 0, 0, 0, 0, 0, 0, 0, 0, 0, 0, 0, 0, 0, 0, 0, 0, 0, 0, 0, 0, 264, 265, 265, 266, 0, 0, 0, 0, 0, 0, 0, 0, 0, 0, 0, 0, 0, 0, 0, 0, 0, 0, 0, 0, 0, 0, 0, 0, 0, 267, 0, 0, 0, 0, 0, 0, 0, 0, 0, 0, 0, 0, 0, 0, 0, 0, 0, 0, 0, 0, 0, 0, 0, 0, 0, 0, 0, 267, 0, 0, 0, 0, 0, 0, 0, 0, 0, 0, 0, 0, 0, 0, 0, 0, 0, 0, 0, 0, 0, 0, 0, 0, 0, 0, 0, 0, 0, 0, 0, 0, 0, 0, 0, 0, 0, 0, 0, 0, 0, 0, 0, 0, 0, 0, 0, 0, 0, 0, 0, 0, 0, 0, 0, 0, 0, 0, 0, 0, 0, 0, 0, 0, 0, 0, 0, 0, 0, 0, 0, 0, 0, 0, 0, 0, 0, 0, 0, 0, 0, 0, 0, 0, 0, 0, 0], objects=[], opacity=0.0, draworder=)], tilesets=[Tileset(firstgid=1, image=terrain.png, name=terrain, tilewidth=32, tileheight=32, imagewidth=608, imageheight=416, margin=0, spacing=0, columns=19, tilecount=247, transparentcolor=, tiles=[]), Tileset(firstgid=248, image=decorations.png, name=decorations, tilewidth=32, tileheight=32, imagewidth=224, imageheight=192, margin=0, spacing=0, columns=7, tilecount=42, transparentcolor=, tiles=[])], backgroundcolor=, renderorder=right-down, nextobjectid=32, version=1, tiledversion=1.8.4, type=map, infinite=false, properties={}, propertytypes={})
21:21:32.133 [FXGL Background Thread 1 ] DEBUG TMXLevelLoader       - Creating tile layer entities
21:21:32.140 [FXGL Background Thread 1 ] DEBUG TilesetLoader        - Loading view for layer Tile Layer 1
21:21:32.143 [FXGL Background Thread 1 ] DEBUG TilesetLoader        - Created buffer with size 960.0x640.0
21:21:32.156 [FXGL Background Thread 1 ] DEBUG TilesetLoader        - Writing to buffer: dst=0,0, w=32,h=32, src=64,64
21:21:32.158 [FXGL Background Thread 1 ] DEBUG TilesetLoader        - Writing to buffer: dst=32,0, w=32,h=32, src=64,64
21:21:32.159 [FXGL Background Thread 1 ] DEBUG TilesetLoader        - Writing to buffer: dst=64,0, w=32,h=32, src=64,64
21:21:32.159 [FXGL Background Thread 1 ] DEBUG TilesetLoader        - Writing to buffer: dst=96,0, w=32,h=32, src=64,64
21:21:32.159 [FXGL Background Thread 1 ] DEBUG TilesetLoader        - Writing to buffer: dst=128,0, w=32,h=32, src=64,64
21:21:32.159 [FXGL Background Thread 1 ] DEBUG TilesetLoader        - Writing to buffer: dst=160,0, w=32,h=32, src=64,64
21:21:32.159 [FXGL Background Thread 1 ] DEBUG TilesetLoader        - Writing to buffer: dst=192,0, w=32,h=32, src=64,64
21:21:32.159 [FXGL Background Thread 1 ] DEBUG TilesetLoader        - Writing to buffer: dst=224,0, w=32,h=32, src=64,64
21:21:32.159 [FXGL Background Thread 1 ] DEBUG TilesetLoader        - Writing to buffer: dst=256,0, w=32,h=32, src=64,64
21:21:32.159 [FXGL Background Thread 1 ] DEBUG TilesetLoader        - Writing to buffer: dst=288,0, w=32,h=32, src=64,64
21:21:32.159 [FXGL Background Thread 1 ] DEBUG TilesetLoader        - Writing to buffer: dst=320,0, w=32,h=32, src=64,64
21:21:32.160 [FXGL Background Thread 1 ] DEBUG TilesetLoader        - Writing to buffer: dst=352,0, w=32,h=32, src=64,64
21:21:32.160 [FXGL Background Thread 1 ] DEBUG TilesetLoader        - Writing to buffer: dst=384,0, w=32,h=32, src=64,64
21:21:32.160 [FXGL Background Thread 1 ] DEBUG TilesetLoader        - Writing to buffer: dst=416,0, w=32,h=32, src=64,64
21:21:32.160 [FXGL Background Thread 1 ] DEBUG TilesetLoader        - Writing to buffer: dst=448,0, w=32,h=32, src=64,64
21:21:32.160 [FXGL Background Thread 1 ] DEBUG TilesetLoader        - Writing to buffer: dst=480,0, w=32,h=32, src=64,64
21:21:32.160 [FXGL Background Thread 1 ] DEBUG TilesetLoader        - Writing to buffer: dst=512,0, w=32,h=32, src=64,64
21:21:32.160 [FXGL Background Thread 1 ] DEBUG TilesetLoader        - Writing to buffer: dst=544,0, w=32,h=32, src=64,64
21:21:32.160 [FXGL Background Thread 1 ] DEBUG TilesetLoader        - Writing to buffer: dst=576,0, w=32,h=32, src=64,64
21:21:32.161 [FXGL Background Thread 1 ] DEBUG TilesetLoader        - Writing to buffer: dst=608,0, w=32,h=32, src=64,64
21:21:32.161 [FXGL Background Thread 1 ] DEBUG TilesetLoader        - Writing to buffer: dst=640,0, w=32,h=32, src=64,64
21:21:32.161 [FXGL Background Thread 1 ] DEBUG TilesetLoader        - Writing to buffer: dst=672,0, w=32,h=32, src=64,64
21:21:32.161 [FXGL Background Thread 1 ] DEBUG TilesetLoader        - Writing to buffer: dst=704,0, w=32,h=32, src=64,64
21:21:32.161 [FXGL Background Thread 1 ] DEBUG TilesetLoader        - Writing to buffer: dst=736,0, w=32,h=32, src=64,64
21:21:32.161 [FXGL Background Thread 1 ] DEBUG TilesetLoader        - Writing to buffer: dst=768,0, w=32,h=32, src=64,64
21:21:32.161 [FXGL Background Thread 1 ] DEBUG TilesetLoader        - Writing to buffer: dst=800,0, w=32,h=32, src=64,64
21:21:32.161 [FXGL Background Thread 1 ] DEBUG TilesetLoader        - Writing to buffer: dst=832,0, w=32,h=32, src=64,64
21:21:32.162 [FXGL Background Thread 1 ] DEBUG TilesetLoader        - Writing to buffer: dst=864,0, w=32,h=32, src=64,64
21:21:32.162 [FXGL Background Thread 1 ] DEBUG TilesetLoader        - Writing to buffer: dst=896,0, w=32,h=32, src=64,64
21:21:32.162 [FXGL Background Thread 1 ] DEBUG TilesetLoader        - Writing to buffer: dst=928,0, w=32,h=32, src=64,64
21:21:32.162 [FXGL Background Thread 1 ] DEBUG TilesetLoader        - Writing to buffer: dst=0,32, w=32,h=32, src=64,64
21:21:32.162 [FXGL Background Thread 1 ] DEBUG TilesetLoader        - Writing to buffer: dst=32,32, w=32,h=32, src=224,32
21:21:32.162 [FXGL Background Thread 1 ] DEBUG TilesetLoader        - Writing to buffer: dst=64,32, w=32,h=32, src=64,96
21:21:32.162 [FXGL Background Thread 1 ] DEBUG TilesetLoader        - Writing to buffer: dst=96,32, w=32,h=32, src=64,96
21:21:32.162 [FXGL Background Thread 1 ] DEBUG TilesetLoader        - Writing to buffer: dst=128,32, w=32,h=32, src=64,96
21:21:32.162 [FXGL Background Thread 1 ] DEBUG TilesetLoader        - Writing to buffer: dst=160,32, w=32,h=32, src=64,96
21:21:32.162 [FXGL Background Thread 1 ] DEBUG TilesetLoader        - Writing to buffer: dst=192,32, w=32,h=32, src=64,96
21:21:32.162 [FXGL Background Thread 1 ] DEBUG TilesetLoader        - Writing to buffer: dst=224,32, w=32,h=32, src=64,96
21:21:32.163 [FXGL Background Thread 1 ] DEBUG TilesetLoader        - Writing to buffer: dst=256,32, w=32,h=32, src=64,96
21:21:32.163 [FXGL Background Thread 1 ] DEBUG TilesetLoader        - Writing to buffer: dst=288,32, w=32,h=32, src=64,96
21:21:32.163 [FXGL Background Thread 1 ] DEBUG TilesetLoader        - Writing to buffer: dst=320,32, w=32,h=32, src=256,32
21:21:32.163 [FXGL Background Thread 1 ] DEBUG TilesetLoader        - Writing to buffer: dst=352,32, w=32,h=32, src=224,32
21:21:32.163 [FXGL Background Thread 1 ] DEBUG TilesetLoader        - Writing to buffer: dst=384,32, w=32,h=32, src=64,96
21:21:32.163 [FXGL Background Thread 1 ] DEBUG TilesetLoader        - Writing to buffer: dst=416,32, w=32,h=32, src=64,96
21:21:32.163 [FXGL Background Thread 1 ] DEBUG TilesetLoader        - Writing to buffer: dst=448,32, w=32,h=32, src=64,96
21:21:32.163 [FXGL Background Thread 1 ] DEBUG TilesetLoader        - Writing to buffer: dst=480,32, w=32,h=32, src=64,96
21:21:32.163 [FXGL Background Thread 1 ] DEBUG TilesetLoader        - Writing to buffer: dst=512,32, w=32,h=32, src=64,96
21:21:32.163 [FXGL Background Thread 1 ] DEBUG TilesetLoader        - Writing to buffer: dst=544,32, w=32,h=32, src=64,96
21:21:32.163 [FXGL Background Thread 1 ] DEBUG TilesetLoader        - Writing to buffer: dst=576,32, w=32,h=32, src=64,96
21:21:32.163 [FXGL Background Thread 1 ] DEBUG TilesetLoader        - Writing to buffer: dst=608,32, w=32,h=32, src=64,96
21:21:32.164 [FXGL Background Thread 1 ] DEBUG TilesetLoader        - Writing to buffer: dst=640,32, w=32,h=32, src=64,96
21:21:32.164 [FXGL Background Thread 1 ] DEBUG TilesetLoader        - Writing to buffer: dst=672,32, w=32,h=32, src=64,96
21:21:32.164 [FXGL Background Thread 1 ] DEBUG TilesetLoader        - Writing to buffer: dst=704,32, w=32,h=32, src=64,96
21:21:32.164 [FXGL Background Thread 1 ] DEBUG TilesetLoader        - Writing to buffer: dst=736,32, w=32,h=32, src=64,96
21:21:32.164 [FXGL Background Thread 1 ] DEBUG TilesetLoader        - Writing to buffer: dst=768,32, w=32,h=32, src=64,96
21:21:32.164 [FXGL Background Thread 1 ] DEBUG TilesetLoader        - Writing to buffer: dst=800,32, w=32,h=32, src=64,96
21:21:32.164 [FXGL Background Thread 1 ] DEBUG TilesetLoader        - Writing to buffer: dst=832,32, w=32,h=32, src=64,96
21:21:32.164 [FXGL Background Thread 1 ] DEBUG TilesetLoader        - Writing to buffer: dst=864,32, w=32,h=32, src=64,96
21:21:32.164 [FXGL Background Thread 1 ] DEBUG TilesetLoader        - Writing to buffer: dst=896,32, w=32,h=32, src=256,32
21:21:32.164 [FXGL Background Thread 1 ] DEBUG TilesetLoader        - Writing to buffer: dst=928,32, w=32,h=32, src=64,64
21:21:32.165 [FXGL Background Thread 1 ] DEBUG TilesetLoader        - Writing to buffer: dst=0,64, w=32,h=32, src=64,64
21:21:32.165 [FXGL Background Thread 1 ] DEBUG TilesetLoader        - Writing to buffer: dst=32,64, w=32,h=32, src=96,64
21:21:32.165 [FXGL Background Thread 1 ] DEBUG TilesetLoader        - Writing to buffer: dst=64,64, w=32,h=32, src=32,224
21:21:32.165 [FXGL Background Thread 1 ] DEBUG TilesetLoader        - Writing to buffer: dst=96,64, w=32,h=32, src=64,224
21:21:32.165 [FXGL Background Thread 1 ] DEBUG TilesetLoader        - Writing to buffer: dst=128,64, w=32,h=32, src=64,224
21:21:32.165 [FXGL Background Thread 1 ] DEBUG TilesetLoader        - Writing to buffer: dst=160,64, w=32,h=32, src=64,224
21:21:32.165 [FXGL Background Thread 1 ] DEBUG TilesetLoader        - Writing to buffer: dst=192,64, w=32,h=32, src=64,224
21:21:32.165 [FXGL Background Thread 1 ] DEBUG TilesetLoader        - Writing to buffer: dst=224,64, w=32,h=32, src=64,224
21:21:32.165 [FXGL Background Thread 1 ] DEBUG TilesetLoader        - Writing to buffer: dst=256,64, w=32,h=32, src=64,224
21:21:32.165 [FXGL Background Thread 1 ] DEBUG TilesetLoader        - Writing to buffer: dst=288,64, w=32,h=32, src=64,224
21:21:32.165 [FXGL Background Thread 1 ] DEBUG TilesetLoader        - Writing to buffer: dst=320,64, w=32,h=32, src=32,64
21:21:32.166 [FXGL Background Thread 1 ] DEBUG TilesetLoader        - Writing to buffer: dst=352,64, w=32,h=32, src=96,64
21:21:32.166 [FXGL Background Thread 1 ] DEBUG TilesetLoader        - Writing to buffer: dst=384,64, w=32,h=32, src=64,224
21:21:32.166 [FXGL Background Thread 1 ] DEBUG TilesetLoader        - Writing to buffer: dst=416,64, w=32,h=32, src=64,224
21:21:32.166 [FXGL Background Thread 1 ] DEBUG TilesetLoader        - Writing to buffer: dst=448,64, w=32,h=32, src=64,224
21:21:32.166 [FXGL Background Thread 1 ] DEBUG TilesetLoader        - Writing to buffer: dst=480,64, w=32,h=32, src=64,224
21:21:32.166 [FXGL Background Thread 1 ] DEBUG TilesetLoader        - Writing to buffer: dst=512,64, w=32,h=32, src=64,224
21:21:32.166 [FXGL Background Thread 1 ] DEBUG TilesetLoader        - Writing to buffer: dst=544,64, w=32,h=32, src=64,224
21:21:32.166 [FXGL Background Thread 1 ] DEBUG TilesetLoader        - Writing to buffer: dst=576,64, w=32,h=32, src=64,224
21:21:32.166 [FXGL Background Thread 1 ] DEBUG TilesetLoader        - Writing to buffer: dst=608,64, w=32,h=32, src=64,224
21:21:32.167 [FXGL Background Thread 1 ] DEBUG TilesetLoader        - Writing to buffer: dst=640,64, w=32,h=32, src=64,224
21:21:32.167 [FXGL Background Thread 1 ] DEBUG TilesetLoader        - Writing to buffer: dst=672,64, w=32,h=32, src=64,224
21:21:32.167 [FXGL Background Thread 1 ] DEBUG TilesetLoader        - Writing to buffer: dst=704,64, w=32,h=32, src=64,224
21:21:32.167 [FXGL Background Thread 1 ] DEBUG TilesetLoader        - Writing to buffer: dst=736,64, w=32,h=32, src=64,224
21:21:32.167 [FXGL Background Thread 1 ] DEBUG TilesetLoader        - Writing to buffer: dst=768,64, w=32,h=32, src=64,224
21:21:32.167 [FXGL Background Thread 1 ] DEBUG TilesetLoader        - Writing to buffer: dst=800,64, w=32,h=32, src=64,224
21:21:32.168 [FXGL Background Thread 1 ] DEBUG TilesetLoader        - Writing to buffer: dst=832,64, w=32,h=32, src=64,224
21:21:32.168 [FXGL Background Thread 1 ] DEBUG TilesetLoader        - Writing to buffer: dst=864,64, w=32,h=32, src=96,224
21:21:32.168 [FXGL Background Thread 1 ] DEBUG TilesetLoader        - Writing to buffer: dst=896,64, w=32,h=32, src=32,64
21:21:32.168 [FXGL Background Thread 1 ] DEBUG TilesetLoader        - Writing to buffer: dst=928,64, w=32,h=32, src=64,64
21:21:32.168 [FXGL Background Thread 1 ] DEBUG TilesetLoader        - Writing to buffer: dst=0,96, w=32,h=32, src=64,64
21:21:32.168 [FXGL Background Thread 1 ] DEBUG TilesetLoader        - Writing to buffer: dst=32,96, w=32,h=32, src=96,64
21:21:32.168 [FXGL Background Thread 1 ] DEBUG TilesetLoader        - Writing to buffer: dst=64,96, w=32,h=32, src=32,256
21:21:32.168 [FXGL Background Thread 1 ] DEBUG TilesetLoader        - Writing to buffer: dst=96,96, w=32,h=32, src=64,256
21:21:32.168 [FXGL Background Thread 1 ] DEBUG TilesetLoader        - Writing to buffer: dst=128,96, w=32,h=32, src=64,256
21:21:32.168 [FXGL Background Thread 1 ] DEBUG TilesetLoader        - Writing to buffer: dst=160,96, w=32,h=32, src=64,256
21:21:32.168 [FXGL Background Thread 1 ] DEBUG TilesetLoader        - Writing to buffer: dst=192,96, w=32,h=32, src=64,256
21:21:32.168 [FXGL Background Thread 1 ] DEBUG TilesetLoader        - Writing to buffer: dst=224,96, w=32,h=32, src=64,256
21:21:32.168 [FXGL Background Thread 1 ] DEBUG TilesetLoader        - Writing to buffer: dst=256,96, w=32,h=32, src=64,256
21:21:32.168 [FXGL Background Thread 1 ] DEBUG TilesetLoader        - Writing to buffer: dst=288,96, w=32,h=32, src=64,256
21:21:32.168 [FXGL Background Thread 1 ] DEBUG TilesetLoader        - Writing to buffer: dst=320,96, w=32,h=32, src=32,64
21:21:32.169 [FXGL Background Thread 1 ] DEBUG TilesetLoader        - Writing to buffer: dst=352,96, w=32,h=32, src=96,64
21:21:32.169 [FXGL Background Thread 1 ] DEBUG TilesetLoader        - Writing to buffer: dst=384,96, w=32,h=32, src=64,256
21:21:32.169 [FXGL Background Thread 1 ] DEBUG TilesetLoader        - Writing to buffer: dst=416,96, w=32,h=32, src=64,256
21:21:32.169 [FXGL Background Thread 1 ] DEBUG TilesetLoader        - Writing to buffer: dst=448,96, w=32,h=32, src=64,256
21:21:32.169 [FXGL Background Thread 1 ] DEBUG TilesetLoader        - Writing to buffer: dst=480,96, w=32,h=32, src=64,256
21:21:32.169 [FXGL Background Thread 1 ] DEBUG TilesetLoader        - Writing to buffer: dst=512,96, w=32,h=32, src=64,256
21:21:32.169 [FXGL Background Thread 1 ] DEBUG TilesetLoader        - Writing to buffer: dst=544,96, w=32,h=32, src=64,256
21:21:32.169 [FXGL Background Thread 1 ] DEBUG TilesetLoader        - Writing to buffer: dst=576,96, w=32,h=32, src=64,256
21:21:32.169 [FXGL Background Thread 1 ] DEBUG TilesetLoader        - Writing to buffer: dst=608,96, w=32,h=32, src=64,256
21:21:32.169 [FXGL Background Thread 1 ] DEBUG TilesetLoader        - Writing to buffer: dst=640,96, w=32,h=32, src=64,256
21:21:32.169 [FXGL Background Thread 1 ] DEBUG TilesetLoader        - Writing to buffer: dst=672,96, w=32,h=32, src=64,256
21:21:32.169 [FXGL Background Thread 1 ] DEBUG TilesetLoader        - Writing to buffer: dst=704,96, w=32,h=32, src=64,256
21:21:32.169 [FXGL Background Thread 1 ] DEBUG TilesetLoader        - Writing to buffer: dst=736,96, w=32,h=32, src=64,256
21:21:32.169 [FXGL Background Thread 1 ] DEBUG TilesetLoader        - Writing to buffer: dst=768,96, w=32,h=32, src=64,256
21:21:32.169 [FXGL Background Thread 1 ] DEBUG TilesetLoader        - Writing to buffer: dst=800,96, w=32,h=32, src=64,256
21:21:32.170 [FXGL Background Thread 1 ] DEBUG TilesetLoader        - Writing to buffer: dst=832,96, w=32,h=32, src=64,256
21:21:32.170 [FXGL Background Thread 1 ] DEBUG TilesetLoader        - Writing to buffer: dst=864,96, w=32,h=32, src=96,256
21:21:32.170 [FXGL Background Thread 1 ] DEBUG TilesetLoader        - Writing to buffer: dst=896,96, w=32,h=32, src=32,64
21:21:32.170 [FXGL Background Thread 1 ] DEBUG TilesetLoader        - Writing to buffer: dst=928,96, w=32,h=32, src=64,64
21:21:32.170 [FXGL Background Thread 1 ] DEBUG TilesetLoader        - Writing to buffer: dst=0,128, w=32,h=32, src=64,64
21:21:32.170 [FXGL Background Thread 1 ] DEBUG TilesetLoader        - Writing to buffer: dst=32,128, w=32,h=32, src=96,64
21:21:32.170 [FXGL Background Thread 1 ] DEBUG TilesetLoader        - Writing to buffer: dst=64,128, w=32,h=32, src=32,256
21:21:32.170 [FXGL Background Thread 1 ] DEBUG TilesetLoader        - Writing to buffer: dst=96,128, w=32,h=32, src=64,256
21:21:32.170 [FXGL Background Thread 1 ] DEBUG TilesetLoader        - Writing to buffer: dst=128,128, w=32,h=32, src=64,256
21:21:32.170 [FXGL Background Thread 1 ] DEBUG TilesetLoader        - Writing to buffer: dst=160,128, w=32,h=32, src=64,256
21:21:32.170 [FXGL Background Thread 1 ] DEBUG TilesetLoader        - Writing to buffer: dst=192,128, w=32,h=32, src=64,256
21:21:32.170 [FXGL Background Thread 1 ] DEBUG TilesetLoader        - Writing to buffer: dst=224,128, w=32,h=32, src=64,256
21:21:32.170 [FXGL Background Thread 1 ] DEBUG TilesetLoader        - Writing to buffer: dst=256,128, w=32,h=32, src=64,256
21:21:32.170 [FXGL Background Thread 1 ] DEBUG TilesetLoader        - Writing to buffer: dst=288,128, w=32,h=32, src=64,256
21:21:32.170 [FXGL Background Thread 1 ] DEBUG TilesetLoader        - Writing to buffer: dst=320,128, w=32,h=32, src=32,64
21:21:32.170 [FXGL Background Thread 1 ] DEBUG TilesetLoader        - Writing to buffer: dst=352,128, w=32,h=32, src=96,64
21:21:32.171 [FXGL Background Thread 1 ] DEBUG TilesetLoader        - Writing to buffer: dst=384,128, w=32,h=32, src=64,256
21:21:32.171 [FXGL Background Thread 1 ] DEBUG TilesetLoader        - Writing to buffer: dst=416,128, w=32,h=32, src=64,256
21:21:32.171 [FXGL Background Thread 1 ] DEBUG TilesetLoader        - Writing to buffer: dst=448,128, w=32,h=32, src=64,256
21:21:32.171 [FXGL Background Thread 1 ] DEBUG TilesetLoader        - Writing to buffer: dst=480,128, w=32,h=32, src=64,256
21:21:32.171 [FXGL Background Thread 1 ] DEBUG TilesetLoader        - Writing to buffer: dst=512,128, w=32,h=32, src=64,256
21:21:32.171 [FXGL Background Thread 1 ] DEBUG TilesetLoader        - Writing to buffer: dst=544,128, w=32,h=32, src=64,256
21:21:32.171 [FXGL Background Thread 1 ] DEBUG TilesetLoader        - Writing to buffer: dst=576,128, w=32,h=32, src=64,256
21:21:32.171 [FXGL Background Thread 1 ] DEBUG TilesetLoader        - Writing to buffer: dst=608,128, w=32,h=32, src=64,256
21:21:32.171 [FXGL Background Thread 1 ] DEBUG TilesetLoader        - Writing to buffer: dst=640,128, w=32,h=32, src=64,256
21:21:32.171 [FXGL Background Thread 1 ] DEBUG TilesetLoader        - Writing to buffer: dst=672,128, w=32,h=32, src=64,256
21:21:32.171 [FXGL Background Thread 1 ] DEBUG TilesetLoader        - Writing to buffer: dst=704,128, w=32,h=32, src=64,256
21:21:32.171 [FXGL Background Thread 1 ] DEBUG TilesetLoader        - Writing to buffer: dst=736,128, w=32,h=32, src=64,256
21:21:32.171 [FXGL Background Thread 1 ] DEBUG TilesetLoader        - Writing to buffer: dst=768,128, w=32,h=32, src=64,256
21:21:32.171 [FXGL Background Thread 1 ] DEBUG TilesetLoader        - Writing to buffer: dst=800,128, w=32,h=32, src=64,256
21:21:32.171 [FXGL Background Thread 1 ] DEBUG TilesetLoader        - Writing to buffer: dst=832,128, w=32,h=32, src=64,256
21:21:32.172 [FXGL Background Thread 1 ] DEBUG TilesetLoader        - Writing to buffer: dst=864,128, w=32,h=32, src=96,256
21:21:32.172 [FXGL Background Thread 1 ] DEBUG TilesetLoader        - Writing to buffer: dst=896,128, w=32,h=32, src=32,64
21:21:32.172 [FXGL Background Thread 1 ] DEBUG TilesetLoader        - Writing to buffer: dst=928,128, w=32,h=32, src=64,64
21:21:32.172 [FXGL Background Thread 1 ] DEBUG TilesetLoader        - Writing to buffer: dst=0,160, w=32,h=32, src=64,64
21:21:32.172 [FXGL Background Thread 1 ] DEBUG TilesetLoader        - Writing to buffer: dst=32,160, w=32,h=32, src=96,64
21:21:32.172 [FXGL Background Thread 1 ] DEBUG TilesetLoader        - Writing to buffer: dst=64,160, w=32,h=32, src=32,256
21:21:32.172 [FXGL Background Thread 1 ] DEBUG TilesetLoader        - Writing to buffer: dst=96,160, w=32,h=32, src=64,256
21:21:32.172 [FXGL Background Thread 1 ] DEBUG TilesetLoader        - Writing to buffer: dst=128,160, w=32,h=32, src=64,256
21:21:32.172 [FXGL Background Thread 1 ] DEBUG TilesetLoader        - Writing to buffer: dst=160,160, w=32,h=32, src=64,256
21:21:32.172 [FXGL Background Thread 1 ] DEBUG TilesetLoader        - Writing to buffer: dst=192,160, w=32,h=32, src=64,256
21:21:32.172 [FXGL Background Thread 1 ] DEBUG TilesetLoader        - Writing to buffer: dst=224,160, w=32,h=32, src=64,256
21:21:32.172 [FXGL Background Thread 1 ] DEBUG TilesetLoader        - Writing to buffer: dst=256,160, w=32,h=32, src=64,256
21:21:32.172 [FXGL Background Thread 1 ] DEBUG TilesetLoader        - Writing to buffer: dst=288,160, w=32,h=32, src=64,256
21:21:32.172 [FXGL Background Thread 1 ] DEBUG TilesetLoader        - Writing to buffer: dst=320,160, w=32,h=32, src=32,64
21:21:32.172 [FXGL Background Thread 1 ] DEBUG TilesetLoader        - Writing to buffer: dst=352,160, w=32,h=32, src=96,64
21:21:32.173 [FXGL Background Thread 1 ] DEBUG TilesetLoader        - Writing to buffer: dst=384,160, w=32,h=32, src=64,256
21:21:32.173 [FXGL Background Thread 1 ] DEBUG TilesetLoader        - Writing to buffer: dst=416,160, w=32,h=32, src=64,256
21:21:32.173 [FXGL Background Thread 1 ] DEBUG TilesetLoader        - Writing to buffer: dst=448,160, w=32,h=32, src=64,256
21:21:32.173 [FXGL Background Thread 1 ] DEBUG TilesetLoader        - Writing to buffer: dst=480,160, w=32,h=32, src=64,256
21:21:32.173 [FXGL Background Thread 1 ] DEBUG TilesetLoader        - Writing to buffer: dst=512,160, w=32,h=32, src=64,256
21:21:32.173 [FXGL Background Thread 1 ] DEBUG TilesetLoader        - Writing to buffer: dst=544,160, w=32,h=32, src=64,256
21:21:32.173 [FXGL Background Thread 1 ] DEBUG TilesetLoader        - Writing to buffer: dst=576,160, w=32,h=32, src=64,256
21:21:32.173 [FXGL Background Thread 1 ] DEBUG TilesetLoader        - Writing to buffer: dst=608,160, w=32,h=32, src=64,256
21:21:32.173 [FXGL Background Thread 1 ] DEBUG TilesetLoader        - Writing to buffer: dst=640,160, w=32,h=32, src=64,256
21:21:32.173 [FXGL Background Thread 1 ] DEBUG TilesetLoader        - Writing to buffer: dst=672,160, w=32,h=32, src=64,256
21:21:32.173 [FXGL Background Thread 1 ] DEBUG TilesetLoader        - Writing to buffer: dst=704,160, w=32,h=32, src=64,256
21:21:32.173 [FXGL Background Thread 1 ] DEBUG TilesetLoader        - Writing to buffer: dst=736,160, w=32,h=32, src=64,256
21:21:32.173 [FXGL Background Thread 1 ] DEBUG TilesetLoader        - Writing to buffer: dst=768,160, w=32,h=32, src=64,256
21:21:32.173 [FXGL Background Thread 1 ] DEBUG TilesetLoader        - Writing to buffer: dst=800,160, w=32,h=32, src=64,256
21:21:32.174 [FXGL Background Thread 1 ] DEBUG TilesetLoader        - Writing to buffer: dst=832,160, w=32,h=32, src=64,256
21:21:32.174 [FXGL Background Thread 1 ] DEBUG TilesetLoader        - Writing to buffer: dst=864,160, w=32,h=32, src=96,256
21:21:32.174 [FXGL Background Thread 1 ] DEBUG TilesetLoader        - Writing to buffer: dst=896,160, w=32,h=32, src=32,64
21:21:32.174 [FXGL Background Thread 1 ] DEBUG TilesetLoader        - Writing to buffer: dst=928,160, w=32,h=32, src=64,64
21:21:32.174 [FXGL Background Thread 1 ] DEBUG TilesetLoader        - Writing to buffer: dst=0,192, w=32,h=32, src=64,64
21:21:32.174 [FXGL Background Thread 1 ] DEBUG TilesetLoader        - Writing to buffer: dst=32,192, w=32,h=32, src=96,64
21:21:32.174 [FXGL Background Thread 1 ] DEBUG TilesetLoader        - Writing to buffer: dst=64,192, w=32,h=32, src=32,256
21:21:32.174 [FXGL Background Thread 1 ] DEBUG TilesetLoader        - Writing to buffer: dst=96,192, w=32,h=32, src=64,256
21:21:32.174 [FXGL Background Thread 1 ] DEBUG TilesetLoader        - Writing to buffer: dst=128,192, w=32,h=32, src=64,256
21:21:32.174 [FXGL Background Thread 1 ] DEBUG TilesetLoader        - Writing to buffer: dst=160,192, w=32,h=32, src=64,256
21:21:32.174 [FXGL Background Thread 1 ] DEBUG TilesetLoader        - Writing to buffer: dst=192,192, w=32,h=32, src=64,256
21:21:32.174 [FXGL Background Thread 1 ] DEBUG TilesetLoader        - Writing to buffer: dst=224,192, w=32,h=32, src=64,256
21:21:32.174 [FXGL Background Thread 1 ] DEBUG TilesetLoader        - Writing to buffer: dst=256,192, w=32,h=32, src=64,256
21:21:32.174 [FXGL Background Thread 1 ] DEBUG TilesetLoader        - Writing to buffer: dst=288,192, w=32,h=32, src=64,256
21:21:32.174 [FXGL Background Thread 1 ] DEBUG TilesetLoader        - Writing to buffer: dst=320,192, w=32,h=32, src=32,64
21:21:32.174 [FXGL Background Thread 1 ] DEBUG TilesetLoader        - Writing to buffer: dst=352,192, w=32,h=32, src=96,64
21:21:32.175 [FXGL Background Thread 1 ] DEBUG TilesetLoader        - Writing to buffer: dst=384,192, w=32,h=32, src=64,256
21:21:32.175 [FXGL Background Thread 1 ] DEBUG TilesetLoader        - Writing to buffer: dst=416,192, w=32,h=32, src=64,256
21:21:32.175 [FXGL Background Thread 1 ] DEBUG TilesetLoader        - Writing to buffer: dst=448,192, w=32,h=32, src=64,256
21:21:32.175 [FXGL Background Thread 1 ] DEBUG TilesetLoader        - Writing to buffer: dst=480,192, w=32,h=32, src=64,256
21:21:32.175 [FXGL Background Thread 1 ] DEBUG TilesetLoader        - Writing to buffer: dst=512,192, w=32,h=32, src=64,256
21:21:32.175 [FXGL Background Thread 1 ] DEBUG TilesetLoader        - Writing to buffer: dst=544,192, w=32,h=32, src=64,256
21:21:32.175 [FXGL Background Thread 1 ] DEBUG TilesetLoader        - Writing to buffer: dst=576,192, w=32,h=32, src=64,256
21:21:32.175 [FXGL Background Thread 1 ] DEBUG TilesetLoader        - Writing to buffer: dst=608,192, w=32,h=32, src=64,256
21:21:32.175 [FXGL Background Thread 1 ] DEBUG TilesetLoader        - Writing to buffer: dst=640,192, w=32,h=32, src=64,256
21:21:32.175 [FXGL Background Thread 1 ] DEBUG TilesetLoader        - Writing to buffer: dst=672,192, w=32,h=32, src=64,256
21:21:32.175 [FXGL Background Thread 1 ] DEBUG TilesetLoader        - Writing to buffer: dst=704,192, w=32,h=32, src=64,256
21:21:32.175 [FXGL Background Thread 1 ] DEBUG TilesetLoader        - Writing to buffer: dst=736,192, w=32,h=32, src=64,256
21:21:32.175 [FXGL Background Thread 1 ] DEBUG TilesetLoader        - Writing to buffer: dst=768,192, w=32,h=32, src=64,256
21:21:32.175 [FXGL Background Thread 1 ] DEBUG TilesetLoader        - Writing to buffer: dst=800,192, w=32,h=32, src=64,256
21:21:32.175 [FXGL Background Thread 1 ] DEBUG TilesetLoader        - Writing to buffer: dst=832,192, w=32,h=32, src=64,256
21:21:32.175 [FXGL Background Thread 1 ] DEBUG TilesetLoader        - Writing to buffer: dst=864,192, w=32,h=32, src=96,256
21:21:32.175 [FXGL Background Thread 1 ] DEBUG TilesetLoader        - Writing to buffer: dst=896,192, w=32,h=32, src=32,64
21:21:32.175 [FXGL Background Thread 1 ] DEBUG TilesetLoader        - Writing to buffer: dst=928,192, w=32,h=32, src=64,64
21:21:32.176 [FXGL Background Thread 1 ] DEBUG TilesetLoader        - Writing to buffer: dst=0,224, w=32,h=32, src=64,64
21:21:32.176 [FXGL Background Thread 1 ] DEBUG TilesetLoader        - Writing to buffer: dst=32,224, w=32,h=32, src=96,64
21:21:32.176 [FXGL Background Thread 1 ] DEBUG TilesetLoader        - Writing to buffer: dst=64,224, w=32,h=32, src=32,256
21:21:32.176 [FXGL Background Thread 1 ] DEBUG TilesetLoader        - Writing to buffer: dst=96,224, w=32,h=32, src=64,256
21:21:32.176 [FXGL Background Thread 1 ] DEBUG TilesetLoader        - Writing to buffer: dst=128,224, w=32,h=32, src=64,256
21:21:32.176 [FXGL Background Thread 1 ] DEBUG TilesetLoader        - Writing to buffer: dst=160,224, w=32,h=32, src=64,256
21:21:32.176 [FXGL Background Thread 1 ] DEBUG TilesetLoader        - Writing to buffer: dst=192,224, w=32,h=32, src=64,256
21:21:32.176 [FXGL Background Thread 1 ] DEBUG TilesetLoader        - Writing to buffer: dst=224,224, w=32,h=32, src=64,256
21:21:32.176 [FXGL Background Thread 1 ] DEBUG TilesetLoader        - Writing to buffer: dst=256,224, w=32,h=32, src=64,256
21:21:32.176 [FXGL Background Thread 1 ] DEBUG TilesetLoader        - Writing to buffer: dst=288,224, w=32,h=32, src=64,256
21:21:32.176 [FXGL Background Thread 1 ] DEBUG TilesetLoader        - Writing to buffer: dst=320,224, w=32,h=32, src=32,64
21:21:32.177 [FXGL Background Thread 1 ] DEBUG TilesetLoader        - Writing to buffer: dst=352,224, w=32,h=32, src=96,64
21:21:32.177 [FXGL Background Thread 1 ] DEBUG TilesetLoader        - Writing to buffer: dst=384,224, w=32,h=32, src=64,256
21:21:32.177 [FXGL Background Thread 1 ] DEBUG TilesetLoader        - Writing to buffer: dst=416,224, w=32,h=32, src=64,256
21:21:32.177 [FXGL Background Thread 1 ] DEBUG TilesetLoader        - Writing to buffer: dst=448,224, w=32,h=32, src=64,256
21:21:32.177 [FXGL Background Thread 1 ] DEBUG TilesetLoader        - Writing to buffer: dst=480,224, w=32,h=32, src=64,256
21:21:32.177 [FXGL Background Thread 1 ] DEBUG TilesetLoader        - Writing to buffer: dst=512,224, w=32,h=32, src=64,256
21:21:32.177 [FXGL Background Thread 1 ] DEBUG TilesetLoader        - Writing to buffer: dst=544,224, w=32,h=32, src=64,256
21:21:32.177 [FXGL Background Thread 1 ] DEBUG TilesetLoader        - Writing to buffer: dst=576,224, w=32,h=32, src=64,256
21:21:32.177 [FXGL Background Thread 1 ] DEBUG TilesetLoader        - Writing to buffer: dst=608,224, w=32,h=32, src=64,256
21:21:32.177 [FXGL Background Thread 1 ] DEBUG TilesetLoader        - Writing to buffer: dst=640,224, w=32,h=32, src=64,256
21:21:32.177 [FXGL Background Thread 1 ] DEBUG TilesetLoader        - Writing to buffer: dst=672,224, w=32,h=32, src=64,256
21:21:32.177 [FXGL Background Thread 1 ] DEBUG TilesetLoader        - Writing to buffer: dst=704,224, w=32,h=32, src=64,256
21:21:32.177 [FXGL Background Thread 1 ] DEBUG TilesetLoader        - Writing to buffer: dst=736,224, w=32,h=32, src=64,256
21:21:32.177 [FXGL Background Thread 1 ] DEBUG TilesetLoader        - Writing to buffer: dst=768,224, w=32,h=32, src=64,256
21:21:32.177 [FXGL Background Thread 1 ] DEBUG TilesetLoader        - Writing to buffer: dst=800,224, w=32,h=32, src=64,256
21:21:32.178 [FXGL Background Thread 1 ] DEBUG TilesetLoader        - Writing to buffer: dst=832,224, w=32,h=32, src=64,256
21:21:32.178 [FXGL Background Thread 1 ] DEBUG TilesetLoader        - Writing to buffer: dst=864,224, w=32,h=32, src=96,256
21:21:32.178 [FXGL Background Thread 1 ] DEBUG TilesetLoader        - Writing to buffer: dst=896,224, w=32,h=32, src=32,64
21:21:32.178 [FXGL Background Thread 1 ] DEBUG TilesetLoader        - Writing to buffer: dst=928,224, w=32,h=32, src=64,64
21:21:32.178 [FXGL Background Thread 1 ] DEBUG TilesetLoader        - Writing to buffer: dst=0,256, w=32,h=32, src=64,64
21:21:32.178 [FXGL Background Thread 1 ] DEBUG TilesetLoader        - Writing to buffer: dst=32,256, w=32,h=32, src=96,64
21:21:32.178 [FXGL Background Thread 1 ] DEBUG TilesetLoader        - Writing to buffer: dst=64,256, w=32,h=32, src=32,256
21:21:32.178 [FXGL Background Thread 1 ] DEBUG TilesetLoader        - Writing to buffer: dst=96,256, w=32,h=32, src=64,256
21:21:32.178 [FXGL Background Thread 1 ] DEBUG TilesetLoader        - Writing to buffer: dst=128,256, w=32,h=32, src=64,256
21:21:32.178 [FXGL Background Thread 1 ] DEBUG TilesetLoader        - Writing to buffer: dst=160,256, w=32,h=32, src=64,256
21:21:32.178 [FXGL Background Thread 1 ] DEBUG TilesetLoader        - Writing to buffer: dst=192,256, w=32,h=32, src=64,256
21:21:32.178 [FXGL Background Thread 1 ] DEBUG TilesetLoader        - Writing to buffer: dst=224,256, w=32,h=32, src=64,256
21:21:32.178 [FXGL Background Thread 1 ] DEBUG TilesetLoader        - Writing to buffer: dst=256,256, w=32,h=32, src=64,256
21:21:32.178 [FXGL Background Thread 1 ] DEBUG TilesetLoader        - Writing to buffer: dst=288,256, w=32,h=32, src=64,256
21:21:32.178 [FXGL Background Thread 1 ] DEBUG TilesetLoader        - Writing to buffer: dst=320,256, w=32,h=32, src=32,64
21:21:32.178 [FXGL Background Thread 1 ] DEBUG TilesetLoader        - Writing to buffer: dst=352,256, w=32,h=32, src=96,64
21:21:32.178 [FXGL Background Thread 1 ] DEBUG TilesetLoader        - Writing to buffer: dst=384,256, w=32,h=32, src=64,256
21:21:32.178 [FXGL Background Thread 1 ] DEBUG TilesetLoader        - Writing to buffer: dst=416,256, w=32,h=32, src=64,256
21:21:32.178 [FXGL Background Thread 1 ] DEBUG TilesetLoader        - Writing to buffer: dst=448,256, w=32,h=32, src=64,256
21:21:32.179 [FXGL Background Thread 1 ] DEBUG TilesetLoader        - Writing to buffer: dst=480,256, w=32,h=32, src=64,256
21:21:32.179 [FXGL Background Thread 1 ] DEBUG TilesetLoader        - Writing to buffer: dst=512,256, w=32,h=32, src=64,256
21:21:32.179 [FXGL Background Thread 1 ] DEBUG TilesetLoader        - Writing to buffer: dst=544,256, w=32,h=32, src=64,256
21:21:32.179 [FXGL Background Thread 1 ] DEBUG TilesetLoader        - Writing to buffer: dst=576,256, w=32,h=32, src=64,256
21:21:32.179 [FXGL Background Thread 1 ] DEBUG TilesetLoader        - Writing to buffer: dst=608,256, w=32,h=32, src=64,256
21:21:32.179 [FXGL Background Thread 1 ] DEBUG TilesetLoader        - Writing to buffer: dst=640,256, w=32,h=32, src=64,256
21:21:32.179 [FXGL Background Thread 1 ] DEBUG TilesetLoader        - Writing to buffer: dst=672,256, w=32,h=32, src=64,256
21:21:32.179 [FXGL Background Thread 1 ] DEBUG TilesetLoader        - Writing to buffer: dst=704,256, w=32,h=32, src=64,256
21:21:32.179 [FXGL Background Thread 1 ] DEBUG TilesetLoader        - Writing to buffer: dst=736,256, w=32,h=32, src=64,256
21:21:32.179 [FXGL Background Thread 1 ] DEBUG TilesetLoader        - Writing to buffer: dst=768,256, w=32,h=32, src=64,256
21:21:32.179 [FXGL Background Thread 1 ] DEBUG TilesetLoader        - Writing to buffer: dst=800,256, w=32,h=32, src=64,256
21:21:32.179 [FXGL Background Thread 1 ] DEBUG TilesetLoader        - Writing to buffer: dst=832,256, w=32,h=32, src=64,256
21:21:32.179 [FXGL Background Thread 1 ] DEBUG TilesetLoader        - Writing to buffer: dst=864,256, w=32,h=32, src=96,256
21:21:32.179 [FXGL Background Thread 1 ] DEBUG TilesetLoader        - Writing to buffer: dst=896,256, w=32,h=32, src=32,64
21:21:32.179 [FXGL Background Thread 1 ] DEBUG TilesetLoader        - Writing to buffer: dst=928,256, w=32,h=32, src=64,64
21:21:32.179 [FXGL Background Thread 1 ] DEBUG TilesetLoader        - Writing to buffer: dst=0,288, w=32,h=32, src=64,64
21:21:32.179 [FXGL Background Thread 1 ] DEBUG TilesetLoader        - Writing to buffer: dst=32,288, w=32,h=32, src=96,64
21:21:32.179 [FXGL Background Thread 1 ] DEBUG TilesetLoader        - Writing to buffer: dst=64,288, w=32,h=32, src=32,256
21:21:32.179 [FXGL Background Thread 1 ] DEBUG TilesetLoader        - Writing to buffer: dst=96,288, w=32,h=32, src=64,256
21:21:32.179 [FXGL Background Thread 1 ] DEBUG TilesetLoader        - Writing to buffer: dst=128,288, w=32,h=32, src=64,256
21:21:32.179 [FXGL Background Thread 1 ] DEBUG TilesetLoader        - Writing to buffer: dst=160,288, w=32,h=32, src=64,256
21:21:32.179 [FXGL Background Thread 1 ] DEBUG TilesetLoader        - Writing to buffer: dst=192,288, w=32,h=32, src=64,256
21:21:32.179 [FXGL Background Thread 1 ] DEBUG TilesetLoader        - Writing to buffer: dst=224,288, w=32,h=32, src=32,32
21:21:32.179 [FXGL Background Thread 1 ] DEBUG TilesetLoader        - Writing to buffer: dst=256,288, w=32,h=32, src=64,32
21:21:32.179 [FXGL Background Thread 1 ] DEBUG TilesetLoader        - Writing to buffer: dst=288,288, w=32,h=32, src=64,32
21:21:32.180 [FXGL Background Thread 1 ] DEBUG TilesetLoader        - Writing to buffer: dst=320,288, w=32,h=32, src=256,64
21:21:32.180 [FXGL Background Thread 1 ] DEBUG TilesetLoader        - Writing to buffer: dst=352,288, w=32,h=32, src=96,64
21:21:32.180 [FXGL Background Thread 1 ] DEBUG TilesetLoader        - Writing to buffer: dst=384,288, w=32,h=32, src=64,256
21:21:32.180 [FXGL Background Thread 1 ] DEBUG TilesetLoader        - Writing to buffer: dst=416,288, w=32,h=32, src=64,256
21:21:32.180 [FXGL Background Thread 1 ] DEBUG TilesetLoader        - Writing to buffer: dst=448,288, w=32,h=32, src=64,256
21:21:32.180 [FXGL Background Thread 1 ] DEBUG TilesetLoader        - Writing to buffer: dst=480,288, w=32,h=32, src=64,256
21:21:32.180 [FXGL Background Thread 1 ] DEBUG TilesetLoader        - Writing to buffer: dst=512,288, w=32,h=32, src=64,256
21:21:32.180 [FXGL Background Thread 1 ] DEBUG TilesetLoader        - Writing to buffer: dst=544,288, w=32,h=32, src=64,256
21:21:32.180 [FXGL Background Thread 1 ] DEBUG TilesetLoader        - Writing to buffer: dst=576,288, w=32,h=32, src=64,256
21:21:32.180 [FXGL Background Thread 1 ] DEBUG TilesetLoader        - Writing to buffer: dst=608,288, w=32,h=32, src=64,256
21:21:32.180 [FXGL Background Thread 1 ] DEBUG TilesetLoader        - Writing to buffer: dst=640,288, w=32,h=32, src=64,256
21:21:32.180 [FXGL Background Thread 1 ] DEBUG TilesetLoader        - Writing to buffer: dst=672,288, w=32,h=32, src=64,256
21:21:32.180 [FXGL Background Thread 1 ] DEBUG TilesetLoader        - Writing to buffer: dst=704,288, w=32,h=32, src=64,256
21:21:32.180 [FXGL Background Thread 1 ] DEBUG TilesetLoader        - Writing to buffer: dst=736,288, w=32,h=32, src=64,256
21:21:32.180 [FXGL Background Thread 1 ] DEBUG TilesetLoader        - Writing to buffer: dst=768,288, w=32,h=32, src=64,256
21:21:32.180 [FXGL Background Thread 1 ] DEBUG TilesetLoader        - Writing to buffer: dst=800,288, w=32,h=32, src=64,256
21:21:32.180 [FXGL Background Thread 1 ] DEBUG TilesetLoader        - Writing to buffer: dst=832,288, w=32,h=32, src=64,256
21:21:32.180 [FXGL Background Thread 1 ] DEBUG TilesetLoader        - Writing to buffer: dst=864,288, w=32,h=32, src=96,256
21:21:32.180 [FXGL Background Thread 1 ] DEBUG TilesetLoader        - Writing to buffer: dst=896,288, w=32,h=32, src=32,64
21:21:32.180 [FXGL Background Thread 1 ] DEBUG TilesetLoader        - Writing to buffer: dst=928,288, w=32,h=32, src=64,64
21:21:32.180 [FXGL Background Thread 1 ] DEBUG TilesetLoader        - Writing to buffer: dst=0,320, w=32,h=32, src=64,64
21:21:32.180 [FXGL Background Thread 1 ] DEBUG TilesetLoader        - Writing to buffer: dst=32,320, w=32,h=32, src=96,64
21:21:32.181 [FXGL Background Thread 1 ] DEBUG TilesetLoader        - Writing to buffer: dst=64,320, w=32,h=32, src=32,256
21:21:32.181 [FXGL Background Thread 1 ] DEBUG TilesetLoader        - Writing to buffer: dst=96,320, w=32,h=32, src=64,256
21:21:32.181 [FXGL Background Thread 1 ] DEBUG TilesetLoader        - Writing to buffer: dst=128,320, w=32,h=32, src=64,256
21:21:32.181 [FXGL Background Thread 1 ] DEBUG TilesetLoader        - Writing to buffer: dst=160,320, w=32,h=32, src=64,256
21:21:32.181 [FXGL Background Thread 1 ] DEBUG TilesetLoader        - Writing to buffer: dst=192,320, w=32,h=32, src=64,256
21:21:32.181 [FXGL Background Thread 1 ] DEBUG TilesetLoader        - Writing to buffer: dst=224,320, w=32,h=32, src=32,96
21:21:32.181 [FXGL Background Thread 1 ] DEBUG TilesetLoader        - Writing to buffer: dst=256,320, w=32,h=32, src=64,96
21:21:32.181 [FXGL Background Thread 1 ] DEBUG TilesetLoader        - Writing to buffer: dst=288,320, w=32,h=32, src=64,96
21:21:32.181 [FXGL Background Thread 1 ] DEBUG TilesetLoader        - Writing to buffer: dst=320,320, w=32,h=32, src=64,96
21:21:32.181 [FXGL Background Thread 1 ] DEBUG TilesetLoader        - Writing to buffer: dst=352,320, w=32,h=32, src=96,96
21:21:32.181 [FXGL Background Thread 1 ] DEBUG TilesetLoader        - Writing to buffer: dst=384,320, w=32,h=32, src=64,256
21:21:32.181 [FXGL Background Thread 1 ] DEBUG TilesetLoader        - Writing to buffer: dst=416,320, w=32,h=32, src=64,256
21:21:32.181 [FXGL Background Thread 1 ] DEBUG TilesetLoader        - Writing to buffer: dst=448,320, w=32,h=32, src=64,256
21:21:32.181 [FXGL Background Thread 1 ] DEBUG TilesetLoader        - Writing to buffer: dst=480,320, w=32,h=32, src=64,256
21:21:32.181 [FXGL Background Thread 1 ] DEBUG TilesetLoader        - Writing to buffer: dst=512,320, w=32,h=32, src=64,256
21:21:32.181 [FXGL Background Thread 1 ] DEBUG TilesetLoader        - Writing to buffer: dst=544,320, w=32,h=32, src=64,256
21:21:32.181 [FXGL Background Thread 1 ] DEBUG TilesetLoader        - Writing to buffer: dst=576,320, w=32,h=32, src=64,256
21:21:32.181 [FXGL Background Thread 1 ] DEBUG TilesetLoader        - Writing to buffer: dst=608,320, w=32,h=32, src=64,256
21:21:32.181 [FXGL Background Thread 1 ] DEBUG TilesetLoader        - Writing to buffer: dst=640,320, w=32,h=32, src=64,256
21:21:32.181 [FXGL Background Thread 1 ] DEBUG TilesetLoader        - Writing to buffer: dst=672,320, w=32,h=32, src=64,256
21:21:32.181 [FXGL Background Thread 1 ] DEBUG TilesetLoader        - Writing to buffer: dst=704,320, w=32,h=32, src=64,256
21:21:32.181 [FXGL Background Thread 1 ] DEBUG TilesetLoader        - Writing to buffer: dst=736,320, w=32,h=32, src=64,256
21:21:32.181 [FXGL Background Thread 1 ] DEBUG TilesetLoader        - Writing to buffer: dst=768,320, w=32,h=32, src=64,256
21:21:32.181 [FXGL Background Thread 1 ] DEBUG TilesetLoader        - Writing to buffer: dst=800,320, w=32,h=32, src=64,256
21:21:32.181 [FXGL Background Thread 1 ] DEBUG TilesetLoader        - Writing to buffer: dst=832,320, w=32,h=32, src=64,256
21:21:32.181 [FXGL Background Thread 1 ] DEBUG TilesetLoader        - Writing to buffer: dst=864,320, w=32,h=32, src=96,256
21:21:32.181 [FXGL Background Thread 1 ] DEBUG TilesetLoader        - Writing to buffer: dst=896,320, w=32,h=32, src=32,64
21:21:32.181 [FXGL Background Thread 1 ] DEBUG TilesetLoader        - Writing to buffer: dst=928,320, w=32,h=32, src=64,64
21:21:32.181 [FXGL Background Thread 1 ] DEBUG TilesetLoader        - Writing to buffer: dst=0,352, w=32,h=32, src=64,64
21:21:32.181 [FXGL Background Thread 1 ] DEBUG TilesetLoader        - Writing to buffer: dst=32,352, w=32,h=32, src=96,64
21:21:32.181 [FXGL Background Thread 1 ] DEBUG TilesetLoader        - Writing to buffer: dst=64,352, w=32,h=32, src=32,256
21:21:32.182 [FXGL Background Thread 1 ] DEBUG TilesetLoader        - Writing to buffer: dst=96,352, w=32,h=32, src=64,256
21:21:32.182 [FXGL Background Thread 1 ] DEBUG TilesetLoader        - Writing to buffer: dst=128,352, w=32,h=32, src=64,256
21:21:32.182 [FXGL Background Thread 1 ] DEBUG TilesetLoader        - Writing to buffer: dst=160,352, w=32,h=32, src=64,256
21:21:32.182 [FXGL Background Thread 1 ] DEBUG TilesetLoader        - Writing to buffer: dst=192,352, w=32,h=32, src=64,256
21:21:32.182 [FXGL Background Thread 1 ] DEBUG TilesetLoader        - Writing to buffer: dst=224,352, w=32,h=32, src=64,256
21:21:32.182 [FXGL Background Thread 1 ] DEBUG TilesetLoader        - Writing to buffer: dst=256,352, w=32,h=32, src=64,256
21:21:32.182 [FXGL Background Thread 1 ] DEBUG TilesetLoader        - Writing to buffer: dst=288,352, w=32,h=32, src=64,256
21:21:32.182 [FXGL Background Thread 1 ] DEBUG TilesetLoader        - Writing to buffer: dst=320,352, w=32,h=32, src=64,256
21:21:32.182 [FXGL Background Thread 1 ] DEBUG TilesetLoader        - Writing to buffer: dst=352,352, w=32,h=32, src=64,256
21:21:32.182 [FXGL Background Thread 1 ] DEBUG TilesetLoader        - Writing to buffer: dst=384,352, w=32,h=32, src=64,256
21:21:32.182 [FXGL Background Thread 1 ] DEBUG TilesetLoader        - Writing to buffer: dst=416,352, w=32,h=32, src=64,256
21:21:32.182 [FXGL Background Thread 1 ] DEBUG TilesetLoader        - Writing to buffer: dst=448,352, w=32,h=32, src=64,256
21:21:32.182 [FXGL Background Thread 1 ] DEBUG TilesetLoader        - Writing to buffer: dst=480,352, w=32,h=32, src=64,256
21:21:32.182 [FXGL Background Thread 1 ] DEBUG TilesetLoader        - Writing to buffer: dst=512,352, w=32,h=32, src=64,256
21:21:32.182 [FXGL Background Thread 1 ] DEBUG TilesetLoader        - Writing to buffer: dst=544,352, w=32,h=32, src=64,256
21:21:32.182 [FXGL Background Thread 1 ] DEBUG TilesetLoader        - Writing to buffer: dst=576,352, w=32,h=32, src=64,256
21:21:32.182 [FXGL Background Thread 1 ] DEBUG TilesetLoader        - Writing to buffer: dst=608,352, w=32,h=32, src=64,256
21:21:32.182 [FXGL Background Thread 1 ] DEBUG TilesetLoader        - Writing to buffer: dst=640,352, w=32,h=32, src=64,256
21:21:32.182 [FXGL Background Thread 1 ] DEBUG TilesetLoader        - Writing to buffer: dst=672,352, w=32,h=32, src=64,256
21:21:32.182 [FXGL Background Thread 1 ] DEBUG TilesetLoader        - Writing to buffer: dst=704,352, w=32,h=32, src=64,256
21:21:32.182 [FXGL Background Thread 1 ] DEBUG TilesetLoader        - Writing to buffer: dst=736,352, w=32,h=32, src=64,256
21:21:32.182 [FXGL Background Thread 1 ] DEBUG TilesetLoader        - Writing to buffer: dst=768,352, w=32,h=32, src=64,256
21:21:32.182 [FXGL Background Thread 1 ] DEBUG TilesetLoader        - Writing to buffer: dst=800,352, w=32,h=32, src=64,256
21:21:32.182 [FXGL Background Thread 1 ] DEBUG TilesetLoader        - Writing to buffer: dst=832,352, w=32,h=32, src=64,256
21:21:32.182 [FXGL Background Thread 1 ] DEBUG TilesetLoader        - Writing to buffer: dst=864,352, w=32,h=32, src=96,256
21:21:32.182 [FXGL Background Thread 1 ] DEBUG TilesetLoader        - Writing to buffer: dst=896,352, w=32,h=32, src=32,64
21:21:32.182 [FXGL Background Thread 1 ] DEBUG TilesetLoader        - Writing to buffer: dst=928,352, w=32,h=32, src=64,64
21:21:32.182 [FXGL Background Thread 1 ] DEBUG TilesetLoader        - Writing to buffer: dst=0,384, w=32,h=32, src=64,64
21:21:32.182 [FXGL Background Thread 1 ] DEBUG TilesetLoader        - Writing to buffer: dst=32,384, w=32,h=32, src=96,64
21:21:32.182 [FXGL Background Thread 1 ] DEBUG TilesetLoader        - Writing to buffer: dst=64,384, w=32,h=32, src=32,256
21:21:32.182 [FXGL Background Thread 1 ] DEBUG TilesetLoader        - Writing to buffer: dst=96,384, w=32,h=32, src=64,256
21:21:32.183 [FXGL Background Thread 1 ] DEBUG TilesetLoader        - Writing to buffer: dst=128,384, w=32,h=32, src=64,256
21:21:32.183 [FXGL Background Thread 1 ] DEBUG TilesetLoader        - Writing to buffer: dst=160,384, w=32,h=32, src=64,256
21:21:32.183 [FXGL Background Thread 1 ] DEBUG TilesetLoader        - Writing to buffer: dst=192,384, w=32,h=32, src=64,256
21:21:32.183 [FXGL Background Thread 1 ] DEBUG TilesetLoader        - Writing to buffer: dst=224,384, w=32,h=32, src=64,256
21:21:32.183 [FXGL Background Thread 1 ] DEBUG TilesetLoader        - Writing to buffer: dst=256,384, w=32,h=32, src=64,256
21:21:32.183 [FXGL Background Thread 1 ] DEBUG TilesetLoader        - Writing to buffer: dst=288,384, w=32,h=32, src=64,256
21:21:32.183 [FXGL Background Thread 1 ] DEBUG TilesetLoader        - Writing to buffer: dst=320,384, w=32,h=32, src=64,256
21:21:32.183 [FXGL Background Thread 1 ] DEBUG TilesetLoader        - Writing to buffer: dst=352,384, w=32,h=32, src=64,256
21:21:32.183 [FXGL Background Thread 1 ] DEBUG TilesetLoader        - Writing to buffer: dst=384,384, w=32,h=32, src=64,256
21:21:32.184 [FXGL Background Thread 1 ] DEBUG TilesetLoader        - Writing to buffer: dst=416,384, w=32,h=32, src=64,256
21:21:32.184 [FXGL Background Thread 1 ] DEBUG TilesetLoader        - Writing to buffer: dst=448,384, w=32,h=32, src=64,256
21:21:32.184 [FXGL Background Thread 1 ] DEBUG TilesetLoader        - Writing to buffer: dst=480,384, w=32,h=32, src=64,256
21:21:32.184 [FXGL Background Thread 1 ] DEBUG TilesetLoader        - Writing to buffer: dst=512,384, w=32,h=32, src=64,256
21:21:32.184 [FXGL Background Thread 1 ] DEBUG TilesetLoader        - Writing to buffer: dst=544,384, w=32,h=32, src=64,256
21:21:32.184 [FXGL Background Thread 1 ] DEBUG TilesetLoader        - Writing to buffer: dst=576,384, w=32,h=32, src=64,256
21:21:32.184 [FXGL Background Thread 1 ] DEBUG TilesetLoader        - Writing to buffer: dst=608,384, w=32,h=32, src=64,256
21:21:32.184 [FXGL Background Thread 1 ] DEBUG TilesetLoader        - Writing to buffer: dst=640,384, w=32,h=32, src=64,256
21:21:32.184 [FXGL Background Thread 1 ] DEBUG TilesetLoader        - Writing to buffer: dst=672,384, w=32,h=32, src=64,256
21:21:32.184 [FXGL Background Thread 1 ] DEBUG TilesetLoader        - Writing to buffer: dst=704,384, w=32,h=32, src=64,256
21:21:32.184 [FXGL Background Thread 1 ] DEBUG TilesetLoader        - Writing to buffer: dst=736,384, w=32,h=32, src=64,256
21:21:32.185 [FXGL Background Thread 1 ] DEBUG TilesetLoader        - Writing to buffer: dst=768,384, w=32,h=32, src=64,256
21:21:32.185 [FXGL Background Thread 1 ] DEBUG TilesetLoader        - Writing to buffer: dst=800,384, w=32,h=32, src=64,256
21:21:32.185 [FXGL Background Thread 1 ] DEBUG TilesetLoader        - Writing to buffer: dst=832,384, w=32,h=32, src=64,256
21:21:32.185 [FXGL Background Thread 1 ] DEBUG TilesetLoader        - Writing to buffer: dst=864,384, w=32,h=32, src=96,256
21:21:32.185 [FXGL Background Thread 1 ] DEBUG TilesetLoader        - Writing to buffer: dst=896,384, w=32,h=32, src=32,64
21:21:32.185 [FXGL Background Thread 1 ] DEBUG TilesetLoader        - Writing to buffer: dst=928,384, w=32,h=32, src=64,64
21:21:32.185 [FXGL Background Thread 1 ] DEBUG TilesetLoader        - Writing to buffer: dst=0,416, w=32,h=32, src=64,64
21:21:32.185 [FXGL Background Thread 1 ] DEBUG TilesetLoader        - Writing to buffer: dst=32,416, w=32,h=32, src=96,64
21:21:32.185 [FXGL Background Thread 1 ] DEBUG TilesetLoader        - Writing to buffer: dst=64,416, w=32,h=32, src=32,256
21:21:32.185 [FXGL Background Thread 1 ] DEBUG TilesetLoader        - Writing to buffer: dst=96,416, w=32,h=32, src=64,256
21:21:32.185 [FXGL Background Thread 1 ] DEBUG TilesetLoader        - Writing to buffer: dst=128,416, w=32,h=32, src=64,256
21:21:32.185 [FXGL Background Thread 1 ] DEBUG TilesetLoader        - Writing to buffer: dst=160,416, w=32,h=32, src=64,256
21:21:32.185 [FXGL Background Thread 1 ] DEBUG TilesetLoader        - Writing to buffer: dst=192,416, w=32,h=32, src=64,256
21:21:32.185 [FXGL Background Thread 1 ] DEBUG TilesetLoader        - Writing to buffer: dst=224,416, w=32,h=32, src=64,256
21:21:32.185 [FXGL Background Thread 1 ] DEBUG TilesetLoader        - Writing to buffer: dst=256,416, w=32,h=32, src=64,256
21:21:32.185 [FXGL Background Thread 1 ] DEBUG TilesetLoader        - Writing to buffer: dst=288,416, w=32,h=32, src=64,256
21:21:32.185 [FXGL Background Thread 1 ] DEBUG TilesetLoader        - Writing to buffer: dst=320,416, w=32,h=32, src=64,256
21:21:32.185 [FXGL Background Thread 1 ] DEBUG TilesetLoader        - Writing to buffer: dst=352,416, w=32,h=32, src=64,256
21:21:32.185 [FXGL Background Thread 1 ] DEBUG TilesetLoader        - Writing to buffer: dst=384,416, w=32,h=32, src=64,256
21:21:32.185 [FXGL Background Thread 1 ] DEBUG TilesetLoader        - Writing to buffer: dst=416,416, w=32,h=32, src=64,256
21:21:32.185 [FXGL Background Thread 1 ] DEBUG TilesetLoader        - Writing to buffer: dst=448,416, w=32,h=32, src=64,256
21:21:32.185 [FXGL Background Thread 1 ] DEBUG TilesetLoader        - Writing to buffer: dst=480,416, w=32,h=32, src=64,256
21:21:32.185 [FXGL Background Thread 1 ] DEBUG TilesetLoader        - Writing to buffer: dst=512,416, w=32,h=32, src=64,256
21:21:32.185 [FXGL Background Thread 1 ] DEBUG TilesetLoader        - Writing to buffer: dst=544,416, w=32,h=32, src=64,256
21:21:32.185 [FXGL Background Thread 1 ] DEBUG TilesetLoader        - Writing to buffer: dst=576,416, w=32,h=32, src=64,256
21:21:32.185 [FXGL Background Thread 1 ] DEBUG TilesetLoader        - Writing to buffer: dst=608,416, w=32,h=32, src=64,256
21:21:32.185 [FXGL Background Thread 1 ] DEBUG TilesetLoader        - Writing to buffer: dst=640,416, w=32,h=32, src=64,256
21:21:32.186 [FXGL Background Thread 1 ] DEBUG TilesetLoader        - Writing to buffer: dst=672,416, w=32,h=32, src=64,256
21:21:32.186 [FXGL Background Thread 1 ] DEBUG TilesetLoader        - Writing to buffer: dst=704,416, w=32,h=32, src=64,256
21:21:32.186 [FXGL Background Thread 1 ] DEBUG TilesetLoader        - Writing to buffer: dst=736,416, w=32,h=32, src=64,256
21:21:32.186 [FXGL Background Thread 1 ] DEBUG TilesetLoader        - Writing to buffer: dst=768,416, w=32,h=32, src=64,256
21:21:32.186 [FXGL Background Thread 1 ] DEBUG TilesetLoader        - Writing to buffer: dst=800,416, w=32,h=32, src=64,256
21:21:32.186 [FXGL Background Thread 1 ] DEBUG TilesetLoader        - Writing to buffer: dst=832,416, w=32,h=32, src=64,256
21:21:32.186 [FXGL Background Thread 1 ] DEBUG TilesetLoader        - Writing to buffer: dst=864,416, w=32,h=32, src=96,256
21:21:32.186 [FXGL Background Thread 1 ] DEBUG TilesetLoader        - Writing to buffer: dst=896,416, w=32,h=32, src=32,64
21:21:32.186 [FXGL Background Thread 1 ] DEBUG TilesetLoader        - Writing to buffer: dst=928,416, w=32,h=32, src=64,64
21:21:32.186 [FXGL Background Thread 1 ] DEBUG TilesetLoader        - Writing to buffer: dst=0,448, w=32,h=32, src=64,64
21:21:32.186 [FXGL Background Thread 1 ] DEBUG TilesetLoader        - Writing to buffer: dst=32,448, w=32,h=32, src=96,64
21:21:32.186 [FXGL Background Thread 1 ] DEBUG TilesetLoader        - Writing to buffer: dst=64,448, w=32,h=32, src=32,256
21:21:32.186 [FXGL Background Thread 1 ] DEBUG TilesetLoader        - Writing to buffer: dst=96,448, w=32,h=32, src=64,256
21:21:32.186 [FXGL Background Thread 1 ] DEBUG TilesetLoader        - Writing to buffer: dst=128,448, w=32,h=32, src=64,256
21:21:32.186 [FXGL Background Thread 1 ] DEBUG TilesetLoader        - Writing to buffer: dst=160,448, w=32,h=32, src=64,256
21:21:32.186 [FXGL Background Thread 1 ] DEBUG TilesetLoader        - Writing to buffer: dst=192,448, w=32,h=32, src=64,256
21:21:32.186 [FXGL Background Thread 1 ] DEBUG TilesetLoader        - Writing to buffer: dst=224,448, w=32,h=32, src=64,256
21:21:32.186 [FXGL Background Thread 1 ] DEBUG TilesetLoader        - Writing to buffer: dst=256,448, w=32,h=32, src=64,256
21:21:32.186 [FXGL Background Thread 1 ] DEBUG TilesetLoader        - Writing to buffer: dst=288,448, w=32,h=32, src=64,256
21:21:32.186 [FXGL Background Thread 1 ] DEBUG TilesetLoader        - Writing to buffer: dst=320,448, w=32,h=32, src=64,256
21:21:32.186 [FXGL Background Thread 1 ] DEBUG TilesetLoader        - Writing to buffer: dst=352,448, w=32,h=32, src=64,256
21:21:32.186 [FXGL Background Thread 1 ] DEBUG TilesetLoader        - Writing to buffer: dst=384,448, w=32,h=32, src=64,256
21:21:32.186 [FXGL Background Thread 1 ] DEBUG TilesetLoader        - Writing to buffer: dst=416,448, w=32,h=32, src=64,256
21:21:32.186 [FXGL Background Thread 1 ] DEBUG TilesetLoader        - Writing to buffer: dst=448,448, w=32,h=32, src=64,256
21:21:32.186 [FXGL Background Thread 1 ] DEBUG TilesetLoader        - Writing to buffer: dst=480,448, w=32,h=32, src=64,256
21:21:32.186 [FXGL Background Thread 1 ] DEBUG TilesetLoader        - Writing to buffer: dst=512,448, w=32,h=32, src=64,256
21:21:32.186 [FXGL Background Thread 1 ] DEBUG TilesetLoader        - Writing to buffer: dst=544,448, w=32,h=32, src=64,256
21:21:32.186 [FXGL Background Thread 1 ] DEBUG TilesetLoader        - Writing to buffer: dst=576,448, w=32,h=32, src=64,256
21:21:32.186 [FXGL Background Thread 1 ] DEBUG TilesetLoader        - Writing to buffer: dst=608,448, w=32,h=32, src=64,256
21:21:32.186 [FXGL Background Thread 1 ] DEBUG TilesetLoader        - Writing to buffer: dst=640,448, w=32,h=32, src=64,256
21:21:32.186 [FXGL Background Thread 1 ] DEBUG TilesetLoader        - Writing to buffer: dst=672,448, w=32,h=32, src=64,256
21:21:32.187 [FXGL Background Thread 1 ] DEBUG TilesetLoader        - Writing to buffer: dst=704,448, w=32,h=32, src=64,256
21:21:32.187 [FXGL Background Thread 1 ] DEBUG TilesetLoader        - Writing to buffer: dst=736,448, w=32,h=32, src=64,256
21:21:32.187 [FXGL Background Thread 1 ] DEBUG TilesetLoader        - Writing to buffer: dst=768,448, w=32,h=32, src=64,256
21:21:32.187 [FXGL Background Thread 1 ] DEBUG TilesetLoader        - Writing to buffer: dst=800,448, w=32,h=32, src=64,256
21:21:32.187 [FXGL Background Thread 1 ] DEBUG TilesetLoader        - Writing to buffer: dst=832,448, w=32,h=32, src=64,256
21:21:32.187 [FXGL Background Thread 1 ] DEBUG TilesetLoader        - Writing to buffer: dst=864,448, w=32,h=32, src=96,256
21:21:32.187 [FXGL Background Thread 1 ] DEBUG TilesetLoader        - Writing to buffer: dst=896,448, w=32,h=32, src=32,64
21:21:32.187 [FXGL Background Thread 1 ] DEBUG TilesetLoader        - Writing to buffer: dst=928,448, w=32,h=32, src=64,64
21:21:32.187 [FXGL Background Thread 1 ] DEBUG TilesetLoader        - Writing to buffer: dst=0,480, w=32,h=32, src=64,64
21:21:32.187 [FXGL Background Thread 1 ] DEBUG TilesetLoader        - Writing to buffer: dst=32,480, w=32,h=32, src=96,64
21:21:32.187 [FXGL Background Thread 1 ] DEBUG TilesetLoader        - Writing to buffer: dst=64,480, w=32,h=32, src=32,256
21:21:32.187 [FXGL Background Thread 1 ] DEBUG TilesetLoader        - Writing to buffer: dst=96,480, w=32,h=32, src=64,256
21:21:32.187 [FXGL Background Thread 1 ] DEBUG TilesetLoader        - Writing to buffer: dst=128,480, w=32,h=32, src=64,256
21:21:32.187 [FXGL Background Thread 1 ] DEBUG TilesetLoader        - Writing to buffer: dst=160,480, w=32,h=32, src=64,256
21:21:32.187 [FXGL Background Thread 1 ] DEBUG TilesetLoader        - Writing to buffer: dst=192,480, w=32,h=32, src=64,256
21:21:32.187 [FXGL Background Thread 1 ] DEBUG TilesetLoader        - Writing to buffer: dst=224,480, w=32,h=32, src=64,256
21:21:32.187 [FXGL Background Thread 1 ] DEBUG TilesetLoader        - Writing to buffer: dst=256,480, w=32,h=32, src=64,256
21:21:32.187 [FXGL Background Thread 1 ] DEBUG TilesetLoader        - Writing to buffer: dst=288,480, w=32,h=32, src=64,256
21:21:32.187 [FXGL Background Thread 1 ] DEBUG TilesetLoader        - Writing to buffer: dst=320,480, w=32,h=32, src=64,256
21:21:32.187 [FXGL Background Thread 1 ] DEBUG TilesetLoader        - Writing to buffer: dst=352,480, w=32,h=32, src=64,256
21:21:32.187 [FXGL Background Thread 1 ] DEBUG TilesetLoader        - Writing to buffer: dst=384,480, w=32,h=32, src=64,256
21:21:32.187 [FXGL Background Thread 1 ] DEBUG TilesetLoader        - Writing to buffer: dst=416,480, w=32,h=32, src=64,256
21:21:32.187 [FXGL Background Thread 1 ] DEBUG TilesetLoader        - Writing to buffer: dst=448,480, w=32,h=32, src=64,256
21:21:32.187 [FXGL Background Thread 1 ] DEBUG TilesetLoader        - Writing to buffer: dst=480,480, w=32,h=32, src=64,256
21:21:32.187 [FXGL Background Thread 1 ] DEBUG TilesetLoader        - Writing to buffer: dst=512,480, w=32,h=32, src=64,256
21:21:32.187 [FXGL Background Thread 1 ] DEBUG TilesetLoader        - Writing to buffer: dst=544,480, w=32,h=32, src=64,256
21:21:32.187 [FXGL Background Thread 1 ] DEBUG TilesetLoader        - Writing to buffer: dst=576,480, w=32,h=32, src=64,256
21:21:32.187 [FXGL Background Thread 1 ] DEBUG TilesetLoader        - Writing to buffer: dst=608,480, w=32,h=32, src=64,256
21:21:32.187 [FXGL Background Thread 1 ] DEBUG TilesetLoader        - Writing to buffer: dst=640,480, w=32,h=32, src=64,256
21:21:32.187 [FXGL Background Thread 1 ] DEBUG TilesetLoader        - Writing to buffer: dst=672,480, w=32,h=32, src=64,256
21:21:32.187 [FXGL Background Thread 1 ] DEBUG TilesetLoader        - Writing to buffer: dst=704,480, w=32,h=32, src=64,256
21:21:32.187 [FXGL Background Thread 1 ] DEBUG TilesetLoader        - Writing to buffer: dst=736,480, w=32,h=32, src=64,256
21:21:32.188 [FXGL Background Thread 1 ] DEBUG TilesetLoader        - Writing to buffer: dst=768,480, w=32,h=32, src=64,256
21:21:32.188 [FXGL Background Thread 1 ] DEBUG TilesetLoader        - Writing to buffer: dst=800,480, w=32,h=32, src=64,256
21:21:32.188 [FXGL Background Thread 1 ] DEBUG TilesetLoader        - Writing to buffer: dst=832,480, w=32,h=32, src=64,256
21:21:32.188 [FXGL Background Thread 1 ] DEBUG TilesetLoader        - Writing to buffer: dst=864,480, w=32,h=32, src=96,256
21:21:32.188 [FXGL Background Thread 1 ] DEBUG TilesetLoader        - Writing to buffer: dst=896,480, w=32,h=32, src=32,64
21:21:32.188 [FXGL Background Thread 1 ] DEBUG TilesetLoader        - Writing to buffer: dst=928,480, w=32,h=32, src=64,64
21:21:32.188 [FXGL Background Thread 1 ] DEBUG TilesetLoader        - Writing to buffer: dst=0,512, w=32,h=32, src=64,64
21:21:32.188 [FXGL Background Thread 1 ] DEBUG TilesetLoader        - Writing to buffer: dst=32,512, w=32,h=32, src=96,64
21:21:32.188 [FXGL Background Thread 1 ] DEBUG TilesetLoader        - Writing to buffer: dst=64,512, w=32,h=32, src=32,256
21:21:32.188 [FXGL Background Thread 1 ] DEBUG TilesetLoader        - Writing to buffer: dst=96,512, w=32,h=32, src=64,256
21:21:32.188 [FXGL Background Thread 1 ] DEBUG TilesetLoader        - Writing to buffer: dst=128,512, w=32,h=32, src=64,256
21:21:32.188 [FXGL Background Thread 1 ] DEBUG TilesetLoader        - Writing to buffer: dst=160,512, w=32,h=32, src=64,256
21:21:32.188 [FXGL Background Thread 1 ] DEBUG TilesetLoader        - Writing to buffer: dst=192,512, w=32,h=32, src=64,256
21:21:32.188 [FXGL Background Thread 1 ] DEBUG TilesetLoader        - Writing to buffer: dst=224,512, w=32,h=32, src=64,256
21:21:32.188 [FXGL Background Thread 1 ] DEBUG TilesetLoader        - Writing to buffer: dst=256,512, w=32,h=32, src=64,256
21:21:32.188 [FXGL Background Thread 1 ] DEBUG TilesetLoader        - Writing to buffer: dst=288,512, w=32,h=32, src=64,256
21:21:32.188 [FXGL Background Thread 1 ] DEBUG TilesetLoader        - Writing to buffer: dst=320,512, w=32,h=32, src=64,256
21:21:32.188 [FXGL Background Thread 1 ] DEBUG TilesetLoader        - Writing to buffer: dst=352,512, w=32,h=32, src=64,256
21:21:32.188 [FXGL Background Thread 1 ] DEBUG TilesetLoader        - Writing to buffer: dst=384,512, w=32,h=32, src=64,256
21:21:32.188 [FXGL Background Thread 1 ] DEBUG TilesetLoader        - Writing to buffer: dst=416,512, w=32,h=32, src=64,256
21:21:32.188 [FXGL Background Thread 1 ] DEBUG TilesetLoader        - Writing to buffer: dst=448,512, w=32,h=32, src=64,256
21:21:32.188 [FXGL Background Thread 1 ] DEBUG TilesetLoader        - Writing to buffer: dst=480,512, w=32,h=32, src=64,256
21:21:32.188 [FXGL Background Thread 1 ] DEBUG TilesetLoader        - Writing to buffer: dst=512,512, w=32,h=32, src=64,256
21:21:32.189 [FXGL Background Thread 1 ] DEBUG TilesetLoader        - Writing to buffer: dst=544,512, w=32,h=32, src=64,256
21:21:32.189 [FXGL Background Thread 1 ] DEBUG TilesetLoader        - Writing to buffer: dst=576,512, w=32,h=32, src=64,256
21:21:32.189 [FXGL Background Thread 1 ] DEBUG TilesetLoader        - Writing to buffer: dst=608,512, w=32,h=32, src=64,256
21:21:32.189 [FXGL Background Thread 1 ] DEBUG TilesetLoader        - Writing to buffer: dst=640,512, w=32,h=32, src=64,256
21:21:32.189 [FXGL Background Thread 1 ] DEBUG TilesetLoader        - Writing to buffer: dst=672,512, w=32,h=32, src=64,256
21:21:32.189 [FXGL Background Thread 1 ] DEBUG TilesetLoader        - Writing to buffer: dst=704,512, w=32,h=32, src=64,256
21:21:32.189 [FXGL Background Thread 1 ] DEBUG TilesetLoader        - Writing to buffer: dst=736,512, w=32,h=32, src=64,256
21:21:32.189 [FXGL Background Thread 1 ] DEBUG TilesetLoader        - Writing to buffer: dst=768,512, w=32,h=32, src=64,256
21:21:32.189 [FXGL Background Thread 1 ] DEBUG TilesetLoader        - Writing to buffer: dst=800,512, w=32,h=32, src=64,256
21:21:32.189 [FXGL Background Thread 1 ] DEBUG TilesetLoader        - Writing to buffer: dst=832,512, w=32,h=32, src=64,256
21:21:32.189 [FXGL Background Thread 1 ] DEBUG TilesetLoader        - Writing to buffer: dst=864,512, w=32,h=32, src=96,256
21:21:32.189 [FXGL Background Thread 1 ] DEBUG TilesetLoader        - Writing to buffer: dst=896,512, w=32,h=32, src=32,64
21:21:32.189 [FXGL Background Thread 1 ] DEBUG TilesetLoader        - Writing to buffer: dst=928,512, w=32,h=32, src=64,64
21:21:32.189 [FXGL Background Thread 1 ] DEBUG TilesetLoader        - Writing to buffer: dst=0,544, w=32,h=32, src=64,64
21:21:32.189 [FXGL Background Thread 1 ] DEBUG TilesetLoader        - Writing to buffer: dst=32,544, w=32,h=32, src=96,64
21:21:32.190 [FXGL Background Thread 1 ] DEBUG TilesetLoader        - Writing to buffer: dst=64,544, w=32,h=32, src=32,288
21:21:32.190 [FXGL Background Thread 1 ] DEBUG TilesetLoader        - Writing to buffer: dst=96,544, w=32,h=32, src=64,288
21:21:32.190 [FXGL Background Thread 1 ] DEBUG TilesetLoader        - Writing to buffer: dst=128,544, w=32,h=32, src=64,288
21:21:32.190 [FXGL Background Thread 1 ] DEBUG TilesetLoader        - Writing to buffer: dst=160,544, w=32,h=32, src=64,288
21:21:32.190 [FXGL Background Thread 1 ] DEBUG TilesetLoader        - Writing to buffer: dst=192,544, w=32,h=32, src=64,288
21:21:32.190 [FXGL Background Thread 1 ] DEBUG TilesetLoader        - Writing to buffer: dst=224,544, w=32,h=32, src=64,288
21:21:32.190 [FXGL Background Thread 1 ] DEBUG TilesetLoader        - Writing to buffer: dst=256,544, w=32,h=32, src=64,288
21:21:32.190 [FXGL Background Thread 1 ] DEBUG TilesetLoader        - Writing to buffer: dst=288,544, w=32,h=32, src=64,288
21:21:32.190 [FXGL Background Thread 1 ] DEBUG TilesetLoader        - Writing to buffer: dst=320,544, w=32,h=32, src=64,288
21:21:32.190 [FXGL Background Thread 1 ] DEBUG TilesetLoader        - Writing to buffer: dst=352,544, w=32,h=32, src=64,288
21:21:32.190 [FXGL Background Thread 1 ] DEBUG TilesetLoader        - Writing to buffer: dst=384,544, w=32,h=32, src=64,288
21:21:32.190 [FXGL Background Thread 1 ] DEBUG TilesetLoader        - Writing to buffer: dst=416,544, w=32,h=32, src=64,288
21:21:32.190 [FXGL Background Thread 1 ] DEBUG TilesetLoader        - Writing to buffer: dst=448,544, w=32,h=32, src=64,288
21:21:32.190 [FXGL Background Thread 1 ] DEBUG TilesetLoader        - Writing to buffer: dst=480,544, w=32,h=32, src=64,288
21:21:32.190 [FXGL Background Thread 1 ] DEBUG TilesetLoader        - Writing to buffer: dst=512,544, w=32,h=32, src=64,288
21:21:32.190 [FXGL Background Thread 1 ] DEBUG TilesetLoader        - Writing to buffer: dst=544,544, w=32,h=32, src=64,288
21:21:32.190 [FXGL Background Thread 1 ] DEBUG TilesetLoader        - Writing to buffer: dst=576,544, w=32,h=32, src=64,288
21:21:32.190 [FXGL Background Thread 1 ] DEBUG TilesetLoader        - Writing to buffer: dst=608,544, w=32,h=32, src=64,288
21:21:32.190 [FXGL Background Thread 1 ] DEBUG TilesetLoader        - Writing to buffer: dst=640,544, w=32,h=32, src=64,288
21:21:32.190 [FXGL Background Thread 1 ] DEBUG TilesetLoader        - Writing to buffer: dst=672,544, w=32,h=32, src=64,288
21:21:32.190 [FXGL Background Thread 1 ] DEBUG TilesetLoader        - Writing to buffer: dst=704,544, w=32,h=32, src=64,288
21:21:32.190 [FXGL Background Thread 1 ] DEBUG TilesetLoader        - Writing to buffer: dst=736,544, w=32,h=32, src=64,288
21:21:32.190 [FXGL Background Thread 1 ] DEBUG TilesetLoader        - Writing to buffer: dst=768,544, w=32,h=32, src=64,288
21:21:32.190 [FXGL Background Thread 1 ] DEBUG TilesetLoader        - Writing to buffer: dst=800,544, w=32,h=32, src=64,288
21:21:32.190 [FXGL Background Thread 1 ] DEBUG TilesetLoader        - Writing to buffer: dst=832,544, w=32,h=32, src=64,288
21:21:32.190 [FXGL Background Thread 1 ] DEBUG TilesetLoader        - Writing to buffer: dst=864,544, w=32,h=32, src=96,288
21:21:32.190 [FXGL Background Thread 1 ] DEBUG TilesetLoader        - Writing to buffer: dst=896,544, w=32,h=32, src=32,64
21:21:32.190 [FXGL Background Thread 1 ] DEBUG TilesetLoader        - Writing to buffer: dst=928,544, w=32,h=32, src=64,64
21:21:32.190 [FXGL Background Thread 1 ] DEBUG TilesetLoader        - Writing to buffer: dst=0,576, w=32,h=32, src=64,64
21:21:32.190 [FXGL Background Thread 1 ] DEBUG TilesetLoader        - Writing to buffer: dst=32,576, w=32,h=32, src=224,64
21:21:32.190 [FXGL Background Thread 1 ] DEBUG TilesetLoader        - Writing to buffer: dst=64,576, w=32,h=32, src=64,32
21:21:32.190 [FXGL Background Thread 1 ] DEBUG TilesetLoader        - Writing to buffer: dst=96,576, w=32,h=32, src=64,32
21:21:32.190 [FXGL Background Thread 1 ] DEBUG TilesetLoader        - Writing to buffer: dst=128,576, w=32,h=32, src=64,32
21:21:32.190 [FXGL Background Thread 1 ] DEBUG TilesetLoader        - Writing to buffer: dst=160,576, w=32,h=32, src=64,32
21:21:32.190 [FXGL Background Thread 1 ] DEBUG TilesetLoader        - Writing to buffer: dst=192,576, w=32,h=32, src=64,32
21:21:32.190 [FXGL Background Thread 1 ] DEBUG TilesetLoader        - Writing to buffer: dst=224,576, w=32,h=32, src=64,32
21:21:32.190 [FXGL Background Thread 1 ] DEBUG TilesetLoader        - Writing to buffer: dst=256,576, w=32,h=32, src=64,32
21:21:32.190 [FXGL Background Thread 1 ] DEBUG TilesetLoader        - Writing to buffer: dst=288,576, w=32,h=32, src=64,32
21:21:32.190 [FXGL Background Thread 1 ] DEBUG TilesetLoader        - Writing to buffer: dst=320,576, w=32,h=32, src=64,32
21:21:32.191 [FXGL Background Thread 1 ] DEBUG TilesetLoader        - Writing to buffer: dst=352,576, w=32,h=32, src=64,32
21:21:32.191 [FXGL Background Thread 1 ] DEBUG TilesetLoader        - Writing to buffer: dst=384,576, w=32,h=32, src=64,32
21:21:32.191 [FXGL Background Thread 1 ] DEBUG TilesetLoader        - Writing to buffer: dst=416,576, w=32,h=32, src=64,32
21:21:32.191 [FXGL Background Thread 1 ] DEBUG TilesetLoader        - Writing to buffer: dst=448,576, w=32,h=32, src=64,32
21:21:32.191 [FXGL Background Thread 1 ] DEBUG TilesetLoader        - Writing to buffer: dst=480,576, w=32,h=32, src=64,32
21:21:32.191 [FXGL Background Thread 1 ] DEBUG TilesetLoader        - Writing to buffer: dst=512,576, w=32,h=32, src=64,32
21:21:32.191 [FXGL Background Thread 1 ] DEBUG TilesetLoader        - Writing to buffer: dst=544,576, w=32,h=32, src=64,32
21:21:32.191 [FXGL Background Thread 1 ] DEBUG TilesetLoader        - Writing to buffer: dst=576,576, w=32,h=32, src=64,32
21:21:32.191 [FXGL Background Thread 1 ] DEBUG TilesetLoader        - Writing to buffer: dst=608,576, w=32,h=32, src=64,32
21:21:32.191 [FXGL Background Thread 1 ] DEBUG TilesetLoader        - Writing to buffer: dst=640,576, w=32,h=32, src=64,32
21:21:32.191 [FXGL Background Thread 1 ] DEBUG TilesetLoader        - Writing to buffer: dst=672,576, w=32,h=32, src=64,32
21:21:32.191 [FXGL Background Thread 1 ] DEBUG TilesetLoader        - Writing to buffer: dst=704,576, w=32,h=32, src=64,32
21:21:32.191 [FXGL Background Thread 1 ] DEBUG TilesetLoader        - Writing to buffer: dst=736,576, w=32,h=32, src=64,32
21:21:32.191 [FXGL Background Thread 1 ] DEBUG TilesetLoader        - Writing to buffer: dst=768,576, w=32,h=32, src=64,32
21:21:32.191 [FXGL Background Thread 1 ] DEBUG TilesetLoader        - Writing to buffer: dst=800,576, w=32,h=32, src=64,32
21:21:32.191 [FXGL Background Thread 1 ] DEBUG TilesetLoader        - Writing to buffer: dst=832,576, w=32,h=32, src=64,32
21:21:32.191 [FXGL Background Thread 1 ] DEBUG TilesetLoader        - Writing to buffer: dst=864,576, w=32,h=32, src=64,32
21:21:32.191 [FXGL Background Thread 1 ] DEBUG TilesetLoader        - Writing to buffer: dst=896,576, w=32,h=32, src=256,64
21:21:32.191 [FXGL Background Thread 1 ] DEBUG TilesetLoader        - Writing to buffer: dst=928,576, w=32,h=32, src=64,64
21:21:32.191 [FXGL Background Thread 1 ] DEBUG TilesetLoader        - Writing to buffer: dst=0,608, w=32,h=32, src=64,64
21:21:32.191 [FXGL Background Thread 1 ] DEBUG TilesetLoader        - Writing to buffer: dst=32,608, w=32,h=32, src=64,64
21:21:32.191 [FXGL Background Thread 1 ] DEBUG TilesetLoader        - Writing to buffer: dst=64,608, w=32,h=32, src=64,64
21:21:32.191 [FXGL Background Thread 1 ] DEBUG TilesetLoader        - Writing to buffer: dst=96,608, w=32,h=32, src=64,64
21:21:32.191 [FXGL Background Thread 1 ] DEBUG TilesetLoader        - Writing to buffer: dst=128,608, w=32,h=32, src=64,64
21:21:32.191 [FXGL Background Thread 1 ] DEBUG TilesetLoader        - Writing to buffer: dst=160,608, w=32,h=32, src=64,64
21:21:32.191 [FXGL Background Thread 1 ] DEBUG TilesetLoader        - Writing to buffer: dst=192,608, w=32,h=32, src=64,64
21:21:32.191 [FXGL Background Thread 1 ] DEBUG TilesetLoader        - Writing to buffer: dst=224,608, w=32,h=32, src=64,64
21:21:32.191 [FXGL Background Thread 1 ] DEBUG TilesetLoader        - Writing to buffer: dst=256,608, w=32,h=32, src=64,64
21:21:32.191 [FXGL Background Thread 1 ] DEBUG TilesetLoader        - Writing to buffer: dst=288,608, w=32,h=32, src=64,64
21:21:32.191 [FXGL Background Thread 1 ] DEBUG TilesetLoader        - Writing to buffer: dst=320,608, w=32,h=32, src=64,64
21:21:32.191 [FXGL Background Thread 1 ] DEBUG TilesetLoader        - Writing to buffer: dst=352,608, w=32,h=32, src=64,64
21:21:32.191 [FXGL Background Thread 1 ] DEBUG TilesetLoader        - Writing to buffer: dst=384,608, w=32,h=32, src=64,64
21:21:32.191 [FXGL Background Thread 1 ] DEBUG TilesetLoader        - Writing to buffer: dst=416,608, w=32,h=32, src=64,64
21:21:32.191 [FXGL Background Thread 1 ] DEBUG TilesetLoader        - Writing to buffer: dst=448,608, w=32,h=32, src=64,64
21:21:32.191 [FXGL Background Thread 1 ] DEBUG TilesetLoader        - Writing to buffer: dst=480,608, w=32,h=32, src=64,64
21:21:32.191 [FXGL Background Thread 1 ] DEBUG TilesetLoader        - Writing to buffer: dst=512,608, w=32,h=32, src=64,64
21:21:32.191 [FXGL Background Thread 1 ] DEBUG TilesetLoader        - Writing to buffer: dst=544,608, w=32,h=32, src=64,64
21:21:32.191 [FXGL Background Thread 1 ] DEBUG TilesetLoader        - Writing to buffer: dst=576,608, w=32,h=32, src=64,64
21:21:32.191 [FXGL Background Thread 1 ] DEBUG TilesetLoader        - Writing to buffer: dst=608,608, w=32,h=32, src=64,64
21:21:32.191 [FXGL Background Thread 1 ] DEBUG TilesetLoader        - Writing to buffer: dst=640,608, w=32,h=32, src=64,64
21:21:32.191 [FXGL Background Thread 1 ] DEBUG TilesetLoader        - Writing to buffer: dst=672,608, w=32,h=32, src=64,64
21:21:32.191 [FXGL Background Thread 1 ] DEBUG TilesetLoader        - Writing to buffer: dst=704,608, w=32,h=32, src=64,64
21:21:32.191 [FXGL Background Thread 1 ] DEBUG TilesetLoader        - Writing to buffer: dst=736,608, w=32,h=32, src=64,64
21:21:32.191 [FXGL Background Thread 1 ] DEBUG TilesetLoader        - Writing to buffer: dst=768,608, w=32,h=32, src=64,64
21:21:32.191 [FXGL Background Thread 1 ] DEBUG TilesetLoader        - Writing to buffer: dst=800,608, w=32,h=32, src=64,64
21:21:32.191 [FXGL Background Thread 1 ] DEBUG TilesetLoader        - Writing to buffer: dst=832,608, w=32,h=32, src=64,64
21:21:32.191 [FXGL Background Thread 1 ] DEBUG TilesetLoader        - Writing to buffer: dst=864,608, w=32,h=32, src=64,64
21:21:32.191 [FXGL Background Thread 1 ] DEBUG TilesetLoader        - Writing to buffer: dst=896,608, w=32,h=32, src=64,64
21:21:32.191 [FXGL Background Thread 1 ] DEBUG TilesetLoader        - Writing to buffer: dst=928,608, w=32,h=32, src=64,64
21:21:32.193 [FXGL Background Thread 1 ] DEBUG TilesetLoader        - Loading view for layer decorations
21:21:32.194 [FXGL Background Thread 1 ] DEBUG TilesetLoader        - Created buffer with size 960.0x640.0
21:21:32.196 [FXGL Background Thread 1 ] DEBUG TilesetLoader        - Writing to buffer: dst=224,64, w=32,h=32, src=32,32
21:21:32.196 [FXGL Background Thread 1 ] DEBUG TilesetLoader        - Writing to buffer: dst=224,96, w=32,h=32, src=32,64
21:21:32.196 [FXGL Background Thread 1 ] DEBUG TilesetLoader        - Writing to buffer: dst=128,128, w=32,h=32, src=64,96
21:21:32.196 [FXGL Background Thread 1 ] DEBUG TilesetLoader        - Writing to buffer: dst=160,128, w=32,h=32, src=96,96
21:21:32.196 [FXGL Background Thread 1 ] DEBUG TilesetLoader        - Writing to buffer: dst=224,128, w=32,h=32, src=32,64
21:21:32.196 [FXGL Background Thread 1 ] DEBUG TilesetLoader        - Writing to buffer: dst=128,160, w=32,h=32, src=64,128
21:21:32.196 [FXGL Background Thread 1 ] DEBUG TilesetLoader        - Writing to buffer: dst=160,160, w=32,h=32, src=96,128
21:21:32.196 [FXGL Background Thread 1 ] DEBUG TilesetLoader        - Writing to buffer: dst=224,160, w=32,h=32, src=32,64
21:21:32.196 [FXGL Background Thread 1 ] DEBUG TilesetLoader        - Writing to buffer: dst=224,192, w=32,h=32, src=32,64
21:21:32.196 [FXGL Background Thread 1 ] DEBUG TilesetLoader        - Writing to buffer: dst=96,224, w=32,h=32, src=32,32
21:21:32.196 [FXGL Background Thread 1 ] DEBUG TilesetLoader        - Writing to buffer: dst=224,224, w=32,h=32, src=32,64
21:21:32.196 [FXGL Background Thread 1 ] DEBUG TilesetLoader        - Writing to buffer: dst=96,256, w=32,h=32, src=32,64
21:21:32.196 [FXGL Background Thread 1 ] DEBUG TilesetLoader        - Writing to buffer: dst=224,256, w=32,h=32, src=32,64
21:21:32.196 [FXGL Background Thread 1 ] DEBUG TilesetLoader        - Writing to buffer: dst=96,288, w=32,h=32, src=32,64
21:21:32.196 [FXGL Background Thread 1 ] DEBUG TilesetLoader        - Writing to buffer: dst=224,288, w=32,h=32, src=32,96
21:21:32.196 [FXGL Background Thread 1 ] DEBUG TilesetLoader        - Writing to buffer: dst=96,320, w=32,h=32, src=32,64
21:21:32.196 [FXGL Background Thread 1 ] DEBUG TilesetLoader        - Writing to buffer: dst=96,352, w=32,h=32, src=32,64
21:21:32.196 [FXGL Background Thread 1 ] DEBUG TilesetLoader        - Writing to buffer: dst=192,352, w=32,h=32, src=128,96
21:21:32.196 [FXGL Background Thread 1 ] DEBUG TilesetLoader        - Writing to buffer: dst=224,352, w=32,h=32, src=160,96
21:21:32.196 [FXGL Background Thread 1 ] DEBUG TilesetLoader        - Writing to buffer: dst=96,384, w=32,h=32, src=32,64
21:21:32.196 [FXGL Background Thread 1 ] DEBUG TilesetLoader        - Writing to buffer: dst=192,384, w=32,h=32, src=128,128
21:21:32.196 [FXGL Background Thread 1 ] DEBUG TilesetLoader        - Writing to buffer: dst=224,384, w=32,h=32, src=160,128
21:21:32.196 [FXGL Background Thread 1 ] DEBUG TilesetLoader        - Writing to buffer: dst=96,416, w=32,h=32, src=32,128
21:21:32.196 [FXGL Background Thread 1 ] DEBUG TilesetLoader        - Writing to buffer: dst=160,480, w=32,h=32, src=64,64
21:21:32.196 [FXGL Background Thread 1 ] DEBUG TilesetLoader        - Writing to buffer: dst=192,480, w=32,h=32, src=96,64
21:21:32.196 [FXGL Background Thread 1 ] DEBUG TilesetLoader        - Writing to buffer: dst=224,480, w=32,h=32, src=96,64
21:21:32.196 [FXGL Background Thread 1 ] DEBUG TilesetLoader        - Writing to buffer: dst=256,480, w=32,h=32, src=128,64
21:21:32.196 [FXGL Background Thread 1 ] DEBUG TilesetLoader        - Writing to buffer: dst=128,512, w=32,h=32, src=160,64
21:21:32.196 [FXGL Background Thread 1 ] DEBUG TilesetLoader        - Writing to buffer: dst=64,544, w=32,h=32, src=160,64
21:21:32.196 [FXGL Background Thread 1 ] DEBUG TMXLevelLoader       - Creating object layer entities
21:21:32.230 [FXGL Background Thread 1 ] DEBUG GameWorld            - Clearing removable entities
21:21:32.230 [FXGL Background Thread 1 ] DEBUG GameWorld            - Setting level: com.almasb.fxgl.entity.level.Level@3d807e31
21:21:32.271 [FXGL Background Thread 1 ] DEBUG AssetLoaderService   - Loading from file system: /assets/textures/idle.png
21:21:32.276 [FXGL Background Thread 1 ] DEBUG AssetLoaderService   - Loading from file system: /assets/textures/run.png
21:21:32.284 [FXGL Background Thread 1 ] INFO  GameApplication      - Game initialization took: 0.215 sec
21:21:32.289 [JavaFX Application Thread] DEBUG Input                - Clearing active input actions
21:21:32.303 [JavaFX Application Thread] DEBUG WindowService        - Removing overlay from FXGLLoadingScene and adding to GameScene
21:21:32.304 [JavaFX Application Thread] DEBUG MainWindow           - FXGLLoadingScene -> GameScene
21:21:34.886 [JavaFX Application Thread] DEBUG GameApplication      - Exiting FXGL
21:21:34.886 [JavaFX Application Thread] DEBUG LoopRunner           - Stopping loop
21:21:34.886 [JavaFX Application Thread] DEBUG SystemBundleService  - Saving FXGL system data
21:21:34.888 [JavaFX Application Thread] DEBUG FileSystemAccess     - Writing to: C:\Users\jeffr\Documents\java\demo\system\fxgl.bundle
21:21:34.890 [JavaFX Application Thread] DEBUG GameApplication      - Shutting down background threads
21:21:34.890 [JavaFX Application Thread] DEBUG GameApplication      - Closing logger and exiting JavaFX
