11:06:54.232 [main                     ] DEBUG Logger               - Configured Logger
11:06:54.286 [main                     ] DEBUG GameApplication      - Logging settings
Title: Kings and Pigs
Version: 0.1
Width: 960
Height: 640
Fullscreen: false
Intro: false
Profiling: false
Single step:false
App Mode: DEVELOPER
Menu Key: ESCAPE
Stage Style: DECORATED
Scene Factory: class com.almasb.fxgl.app.scene.SceneFactory

11:06:54.796 [JavaFX Application Thread] DEBUG FXGLApplication      - Initializing FXGL
11:06:54.802 [JavaFX Application Thread] INFO  Engine               - FXGL-17.1 (24.03.2022 17.34) on WINDOWS (J:18 FX:18)
11:06:54.803 [JavaFX Application Thread] DEBUG Engine               - JRE Vendor Name: Oracle Corporation
11:06:54.803 [JavaFX Application Thread] DEBUG Engine               - Running on OS: Windows 11 version 10.0
11:06:54.803 [JavaFX Application Thread] DEBUG Engine               - Architecture: amd64
11:06:54.803 [JavaFX Application Thread] INFO  Engine               - Source code and latest versions at: https://github.com/AlmasB/FXGL
11:06:54.803 [JavaFX Application Thread] INFO  Engine               -       Ask questions and discuss at: https://github.com/AlmasB/FXGL/discussions
11:06:54.804 [JavaFX Application Thread] INFO  Engine               -              Join the FXGL chat at: https://gitter.im/AlmasB/FXGL
11:06:54.966 [JavaFX Application Thread] DEBUG PrimaryStageWindow   - Creating a JavaFX scene
11:06:55.027 [JavaFX Application Thread] DEBUG PrimaryStageWindow   - Target settings size: 960.0 x 640.0
11:06:55.028 [JavaFX Application Thread] DEBUG PrimaryStageWindow   - Scaled scene size:    960.0 x 640.0
11:06:55.028 [JavaFX Application Thread] DEBUG PrimaryStageWindow   - Scaled ratio: (1.0, 1.0)
11:06:55.029 [JavaFX Application Thread] DEBUG PrimaryStageWindow   - Set initial scene to FXGLStartupScene
11:06:55.039 [JavaFX Application Thread] DEBUG PrimaryStageWindow   - Opening main window
11:06:55.174 [JavaFX Application Thread] DEBUG PrimaryStageWindow   - Window border size: (12.79998779296875, 35.20001220703125)
11:06:55.174 [JavaFX Application Thread] DEBUG PrimaryStageWindow   - Scaled size: 960.0 x 640.0
11:06:55.175 [JavaFX Application Thread] DEBUG PrimaryStageWindow   - Scaled ratio: (1.0, 1.0)
11:06:55.176 [JavaFX Application Thread] DEBUG PrimaryStageWindow   - Scene size: 960.0 x 640.0
11:06:55.177 [JavaFX Application Thread] DEBUG PrimaryStageWindow   - Stage size: 972.7999877929688 x 675.2000122070312
11:06:55.191 [FXGL Background Thread 1 ] DEBUG Engine               - Initializing environment variables
11:06:55.308 [FXGL Background Thread 1 ] DEBUG FXGLAssetLoaderServi - User app class for loading assets: class com.example.App
11:06:55.309 [FXGL Background Thread 1 ] DEBUG GameApplicationServi - Applying CSS: fxgl_dark.css
11:06:55.311 [FXGL Background Thread 1 ] DEBUG FXGLAssetLoaderServi - Loading from file system: jar:file:/C:/Users/jeffr/.m2/repository/com/github/almasb/fxgl/17.1/fxgl-17.1.jar!/fxglassets/ui/css/fxgl_dark.css
11:06:55.389 [FXGL Background Thread 1 ] DEBUG GameApplicationServi - Initializing application scenes
11:06:55.514 [FXGL Background Thread 1 ] DEBUG GameWorld            - Game world initialized
11:06:55.639 [FXGL Background Thread 1 ] DEBUG PhysicsWorld         - Physics world initialized: appHeight=640, physics.ppm=50.0
11:06:55.639 [FXGL Background Thread 1 ] DEBUG PhysicsWorld         - Using strategy: BRUTE_FORCE
11:06:55.645 [FXGL Background Thread 1 ] DEBUG GameScene            - Game scene initialized: 960x640
11:06:55.663 [FXGL Background Thread 1 ] DEBUG FXGL.DefaultMenu     - createMenuBodyGameMenu()
11:06:55.680 [FXGL Background Thread 1 ] DEBUG FXGL.DefaultMenu     - createOptionsMenu()
11:06:55.707 [FXGL Background Thread 1 ] DEBUG FXGLAssetLoaderServi - Loading from file system: jar:file:/C:/Users/jeffr/.m2/repository/com/github/almasb/fxgl/17.1/fxgl-17.1.jar!/fxglassets/textures/particles/smoke.png
11:06:55.846 [FXGL Background Thread 1 ] DEBUG FXGLAssetLoaderServi - Loading from file system: jar:file:/C:/Users/jeffr/.m2/repository/com/github/almasb/fxgl/17.1/fxgl-17.1.jar!/fxglassets/textures/particles/trace_horizontal.png
11:06:55.894 [FXGL Background Thread 1 ] DEBUG GameApplicationServi - Application scenes initialized
11:06:55.913 [FXGL Background Thread 1 ] DEBUG SystemBundleService  - Loading FXGL system data
11:06:55.917 [FXGL Background Thread 1 ] DEBUG FileSystemAccess     - Reading from: C:\Users\jeffr\Documents\java\demo\system\fxgl.bundle
11:06:55.924 [FXGL Background Thread 1 ] DEBUG SystemBundleService  - Bundle FXGL: {}
11:06:55.925 [FXGL Background Thread 1 ] DEBUG UpdaterService       - Checking for updates
11:06:55.929 [FXGL Background Thread 4 ] DEBUG FXGLApplication      - Loading fonts
11:06:55.929 [FXGL Background Thread 1 ] DEBUG FXGLApplication      - Loading default localization
11:06:55.929 [FXGL Background Thread 4 ] DEBUG FXGLAssetLoaderServi - Loading from file system: jar:file:/C:/Users/jeffr/.m2/repository/com/github/almasb/fxgl/17.1/fxgl-17.1.jar!/fxglassets/ui/fonts/VarelaRound-Regular.ttf
11:06:55.931 [FXGL Background Thread 1 ] DEBUG FXGLAssetLoaderServi - Loading from file system: jar:file:/C:/Users/jeffr/.m2/repository/com/github/almasb/fxgl/17.1/fxgl-17.1.jar!/fxglassets/languages/english.lang
11:06:56.024 [FXGL Background Thread 4 ] DEBUG FXGLAssetLoaderServi - Loading from file system: jar:file:/C:/Users/jeffr/.m2/repository/com/github/almasb/fxgl/17.1/fxgl-17.1.jar!/fxglassets/ui/fonts/Abel-Regular.ttf
11:06:56.027 [FXGL Background Thread 1 ] INFO  FXGLApplication      - FXGL initialization took: 0.836 sec
11:06:56.029 [FXGL Background Thread 4 ] DEBUG FXGLAssetLoaderServi - Loading from file system: jar:file:/C:/Users/jeffr/.m2/repository/com/github/almasb/fxgl/17.1/fxgl-17.1.jar!/fxglassets/ui/fonts/TerminalLandMono-Regular.otf
11:06:56.033 [FXGL Background Thread 4 ] DEBUG FXGLAssetLoaderServi - Loading from file system: jar:file:/C:/Users/jeffr/.m2/repository/com/github/almasb/fxgl/17.1/fxgl-17.1.jar!/fxglassets/ui/fonts/Courier-Prime.ttf
11:06:56.050 [JavaFX Application Thread] DEBUG Input                - Registered new binding: Left - A
11:06:56.051 [JavaFX Application Thread] DEBUG Input                - Registered new binding: Right - D
11:06:56.051 [JavaFX Application Thread] DEBUG Input                - Registered new binding: Jump - W
11:06:56.052 [JavaFX Application Thread] DEBUG Input                - Registered new binding: enter - E
11:06:56.052 [JavaFX Application Thread] DEBUG FXGLAssetLoaderServi - Loading from file system: jar:file:/C:/Users/jeffr/.m2/repository/com/github/almasb/fxgl/17.1/fxgl-17.1.jar!/fxglassets/textures/fxgl_icon.png
11:06:56.140 [JavaFX Application Thread] DEBUG FXGLAssetLoaderServi - Loading from file system: jar:file:/C:/Users/jeffr/.m2/repository/com/github/almasb/fxgl/17.1/fxgl-17.1.jar!/fxglassets/textures/fxgl_default_cursor.png
11:06:56.158 [JavaFX Application Thread] DEBUG Input                - Registered new binding: Screenshot - CTRL+8
11:06:56.160 [JavaFX Application Thread] DEBUG Input                - Registered new binding: System info dump - CTRL+9
11:06:56.162 [JavaFX Application Thread] DEBUG Input                - Registered new binding: Restart - CTRL+R
11:06:56.165 [JavaFX Application Thread] DEBUG Input                - Registered new binding: Toggle Debug Camera - CTRL+7
11:06:56.168 [JavaFX Application Thread] DEBUG LoopRunner           - Starting loop
11:06:56.168 [JavaFX Application Thread] DEBUG LoopRunner           - Initializing JavaFX AnimationTimerLoop
11:06:56.172 [JavaFX Application Thread] DEBUG GameApplicationServi - Starting new game
11:06:56.172 [JavaFX Application Thread] DEBUG Input                - Clearing active input actions
11:06:56.189 [JavaFX Application Thread] DEBUG GameApplicationServi - Removing overlay from FXGLStartupScene and adding to FXGLLoadingScene
11:06:56.190 [JavaFX Application Thread] DEBUG PrimaryStageWindow   - FXGLStartupScene -> FXGLLoadingScene
11:06:56.190 [JavaFX Application Thread] DEBUG GameApplicationServi - Clearing previous game
11:06:56.190 [JavaFX Application Thread] DEBUG GameScene            - Clearing game scene
11:06:56.190 [JavaFX Application Thread] DEBUG GameWorld            - Clearing game world
11:06:56.190 [JavaFX Application Thread] DEBUG PhysicsWorld         - Clearing physics world
11:06:56.194 [JavaFX Application Thread] DEBUG FXGLApplication      - Registering font factories with UI factory
11:06:56.194 [FXGL Background Thread 4 ] DEBUG FXGLApplication      - Initializing game
11:06:56.291 [FXGL Background Thread 4 ] WARN  TMXLevelLoader       - TiledMap generated from 1.8.4. Supported version: 1.4.2. Some features may not be parsed fully.
11:06:56.317 [FXGL Background Thread 4 ] DEBUG TMXLevelLoader       - Parsed TiledMap: file:/C:/Users/jeffr/Documents/java/demo/target/classes/assets/levels/terrain.tmx
11:06:56.328 [FXGL Background Thread 4 ] DEBUG TMXLevelLoader       - Creating tile layer entities
11:06:56.337 [FXGL Background Thread 4 ] DEBUG TilesetLoader        - Loading view for layer Tile Layer 1
11:06:56.338 [FXGL Background Thread 4 ] DEBUG TilesetLoader        - Created buffer with size 960.0x640.0
11:06:56.368 [FXGL Background Thread 4 ] DEBUG TilesetLoader        - Loading view for layer decorations
11:06:56.370 [FXGL Background Thread 4 ] DEBUG TilesetLoader        - Created buffer with size 960.0x640.0
11:06:56.375 [FXGL Background Thread 4 ] DEBUG TMXLevelLoader       - Creating object layer entities
11:06:56.419 [FXGL Background Thread 4 ] DEBUG GameWorld            - Clearing removable entities
11:06:56.421 [FXGL Background Thread 4 ] DEBUG GameWorld            - Setting level: com.almasb.fxgl.entity.level.Level@192c8f3d
11:06:56.436 [FXGL Background Thread 4 ] DEBUG FXGLAssetLoaderServi - Loading from file system: file:/C:/Users/jeffr/Documents/java/demo/target/classes/assets/textures/idle.png
11:06:56.441 [FXGL Background Thread 4 ] DEBUG FXGLAssetLoaderServi - Loading from file system: file:/C:/Users/jeffr/Documents/java/demo/target/classes/assets/textures/run.png
11:06:56.444 [FXGL Background Thread 4 ] DEBUG FXGLAssetLoaderServi - Loading from file system: file:/C:/Users/jeffr/Documents/java/demo/target/classes/assets/textures/jump.png
11:06:56.448 [FXGL Background Thread 4 ] DEBUG FXGLAssetLoaderServi - Loading from file system: file:/C:/Users/jeffr/Documents/java/demo/target/classes/assets/textures/fall.png
11:06:56.471 [FXGL Background Thread 4 ] DEBUG FXGLAssetLoaderServi - Loading from file system: file:/C:/Users/jeffr/Documents/java/demo/target/classes/assets/textures/open.png
11:06:56.472 [FXGL Background Thread 4 ] DEBUG FXGLAssetLoaderServi - Loading from file system: file:/C:/Users/jeffr/Documents/java/demo/target/classes/assets/textures/close.png
11:06:56.473 [FXGL Background Thread 4 ] INFO  FXGLApplication      - Game initialization took: 0.279 sec
11:06:56.493 [JavaFX Application Thread] DEBUG Input                - Clearing active input actions
11:06:56.509 [JavaFX Application Thread] DEBUG GameApplicationServi - Removing overlay from FXGLLoadingScene and adding to GameScene
11:06:56.510 [JavaFX Application Thread] DEBUG PrimaryStageWindow   - FXGLLoadingScene -> GameScene
11:06:58.930 [FXGL Background Thread 3 ] DEBUG Engine               - Logging environment variables
11:06:58.933 [FXGL Background Thread 3 ] DEBUG Engine               - achievements: []
11:06:58.934 [FXGL Background Thread 3 ] DEBUG Engine               - actualHeight: 640.0
11:06:58.934 [FXGL Background Thread 3 ] DEBUG Engine               - actualHeightProperty: ReadOnlyDoubleProperty [value: 640.0]
11:06:58.934 [FXGL Background Thread 3 ] DEBUG Engine               - actualWidth: 960.0
11:06:58.935 [FXGL Background Thread 3 ] DEBUG Engine               - actualWidthProperty: ReadOnlyDoubleProperty [value: 960.0]
11:06:58.935 [FXGL Background Thread 3 ] DEBUG Engine               - appIcon: fxgl_icon.png
11:06:58.935 [FXGL Background Thread 3 ] DEBUG Engine               - applicationMode: DEVELOPER
11:06:58.935 [FXGL Background Thread 3 ] DEBUG Engine               - cSSList: [fxgl_dark.css]
11:06:58.935 [FXGL Background Thread 3 ] DEBUG Engine               - collisionDetectionStrategy: BRUTE_FORCE
11:06:58.936 [FXGL Background Thread 3 ] DEBUG Engine               - configClass: Optional.empty
11:06:58.936 [FXGL Background Thread 3 ] DEBUG Engine               - credits: []
11:06:58.937 [FXGL Background Thread 3 ] DEBUG Engine               - defaultCursor: CursorInfo(imageName=fxgl_default_cursor.png, hotspotX=7.0, hotspotY=6.0)
11:06:58.938 [FXGL Background Thread 3 ] DEBUG Engine               - devBBoxColorProperty: ObjectProperty [value: 0xff0000ff]
11:06:58.938 [FXGL Background Thread 3 ] DEBUG Engine               - devEnableDebugCameraProperty: BooleanProperty [value: false]
11:06:58.938 [FXGL Background Thread 3 ] DEBUG Engine               - devSensorColorProperty: ObjectProperty [value: 0xffff00ff]
11:06:58.938 [FXGL Background Thread 3 ] DEBUG Engine               - devShowBBoxProperty: BooleanProperty [value: false]
11:06:58.938 [FXGL Background Thread 3 ] DEBUG Engine               - devShowPositionProperty: BooleanProperty [value: false]
11:06:58.938 [FXGL Background Thread 3 ] DEBUG Engine               - enabledMenuItems: []
11:06:58.938 [FXGL Background Thread 3 ] DEBUG Engine               - engineServices: [class com.almasb.fxgl.app.services.FXGLAssetLoaderService, class com.almasb.fxgl.app.FXGLApplication$GameApplicationService, class com.almasb.fxgl.app.services.FXGLDialogService, class com.almasb.fxgl.app.services.IOTaskExecutorService, class com.almasb.fxgl.io.FileSystemService, class com.almasb.fxgl.localization.LocalizationService, class com.almasb.fxgl.app.services.SystemBundleService, class com.almasb.fxgl.profile.SaveLoadService, class com.almasb.fxgl.ui.FXGLUIFactoryServiceProvider, class com.almasb.fxgl.ui.FXGLDialogFactoryServiceProvider, class com.almasb.fxgl.audio.AudioPlayer, class com.almasb.fxgl.notification.impl.NotificationServiceProvider, class com.almasb.fxgl.achievement.AchievementService, class com.almasb.fxgl.cutscene.CutsceneService, class com.almasb.fxgl.minigames.MiniGameService, class com.almasb.fxgl.net.NetService, class com.almasb.fxgl.app.services.UpdaterService, class com.almasb.fxgl.dev.DevService]
11:06:58.938 [FXGL Background Thread 3 ] DEBUG Engine               - fontGame: Abel-Regular.ttf
11:06:58.938 [FXGL Background Thread 3 ] DEBUG Engine               - fontMono: TerminalLandMono-Regular.otf
11:06:58.938 [FXGL Background Thread 3 ] DEBUG Engine               - fontText: Courier-Prime.ttf
11:06:58.938 [FXGL Background Thread 3 ] DEBUG Engine               - fontUI: VarelaRound-Regular.ttf
11:06:58.938 [FXGL Background Thread 3 ] DEBUG Engine               - fullScreen: BooleanProperty [value: false]
11:06:58.938 [FXGL Background Thread 3 ] DEBUG Engine               - gameDifficulty: MEDIUM
11:06:58.938 [FXGL Background Thread 3 ] DEBUG Engine               - gameDifficultyProperty: ObjectProperty [value: MEDIUM]
11:06:58.939 [FXGL Background Thread 3 ] DEBUG Engine               - globalMusicVolume: 0.5
11:06:58.939 [FXGL Background Thread 3 ] DEBUG Engine               - globalMusicVolumeProperty: DoubleProperty [value: 0.5]
11:06:58.939 [FXGL Background Thread 3 ] DEBUG Engine               - globalSoundVolume: 0.5
11:06:58.939 [FXGL Background Thread 3 ] DEBUG Engine               - globalSoundVolumeProperty: DoubleProperty [value: 0.5]
11:06:58.939 [FXGL Background Thread 3 ] DEBUG Engine               - height: 640
11:06:58.939 [FXGL Background Thread 3 ] DEBUG Engine               - is3D: false
11:06:58.939 [FXGL Background Thread 3 ] DEBUG Engine               - isAndroid: false
11:06:58.939 [FXGL Background Thread 3 ] DEBUG Engine               - isBrowser: false
11:06:58.939 [FXGL Background Thread 3 ] DEBUG Engine               - isClickFeedbackEnabled: false
11:06:58.939 [FXGL Background Thread 3 ] DEBUG Engine               - isCloseConfirmation: false
11:06:58.939 [FXGL Background Thread 3 ] DEBUG Engine               - isDesktop: true
11:06:58.939 [FXGL Background Thread 3 ] DEBUG Engine               - isDeveloperMenuEnabled: false
11:06:58.939 [FXGL Background Thread 3 ] DEBUG Engine               - isEmbedded: false
11:06:58.939 [FXGL Background Thread 3 ] DEBUG Engine               - isEntityPreloadEnabled: true
11:06:58.939 [FXGL Background Thread 3 ] DEBUG Engine               - isExperimentalTiledLargeMap: false
11:06:58.939 [FXGL Background Thread 3 ] DEBUG Engine               - isFileSystemWriteAllowed: true
11:06:58.939 [FXGL Background Thread 3 ] DEBUG Engine               - isFullScreenAllowed: false
11:06:58.939 [FXGL Background Thread 3 ] DEBUG Engine               - isFullScreenFromStart: false
11:06:58.939 [FXGL Background Thread 3 ] DEBUG Engine               - isGameMenuEnabled: true
11:06:58.940 [FXGL Background Thread 3 ] DEBUG Engine               - isIOS: false
11:06:58.940 [FXGL Background Thread 3 ] DEBUG Engine               - isIntroEnabled: false
11:06:58.940 [FXGL Background Thread 3 ] DEBUG Engine               - isLinux: false
11:06:58.940 [FXGL Background Thread 3 ] DEBUG Engine               - isMac: false
11:06:58.940 [FXGL Background Thread 3 ] DEBUG Engine               - isMainMenuEnabled: false
11:06:58.940 [FXGL Background Thread 3 ] DEBUG Engine               - isManualResizeEnabled: false
11:06:58.940 [FXGL Background Thread 3 ] DEBUG Engine               - isMobile: false
11:06:58.940 [FXGL Background Thread 3 ] DEBUG Engine               - isNative: false
11:06:58.940 [FXGL Background Thread 3 ] DEBUG Engine               - isPauseMusicWhenMinimized: true
11:06:58.940 [FXGL Background Thread 3 ] DEBUG Engine               - isPreserveResizeRatio: false
11:06:58.940 [FXGL Background Thread 3 ] DEBUG Engine               - isProfilingEnabled: false
11:06:58.940 [FXGL Background Thread 3 ] DEBUG Engine               - isScaleAffectedOnResize: true
11:06:58.940 [FXGL Background Thread 3 ] DEBUG Engine               - isSingleStep: false
11:06:58.940 [FXGL Background Thread 3 ] DEBUG Engine               - isUserProfileEnabled: false
11:06:58.940 [FXGL Background Thread 3 ] DEBUG Engine               - isWindows: true
11:06:58.940 [FXGL Background Thread 3 ] DEBUG Engine               - language: ObjectProperty [value: ENGLISH]
11:06:58.940 [FXGL Background Thread 3 ] DEBUG Engine               - menuKey: ESCAPE
11:06:58.940 [FXGL Background Thread 3 ] DEBUG Engine               - mouseSensitivity: 0.2
11:06:58.940 [FXGL Background Thread 3 ] DEBUG Engine               - notificationViewClass: class com.almasb.fxgl.notification.view.XboxNotificationView
11:06:58.940 [FXGL Background Thread 3 ] DEBUG Engine               - pixelsPerMeter: 50.0
11:06:58.941 [FXGL Background Thread 3 ] DEBUG Engine               - platform: WINDOWS
11:06:58.941 [FXGL Background Thread 3 ] DEBUG Engine               - prefHeightProperty: ReadOnlyDoubleProperty [value: 640.0]
11:06:58.941 [FXGL Background Thread 3 ] DEBUG Engine               - prefWidthProperty: ReadOnlyDoubleProperty [value: 960.0]
11:06:58.941 [FXGL Background Thread 3 ] DEBUG Engine               - profileDir: profiles/
11:06:58.941 [FXGL Background Thread 3 ] DEBUG Engine               - profileName: StringProperty [value: DEFAULT]
11:06:58.941 [FXGL Background Thread 3 ] DEBUG Engine               - randomSeed: -1
11:06:58.942 [FXGL Background Thread 3 ] DEBUG Engine               - runtimeInfo: RuntimeInfo(platform=WINDOWS, version=17.1, build=24.03.2022 17.34)
11:06:58.942 [FXGL Background Thread 3 ] DEBUG Engine               - saveFileExt: sav
11:06:58.942 [FXGL Background Thread 3 ] DEBUG Engine               - scaledHeightProp$fxgl: DoubleProperty [bound, value: 640.0]
11:06:58.942 [FXGL Background Thread 3 ] DEBUG Engine               - scaledWidthProp$fxgl: DoubleProperty [bound, value: 960.0]
11:06:58.942 [FXGL Background Thread 3 ] DEBUG Engine               - sceneFactory: com.almasb.fxgl.app.scene.SceneFactory@290d4f95
11:06:58.942 [FXGL Background Thread 3 ] DEBUG Engine               - secondsIn24h: 60
11:06:58.942 [FXGL Background Thread 3 ] DEBUG Engine               - soundMenuBack: menu/back.wav
11:06:58.942 [FXGL Background Thread 3 ] DEBUG Engine               - soundMenuPress: menu/press.wav
11:06:58.942 [FXGL Background Thread 3 ] DEBUG Engine               - soundMenuSelect: menu/select.wav
11:06:58.942 [FXGL Background Thread 3 ] DEBUG Engine               - soundNotification: core/notification.wav
11:06:58.942 [FXGL Background Thread 3 ] DEBUG Engine               - stageStyle: DECORATED
11:06:58.942 [FXGL Background Thread 3 ] DEBUG Engine               - supportedLanguages: [ENGLISH, FRENCH, GERMAN, HUNGARIAN, RUSSIAN]
11:06:58.942 [FXGL Background Thread 3 ] DEBUG Engine               - ticksPerSecond: -1
11:06:58.942 [FXGL Background Thread 3 ] DEBUG Engine               - title: Kings and Pigs
11:06:58.942 [FXGL Background Thread 3 ] DEBUG Engine               - urlGithub: https://github.com/AlmasB/FXGL
11:06:58.942 [FXGL Background Thread 3 ] DEBUG Engine               - urlLeaderboard: http://fxgl-top.herokuapp.com/
11:06:58.942 [FXGL Background Thread 3 ] DEBUG Engine               - urlPOM: https://raw.githubusercontent.com/AlmasB/FXGL/release/README.md
11:06:58.942 [FXGL Background Thread 3 ] DEBUG Engine               - userAppClass: class com.example.App
11:06:58.942 [FXGL Background Thread 3 ] DEBUG Engine               - version: 0.1
11:06:58.943 [FXGL Background Thread 3 ] DEBUG Engine               - versionCheckDays: 7
11:06:58.943 [FXGL Background Thread 3 ] DEBUG Engine               - width: 960
11:06:58.943 [FXGL Background Thread 3 ] DEBUG Engine               - Logging services
11:06:58.943 [FXGL Background Thread 3 ] DEBUG Engine               - class com.almasb.fxgl.app.services.FXGLAssetLoaderService
11:06:58.943 [FXGL Background Thread 3 ] DEBUG Engine               - class com.almasb.fxgl.app.FXGLApplication$GameApplicationService
11:06:58.943 [FXGL Background Thread 3 ] DEBUG Engine               - class com.almasb.fxgl.app.services.FXGLDialogService
11:06:58.943 [FXGL Background Thread 3 ] DEBUG Engine               - class com.almasb.fxgl.app.services.IOTaskExecutorService
11:06:58.943 [FXGL Background Thread 3 ] DEBUG Engine               - class com.almasb.fxgl.io.FileSystemService
11:06:58.943 [FXGL Background Thread 3 ] DEBUG Engine               - class com.almasb.fxgl.localization.LocalizationService
11:06:58.943 [FXGL Background Thread 3 ] DEBUG Engine               - class com.almasb.fxgl.app.services.SystemBundleService
11:06:58.943 [FXGL Background Thread 3 ] DEBUG Engine               - class com.almasb.fxgl.profile.SaveLoadService
11:06:58.943 [FXGL Background Thread 3 ] DEBUG Engine               - class com.almasb.fxgl.ui.FXGLUIFactoryServiceProvider
11:06:58.943 [FXGL Background Thread 3 ] DEBUG Engine               - class com.almasb.fxgl.ui.FXGLDialogFactoryServiceProvider
11:06:58.943 [FXGL Background Thread 3 ] DEBUG Engine               - class com.almasb.fxgl.audio.AudioPlayer
11:06:58.943 [FXGL Background Thread 3 ] DEBUG Engine               - class com.almasb.fxgl.notification.impl.NotificationServiceProvider
11:06:58.943 [FXGL Background Thread 3 ] DEBUG Engine               - class com.almasb.fxgl.achievement.AchievementService
11:06:58.944 [FXGL Background Thread 3 ] DEBUG Engine               - class com.almasb.fxgl.cutscene.CutsceneService
11:06:58.944 [FXGL Background Thread 3 ] DEBUG Engine               - class com.almasb.fxgl.minigames.MiniGameService
11:06:58.944 [FXGL Background Thread 3 ] DEBUG Engine               - class com.almasb.fxgl.net.NetService
11:06:58.944 [FXGL Background Thread 3 ] DEBUG Engine               - class com.almasb.fxgl.app.services.UpdaterService
11:06:58.944 [FXGL Background Thread 3 ] DEBUG Engine               - class com.almasb.fxgl.dev.DevService
11:07:55.360 [JavaFX Application Thread] DEBUG FXGLApplication      - Exiting FXGL
11:07:55.360 [JavaFX Application Thread] DEBUG LoopRunner           - Stopping loop
11:07:55.361 [JavaFX Application Thread] DEBUG SystemBundleService  - Saving FXGL system data
11:07:55.362 [JavaFX Application Thread] DEBUG FileSystemAccess     - Writing to: C:\Users\jeffr\Documents\java\demo\system\fxgl.bundle
11:07:55.364 [JavaFX Application Thread] DEBUG Async                - Shutting down background threads
11:07:55.364 [JavaFX Application Thread] DEBUG PrimaryStageWindow   - Closing main window
11:07:55.395 [JavaFX Application Thread] DEBUG Logger               - Closing Logger
