00:01:15.616 [main                     ] DEBUG Logger               - Configured Logger
00:01:15.642 [main                     ] DEBUG GameApplication      - Logging settings
Title: Kings and Pigs
Version: 0.1
Width: 960
Height: 640
Fullscreen: false
Intro: false
Profiling: false
Single step:false
App Mode: DEVELOPER
Menu Key: ESCAPE
Stage Style: DECORATED
Scene Factory: class com.almasb.fxgl.app.scene.SceneFactory

00:01:15.956 [JavaFX Application Thread] DEBUG FXGLApplication      - Initializing FXGL
00:01:15.962 [JavaFX Application Thread] INFO  Engine               - FXGL-17.1 (24.03.2022 17.34) on WINDOWS (J:18 FX:18)
00:01:15.962 [JavaFX Application Thread] DEBUG Engine               - JRE Vendor Name: Oracle Corporation
00:01:15.963 [JavaFX Application Thread] DEBUG Engine               - Running on OS: Windows 11 version 10.0
00:01:15.963 [JavaFX Application Thread] DEBUG Engine               - Architecture: amd64
00:01:15.963 [JavaFX Application Thread] INFO  Engine               - Source code and latest versions at: https://github.com/AlmasB/FXGL
00:01:15.964 [JavaFX Application Thread] INFO  Engine               -       Ask questions and discuss at: https://github.com/AlmasB/FXGL/discussions
00:01:15.964 [JavaFX Application Thread] INFO  Engine               -              Join the FXGL chat at: https://gitter.im/AlmasB/FXGL
00:01:16.060 [JavaFX Application Thread] DEBUG PrimaryStageWindow   - Creating a JavaFX scene
00:01:16.098 [JavaFX Application Thread] DEBUG PrimaryStageWindow   - Target settings size: 960.0 x 640.0
00:01:16.098 [JavaFX Application Thread] DEBUG PrimaryStageWindow   - Scaled scene size:    960.0 x 640.0
00:01:16.099 [JavaFX Application Thread] DEBUG PrimaryStageWindow   - Scaled ratio: (1.0, 1.0)
00:01:16.100 [JavaFX Application Thread] DEBUG PrimaryStageWindow   - Set initial scene to FXGLStartupScene
00:01:16.109 [JavaFX Application Thread] DEBUG PrimaryStageWindow   - Opening main window
00:01:16.183 [JavaFX Application Thread] DEBUG PrimaryStageWindow   - Window border size: (12.79998779296875, 35.20001220703125)
00:01:16.183 [JavaFX Application Thread] DEBUG PrimaryStageWindow   - Scaled size: 960.0 x 640.0
00:01:16.184 [JavaFX Application Thread] DEBUG PrimaryStageWindow   - Scaled ratio: (1.0, 1.0)
00:01:16.184 [JavaFX Application Thread] DEBUG PrimaryStageWindow   - Scene size: 960.0 x 640.0
00:01:16.184 [JavaFX Application Thread] DEBUG PrimaryStageWindow   - Stage size: 972.7999877929688 x 675.2000122070312
00:01:16.192 [FXGL Background Thread 1 ] DEBUG Engine               - Initializing environment variables
00:01:16.252 [FXGL Background Thread 1 ] DEBUG FXGLAssetLoaderServi - User app class for loading assets: class com.example.App
00:01:16.252 [FXGL Background Thread 1 ] DEBUG GameApplicationServi - Applying CSS: fxgl_dark.css
00:01:16.253 [FXGL Background Thread 1 ] DEBUG FXGLAssetLoaderServi - Loading from file system: jar:file:/C:/Users/jeffr/.m2/repository/com/github/almasb/fxgl/17.1/fxgl-17.1.jar!/fxglassets/ui/css/fxgl_dark.css
00:01:16.302 [FXGL Background Thread 1 ] DEBUG GameApplicationServi - Initializing application scenes
00:01:16.357 [FXGL Background Thread 1 ] DEBUG GameWorld            - Game world initialized
00:01:16.431 [FXGL Background Thread 1 ] DEBUG PhysicsWorld         - Physics world initialized: appHeight=640, physics.ppm=50.0
00:01:16.431 [FXGL Background Thread 1 ] DEBUG PhysicsWorld         - Using strategy: BRUTE_FORCE
00:01:16.440 [FXGL Background Thread 1 ] DEBUG GameScene            - Game scene initialized: 960x640
00:01:16.459 [FXGL Background Thread 1 ] DEBUG FXGL.DefaultMenu     - createMenuBodyGameMenu()
00:01:16.476 [FXGL Background Thread 1 ] DEBUG FXGL.DefaultMenu     - createOptionsMenu()
00:01:16.489 [FXGL Background Thread 1 ] DEBUG FXGLAssetLoaderServi - Loading from file system: jar:file:/C:/Users/jeffr/.m2/repository/com/github/almasb/fxgl/17.1/fxgl-17.1.jar!/fxglassets/textures/particles/smoke.png
00:01:16.575 [FXGL Background Thread 1 ] DEBUG FXGLAssetLoaderServi - Loading from file system: jar:file:/C:/Users/jeffr/.m2/repository/com/github/almasb/fxgl/17.1/fxgl-17.1.jar!/fxglassets/textures/particles/trace_horizontal.png
00:01:16.601 [FXGL Background Thread 1 ] DEBUG GameApplicationServi - Application scenes initialized
00:01:16.612 [FXGL Background Thread 1 ] DEBUG SystemBundleService  - Loading FXGL system data
00:01:16.616 [FXGL Background Thread 1 ] DEBUG FileSystemAccess     - Reading from: C:\Users\jeffr\Documents\java\demo\system\fxgl.bundle
00:01:16.623 [FXGL Background Thread 1 ] DEBUG SystemBundleService  - Bundle FXGL: {}
00:01:16.623 [FXGL Background Thread 1 ] DEBUG UpdaterService       - Checking for updates
00:01:16.626 [FXGL Background Thread 4 ] DEBUG FXGLApplication      - Loading fonts
00:01:16.626 [FXGL Background Thread 4 ] DEBUG FXGLAssetLoaderServi - Loading from file system: jar:file:/C:/Users/jeffr/.m2/repository/com/github/almasb/fxgl/17.1/fxgl-17.1.jar!/fxglassets/ui/fonts/VarelaRound-Regular.ttf
00:01:16.628 [FXGL Background Thread 1 ] DEBUG FXGLApplication      - Loading default localization
00:01:16.628 [FXGL Background Thread 1 ] DEBUG FXGLAssetLoaderServi - Loading from file system: jar:file:/C:/Users/jeffr/.m2/repository/com/github/almasb/fxgl/17.1/fxgl-17.1.jar!/fxglassets/languages/english.lang
00:01:16.660 [FXGL Background Thread 1 ] INFO  FXGLApplication      - FXGL initialization took: 0.468 sec
00:01:16.676 [FXGL Background Thread 4 ] DEBUG FXGLAssetLoaderServi - Loading from file system: jar:file:/C:/Users/jeffr/.m2/repository/com/github/almasb/fxgl/17.1/fxgl-17.1.jar!/fxglassets/ui/fonts/Abel-Regular.ttf
00:01:16.678 [JavaFX Application Thread] DEBUG Input                - Registered new binding: Left - A
00:01:16.678 [JavaFX Application Thread] DEBUG Input                - Registered new binding: Right - D
00:01:16.678 [JavaFX Application Thread] DEBUG Input                - Registered new binding: Jump - W
00:01:16.678 [JavaFX Application Thread] DEBUG Input                - Registered new binding: enter - E
00:01:16.679 [FXGL Background Thread 4 ] DEBUG FXGLAssetLoaderServi - Loading from file system: jar:file:/C:/Users/jeffr/.m2/repository/com/github/almasb/fxgl/17.1/fxgl-17.1.jar!/fxglassets/ui/fonts/TerminalLandMono-Regular.otf
00:01:16.679 [JavaFX Application Thread] DEBUG FXGLAssetLoaderServi - Loading from file system: jar:file:/C:/Users/jeffr/.m2/repository/com/github/almasb/fxgl/17.1/fxgl-17.1.jar!/fxglassets/textures/fxgl_icon.png
00:01:16.682 [FXGL Background Thread 4 ] DEBUG FXGLAssetLoaderServi - Loading from file system: jar:file:/C:/Users/jeffr/.m2/repository/com/github/almasb/fxgl/17.1/fxgl-17.1.jar!/fxglassets/ui/fonts/Courier-Prime.ttf
00:01:16.697 [JavaFX Application Thread] DEBUG FXGLAssetLoaderServi - Loading from file system: jar:file:/C:/Users/jeffr/.m2/repository/com/github/almasb/fxgl/17.1/fxgl-17.1.jar!/fxglassets/textures/fxgl_default_cursor.png
00:01:16.700 [JavaFX Application Thread] DEBUG Input                - Registered new binding: Screenshot - CTRL+8
00:01:16.702 [JavaFX Application Thread] DEBUG Input                - Registered new binding: System info dump - CTRL+9
00:01:16.702 [JavaFX Application Thread] DEBUG Input                - Registered new binding: Restart - CTRL+R
00:01:16.703 [JavaFX Application Thread] DEBUG Input                - Registered new binding: Toggle Debug Camera - CTRL+7
00:01:16.705 [JavaFX Application Thread] DEBUG LoopRunner           - Starting loop
00:01:16.706 [JavaFX Application Thread] DEBUG LoopRunner           - Initializing JavaFX AnimationTimerLoop
00:01:16.707 [JavaFX Application Thread] DEBUG GameApplicationServi - Starting new game
00:01:16.708 [JavaFX Application Thread] DEBUG Input                - Clearing active input actions
00:01:16.721 [JavaFX Application Thread] DEBUG GameApplicationServi - Removing overlay from FXGLStartupScene and adding to FXGLLoadingScene
00:01:16.722 [JavaFX Application Thread] DEBUG PrimaryStageWindow   - FXGLStartupScene -> FXGLLoadingScene
00:01:16.722 [JavaFX Application Thread] DEBUG GameApplicationServi - Clearing previous game
00:01:16.722 [JavaFX Application Thread] DEBUG GameScene            - Clearing game scene
00:01:16.722 [JavaFX Application Thread] DEBUG GameWorld            - Clearing game world
00:01:16.722 [JavaFX Application Thread] DEBUG PhysicsWorld         - Clearing physics world
00:01:16.725 [JavaFX Application Thread] DEBUG FXGLApplication      - Registering font factories with UI factory
00:01:16.725 [FXGL Background Thread 4 ] DEBUG FXGLApplication      - Initializing game
00:01:16.792 [FXGL Background Thread 4 ] WARN  TMXLevelLoader       - TiledMap generated from 1.8.4. Supported version: 1.4.2. Some features may not be parsed fully.
00:01:16.806 [FXGL Background Thread 4 ] DEBUG TMXLevelLoader       - Parsed TiledMap: file:/C:/Users/jeffr/Documents/java/demo/target/classes/assets/levels/terrain.tmx
00:01:16.807 [FXGL Background Thread 4 ] DEBUG TMXLevelLoader       - Creating tile layer entities
00:01:16.809 [FXGL Background Thread 4 ] DEBUG TilesetLoader        - Loading view for layer Tile Layer 1
00:01:16.811 [FXGL Background Thread 4 ] DEBUG TilesetLoader        - Created buffer with size 960.0x640.0
00:01:16.834 [FXGL Background Thread 4 ] DEBUG TilesetLoader        - Loading view for layer decorations
00:01:16.836 [FXGL Background Thread 4 ] DEBUG TilesetLoader        - Created buffer with size 960.0x640.0
00:01:16.839 [FXGL Background Thread 4 ] DEBUG TMXLevelLoader       - Creating object layer entities
00:01:16.860 [FXGL Background Thread 4 ] DEBUG GameWorld            - Clearing removable entities
00:01:16.861 [FXGL Background Thread 4 ] DEBUG GameWorld            - Setting level: com.almasb.fxgl.entity.level.Level@62d68cd0
00:01:16.880 [FXGL Background Thread 4 ] DEBUG FXGLAssetLoaderServi - Loading from file system: file:/C:/Users/jeffr/Documents/java/demo/target/classes/assets/textures/idle.png
00:01:16.886 [FXGL Background Thread 4 ] DEBUG FXGLAssetLoaderServi - Loading from file system: file:/C:/Users/jeffr/Documents/java/demo/target/classes/assets/textures/run.png
00:01:16.889 [FXGL Background Thread 4 ] DEBUG FXGLAssetLoaderServi - Loading from file system: file:/C:/Users/jeffr/Documents/java/demo/target/classes/assets/textures/jump.png
00:01:16.890 [FXGL Background Thread 4 ] DEBUG FXGLAssetLoaderServi - Loading from file system: file:/C:/Users/jeffr/Documents/java/demo/target/classes/assets/textures/fall.png
00:01:16.900 [FXGL Background Thread 4 ] DEBUG FXGLAssetLoaderServi - Loading from file system: file:/C:/Users/jeffr/Documents/java/demo/target/classes/assets/textures/open.png
00:01:16.902 [FXGL Background Thread 4 ] DEBUG FXGLAssetLoaderServi - Loading from file system: file:/C:/Users/jeffr/Documents/java/demo/target/classes/assets/textures/close.png
00:01:16.908 [FXGL Background Thread 4 ] WARN  FXGLAssetLoaderServi - Asset "/assets/textures/bigHeartIdle.png" was not found!
00:01:16.909 [FXGL Background Thread 4 ] WARN  FXGLAssetLoaderServi - Failed to load IMAGE
00:01:16.937 [FXGL Background Thread 4 ] DEBUG FXGLAssetLoaderServi - Loading from file system: file:/C:/Users/jeffr/Documents/java/demo/target/classes/assets/textures/diamond.png
00:01:16.939 [FXGL Background Thread 4 ] DEBUG FXGLAssetLoaderServi - Loading from file system: file:/C:/Users/jeffr/Documents/java/demo/target/classes/assets/textures/collectdiamond.png
00:01:16.946 [FXGL Background Thread 4 ] INFO  FXGLApplication      - Game initialization took: 0.221 sec
00:01:16.952 [JavaFX Application Thread] DEBUG Input                - Clearing active input actions
00:01:16.967 [JavaFX Application Thread] DEBUG GameApplicationServi - Removing overlay from FXGLLoadingScene and adding to GameScene
00:01:16.968 [JavaFX Application Thread] DEBUG PrimaryStageWindow   - FXGLLoadingScene -> GameScene
00:01:19.188 [JavaFX Application Thread] DEBUG LoopRunner           - Stopping loop
00:01:19.190 [JavaFX Application Thread] FATAL FXGLApplication      - Uncaught Exception:
java.lang.IllegalArgumentException: Component Diamond not found!
	at com.almasb.fxgl.entity.Entity.getComponent(Entity.java:366)
	at com.example.App.lambda$1(App.java:134)
	at com.almasb.fxgl.time.TimerAction.update(TimerAction.kt:69)
	at com.almasb.fxgl.time.Timer.update(Timer.kt:38)
	at com.almasb.fxgl.scene.Scene.update(Scene.kt:104)
	at com.almasb.fxgl.app.MainWindow$update$1.invoke(MainWindow.kt:115)
	at com.almasb.fxgl.app.MainWindow$update$1.invoke(MainWindow.kt:115)
	at com.almasb.fxgl.core.fsm.StateMachine.runOnActiveStates(StateMachine.kt:69)
	at com.almasb.fxgl.app.MainWindow.update(MainWindow.kt:115)
	at com.almasb.fxgl.app.FXGLApplication$GameApplicationService.onUpdate(FXGLApplication.kt:426)
	at com.almasb.fxgl.app.Engine.loop(Engine.kt:134)
	at com.almasb.fxgl.app.Engine.access$loop(Engine.kt:24)
	at com.almasb.fxgl.app.Engine$loop$1.invoke(Engine.kt:28)
	at com.almasb.fxgl.app.Engine$loop$1.invoke(Engine.kt:28)
	at com.almasb.fxgl.app.LoopRunner.frame(LoopRunner.kt:103)
	at com.almasb.fxgl.app.LoopRunner.access$frame(LoopRunner.kt:23)
	at com.almasb.fxgl.app.LoopRunner$impl$2$1.onTick(LoopRunner.kt:57)
	at com.almasb.fxgl.app.AnimationTimerLoop$timer$1.handle(LoopRunner.kt:137)
	at javafx.animation.AnimationTimer$AnimationTimerReceiver.lambda$handle$0(AnimationTimer.java:58)
	at java.base/java.security.AccessController.doPrivileged(AccessController.java:399)
	at javafx.animation.AnimationTimer$AnimationTimerReceiver.handle(AnimationTimer.java:57)
	at com.sun.scenario.animation.AbstractPrimaryTimer.timePulseImpl(AbstractPrimaryTimer.java:356)
	at com.sun.scenario.animation.AbstractPrimaryTimer$MainLoop.run(AbstractPrimaryTimer.java:266)
	at com.sun.javafx.tk.quantum.QuantumToolkit.pulse(QuantumToolkit.java:571)
	at com.sun.javafx.tk.quantum.QuantumToolkit.pulse(QuantumToolkit.java:555)
	at com.sun.javafx.tk.quantum.QuantumToolkit.pulseFromQueue(QuantumToolkit.java:548)
	at com.sun.javafx.tk.quantum.QuantumToolkit.lambda$runToolkit$11(QuantumToolkit.java:352)
	at com.sun.glass.ui.InvokeLaterDispatcher$Future.run(InvokeLaterDispatcher.java:96)
	at com.sun.glass.ui.win.WinApplication._runLoop(Native Method)
	at com.sun.glass.ui.win.WinApplication.lambda$runLoop$3(WinApplication.java:184)
	at java.base/java.lang.Thread.run(Thread.java:833)

00:01:19.195 [JavaFX Application Thread] FATAL FXGLApplication      - Application will now exit
00:01:19.211 [JavaFX Application Thread] DEBUG PrimaryStageWindow   - Push state: ErrorSubScene
00:01:19.212 [JavaFX Application Thread] DEBUG Input                - Clearing active input actions
00:01:19.219 [JavaFX Application Thread] DEBUG GameApplicationServi - Removing overlay from GameScene and adding to ErrorSubScene
00:01:19.220 [JavaFX Application Thread] DEBUG PrimaryStageWindow   - GameScene -> ErrorSubScene
00:01:19.626 [FXGL Background Thread 3 ] DEBUG Engine               - Logging environment variables
00:01:19.627 [FXGL Background Thread 3 ] DEBUG Engine               - achievements: []
00:01:19.627 [FXGL Background Thread 3 ] DEBUG Engine               - actualHeight: 640.0
00:01:19.627 [FXGL Background Thread 3 ] DEBUG Engine               - actualHeightProperty: ReadOnlyDoubleProperty [value: 640.0]
00:01:19.627 [FXGL Background Thread 3 ] DEBUG Engine               - actualWidth: 960.0
00:01:19.627 [FXGL Background Thread 3 ] DEBUG Engine               - actualWidthProperty: ReadOnlyDoubleProperty [value: 960.0]
00:01:19.627 [FXGL Background Thread 3 ] DEBUG Engine               - appIcon: fxgl_icon.png
00:01:19.627 [FXGL Background Thread 3 ] DEBUG Engine               - applicationMode: DEVELOPER
00:01:19.627 [FXGL Background Thread 3 ] DEBUG Engine               - cSSList: [fxgl_dark.css]
00:01:19.627 [FXGL Background Thread 3 ] DEBUG Engine               - collisionDetectionStrategy: BRUTE_FORCE
00:01:19.627 [FXGL Background Thread 3 ] DEBUG Engine               - configClass: Optional.empty
00:01:19.627 [FXGL Background Thread 3 ] DEBUG Engine               - credits: []
00:01:19.628 [FXGL Background Thread 3 ] DEBUG Engine               - defaultCursor: CursorInfo(imageName=fxgl_default_cursor.png, hotspotX=7.0, hotspotY=6.0)
00:01:19.628 [FXGL Background Thread 3 ] DEBUG Engine               - devBBoxColorProperty: ObjectProperty [value: 0xff0000ff]
00:01:19.628 [FXGL Background Thread 3 ] DEBUG Engine               - devEnableDebugCameraProperty: BooleanProperty [value: false]
00:01:19.628 [FXGL Background Thread 3 ] DEBUG Engine               - devSensorColorProperty: ObjectProperty [value: 0xffff00ff]
00:01:19.628 [FXGL Background Thread 3 ] DEBUG Engine               - devShowBBoxProperty: BooleanProperty [value: false]
00:01:19.628 [FXGL Background Thread 3 ] DEBUG Engine               - devShowPositionProperty: BooleanProperty [value: false]
00:01:19.628 [FXGL Background Thread 3 ] DEBUG Engine               - enabledMenuItems: []
00:01:19.628 [FXGL Background Thread 3 ] DEBUG Engine               - engineServices: [class com.almasb.fxgl.app.services.FXGLAssetLoaderService, class com.almasb.fxgl.app.FXGLApplication$GameApplicationService, class com.almasb.fxgl.app.services.FXGLDialogService, class com.almasb.fxgl.app.services.IOTaskExecutorService, class com.almasb.fxgl.io.FileSystemService, class com.almasb.fxgl.localization.LocalizationService, class com.almasb.fxgl.app.services.SystemBundleService, class com.almasb.fxgl.profile.SaveLoadService, class com.almasb.fxgl.ui.FXGLUIFactoryServiceProvider, class com.almasb.fxgl.ui.FXGLDialogFactoryServiceProvider, class com.almasb.fxgl.audio.AudioPlayer, class com.almasb.fxgl.notification.impl.NotificationServiceProvider, class com.almasb.fxgl.achievement.AchievementService, class com.almasb.fxgl.cutscene.CutsceneService, class com.almasb.fxgl.minigames.MiniGameService, class com.almasb.fxgl.net.NetService, class com.almasb.fxgl.app.services.UpdaterService, class com.almasb.fxgl.dev.DevService]
00:01:19.628 [FXGL Background Thread 3 ] DEBUG Engine               - fontGame: Abel-Regular.ttf
00:01:19.628 [FXGL Background Thread 3 ] DEBUG Engine               - fontMono: TerminalLandMono-Regular.otf
00:01:19.628 [FXGL Background Thread 3 ] DEBUG Engine               - fontText: Courier-Prime.ttf
00:01:19.628 [FXGL Background Thread 3 ] DEBUG Engine               - fontUI: VarelaRound-Regular.ttf
00:01:19.629 [FXGL Background Thread 3 ] DEBUG Engine               - fullScreen: BooleanProperty [value: false]
00:01:19.629 [FXGL Background Thread 3 ] DEBUG Engine               - gameDifficulty: MEDIUM
00:01:19.629 [FXGL Background Thread 3 ] DEBUG Engine               - gameDifficultyProperty: ObjectProperty [value: MEDIUM]
00:01:19.629 [FXGL Background Thread 3 ] DEBUG Engine               - globalMusicVolume: 0.5
00:01:19.629 [FXGL Background Thread 3 ] DEBUG Engine               - globalMusicVolumeProperty: DoubleProperty [value: 0.5]
00:01:19.629 [FXGL Background Thread 3 ] DEBUG Engine               - globalSoundVolume: 0.5
00:01:19.629 [FXGL Background Thread 3 ] DEBUG Engine               - globalSoundVolumeProperty: DoubleProperty [value: 0.5]
00:01:19.629 [FXGL Background Thread 3 ] DEBUG Engine               - height: 640
00:01:19.629 [FXGL Background Thread 3 ] DEBUG Engine               - is3D: false
00:01:19.629 [FXGL Background Thread 3 ] DEBUG Engine               - isAndroid: false
00:01:19.629 [FXGL Background Thread 3 ] DEBUG Engine               - isBrowser: false
00:01:19.629 [FXGL Background Thread 3 ] DEBUG Engine               - isClickFeedbackEnabled: false
00:01:19.630 [FXGL Background Thread 3 ] DEBUG Engine               - isCloseConfirmation: false
00:01:19.630 [FXGL Background Thread 3 ] DEBUG Engine               - isDesktop: true
00:01:19.630 [FXGL Background Thread 3 ] DEBUG Engine               - isDeveloperMenuEnabled: false
00:01:19.630 [FXGL Background Thread 3 ] DEBUG Engine               - isEmbedded: false
00:01:19.630 [FXGL Background Thread 3 ] DEBUG Engine               - isEntityPreloadEnabled: true
00:01:19.630 [FXGL Background Thread 3 ] DEBUG Engine               - isExperimentalTiledLargeMap: false
00:01:19.630 [FXGL Background Thread 3 ] DEBUG Engine               - isFileSystemWriteAllowed: true
00:01:19.630 [FXGL Background Thread 3 ] DEBUG Engine               - isFullScreenAllowed: false
00:01:19.630 [FXGL Background Thread 3 ] DEBUG Engine               - isFullScreenFromStart: false
00:01:19.630 [FXGL Background Thread 3 ] DEBUG Engine               - isGameMenuEnabled: true
00:01:19.630 [FXGL Background Thread 3 ] DEBUG Engine               - isIOS: false
00:01:19.630 [FXGL Background Thread 3 ] DEBUG Engine               - isIntroEnabled: false
00:01:19.630 [FXGL Background Thread 3 ] DEBUG Engine               - isLinux: false
00:01:19.630 [FXGL Background Thread 3 ] DEBUG Engine               - isMac: false
00:01:19.630 [FXGL Background Thread 3 ] DEBUG Engine               - isMainMenuEnabled: false
00:01:19.630 [FXGL Background Thread 3 ] DEBUG Engine               - isManualResizeEnabled: false
00:01:19.630 [FXGL Background Thread 3 ] DEBUG Engine               - isMobile: false
00:01:19.630 [FXGL Background Thread 3 ] DEBUG Engine               - isNative: false
00:01:19.630 [FXGL Background Thread 3 ] DEBUG Engine               - isPauseMusicWhenMinimized: true
00:01:19.630 [FXGL Background Thread 3 ] DEBUG Engine               - isPreserveResizeRatio: false
00:01:19.630 [FXGL Background Thread 3 ] DEBUG Engine               - isProfilingEnabled: false
00:01:19.631 [FXGL Background Thread 3 ] DEBUG Engine               - isScaleAffectedOnResize: true
00:01:19.631 [FXGL Background Thread 3 ] DEBUG Engine               - isSingleStep: false
00:01:19.631 [FXGL Background Thread 3 ] DEBUG Engine               - isUserProfileEnabled: false
00:01:19.631 [FXGL Background Thread 3 ] DEBUG Engine               - isWindows: true
00:01:19.631 [FXGL Background Thread 3 ] DEBUG Engine               - language: ObjectProperty [value: ENGLISH]
00:01:19.631 [FXGL Background Thread 3 ] DEBUG Engine               - menuKey: ESCAPE
00:01:19.631 [FXGL Background Thread 3 ] DEBUG Engine               - mouseSensitivity: 0.2
00:01:19.631 [FXGL Background Thread 3 ] DEBUG Engine               - notificationViewClass: class com.almasb.fxgl.notification.view.XboxNotificationView
00:01:19.631 [FXGL Background Thread 3 ] DEBUG Engine               - pixelsPerMeter: 50.0
00:01:19.631 [FXGL Background Thread 3 ] DEBUG Engine               - platform: WINDOWS
00:01:19.631 [FXGL Background Thread 3 ] DEBUG Engine               - prefHeightProperty: ReadOnlyDoubleProperty [value: 640.0]
00:01:19.631 [FXGL Background Thread 3 ] DEBUG Engine               - prefWidthProperty: ReadOnlyDoubleProperty [value: 960.0]
00:01:19.631 [FXGL Background Thread 3 ] DEBUG Engine               - profileDir: profiles/
00:01:19.631 [FXGL Background Thread 3 ] DEBUG Engine               - profileName: StringProperty [value: DEFAULT]
00:01:19.631 [FXGL Background Thread 3 ] DEBUG Engine               - randomSeed: -1
00:01:19.631 [FXGL Background Thread 3 ] DEBUG Engine               - runtimeInfo: RuntimeInfo(platform=WINDOWS, version=17.1, build=24.03.2022 17.34)
00:01:19.631 [FXGL Background Thread 3 ] DEBUG Engine               - saveFileExt: sav
00:01:19.631 [FXGL Background Thread 3 ] DEBUG Engine               - scaledHeightProp$fxgl: DoubleProperty [bound, value: 640.0]
00:01:19.631 [FXGL Background Thread 3 ] DEBUG Engine               - scaledWidthProp$fxgl: DoubleProperty [bound, value: 960.0]
00:01:19.631 [FXGL Background Thread 3 ] DEBUG Engine               - sceneFactory: com.almasb.fxgl.app.scene.SceneFactory@ab3dca6
00:01:19.631 [FXGL Background Thread 3 ] DEBUG Engine               - secondsIn24h: 60
00:01:19.631 [FXGL Background Thread 3 ] DEBUG Engine               - soundMenuBack: menu/back.wav
00:01:19.632 [FXGL Background Thread 3 ] DEBUG Engine               - soundMenuPress: menu/press.wav
00:01:19.632 [FXGL Background Thread 3 ] DEBUG Engine               - soundMenuSelect: menu/select.wav
00:01:19.632 [FXGL Background Thread 3 ] DEBUG Engine               - soundNotification: core/notification.wav
00:01:19.632 [FXGL Background Thread 3 ] DEBUG Engine               - stageStyle: DECORATED
00:01:19.632 [FXGL Background Thread 3 ] DEBUG Engine               - supportedLanguages: [ENGLISH, FRENCH, GERMAN, HUNGARIAN, RUSSIAN]
00:01:19.632 [FXGL Background Thread 3 ] DEBUG Engine               - ticksPerSecond: -1
00:01:19.632 [FXGL Background Thread 3 ] DEBUG Engine               - title: Kings and Pigs
00:01:19.632 [FXGL Background Thread 3 ] DEBUG Engine               - urlGithub: https://github.com/AlmasB/FXGL
00:01:19.632 [FXGL Background Thread 3 ] DEBUG Engine               - urlLeaderboard: http://fxgl-top.herokuapp.com/
00:01:19.632 [FXGL Background Thread 3 ] DEBUG Engine               - urlPOM: https://raw.githubusercontent.com/AlmasB/FXGL/release/README.md
00:01:19.632 [FXGL Background Thread 3 ] DEBUG Engine               - userAppClass: class com.example.App
00:01:19.632 [FXGL Background Thread 3 ] DEBUG Engine               - version: 0.1
00:01:19.632 [FXGL Background Thread 3 ] DEBUG Engine               - versionCheckDays: 7
00:01:19.632 [FXGL Background Thread 3 ] DEBUG Engine               - width: 960
00:01:19.632 [FXGL Background Thread 3 ] DEBUG Engine               - Logging services
00:01:19.632 [FXGL Background Thread 3 ] DEBUG Engine               - class com.almasb.fxgl.app.services.FXGLAssetLoaderService
00:01:19.632 [FXGL Background Thread 3 ] DEBUG Engine               - class com.almasb.fxgl.app.FXGLApplication$GameApplicationService
00:01:19.632 [FXGL Background Thread 3 ] DEBUG Engine               - class com.almasb.fxgl.app.services.FXGLDialogService
00:01:19.632 [FXGL Background Thread 3 ] DEBUG Engine               - class com.almasb.fxgl.app.services.IOTaskExecutorService
00:01:19.632 [FXGL Background Thread 3 ] DEBUG Engine               - class com.almasb.fxgl.io.FileSystemService
00:01:19.632 [FXGL Background Thread 3 ] DEBUG Engine               - class com.almasb.fxgl.localization.LocalizationService
00:01:19.632 [FXGL Background Thread 3 ] DEBUG Engine               - class com.almasb.fxgl.app.services.SystemBundleService
00:01:19.632 [FXGL Background Thread 3 ] DEBUG Engine               - class com.almasb.fxgl.profile.SaveLoadService
00:01:19.632 [FXGL Background Thread 3 ] DEBUG Engine               - class com.almasb.fxgl.ui.FXGLUIFactoryServiceProvider
00:01:19.632 [FXGL Background Thread 3 ] DEBUG Engine               - class com.almasb.fxgl.ui.FXGLDialogFactoryServiceProvider
00:01:19.633 [FXGL Background Thread 3 ] DEBUG Engine               - class com.almasb.fxgl.audio.AudioPlayer
00:01:19.633 [FXGL Background Thread 3 ] DEBUG Engine               - class com.almasb.fxgl.notification.impl.NotificationServiceProvider
00:01:19.633 [FXGL Background Thread 3 ] DEBUG Engine               - class com.almasb.fxgl.achievement.AchievementService
00:01:19.633 [FXGL Background Thread 3 ] DEBUG Engine               - class com.almasb.fxgl.cutscene.CutsceneService
00:01:19.633 [FXGL Background Thread 3 ] DEBUG Engine               - class com.almasb.fxgl.minigames.MiniGameService
00:01:19.633 [FXGL Background Thread 3 ] DEBUG Engine               - class com.almasb.fxgl.net.NetService
00:01:19.633 [FXGL Background Thread 3 ] DEBUG Engine               - class com.almasb.fxgl.app.services.UpdaterService
00:01:19.633 [FXGL Background Thread 3 ] DEBUG Engine               - class com.almasb.fxgl.dev.DevService
00:01:23.050 [JavaFX Application Thread] DEBUG FXGLApplication      - Exiting FXGL
00:01:23.050 [JavaFX Application Thread] DEBUG Async                - Shutting down background threads
00:01:23.050 [JavaFX Application Thread] DEBUG PrimaryStageWindow   - Closing main window
00:01:23.059 [JavaFX Application Thread] DEBUG Logger               - Closing Logger
