13:14:52.059 [main                     ] DEBUG Logger               - Configured Logger
13:14:52.082 [main                     ] DEBUG GameApplication      - Logging settings
Title: Kings and Pigs
Version: 0.1
Width: 960
Height: 640
Fullscreen: false
Intro: false
Profiling: false
Single step:false
App Mode: DEVELOPER
Menu Key: ESCAPE
Stage Style: DECORATED
Scene Factory: class com.almasb.fxgl.app.scene.SceneFactory

13:14:52.380 [JavaFX Application Thread] DEBUG FXGLApplication      - Initializing FXGL
13:14:52.387 [JavaFX Application Thread] INFO  Engine               - FXGL-17.1 (24.03.2022 17.34) on WINDOWS (J:18 FX:18)
13:14:52.387 [JavaFX Application Thread] DEBUG Engine               - JRE Vendor Name: Oracle Corporation
13:14:52.388 [JavaFX Application Thread] DEBUG Engine               - Running on OS: Windows 11 version 10.0
13:14:52.388 [JavaFX Application Thread] DEBUG Engine               - Architecture: amd64
13:14:52.388 [JavaFX Application Thread] INFO  Engine               - Source code and latest versions at: https://github.com/AlmasB/FXGL
13:14:52.388 [JavaFX Application Thread] INFO  Engine               -       Ask questions and discuss at: https://github.com/AlmasB/FXGL/discussions
13:14:52.389 [JavaFX Application Thread] INFO  Engine               -              Join the FXGL chat at: https://gitter.im/AlmasB/FXGL
13:14:52.477 [JavaFX Application Thread] DEBUG PrimaryStageWindow   - Creating a JavaFX scene
13:14:52.515 [JavaFX Application Thread] DEBUG PrimaryStageWindow   - Target settings size: 960.0 x 640.0
13:14:52.515 [JavaFX Application Thread] DEBUG PrimaryStageWindow   - Scaled scene size:    960.0 x 640.0
13:14:52.515 [JavaFX Application Thread] DEBUG PrimaryStageWindow   - Scaled ratio: (1.0, 1.0)
13:14:52.518 [JavaFX Application Thread] DEBUG PrimaryStageWindow   - Set initial scene to FXGLStartupScene
13:14:52.524 [JavaFX Application Thread] DEBUG PrimaryStageWindow   - Opening main window
13:14:52.599 [JavaFX Application Thread] DEBUG PrimaryStageWindow   - Window border size: (12.79998779296875, 35.20001220703125)
13:14:52.599 [JavaFX Application Thread] DEBUG PrimaryStageWindow   - Scaled size: 960.0 x 640.0
13:14:52.599 [JavaFX Application Thread] DEBUG PrimaryStageWindow   - Scaled ratio: (1.0, 1.0)
13:14:52.600 [JavaFX Application Thread] DEBUG PrimaryStageWindow   - Scene size: 960.0 x 640.0
13:14:52.600 [JavaFX Application Thread] DEBUG PrimaryStageWindow   - Stage size: 972.7999877929688 x 675.2000122070312
13:14:52.606 [FXGL Background Thread 1 ] DEBUG Engine               - Initializing environment variables
13:14:52.666 [FXGL Background Thread 1 ] DEBUG FXGLAssetLoaderServi - User app class for loading assets: class com.example.App
13:14:52.667 [FXGL Background Thread 1 ] DEBUG GameApplicationServi - Applying CSS: fxgl_dark.css
13:14:52.668 [FXGL Background Thread 1 ] DEBUG FXGLAssetLoaderServi - Loading from file system: jar:file:/C:/Users/jeffr/.m2/repository/com/github/almasb/fxgl/17.1/fxgl-17.1.jar!/fxglassets/ui/css/fxgl_dark.css
13:14:52.720 [FXGL Background Thread 1 ] DEBUG GameApplicationServi - Initializing application scenes
13:14:52.780 [FXGL Background Thread 1 ] DEBUG GameWorld            - Game world initialized
13:14:52.847 [FXGL Background Thread 1 ] DEBUG PhysicsWorld         - Physics world initialized: appHeight=640, physics.ppm=50.0
13:14:52.848 [FXGL Background Thread 1 ] DEBUG PhysicsWorld         - Using strategy: BRUTE_FORCE
13:14:52.853 [FXGL Background Thread 1 ] DEBUG GameScene            - Game scene initialized: 960x640
13:14:52.870 [FXGL Background Thread 1 ] DEBUG FXGL.DefaultMenu     - createMenuBodyGameMenu()
13:14:52.886 [FXGL Background Thread 1 ] DEBUG FXGL.DefaultMenu     - createOptionsMenu()
13:14:52.900 [FXGL Background Thread 1 ] DEBUG FXGLAssetLoaderServi - Loading from file system: jar:file:/C:/Users/jeffr/.m2/repository/com/github/almasb/fxgl/17.1/fxgl-17.1.jar!/fxglassets/textures/particles/smoke.png
13:14:52.987 [FXGL Background Thread 1 ] DEBUG FXGLAssetLoaderServi - Loading from file system: jar:file:/C:/Users/jeffr/.m2/repository/com/github/almasb/fxgl/17.1/fxgl-17.1.jar!/fxglassets/textures/particles/trace_horizontal.png
13:14:53.009 [FXGL Background Thread 1 ] DEBUG GameApplicationServi - Application scenes initialized
13:14:53.022 [FXGL Background Thread 1 ] DEBUG SystemBundleService  - Loading FXGL system data
13:14:53.026 [FXGL Background Thread 1 ] DEBUG FileSystemAccess     - Reading from: C:\Users\jeffr\Documents\java\demo\system\fxgl.bundle
13:14:53.033 [FXGL Background Thread 1 ] DEBUG SystemBundleService  - Bundle FXGL: {}
13:14:53.033 [FXGL Background Thread 1 ] DEBUG UpdaterService       - Checking for updates
13:14:53.036 [FXGL Background Thread 4 ] DEBUG FXGLApplication      - Loading fonts
13:14:53.037 [FXGL Background Thread 4 ] DEBUG FXGLAssetLoaderServi - Loading from file system: jar:file:/C:/Users/jeffr/.m2/repository/com/github/almasb/fxgl/17.1/fxgl-17.1.jar!/fxglassets/ui/fonts/VarelaRound-Regular.ttf
13:14:53.037 [FXGL Background Thread 1 ] DEBUG FXGLApplication      - Loading default localization
13:14:53.039 [FXGL Background Thread 1 ] DEBUG FXGLAssetLoaderServi - Loading from file system: jar:file:/C:/Users/jeffr/.m2/repository/com/github/almasb/fxgl/17.1/fxgl-17.1.jar!/fxglassets/languages/english.lang
13:14:53.067 [FXGL Background Thread 1 ] INFO  FXGLApplication      - FXGL initialization took: 0.461 sec
13:14:53.081 [JavaFX Application Thread] DEBUG Input                - Registered new binding: Left - A
13:14:53.081 [JavaFX Application Thread] DEBUG Input                - Registered new binding: Right - D
13:14:53.081 [JavaFX Application Thread] DEBUG Input                - Registered new binding: Jump - W
13:14:53.082 [FXGL Background Thread 4 ] DEBUG FXGLAssetLoaderServi - Loading from file system: jar:file:/C:/Users/jeffr/.m2/repository/com/github/almasb/fxgl/17.1/fxgl-17.1.jar!/fxglassets/ui/fonts/Abel-Regular.ttf
13:14:53.082 [JavaFX Application Thread] DEBUG Input                - Registered new binding: attack - E
13:14:53.082 [JavaFX Application Thread] DEBUG FXGLAssetLoaderServi - Loading from file system: jar:file:/C:/Users/jeffr/.m2/repository/com/github/almasb/fxgl/17.1/fxgl-17.1.jar!/fxglassets/textures/fxgl_icon.png
13:14:53.085 [FXGL Background Thread 4 ] DEBUG FXGLAssetLoaderServi - Loading from file system: jar:file:/C:/Users/jeffr/.m2/repository/com/github/almasb/fxgl/17.1/fxgl-17.1.jar!/fxglassets/ui/fonts/TerminalLandMono-Regular.otf
13:14:53.087 [FXGL Background Thread 4 ] DEBUG FXGLAssetLoaderServi - Loading from file system: jar:file:/C:/Users/jeffr/.m2/repository/com/github/almasb/fxgl/17.1/fxgl-17.1.jar!/fxglassets/ui/fonts/Courier-Prime.ttf
13:14:53.099 [JavaFX Application Thread] DEBUG FXGLAssetLoaderServi - Loading from file system: jar:file:/C:/Users/jeffr/.m2/repository/com/github/almasb/fxgl/17.1/fxgl-17.1.jar!/fxglassets/textures/fxgl_default_cursor.png
13:14:53.102 [JavaFX Application Thread] DEBUG Input                - Registered new binding: Screenshot - CTRL+8
13:14:53.103 [JavaFX Application Thread] DEBUG Input                - Registered new binding: System info dump - CTRL+9
13:14:53.103 [JavaFX Application Thread] DEBUG Input                - Registered new binding: Restart - CTRL+R
13:14:53.104 [JavaFX Application Thread] DEBUG Input                - Registered new binding: Toggle Debug Camera - CTRL+7
13:14:53.108 [JavaFX Application Thread] DEBUG LoopRunner           - Starting loop
13:14:53.108 [JavaFX Application Thread] DEBUG LoopRunner           - Initializing JavaFX AnimationTimerLoop
13:14:53.109 [JavaFX Application Thread] DEBUG GameApplicationServi - Starting new game
13:14:53.110 [JavaFX Application Thread] DEBUG Input                - Clearing active input actions
13:14:53.119 [JavaFX Application Thread] DEBUG GameApplicationServi - Removing overlay from FXGLStartupScene and adding to FXGLLoadingScene
13:14:53.119 [JavaFX Application Thread] DEBUG PrimaryStageWindow   - FXGLStartupScene -> FXGLLoadingScene
13:14:53.119 [JavaFX Application Thread] DEBUG GameApplicationServi - Clearing previous game
13:14:53.119 [JavaFX Application Thread] DEBUG GameScene            - Clearing game scene
13:14:53.119 [JavaFX Application Thread] DEBUG GameWorld            - Clearing game world
13:14:53.119 [JavaFX Application Thread] DEBUG PhysicsWorld         - Clearing physics world
13:14:53.121 [FXGL Background Thread 4 ] DEBUG FXGLApplication      - Initializing game
13:14:53.121 [JavaFX Application Thread] DEBUG FXGLApplication      - Registering font factories with UI factory
13:14:53.181 [FXGL Background Thread 4 ] WARN  TMXLevelLoader       - TiledMap generated from 1.8.4. Supported version: 1.4.2. Some features may not be parsed fully.
13:14:53.189 [FXGL Background Thread 4 ] DEBUG TMXLevelLoader       - Parsed TiledMap: file:/C:/Users/jeffr/Documents/java/demo/target/classes/assets/levels/terrain.tmx
13:14:53.194 [FXGL Background Thread 4 ] DEBUG TMXLevelLoader       - Creating tile layer entities
13:14:53.196 [FXGL Background Thread 4 ] DEBUG TilesetLoader        - Loading view for layer Tile Layer 1
13:14:53.197 [FXGL Background Thread 4 ] DEBUG TilesetLoader        - Created buffer with size 960.0x640.0
13:14:53.215 [FXGL Background Thread 4 ] DEBUG TilesetLoader        - Loading view for layer decorations
13:14:53.216 [FXGL Background Thread 4 ] DEBUG TilesetLoader        - Created buffer with size 960.0x640.0
13:14:53.219 [FXGL Background Thread 4 ] DEBUG TMXLevelLoader       - Creating object layer entities
13:14:53.237 [FXGL Background Thread 4 ] DEBUG GameWorld            - Clearing removable entities
13:14:53.238 [FXGL Background Thread 4 ] DEBUG GameWorld            - Setting level: com.almasb.fxgl.entity.level.Level@74da32b8
13:14:53.249 [FXGL Background Thread 4 ] DEBUG FXGLAssetLoaderServi - Loading from file system: file:/C:/Users/jeffr/Documents/java/demo/target/classes/assets/textures/idle.png
13:14:53.251 [FXGL Background Thread 4 ] DEBUG FXGLAssetLoaderServi - Loading from file system: file:/C:/Users/jeffr/Documents/java/demo/target/classes/assets/textures/run.png
13:14:53.253 [FXGL Background Thread 4 ] DEBUG FXGLAssetLoaderServi - Loading from file system: file:/C:/Users/jeffr/Documents/java/demo/target/classes/assets/textures/jump.png
13:14:53.253 [FXGL Background Thread 4 ] DEBUG FXGLAssetLoaderServi - Loading from file system: file:/C:/Users/jeffr/Documents/java/demo/target/classes/assets/textures/fall.png
13:14:53.254 [FXGL Background Thread 4 ] DEBUG FXGLAssetLoaderServi - Loading from file system: file:/C:/Users/jeffr/Documents/java/demo/target/classes/assets/textures/attack.png
13:14:53.255 [FXGL Background Thread 4 ] DEBUG FXGLAssetLoaderServi - Loading from file system: file:/C:/Users/jeffr/Documents/java/demo/target/classes/assets/textures/doorIn.png
13:14:53.256 [FXGL Background Thread 4 ] DEBUG FXGLAssetLoaderServi - Loading from file system: file:/C:/Users/jeffr/Documents/java/demo/target/classes/assets/textures/down.png
13:14:53.266 [FXGL Background Thread 4 ] DEBUG FXGLAssetLoaderServi - Loading from file system: file:/C:/Users/jeffr/Documents/java/demo/target/classes/assets/textures/open.png
13:14:53.267 [FXGL Background Thread 4 ] DEBUG FXGLAssetLoaderServi - Loading from file system: file:/C:/Users/jeffr/Documents/java/demo/target/classes/assets/textures/close.png
13:14:53.268 [FXGL Background Thread 4 ] DEBUG FXGLAssetLoaderServi - Loading from file system: file:/C:/Users/jeffr/Documents/java/demo/target/classes/assets/textures/dooridle.png
13:14:53.272 [FXGL Background Thread 4 ] DEBUG FXGLAssetLoaderServi - Loading from file system: file:/C:/Users/jeffr/Documents/java/demo/target/classes/assets/textures/diamond.png
13:14:53.274 [FXGL Background Thread 4 ] DEBUG FXGLAssetLoaderServi - Loading from file system: file:/C:/Users/jeffr/Documents/java/demo/target/classes/assets/textures/collectdiamond.png
13:14:53.276 [FXGL Background Thread 4 ] DEBUG FXGLAssetLoaderServi - Loading from file system: file:/C:/Users/jeffr/Documents/java/demo/target/classes/assets/textures/healthbar.png
13:14:53.277 [FXGL Background Thread 4 ] DEBUG FXGLAssetLoaderServi - Loading from file system: file:/C:/Users/jeffr/Documents/java/demo/target/classes/assets/textures/heartSmall.png
13:14:53.287 [FXGL Background Thread 4 ] INFO  FXGLApplication      - Game initialization took: 0.165 sec
13:14:53.289 [JavaFX Application Thread] DEBUG Input                - Clearing active input actions
13:14:53.298 [JavaFX Application Thread] DEBUG GameApplicationServi - Removing overlay from FXGLLoadingScene and adding to GameScene
13:14:53.299 [JavaFX Application Thread] DEBUG PrimaryStageWindow   - FXGLLoadingScene -> GameScene
13:14:56.036 [FXGL Background Thread 3 ] DEBUG Engine               - Logging environment variables
13:14:56.037 [FXGL Background Thread 3 ] DEBUG Engine               - achievements: []
13:14:56.037 [FXGL Background Thread 3 ] DEBUG Engine               - actualHeight: 640.0
13:14:56.037 [FXGL Background Thread 3 ] DEBUG Engine               - actualHeightProperty: ReadOnlyDoubleProperty [value: 640.0]
13:14:56.037 [FXGL Background Thread 3 ] DEBUG Engine               - actualWidth: 960.0
13:14:56.037 [FXGL Background Thread 3 ] DEBUG Engine               - actualWidthProperty: ReadOnlyDoubleProperty [value: 960.0]
13:14:56.037 [FXGL Background Thread 3 ] DEBUG Engine               - appIcon: fxgl_icon.png
13:14:56.037 [FXGL Background Thread 3 ] DEBUG Engine               - applicationMode: DEVELOPER
13:14:56.037 [FXGL Background Thread 3 ] DEBUG Engine               - cSSList: [fxgl_dark.css]
13:14:56.037 [FXGL Background Thread 3 ] DEBUG Engine               - collisionDetectionStrategy: BRUTE_FORCE
13:14:56.038 [FXGL Background Thread 3 ] DEBUG Engine               - configClass: Optional.empty
13:14:56.038 [FXGL Background Thread 3 ] DEBUG Engine               - credits: []
13:14:56.038 [FXGL Background Thread 3 ] DEBUG Engine               - defaultCursor: CursorInfo(imageName=fxgl_default_cursor.png, hotspotX=7.0, hotspotY=6.0)
13:14:56.038 [FXGL Background Thread 3 ] DEBUG Engine               - devBBoxColorProperty: ObjectProperty [value: 0xff0000ff]
13:14:56.038 [FXGL Background Thread 3 ] DEBUG Engine               - devEnableDebugCameraProperty: BooleanProperty [value: false]
13:14:56.038 [FXGL Background Thread 3 ] DEBUG Engine               - devSensorColorProperty: ObjectProperty [value: 0xffff00ff]
13:14:56.039 [FXGL Background Thread 3 ] DEBUG Engine               - devShowBBoxProperty: BooleanProperty [value: false]
13:14:56.039 [FXGL Background Thread 3 ] DEBUG Engine               - devShowPositionProperty: BooleanProperty [value: false]
13:14:56.039 [FXGL Background Thread 3 ] DEBUG Engine               - enabledMenuItems: []
13:14:56.039 [FXGL Background Thread 3 ] DEBUG Engine               - engineServices: [class com.almasb.fxgl.app.services.FXGLAssetLoaderService, class com.almasb.fxgl.app.FXGLApplication$GameApplicationService, class com.almasb.fxgl.app.services.FXGLDialogService, class com.almasb.fxgl.app.services.IOTaskExecutorService, class com.almasb.fxgl.io.FileSystemService, class com.almasb.fxgl.localization.LocalizationService, class com.almasb.fxgl.app.services.SystemBundleService, class com.almasb.fxgl.profile.SaveLoadService, class com.almasb.fxgl.ui.FXGLUIFactoryServiceProvider, class com.almasb.fxgl.ui.FXGLDialogFactoryServiceProvider, class com.almasb.fxgl.audio.AudioPlayer, class com.almasb.fxgl.notification.impl.NotificationServiceProvider, class com.almasb.fxgl.achievement.AchievementService, class com.almasb.fxgl.cutscene.CutsceneService, class com.almasb.fxgl.minigames.MiniGameService, class com.almasb.fxgl.net.NetService, class com.almasb.fxgl.app.services.UpdaterService, class com.almasb.fxgl.dev.DevService]
13:14:56.039 [FXGL Background Thread 3 ] DEBUG Engine               - fontGame: Abel-Regular.ttf
13:14:56.039 [FXGL Background Thread 3 ] DEBUG Engine               - fontMono: TerminalLandMono-Regular.otf
13:14:56.039 [FXGL Background Thread 3 ] DEBUG Engine               - fontText: Courier-Prime.ttf
13:14:56.039 [FXGL Background Thread 3 ] DEBUG Engine               - fontUI: VarelaRound-Regular.ttf
13:14:56.040 [FXGL Background Thread 3 ] DEBUG Engine               - fullScreen: BooleanProperty [value: false]
13:14:56.040 [FXGL Background Thread 3 ] DEBUG Engine               - gameDifficulty: MEDIUM
13:14:56.040 [FXGL Background Thread 3 ] DEBUG Engine               - gameDifficultyProperty: ObjectProperty [value: MEDIUM]
13:14:56.040 [FXGL Background Thread 3 ] DEBUG Engine               - globalMusicVolume: 0.5
13:14:56.040 [FXGL Background Thread 3 ] DEBUG Engine               - globalMusicVolumeProperty: DoubleProperty [value: 0.5]
13:14:56.040 [FXGL Background Thread 3 ] DEBUG Engine               - globalSoundVolume: 0.5
13:14:56.040 [FXGL Background Thread 3 ] DEBUG Engine               - globalSoundVolumeProperty: DoubleProperty [value: 0.5]
13:14:56.040 [FXGL Background Thread 3 ] DEBUG Engine               - height: 640
13:14:56.040 [FXGL Background Thread 3 ] DEBUG Engine               - is3D: false
13:14:56.041 [FXGL Background Thread 3 ] DEBUG Engine               - isAndroid: false
13:14:56.041 [FXGL Background Thread 3 ] DEBUG Engine               - isBrowser: false
13:14:56.041 [FXGL Background Thread 3 ] DEBUG Engine               - isClickFeedbackEnabled: false
13:14:56.042 [FXGL Background Thread 3 ] DEBUG Engine               - isCloseConfirmation: false
13:14:56.042 [FXGL Background Thread 3 ] DEBUG Engine               - isDesktop: true
13:14:56.042 [FXGL Background Thread 3 ] DEBUG Engine               - isDeveloperMenuEnabled: false
13:14:56.042 [FXGL Background Thread 3 ] DEBUG Engine               - isEmbedded: false
13:14:56.042 [FXGL Background Thread 3 ] DEBUG Engine               - isEntityPreloadEnabled: true
13:14:56.042 [FXGL Background Thread 3 ] DEBUG Engine               - isExperimentalTiledLargeMap: false
13:14:56.042 [FXGL Background Thread 3 ] DEBUG Engine               - isFileSystemWriteAllowed: true
13:14:56.042 [FXGL Background Thread 3 ] DEBUG Engine               - isFullScreenAllowed: false
13:14:56.042 [FXGL Background Thread 3 ] DEBUG Engine               - isFullScreenFromStart: false
13:14:56.042 [FXGL Background Thread 3 ] DEBUG Engine               - isGameMenuEnabled: true
13:14:56.042 [FXGL Background Thread 3 ] DEBUG Engine               - isIOS: false
13:14:56.042 [FXGL Background Thread 3 ] DEBUG Engine               - isIntroEnabled: false
13:14:56.042 [FXGL Background Thread 3 ] DEBUG Engine               - isLinux: false
13:14:56.042 [FXGL Background Thread 3 ] DEBUG Engine               - isMac: false
13:14:56.042 [FXGL Background Thread 3 ] DEBUG Engine               - isMainMenuEnabled: false
13:14:56.042 [FXGL Background Thread 3 ] DEBUG Engine               - isManualResizeEnabled: false
13:14:56.042 [FXGL Background Thread 3 ] DEBUG Engine               - isMobile: false
13:14:56.042 [FXGL Background Thread 3 ] DEBUG Engine               - isNative: false
13:14:56.042 [FXGL Background Thread 3 ] DEBUG Engine               - isPauseMusicWhenMinimized: true
13:14:56.042 [FXGL Background Thread 3 ] DEBUG Engine               - isPreserveResizeRatio: false
13:14:56.042 [FXGL Background Thread 3 ] DEBUG Engine               - isProfilingEnabled: false
13:14:56.042 [FXGL Background Thread 3 ] DEBUG Engine               - isScaleAffectedOnResize: true
13:14:56.042 [FXGL Background Thread 3 ] DEBUG Engine               - isSingleStep: false
13:14:56.043 [FXGL Background Thread 3 ] DEBUG Engine               - isUserProfileEnabled: false
13:14:56.043 [FXGL Background Thread 3 ] DEBUG Engine               - isWindows: true
13:14:56.043 [FXGL Background Thread 3 ] DEBUG Engine               - language: ObjectProperty [value: ENGLISH]
13:14:56.043 [FXGL Background Thread 3 ] DEBUG Engine               - menuKey: ESCAPE
13:14:56.043 [FXGL Background Thread 3 ] DEBUG Engine               - mouseSensitivity: 0.2
13:14:56.043 [FXGL Background Thread 3 ] DEBUG Engine               - notificationViewClass: class com.almasb.fxgl.notification.view.XboxNotificationView
13:14:56.043 [FXGL Background Thread 3 ] DEBUG Engine               - pixelsPerMeter: 50.0
13:14:56.043 [FXGL Background Thread 3 ] DEBUG Engine               - platform: WINDOWS
13:14:56.043 [FXGL Background Thread 3 ] DEBUG Engine               - prefHeightProperty: ReadOnlyDoubleProperty [value: 640.0]
13:14:56.043 [FXGL Background Thread 3 ] DEBUG Engine               - prefWidthProperty: ReadOnlyDoubleProperty [value: 960.0]
13:14:56.043 [FXGL Background Thread 3 ] DEBUG Engine               - profileDir: profiles/
13:14:56.043 [FXGL Background Thread 3 ] DEBUG Engine               - profileName: StringProperty [value: DEFAULT]
13:14:56.043 [FXGL Background Thread 3 ] DEBUG Engine               - randomSeed: -1
13:14:56.044 [FXGL Background Thread 3 ] DEBUG Engine               - runtimeInfo: RuntimeInfo(platform=WINDOWS, version=17.1, build=24.03.2022 17.34)
13:14:56.044 [FXGL Background Thread 3 ] DEBUG Engine               - saveFileExt: sav
13:14:56.044 [FXGL Background Thread 3 ] DEBUG Engine               - scaledHeightProp$fxgl: DoubleProperty [bound, value: 640.0]
13:14:56.044 [FXGL Background Thread 3 ] DEBUG Engine               - scaledWidthProp$fxgl: DoubleProperty [bound, value: 960.0]
13:14:56.044 [FXGL Background Thread 3 ] DEBUG Engine               - sceneFactory: com.almasb.fxgl.app.scene.SceneFactory@ab3dca6
13:14:56.044 [FXGL Background Thread 3 ] DEBUG Engine               - secondsIn24h: 60
13:14:56.045 [FXGL Background Thread 3 ] DEBUG Engine               - soundMenuBack: menu/back.wav
13:14:56.045 [FXGL Background Thread 3 ] DEBUG Engine               - soundMenuPress: menu/press.wav
13:14:56.045 [FXGL Background Thread 3 ] DEBUG Engine               - soundMenuSelect: menu/select.wav
13:14:56.045 [FXGL Background Thread 3 ] DEBUG Engine               - soundNotification: core/notification.wav
13:14:56.045 [FXGL Background Thread 3 ] DEBUG Engine               - stageStyle: DECORATED
13:14:56.045 [FXGL Background Thread 3 ] DEBUG Engine               - supportedLanguages: [ENGLISH, FRENCH, GERMAN, HUNGARIAN, RUSSIAN]
13:14:56.045 [FXGL Background Thread 3 ] DEBUG Engine               - ticksPerSecond: -1
13:14:56.045 [FXGL Background Thread 3 ] DEBUG Engine               - title: Kings and Pigs
13:14:56.045 [FXGL Background Thread 3 ] DEBUG Engine               - urlGithub: https://github.com/AlmasB/FXGL
13:14:56.045 [FXGL Background Thread 3 ] DEBUG Engine               - urlLeaderboard: http://fxgl-top.herokuapp.com/
13:14:56.045 [FXGL Background Thread 3 ] DEBUG Engine               - urlPOM: https://raw.githubusercontent.com/AlmasB/FXGL/release/README.md
13:14:56.045 [FXGL Background Thread 3 ] DEBUG Engine               - userAppClass: class com.example.App
13:14:56.045 [FXGL Background Thread 3 ] DEBUG Engine               - version: 0.1
13:14:56.045 [FXGL Background Thread 3 ] DEBUG Engine               - versionCheckDays: 7
13:14:56.045 [FXGL Background Thread 3 ] DEBUG Engine               - width: 960
13:14:56.045 [FXGL Background Thread 3 ] DEBUG Engine               - Logging services
13:14:56.046 [FXGL Background Thread 3 ] DEBUG Engine               - class com.almasb.fxgl.app.services.FXGLAssetLoaderService
13:14:56.046 [FXGL Background Thread 3 ] DEBUG Engine               - class com.almasb.fxgl.app.FXGLApplication$GameApplicationService
13:14:56.046 [FXGL Background Thread 3 ] DEBUG Engine               - class com.almasb.fxgl.app.services.FXGLDialogService
13:14:56.046 [FXGL Background Thread 3 ] DEBUG Engine               - class com.almasb.fxgl.app.services.IOTaskExecutorService
13:14:56.046 [FXGL Background Thread 3 ] DEBUG Engine               - class com.almasb.fxgl.io.FileSystemService
13:14:56.046 [FXGL Background Thread 3 ] DEBUG Engine               - class com.almasb.fxgl.localization.LocalizationService
13:14:56.046 [FXGL Background Thread 3 ] DEBUG Engine               - class com.almasb.fxgl.app.services.SystemBundleService
13:14:56.046 [FXGL Background Thread 3 ] DEBUG Engine               - class com.almasb.fxgl.profile.SaveLoadService
13:14:56.046 [FXGL Background Thread 3 ] DEBUG Engine               - class com.almasb.fxgl.ui.FXGLUIFactoryServiceProvider
13:14:56.046 [FXGL Background Thread 3 ] DEBUG Engine               - class com.almasb.fxgl.ui.FXGLDialogFactoryServiceProvider
13:14:56.046 [FXGL Background Thread 3 ] DEBUG Engine               - class com.almasb.fxgl.audio.AudioPlayer
13:14:56.046 [FXGL Background Thread 3 ] DEBUG Engine               - class com.almasb.fxgl.notification.impl.NotificationServiceProvider
13:14:56.046 [FXGL Background Thread 3 ] DEBUG Engine               - class com.almasb.fxgl.achievement.AchievementService
13:14:56.046 [FXGL Background Thread 3 ] DEBUG Engine               - class com.almasb.fxgl.cutscene.CutsceneService
13:14:56.047 [FXGL Background Thread 3 ] DEBUG Engine               - class com.almasb.fxgl.minigames.MiniGameService
13:14:56.047 [FXGL Background Thread 3 ] DEBUG Engine               - class com.almasb.fxgl.net.NetService
13:14:56.047 [FXGL Background Thread 3 ] DEBUG Engine               - class com.almasb.fxgl.app.services.UpdaterService
13:14:56.047 [FXGL Background Thread 3 ] DEBUG Engine               - class com.almasb.fxgl.dev.DevService
13:15:12.229 [JavaFX Application Thread] DEBUG FXGLApplication      - Exiting FXGL
13:15:12.230 [JavaFX Application Thread] DEBUG LoopRunner           - Stopping loop
13:15:12.230 [JavaFX Application Thread] DEBUG SystemBundleService  - Saving FXGL system data
13:15:12.232 [JavaFX Application Thread] DEBUG FileSystemAccess     - Writing to: C:\Users\jeffr\Documents\java\demo\system\fxgl.bundle
13:15:12.234 [JavaFX Application Thread] DEBUG Async                - Shutting down background threads
13:15:12.234 [JavaFX Application Thread] DEBUG PrimaryStageWindow   - Closing main window
13:15:12.248 [JavaFX Application Thread] DEBUG Logger               - Closing Logger
